ARM GAS  /tmp/ccvlHNGm.s 			page 1


   1              		.syntax unified
   2              		.cpu cortex-m4
   3              		.eabi_attribute 27, 1
   4              		.eabi_attribute 28, 1
   5              		.fpu fpv4-sp-d16
   6              		.eabi_attribute 20, 1
   7              		.eabi_attribute 21, 1
   8              		.eabi_attribute 23, 3
   9              		.eabi_attribute 24, 1
  10              		.eabi_attribute 25, 1
  11              		.eabi_attribute 26, 1
  12              		.eabi_attribute 30, 2
  13              		.eabi_attribute 34, 1
  14              		.eabi_attribute 18, 4
  15              		.thumb
  16              		.syntax unified
  17              		.file	"crt1.c"
  18              		.text
  19              	.Ltext0:
  20              		.cfi_sections	.debug_frame
  21              		.section	.text.__early_init,"ax",%progbits
  22              		.align	2
  23              		.p2align 4,,15
  24              		.weak	__early_init
  25              		.thumb
  26              		.thumb_func
  27              		.type	__early_init, %function
  28              	__early_init:
  29              	.LFB4:
  30              		.cfi_startproc
  31              		@ args = 0, pretend = 0, frame = 0
  32              		@ frame_needed = 0, uses_anonymous_args = 0
  33              		@ link register save eliminated.
  34 0000 7047     		bx	lr
  35              		.cfi_endproc
  36              	.LFE4:
  37              		.size	__early_init, .-__early_init
  38 0002 00BFAFF3 		.section	.text.__late_init,"ax",%progbits
  38      0080AFF3 
  38      0080AFF3 
  38      0080
  39              		.align	2
  40              		.p2align 4,,15
  41              		.weak	__late_init
  42              		.thumb
  43              		.thumb_func
  44              		.type	__late_init, %function
  45              	__late_init:
  46              	.LFB1:
  47              		.file 1 "../../os/common/ports/ARMCMx/compilers/GCC/crt1.c"
  48              		.loc 1 55 0
  49              		.cfi_startproc
  50              		@ args = 0, pretend = 0, frame = 0
  51              		@ frame_needed = 0, uses_anonymous_args = 0
  52              		@ link register save eliminated.
  53 0000 7047     		bx	lr
  54              		.cfi_endproc
ARM GAS  /tmp/ccvlHNGm.s 			page 2


  55              	.LFE1:
  56              		.size	__late_init, .-__late_init
  57 0002 00BFAFF3 		.section	.text.__default_exit,"ax",%progbits
  57      0080AFF3 
  57      0080AFF3 
  57      0080
  58              		.align	2
  59              		.p2align 4,,15
  60              		.weak	__default_exit
  61              		.thumb
  62              		.thumb_func
  63              		.type	__default_exit, %function
  64              	__default_exit:
  65              	.LFB2:
  66              		.loc 1 68 0
  67              		.cfi_startproc
  68              		@ Volatile: function does not return.
  69              		@ args = 0, pretend = 0, frame = 0
  70              		@ frame_needed = 0, uses_anonymous_args = 0
  71              		@ link register save eliminated.
  72              	.L4:
  73 0000 FEE7     		b	.L4
  74              		.cfi_endproc
  75              	.LFE2:
  76              		.size	__default_exit, .-__default_exit
  77 0002 00BFAFF3 		.text
  77      0080AFF3 
  77      0080AFF3 
  77      0080
  78              	.Letext0:
  79              		.section	.debug_info,"",%progbits
  80              	.Ldebug_info0:
  81 0000 4A000000 		.4byte	0x4a
  82 0004 0400     		.2byte	0x4
  83 0006 00000000 		.4byte	.Ldebug_abbrev0
  84 000a 04       		.byte	0x4
  85 000b 01       		.uleb128 0x1
  86 000c 0C000000 		.4byte	.LASF0
  87 0010 0C       		.byte	0xc
  88 0011 37010000 		.4byte	.LASF1
  89 0015 EA000000 		.4byte	.LASF2
  90 0019 00000000 		.4byte	.Ldebug_ranges0+0
  91 001d 00000000 		.4byte	0
  92 0021 00000000 		.4byte	.Ldebug_line0
  93 0025 02       		.uleb128 0x2
  94 0026 00000000 		.4byte	.LASF3
  95 002a 01       		.byte	0x1
  96 002b 37       		.byte	0x37
  97 002c 01       		.byte	0x1
  98 002d 03       		.uleb128 0x3
  99 002e 25000000 		.4byte	0x25
 100 0032 00000000 		.4byte	.LFB1
 101 0036 02000000 		.4byte	.LFE1-.LFB1
 102 003a 01       		.uleb128 0x1
 103 003b 9C       		.byte	0x9c
 104 003c 04       		.uleb128 0x4
 105 003d 28010000 		.4byte	.LASF4
ARM GAS  /tmp/ccvlHNGm.s 			page 3


 106 0041 01       		.byte	0x1
 107 0042 44       		.byte	0x44
 108 0043 00000000 		.4byte	.LFB2
 109 0047 02000000 		.4byte	.LFE2-.LFB2
 110 004b 01       		.uleb128 0x1
 111 004c 9C       		.byte	0x9c
 112 004d 00       		.byte	0
 113              		.section	.debug_abbrev,"",%progbits
 114              	.Ldebug_abbrev0:
 115 0000 01       		.uleb128 0x1
 116 0001 11       		.uleb128 0x11
 117 0002 01       		.byte	0x1
 118 0003 25       		.uleb128 0x25
 119 0004 0E       		.uleb128 0xe
 120 0005 13       		.uleb128 0x13
 121 0006 0B       		.uleb128 0xb
 122 0007 03       		.uleb128 0x3
 123 0008 0E       		.uleb128 0xe
 124 0009 1B       		.uleb128 0x1b
 125 000a 0E       		.uleb128 0xe
 126 000b 55       		.uleb128 0x55
 127 000c 17       		.uleb128 0x17
 128 000d 11       		.uleb128 0x11
 129 000e 01       		.uleb128 0x1
 130 000f 10       		.uleb128 0x10
 131 0010 17       		.uleb128 0x17
 132 0011 00       		.byte	0
 133 0012 00       		.byte	0
 134 0013 02       		.uleb128 0x2
 135 0014 2E       		.uleb128 0x2e
 136 0015 00       		.byte	0
 137 0016 3F       		.uleb128 0x3f
 138 0017 19       		.uleb128 0x19
 139 0018 03       		.uleb128 0x3
 140 0019 0E       		.uleb128 0xe
 141 001a 3A       		.uleb128 0x3a
 142 001b 0B       		.uleb128 0xb
 143 001c 3B       		.uleb128 0x3b
 144 001d 0B       		.uleb128 0xb
 145 001e 27       		.uleb128 0x27
 146 001f 19       		.uleb128 0x19
 147 0020 20       		.uleb128 0x20
 148 0021 0B       		.uleb128 0xb
 149 0022 00       		.byte	0
 150 0023 00       		.byte	0
 151 0024 03       		.uleb128 0x3
 152 0025 2E       		.uleb128 0x2e
 153 0026 00       		.byte	0
 154 0027 31       		.uleb128 0x31
 155 0028 13       		.uleb128 0x13
 156 0029 11       		.uleb128 0x11
 157 002a 01       		.uleb128 0x1
 158 002b 12       		.uleb128 0x12
 159 002c 06       		.uleb128 0x6
 160 002d 40       		.uleb128 0x40
 161 002e 18       		.uleb128 0x18
 162 002f 9742     		.uleb128 0x2117
ARM GAS  /tmp/ccvlHNGm.s 			page 4


 163 0031 19       		.uleb128 0x19
 164 0032 00       		.byte	0
 165 0033 00       		.byte	0
 166 0034 04       		.uleb128 0x4
 167 0035 2E       		.uleb128 0x2e
 168 0036 00       		.byte	0
 169 0037 3F       		.uleb128 0x3f
 170 0038 19       		.uleb128 0x19
 171 0039 03       		.uleb128 0x3
 172 003a 0E       		.uleb128 0xe
 173 003b 3A       		.uleb128 0x3a
 174 003c 0B       		.uleb128 0xb
 175 003d 3B       		.uleb128 0x3b
 176 003e 0B       		.uleb128 0xb
 177 003f 27       		.uleb128 0x27
 178 0040 19       		.uleb128 0x19
 179 0041 8701     		.uleb128 0x87
 180 0043 19       		.uleb128 0x19
 181 0044 11       		.uleb128 0x11
 182 0045 01       		.uleb128 0x1
 183 0046 12       		.uleb128 0x12
 184 0047 06       		.uleb128 0x6
 185 0048 40       		.uleb128 0x40
 186 0049 18       		.uleb128 0x18
 187 004a 9742     		.uleb128 0x2117
 188 004c 19       		.uleb128 0x19
 189 004d 00       		.byte	0
 190 004e 00       		.byte	0
 191 004f 00       		.byte	0
 192              		.section	.debug_aranges,"",%progbits
 193 0000 24000000 		.4byte	0x24
 194 0004 0200     		.2byte	0x2
 195 0006 00000000 		.4byte	.Ldebug_info0
 196 000a 04       		.byte	0x4
 197 000b 00       		.byte	0
 198 000c 0000     		.2byte	0
 199 000e 0000     		.2byte	0
 200 0010 00000000 		.4byte	.LFB1
 201 0014 02000000 		.4byte	.LFE1-.LFB1
 202 0018 00000000 		.4byte	.LFB2
 203 001c 02000000 		.4byte	.LFE2-.LFB2
 204 0020 00000000 		.4byte	0
 205 0024 00000000 		.4byte	0
 206              		.section	.debug_ranges,"",%progbits
 207              	.Ldebug_ranges0:
 208 0000 00000000 		.4byte	.LFB1
 209 0004 02000000 		.4byte	.LFE1
 210 0008 00000000 		.4byte	.LFB2
 211 000c 02000000 		.4byte	.LFE2
 212 0010 00000000 		.4byte	0
 213 0014 00000000 		.4byte	0
 214              		.section	.debug_line,"",%progbits
 215              	.Ldebug_line0:
 216 0000 6D000000 		.section	.debug_str,"MS",%progbits,1
 216      02004800 
 216      00000201 
 216      FB0E0D00 
ARM GAS  /tmp/ccvlHNGm.s 			page 5


 216      01010101 
 217              	.LASF3:
 218 0000 5F5F6C61 		.ascii	"__late_init\000"
 218      74655F69 
 218      6E697400 
 219              	.LASF0:
 220 000c 474E5520 		.ascii	"GNU C11 5.2.0 -mcpu=cortex-m4 -mfloat-abi=hard -mfp"
 220      43313120 
 220      352E322E 
 220      30202D6D 
 220      6370753D 
 221 003f 753D6670 		.ascii	"u=fpv4-sp-d16 -mno-thumb-interwork -mthumb -ggdb -O"
 221      76342D73 
 221      702D6431 
 221      36202D6D 
 221      6E6F2D74 
 222 0072 32202D66 		.ascii	"2 -fomit-frame-pointer -falign-functions=16 -ffunct"
 222      6F6D6974 
 222      2D667261 
 222      6D652D70 
 222      6F696E74 
 223 00a5 696F6E2D 		.ascii	"ion-sections -fdata-sections -fno-common -fsingle-p"
 223      73656374 
 223      696F6E73 
 223      202D6664 
 223      6174612D 
 224 00d8 72656369 		.ascii	"recision-constant\000"
 224      73696F6E 
 224      2D636F6E 
 224      7374616E 
 224      7400
 225              	.LASF2:
 226 00ea 2F686F6D 		.ascii	"/home/sssilvar/Documents/embebidos/ChibiOS/iflab/pr"
 226      652F7373 
 226      73696C76 
 226      61722F44 
 226      6F63756D 
 227 011d 6F6A6563 		.ascii	"ojects/ADC\000"
 227      74732F41 
 227      444300
 228              	.LASF4:
 229 0128 5F5F6465 		.ascii	"__default_exit\000"
 229      6661756C 
 229      745F6578 
 229      697400
 230              	.LASF1:
 231 0137 2E2E2F2E 		.ascii	"../../os/common/ports/ARMCMx/compilers/GCC/crt1.c\000"
 231      2E2F6F73 
 231      2F636F6D 
 231      6D6F6E2F 
 231      706F7274 
 232              		.ident	"GCC: (Fedora 5.2.0-2.fc22) 5.2.0"
ARM GAS  /tmp/ccvlHNGm.s 			page 6


DEFINED SYMBOLS
                            *ABS*:0000000000000000 crt1.c
     /tmp/ccvlHNGm.s:22     .text.__early_init:0000000000000000 $t
     /tmp/ccvlHNGm.s:28     .text.__early_init:0000000000000000 __early_init
     /tmp/ccvlHNGm.s:39     .text.__late_init:0000000000000000 $t
     /tmp/ccvlHNGm.s:45     .text.__late_init:0000000000000000 __late_init
     /tmp/ccvlHNGm.s:58     .text.__default_exit:0000000000000000 $t
     /tmp/ccvlHNGm.s:64     .text.__default_exit:0000000000000000 __default_exit
                     .debug_frame:0000000000000010 $d

NO UNDEFINED SYMBOLS
