ARM GAS  /tmp/cc3XigzH.s 			page 1


   1              		.syntax unified
   2              		.cpu cortex-m4
   3              		.eabi_attribute 27, 1
   4              		.eabi_attribute 28, 1
   5              		.fpu fpv4-sp-d16
   6              		.eabi_attribute 20, 1
   7              		.eabi_attribute 21, 1
   8              		.eabi_attribute 23, 3
   9              		.eabi_attribute 24, 1
  10              		.eabi_attribute 25, 1
  11              		.eabi_attribute 26, 1
  12              		.eabi_attribute 30, 2
  13              		.eabi_attribute 34, 1
  14              		.eabi_attribute 18, 4
  15              		.thumb
  16              		.syntax unified
  17              		.file	"hal.c"
  18              		.text
  19              	.Ltext0:
  20              		.cfi_sections	.debug_frame
  21              		.section	.text.halInit,"ax",%progbits
  22              		.align	2
  23              		.p2align 4,,15
  24              		.global	halInit
  25              		.thumb
  26              		.thumb_func
  27              		.type	halInit, %function
  28              	halInit:
  29              	.LFB260:
  30              		.file 1 "../../os/hal/src/hal.c"
  31              		.loc 1 56 0
  32              		.cfi_startproc
  33              		@ args = 0, pretend = 0, frame = 0
  34              		@ frame_needed = 0, uses_anonymous_args = 0
  35 0000 08B5     		push	{r3, lr}
  36              		.cfi_def_cfa_offset 8
  37              		.cfi_offset 3, -8
  38              		.cfi_offset 14, -4
  39              		.loc 1 62 0
  40 0002 FFF7FEFF 		bl	hal_lld_init
  41              	.LVL0:
  42              		.loc 1 65 0
  43 0006 0648     		ldr	r0, .L3
  44 0008 FFF7FEFF 		bl	_pal_lld_init
  45              	.LVL1:
  46              		.loc 1 68 0
  47 000c FFF7FEFF 		bl	adcInit
  48              	.LVL2:
  49              		.loc 1 98 0
  50 0010 FFF7FEFF 		bl	sdInit
  51              	.LVL3:
  52              		.loc 1 130 0
  53 0014 FFF7FEFF 		bl	boardInit
  54              	.LVL4:
  55              		.loc 1 139 0
  56 0018 BDE80840 		pop	{r3, lr}
  57              		.cfi_restore 14
ARM GAS  /tmp/cc3XigzH.s 			page 2


  58              		.cfi_restore 3
  59              		.cfi_def_cfa_offset 0
  60              		.loc 1 137 0
  61 001c FFF7FEBF 		b	stInit
  62              	.LVL5:
  63              	.L4:
  64              		.align	2
  65              	.L3:
  66 0020 00000000 		.word	pal_default_config
  67              		.cfi_endproc
  68              	.LFE260:
  69              		.size	halInit, .-halInit
  70 0024 AFF30080 		.text
  70      AFF30080 
  70      AFF30080 
  71              	.Letext0:
  72              		.file 2 "/usr/arm-none-eabi/include/machine/_default_types.h"
  73              		.file 3 "/usr/arm-none-eabi/include/stdint.h"
  74              		.file 4 "../../os/rt/ports/ARMCMx/compilers/GCC/chtypes.h"
  75              		.file 5 "../../os/rt/include/chsystypes.h"
  76              		.file 6 "../../os/rt/include/chschd.h"
  77              		.file 7 "../../os/rt/ports/ARMCMx/chcore.h"
  78              		.file 8 "../../os/rt/ports/ARMCMx/chcore_v7m.h"
  79              		.file 9 "../../os/rt/include/chtm.h"
  80              		.file 10 "../../os/rt/include/chsem.h"
  81              		.file 11 "../../os/rt/include/chmtx.h"
  82              		.file 12 "../../os/hal/ports/STM32/LLD/GPIOv2/pal_lld.h"
  83              		.file 13 "../../os/ext/CMSIS/include/core_cm4.h"
  84              		.file 14 "../../os/hal/ports/STM32/STM32F4xx/hal_lld.h"
  85              		.file 15 "../../os/hal/include/adc.h"
  86              		.file 16 "../../os/hal/include/serial.h"
  87              		.file 17 "../../os/hal/boards/ST_STM32F401C_DISCOVERY/board.h"
  88              		.file 18 "../../os/hal/include/st.h"
  89              		.file 19 "../../os/hal/osal/rt/osal.h"
  90              		.section	.debug_info,"",%progbits
  91              	.Ldebug_info0:
  92 0000 73080000 		.4byte	0x873
  93 0004 0400     		.2byte	0x4
  94 0006 00000000 		.4byte	.Ldebug_abbrev0
  95 000a 04       		.byte	0x4
  96 000b 01       		.uleb128 0x1
  97 000c 6F020000 		.4byte	.LASF125
  98 0010 0C       		.byte	0xc
  99 0011 C4040000 		.4byte	.LASF126
 100 0015 58010000 		.4byte	.LASF127
 101 0019 00000000 		.4byte	.Ldebug_ranges0+0
 102 001d 00000000 		.4byte	0
 103 0021 00000000 		.4byte	.Ldebug_line0
 104 0025 02       		.uleb128 0x2
 105 0026 04       		.byte	0x4
 106 0027 05       		.byte	0x5
 107 0028 696E7400 		.ascii	"int\000"
 108 002c 03       		.uleb128 0x3
 109 002d 04       		.byte	0x4
 110 002e 07       		.byte	0x7
 111 002f BA010000 		.4byte	.LASF0
 112 0033 03       		.uleb128 0x3
ARM GAS  /tmp/cc3XigzH.s 			page 3


 113 0034 08       		.byte	0x8
 114 0035 05       		.byte	0x5
 115 0036 D5000000 		.4byte	.LASF1
 116 003a 03       		.uleb128 0x3
 117 003b 08       		.byte	0x8
 118 003c 04       		.byte	0x4
 119 003d 8A030000 		.4byte	.LASF2
 120 0041 03       		.uleb128 0x3
 121 0042 01       		.byte	0x1
 122 0043 06       		.byte	0x6
 123 0044 E3000000 		.4byte	.LASF3
 124 0048 04       		.uleb128 0x4
 125 0049 3D000000 		.4byte	.LASF7
 126 004d 02       		.byte	0x2
 127 004e 1D       		.byte	0x1d
 128 004f 53000000 		.4byte	0x53
 129 0053 03       		.uleb128 0x3
 130 0054 01       		.byte	0x1
 131 0055 08       		.byte	0x8
 132 0056 38040000 		.4byte	.LASF4
 133 005a 03       		.uleb128 0x3
 134 005b 02       		.byte	0x2
 135 005c 05       		.byte	0x5
 136 005d 5B040000 		.4byte	.LASF5
 137 0061 03       		.uleb128 0x3
 138 0062 02       		.byte	0x2
 139 0063 07       		.byte	0x7
 140 0064 01020000 		.4byte	.LASF6
 141 0068 04       		.uleb128 0x4
 142 0069 52020000 		.4byte	.LASF8
 143 006d 02       		.byte	0x2
 144 006e 3F       		.byte	0x3f
 145 006f 73000000 		.4byte	0x73
 146 0073 03       		.uleb128 0x3
 147 0074 04       		.byte	0x4
 148 0075 05       		.byte	0x5
 149 0076 0F010000 		.4byte	.LASF9
 150 007a 04       		.uleb128 0x4
 151 007b 48050000 		.4byte	.LASF10
 152 007f 02       		.byte	0x2
 153 0080 41       		.byte	0x41
 154 0081 85000000 		.4byte	0x85
 155 0085 03       		.uleb128 0x3
 156 0086 04       		.byte	0x4
 157 0087 07       		.byte	0x7
 158 0088 03050000 		.4byte	.LASF11
 159 008c 04       		.uleb128 0x4
 160 008d DF030000 		.4byte	.LASF12
 161 0091 02       		.byte	0x2
 162 0092 5B       		.byte	0x5b
 163 0093 97000000 		.4byte	0x97
 164 0097 03       		.uleb128 0x3
 165 0098 08       		.byte	0x8
 166 0099 07       		.byte	0x7
 167 009a 69000000 		.4byte	.LASF13
 168 009e 04       		.uleb128 0x4
 169 009f BC050000 		.4byte	.LASF14
ARM GAS  /tmp/cc3XigzH.s 			page 4


 170 00a3 03       		.byte	0x3
 171 00a4 15       		.byte	0x15
 172 00a5 48000000 		.4byte	0x48
 173 00a9 04       		.uleb128 0x4
 174 00aa 30040000 		.4byte	.LASF15
 175 00ae 03       		.byte	0x3
 176 00af 2C       		.byte	0x2c
 177 00b0 68000000 		.4byte	0x68
 178 00b4 04       		.uleb128 0x4
 179 00b5 DB040000 		.4byte	.LASF16
 180 00b9 03       		.byte	0x3
 181 00ba 2D       		.byte	0x2d
 182 00bb 7A000000 		.4byte	0x7a
 183 00bf 04       		.uleb128 0x4
 184 00c0 34000000 		.4byte	.LASF17
 185 00c4 03       		.byte	0x3
 186 00c5 39       		.byte	0x39
 187 00c6 8C000000 		.4byte	0x8c
 188 00ca 05       		.uleb128 0x5
 189 00cb A9000000 		.4byte	0xa9
 190 00cf 04       		.uleb128 0x4
 191 00d0 79050000 		.4byte	.LASF18
 192 00d4 04       		.byte	0x4
 193 00d5 45       		.byte	0x45
 194 00d6 B4000000 		.4byte	0xb4
 195 00da 04       		.uleb128 0x4
 196 00db 30020000 		.4byte	.LASF19
 197 00df 04       		.byte	0x4
 198 00e0 48       		.byte	0x48
 199 00e1 9E000000 		.4byte	0x9e
 200 00e5 04       		.uleb128 0x4
 201 00e6 1F010000 		.4byte	.LASF20
 202 00ea 04       		.byte	0x4
 203 00eb 49       		.byte	0x49
 204 00ec 9E000000 		.4byte	0x9e
 205 00f0 04       		.uleb128 0x4
 206 00f1 EA030000 		.4byte	.LASF21
 207 00f5 04       		.byte	0x4
 208 00f6 4A       		.byte	0x4a
 209 00f7 9E000000 		.4byte	0x9e
 210 00fb 04       		.uleb128 0x4
 211 00fc 12040000 		.4byte	.LASF22
 212 0100 04       		.byte	0x4
 213 0101 4C       		.byte	0x4c
 214 0102 B4000000 		.4byte	0xb4
 215 0106 04       		.uleb128 0x4
 216 0107 1E020000 		.4byte	.LASF23
 217 010b 04       		.byte	0x4
 218 010c 4D       		.byte	0x4d
 219 010d A9000000 		.4byte	0xa9
 220 0111 04       		.uleb128 0x4
 221 0112 46020000 		.4byte	.LASF24
 222 0116 04       		.byte	0x4
 223 0117 4F       		.byte	0x4f
 224 0118 B4000000 		.4byte	0xb4
 225 011c 04       		.uleb128 0x4
 226 011d B4010000 		.4byte	.LASF25
ARM GAS  /tmp/cc3XigzH.s 			page 5


 227 0121 04       		.byte	0x4
 228 0122 51       		.byte	0x51
 229 0123 A9000000 		.4byte	0xa9
 230 0127 04       		.uleb128 0x4
 231 0128 2A050000 		.4byte	.LASF26
 232 012c 05       		.byte	0x5
 233 012d 33       		.byte	0x33
 234 012e B4000000 		.4byte	0xb4
 235 0132 04       		.uleb128 0x4
 236 0133 1A050000 		.4byte	.LASF27
 237 0137 05       		.byte	0x5
 238 0138 3F       		.byte	0x3f
 239 0139 3D010000 		.4byte	0x13d
 240 013d 06       		.uleb128 0x6
 241 013e 14020000 		.4byte	.LASF47
 242 0142 44       		.byte	0x44
 243 0143 06       		.byte	0x6
 244 0144 C2       		.byte	0xc2
 245 0145 2A020000 		.4byte	0x22a
 246 0149 07       		.uleb128 0x7
 247 014a 8C040000 		.4byte	.LASF28
 248 014e 06       		.byte	0x6
 249 014f C3       		.byte	0xc3
 250 0150 35020000 		.4byte	0x235
 251 0154 00       		.byte	0
 252 0155 07       		.uleb128 0x7
 253 0156 02040000 		.4byte	.LASF29
 254 015a 06       		.byte	0x6
 255 015b C5       		.byte	0xc5
 256 015c 35020000 		.4byte	0x235
 257 0160 04       		.byte	0x4
 258 0161 07       		.uleb128 0x7
 259 0162 CE000000 		.4byte	.LASF30
 260 0166 06       		.byte	0x6
 261 0167 C7       		.byte	0xc7
 262 0168 FB000000 		.4byte	0xfb
 263 016c 08       		.byte	0x8
 264 016d 07       		.uleb128 0x7
 265 016e 1A060000 		.4byte	.LASF31
 266 0172 06       		.byte	0x6
 267 0173 C8       		.byte	0xc8
 268 0174 65040000 		.4byte	0x465
 269 0178 0C       		.byte	0xc
 270 0179 07       		.uleb128 0x7
 271 017a 28010000 		.4byte	.LASF32
 272 017e 06       		.byte	0x6
 273 017f CA       		.byte	0xca
 274 0180 35020000 		.4byte	0x235
 275 0184 10       		.byte	0x10
 276 0185 07       		.uleb128 0x7
 277 0186 A2030000 		.4byte	.LASF33
 278 018a 06       		.byte	0x6
 279 018b CB       		.byte	0xcb
 280 018c 35020000 		.4byte	0x235
 281 0190 14       		.byte	0x14
 282 0191 07       		.uleb128 0x7
 283 0192 CB050000 		.4byte	.LASF34
ARM GAS  /tmp/cc3XigzH.s 			page 6


 284 0196 06       		.byte	0x6
 285 0197 D2       		.byte	0xd2
 286 0198 AA060000 		.4byte	0x6aa
 287 019c 18       		.byte	0x18
 288 019d 07       		.uleb128 0x7
 289 019e 65040000 		.4byte	.LASF35
 290 01a2 06       		.byte	0x6
 291 01a3 DD       		.byte	0xdd
 292 01a4 E5000000 		.4byte	0xe5
 293 01a8 1C       		.byte	0x1c
 294 01a9 07       		.uleb128 0x7
 295 01aa 93040000 		.4byte	.LASF36
 296 01ae 06       		.byte	0x6
 297 01af E1       		.byte	0xe1
 298 01b0 DA000000 		.4byte	0xda
 299 01b4 1D       		.byte	0x1d
 300 01b5 07       		.uleb128 0x7
 301 01b6 A1050000 		.4byte	.LASF37
 302 01ba 06       		.byte	0x6
 303 01bb E6       		.byte	0xe6
 304 01bc F0000000 		.4byte	0xf0
 305 01c0 1E       		.byte	0x1e
 306 01c1 08       		.uleb128 0x8
 307 01c2 705F7500 		.ascii	"p_u\000"
 308 01c6 06       		.byte	0x6
 309 01c7 3101     		.2byte	0x131
 310 01c9 E5050000 		.4byte	0x5e5
 311 01cd 20       		.byte	0x20
 312 01ce 09       		.uleb128 0x9
 313 01cf 4D030000 		.4byte	.LASF38
 314 01d3 06       		.byte	0x6
 315 01d4 3601     		.2byte	0x136
 316 01d6 3B020000 		.4byte	0x23b
 317 01da 24       		.byte	0x24
 318 01db 09       		.uleb128 0x9
 319 01dc DF010000 		.4byte	.LASF39
 320 01e0 06       		.byte	0x6
 321 01e1 3C01     		.2byte	0x13c
 322 01e3 5F020000 		.4byte	0x25f
 323 01e7 28       		.byte	0x28
 324 01e8 09       		.uleb128 0x9
 325 01e9 E8050000 		.4byte	.LASF40
 326 01ed 06       		.byte	0x6
 327 01ee 4001     		.2byte	0x140
 328 01f0 06010000 		.4byte	0x106
 329 01f4 30       		.byte	0x30
 330 01f5 09       		.uleb128 0x9
 331 01f6 B9040000 		.4byte	.LASF41
 332 01fa 06       		.byte	0x6
 333 01fb 4601     		.2byte	0x146
 334 01fd 11010000 		.4byte	0x111
 335 0201 34       		.byte	0x34
 336 0202 09       		.uleb128 0x9
 337 0203 51040000 		.4byte	.LASF42
 338 0207 06       		.byte	0x6
 339 0208 4D01     		.2byte	0x14d
 340 020a A4060000 		.4byte	0x6a4
ARM GAS  /tmp/cc3XigzH.s 			page 7


 341 020e 38       		.byte	0x38
 342 020f 09       		.uleb128 0x9
 343 0210 34050000 		.4byte	.LASF43
 344 0214 06       		.byte	0x6
 345 0215 5101     		.2byte	0x151
 346 0217 FB000000 		.4byte	0xfb
 347 021b 3C       		.byte	0x3c
 348 021c 09       		.uleb128 0x9
 349 021d EF000000 		.4byte	.LASF44
 350 0221 06       		.byte	0x6
 351 0222 5801     		.2byte	0x158
 352 0224 12030000 		.4byte	0x312
 353 0228 40       		.byte	0x40
 354 0229 00       		.byte	0
 355 022a 04       		.uleb128 0x4
 356 022b 60030000 		.4byte	.LASF45
 357 022f 05       		.byte	0x5
 358 0230 44       		.byte	0x44
 359 0231 35020000 		.4byte	0x235
 360 0235 0A       		.uleb128 0xa
 361 0236 04       		.byte	0x4
 362 0237 32010000 		.4byte	0x132
 363 023b 04       		.uleb128 0x4
 364 023c D9050000 		.4byte	.LASF46
 365 0240 05       		.byte	0x5
 366 0241 49       		.byte	0x49
 367 0242 46020000 		.4byte	0x246
 368 0246 06       		.uleb128 0x6
 369 0247 F3040000 		.4byte	.LASF48
 370 024b 04       		.byte	0x4
 371 024c 06       		.byte	0x6
 372 024d B0       		.byte	0xb0
 373 024e 5F020000 		.4byte	0x25f
 374 0252 07       		.uleb128 0x7
 375 0253 8C040000 		.4byte	.LASF28
 376 0257 06       		.byte	0x6
 377 0258 B1       		.byte	0xb1
 378 0259 35020000 		.4byte	0x235
 379 025d 00       		.byte	0
 380 025e 00       		.byte	0
 381 025f 04       		.uleb128 0x4
 382 0260 88050000 		.4byte	.LASF49
 383 0264 05       		.byte	0x5
 384 0265 50       		.byte	0x50
 385 0266 6A020000 		.4byte	0x26a
 386 026a 06       		.uleb128 0x6
 387 026b BD000000 		.4byte	.LASF50
 388 026f 08       		.byte	0x8
 389 0270 06       		.byte	0x6
 390 0271 B7       		.byte	0xb7
 391 0272 8F020000 		.4byte	0x28f
 392 0276 07       		.uleb128 0x7
 393 0277 8C040000 		.4byte	.LASF28
 394 027b 06       		.byte	0x6
 395 027c B8       		.byte	0xb8
 396 027d 35020000 		.4byte	0x235
 397 0281 00       		.byte	0
ARM GAS  /tmp/cc3XigzH.s 			page 8


 398 0282 07       		.uleb128 0x7
 399 0283 02040000 		.4byte	.LASF29
 400 0287 06       		.byte	0x6
 401 0288 B9       		.byte	0xb9
 402 0289 35020000 		.4byte	0x235
 403 028d 04       		.byte	0x4
 404 028e 00       		.byte	0
 405 028f 04       		.uleb128 0x4
 406 0290 13000000 		.4byte	.LASF51
 407 0294 05       		.byte	0x5
 408 0295 57       		.byte	0x57
 409 0296 9A020000 		.4byte	0x29a
 410 029a 0B       		.uleb128 0xb
 411 029b 38020000 		.4byte	.LASF52
 412 029f 1C       		.byte	0x1c
 413 02a0 06       		.byte	0x6
 414 02a1 9001     		.2byte	0x190
 415 02a3 F6020000 		.4byte	0x2f6
 416 02a7 09       		.uleb128 0x9
 417 02a8 EB040000 		.4byte	.LASF53
 418 02ac 06       		.byte	0x6
 419 02ad 9101     		.2byte	0x191
 420 02af 5F020000 		.4byte	0x25f
 421 02b3 00       		.byte	0
 422 02b4 09       		.uleb128 0x9
 423 02b5 77040000 		.4byte	.LASF54
 424 02b9 06       		.byte	0x6
 425 02ba 9201     		.2byte	0x192
 426 02bc FB000000 		.4byte	0xfb
 427 02c0 08       		.byte	0x8
 428 02c1 09       		.uleb128 0x9
 429 02c2 AA030000 		.4byte	.LASF55
 430 02c6 06       		.byte	0x6
 431 02c7 9401     		.2byte	0x194
 432 02c9 65040000 		.4byte	0x465
 433 02cd 0C       		.byte	0xc
 434 02ce 09       		.uleb128 0x9
 435 02cf 38010000 		.4byte	.LASF56
 436 02d3 06       		.byte	0x6
 437 02d4 9701     		.2byte	0x197
 438 02d6 35020000 		.4byte	0x235
 439 02da 10       		.byte	0x10
 440 02db 09       		.uleb128 0x9
 441 02dc D7030000 		.4byte	.LASF57
 442 02e0 06       		.byte	0x6
 443 02e1 9801     		.2byte	0x198
 444 02e3 35020000 		.4byte	0x235
 445 02e7 14       		.byte	0x14
 446 02e8 09       		.uleb128 0x9
 447 02e9 CD030000 		.4byte	.LASF58
 448 02ed 06       		.byte	0x6
 449 02ee 9B01     		.2byte	0x19b
 450 02f0 35020000 		.4byte	0x235
 451 02f4 18       		.byte	0x18
 452 02f5 00       		.byte	0
 453 02f6 04       		.uleb128 0x4
 454 02f7 3F050000 		.4byte	.LASF59
ARM GAS  /tmp/cc3XigzH.s 			page 9


 455 02fb 05       		.byte	0x5
 456 02fc 5C       		.byte	0x5c
 457 02fd 01030000 		.4byte	0x301
 458 0301 0A       		.uleb128 0xa
 459 0302 04       		.byte	0x4
 460 0303 07030000 		.4byte	0x307
 461 0307 0C       		.uleb128 0xc
 462 0308 12030000 		.4byte	0x312
 463 030c 0D       		.uleb128 0xd
 464 030d 12030000 		.4byte	0x312
 465 0311 00       		.byte	0
 466 0312 0E       		.uleb128 0xe
 467 0313 04       		.byte	0x4
 468 0314 04       		.uleb128 0x4
 469 0315 F2030000 		.4byte	.LASF60
 470 0319 05       		.byte	0x5
 471 031a 61       		.byte	0x61
 472 031b 1F030000 		.4byte	0x31f
 473 031f 0B       		.uleb128 0xb
 474 0320 9B040000 		.4byte	.LASF61
 475 0324 14       		.byte	0x14
 476 0325 06       		.byte	0x6
 477 0326 6B01     		.2byte	0x16b
 478 0328 6E030000 		.4byte	0x36e
 479 032c 09       		.uleb128 0x9
 480 032d C7010000 		.4byte	.LASF62
 481 0331 06       		.byte	0x6
 482 0332 6C01     		.2byte	0x16c
 483 0334 BC060000 		.4byte	0x6bc
 484 0338 00       		.byte	0
 485 0339 09       		.uleb128 0x9
 486 033a 49010000 		.4byte	.LASF63
 487 033e 06       		.byte	0x6
 488 033f 6D01     		.2byte	0x16d
 489 0341 BC060000 		.4byte	0x6bc
 490 0345 04       		.byte	0x4
 491 0346 09       		.uleb128 0x9
 492 0347 D6010000 		.4byte	.LASF64
 493 034b 06       		.byte	0x6
 494 034c 6E01     		.2byte	0x16e
 495 034e 27010000 		.4byte	0x127
 496 0352 08       		.byte	0x8
 497 0353 09       		.uleb128 0x9
 498 0354 20060000 		.4byte	.LASF65
 499 0358 06       		.byte	0x6
 500 0359 6F01     		.2byte	0x16f
 501 035b F6020000 		.4byte	0x2f6
 502 035f 0C       		.byte	0xc
 503 0360 09       		.uleb128 0x9
 504 0361 81050000 		.4byte	.LASF66
 505 0365 06       		.byte	0x6
 506 0366 7101     		.2byte	0x171
 507 0368 12030000 		.4byte	0x312
 508 036c 10       		.byte	0x10
 509 036d 00       		.byte	0
 510 036e 04       		.uleb128 0x4
 511 036f 9A000000 		.4byte	.LASF67
ARM GAS  /tmp/cc3XigzH.s 			page 10


 512 0373 05       		.byte	0x5
 513 0374 66       		.byte	0x66
 514 0375 79030000 		.4byte	0x379
 515 0379 0B       		.uleb128 0xb
 516 037a 73030000 		.4byte	.LASF68
 517 037e 10       		.byte	0x10
 518 037f 06       		.byte	0x6
 519 0380 7B01     		.2byte	0x17b
 520 0382 BB030000 		.4byte	0x3bb
 521 0386 09       		.uleb128 0x9
 522 0387 C7010000 		.4byte	.LASF62
 523 038b 06       		.byte	0x6
 524 038c 7C01     		.2byte	0x17c
 525 038e BC060000 		.4byte	0x6bc
 526 0392 00       		.byte	0
 527 0393 09       		.uleb128 0x9
 528 0394 49010000 		.4byte	.LASF63
 529 0398 06       		.byte	0x6
 530 0399 7E01     		.2byte	0x17e
 531 039b BC060000 		.4byte	0x6bc
 532 039f 04       		.byte	0x4
 533 03a0 09       		.uleb128 0x9
 534 03a1 D6010000 		.4byte	.LASF64
 535 03a5 06       		.byte	0x6
 536 03a6 8001     		.2byte	0x180
 537 03a8 27010000 		.4byte	0x127
 538 03ac 08       		.byte	0x8
 539 03ad 09       		.uleb128 0x9
 540 03ae 96030000 		.4byte	.LASF69
 541 03b2 06       		.byte	0x6
 542 03b3 8801     		.2byte	0x188
 543 03b5 27010000 		.4byte	0x127
 544 03b9 0C       		.byte	0xc
 545 03ba 00       		.byte	0
 546 03bb 04       		.uleb128 0x4
 547 03bc 53000000 		.4byte	.LASF70
 548 03c0 05       		.byte	0x5
 549 03c1 6B       		.byte	0x6b
 550 03c2 C6030000 		.4byte	0x3c6
 551 03c6 0B       		.uleb128 0xb
 552 03c7 1A040000 		.4byte	.LASF71
 553 03cb 04       		.byte	0x4
 554 03cc 06       		.byte	0x6
 555 03cd A201     		.2byte	0x1a2
 556 03cf E1030000 		.4byte	0x3e1
 557 03d3 09       		.uleb128 0x9
 558 03d4 53050000 		.4byte	.LASF72
 559 03d8 06       		.byte	0x6
 560 03d9 AA01     		.2byte	0x1aa
 561 03db C2060000 		.4byte	0x6c2
 562 03df 00       		.byte	0
 563 03e0 00       		.byte	0
 564 03e1 04       		.uleb128 0x4
 565 03e2 24020000 		.4byte	.LASF73
 566 03e6 05       		.byte	0x5
 567 03e7 70       		.byte	0x70
 568 03e8 EC030000 		.4byte	0x3ec
ARM GAS  /tmp/cc3XigzH.s 			page 11


 569 03ec 0F       		.uleb128 0xf
 570 03ed 05010000 		.4byte	.LASF74
 571 03f1 D801     		.2byte	0x1d8
 572 03f3 06       		.byte	0x6
 573 03f4 C201     		.2byte	0x1c2
 574 03f6 48040000 		.4byte	0x448
 575 03fa 09       		.uleb128 0x9
 576 03fb B6050000 		.4byte	.LASF75
 577 03ff 06       		.byte	0x6
 578 0400 C601     		.2byte	0x1c6
 579 0402 8F020000 		.4byte	0x28f
 580 0406 00       		.byte	0
 581 0407 09       		.uleb128 0x9
 582 0408 51010000 		.4byte	.LASF76
 583 040c 06       		.byte	0x6
 584 040d CA01     		.2byte	0x1ca
 585 040f 6E030000 		.4byte	0x36e
 586 0413 1C       		.byte	0x1c
 587 0414 08       		.uleb128 0x8
 588 0415 64626700 		.ascii	"dbg\000"
 589 0419 06       		.byte	0x6
 590 041a CE01     		.2byte	0x1ce
 591 041c BB030000 		.4byte	0x3bb
 592 0420 2C       		.byte	0x2c
 593 0421 09       		.uleb128 0x9
 594 0422 8F000000 		.4byte	.LASF77
 595 0426 06       		.byte	0x6
 596 0427 D201     		.2byte	0x1d2
 597 0429 32010000 		.4byte	0x132
 598 042d 30       		.byte	0x30
 599 042e 08       		.uleb128 0x8
 600 042f 746D00   		.ascii	"tm\000"
 601 0432 06       		.byte	0x6
 602 0433 D701     		.2byte	0x1d7
 603 0435 DA050000 		.4byte	0x5da
 604 0439 74       		.byte	0x74
 605 043a 09       		.uleb128 0x9
 606 043b A5010000 		.4byte	.LASF78
 607 043f 06       		.byte	0x6
 608 0440 E301     		.2byte	0x1e3
 609 0442 C7060000 		.4byte	0x6c7
 610 0446 78       		.byte	0x78
 611 0447 00       		.byte	0
 612 0448 03       		.uleb128 0x3
 613 0449 04       		.byte	0x4
 614 044a 07       		.byte	0x7
 615 044b 57030000 		.4byte	.LASF79
 616 044f 04       		.uleb128 0x4
 617 0450 40010000 		.4byte	.LASF80
 618 0454 07       		.byte	0x7
 619 0455 65       		.byte	0x65
 620 0456 12030000 		.4byte	0x312
 621 045a 04       		.uleb128 0x4
 622 045b 64020000 		.4byte	.LASF81
 623 045f 07       		.byte	0x7
 624 0460 6D       		.byte	0x6d
 625 0461 BF000000 		.4byte	0xbf
ARM GAS  /tmp/cc3XigzH.s 			page 12


 626 0465 06       		.uleb128 0x6
 627 0466 64050000 		.4byte	.LASF82
 628 046a 04       		.byte	0x4
 629 046b 07       		.byte	0x7
 630 046c 89       		.byte	0x89
 631 046d 7E040000 		.4byte	0x47e
 632 0471 10       		.uleb128 0x10
 633 0472 72313300 		.ascii	"r13\000"
 634 0476 07       		.byte	0x7
 635 0477 8A       		.byte	0x8a
 636 0478 BF050000 		.4byte	0x5bf
 637 047c 00       		.byte	0
 638 047d 00       		.byte	0
 639 047e 06       		.uleb128 0x6
 640 047f 47000000 		.4byte	.LASF83
 641 0483 64       		.byte	0x64
 642 0484 08       		.byte	0x8
 643 0485 F4       		.byte	0xf4
 644 0486 BF050000 		.4byte	0x5bf
 645 048a 10       		.uleb128 0x10
 646 048b 73313600 		.ascii	"s16\000"
 647 048f 08       		.byte	0x8
 648 0490 F6       		.byte	0xf6
 649 0491 4F040000 		.4byte	0x44f
 650 0495 00       		.byte	0
 651 0496 10       		.uleb128 0x10
 652 0497 73313700 		.ascii	"s17\000"
 653 049b 08       		.byte	0x8
 654 049c F7       		.byte	0xf7
 655 049d 4F040000 		.4byte	0x44f
 656 04a1 04       		.byte	0x4
 657 04a2 10       		.uleb128 0x10
 658 04a3 73313800 		.ascii	"s18\000"
 659 04a7 08       		.byte	0x8
 660 04a8 F8       		.byte	0xf8
 661 04a9 4F040000 		.4byte	0x44f
 662 04ad 08       		.byte	0x8
 663 04ae 10       		.uleb128 0x10
 664 04af 73313900 		.ascii	"s19\000"
 665 04b3 08       		.byte	0x8
 666 04b4 F9       		.byte	0xf9
 667 04b5 4F040000 		.4byte	0x44f
 668 04b9 0C       		.byte	0xc
 669 04ba 10       		.uleb128 0x10
 670 04bb 73323000 		.ascii	"s20\000"
 671 04bf 08       		.byte	0x8
 672 04c0 FA       		.byte	0xfa
 673 04c1 4F040000 		.4byte	0x44f
 674 04c5 10       		.byte	0x10
 675 04c6 10       		.uleb128 0x10
 676 04c7 73323100 		.ascii	"s21\000"
 677 04cb 08       		.byte	0x8
 678 04cc FB       		.byte	0xfb
 679 04cd 4F040000 		.4byte	0x44f
 680 04d1 14       		.byte	0x14
 681 04d2 10       		.uleb128 0x10
 682 04d3 73323200 		.ascii	"s22\000"
ARM GAS  /tmp/cc3XigzH.s 			page 13


 683 04d7 08       		.byte	0x8
 684 04d8 FC       		.byte	0xfc
 685 04d9 4F040000 		.4byte	0x44f
 686 04dd 18       		.byte	0x18
 687 04de 10       		.uleb128 0x10
 688 04df 73323300 		.ascii	"s23\000"
 689 04e3 08       		.byte	0x8
 690 04e4 FD       		.byte	0xfd
 691 04e5 4F040000 		.4byte	0x44f
 692 04e9 1C       		.byte	0x1c
 693 04ea 10       		.uleb128 0x10
 694 04eb 73323400 		.ascii	"s24\000"
 695 04ef 08       		.byte	0x8
 696 04f0 FE       		.byte	0xfe
 697 04f1 4F040000 		.4byte	0x44f
 698 04f5 20       		.byte	0x20
 699 04f6 10       		.uleb128 0x10
 700 04f7 73323500 		.ascii	"s25\000"
 701 04fb 08       		.byte	0x8
 702 04fc FF       		.byte	0xff
 703 04fd 4F040000 		.4byte	0x44f
 704 0501 24       		.byte	0x24
 705 0502 08       		.uleb128 0x8
 706 0503 73323600 		.ascii	"s26\000"
 707 0507 08       		.byte	0x8
 708 0508 0001     		.2byte	0x100
 709 050a 4F040000 		.4byte	0x44f
 710 050e 28       		.byte	0x28
 711 050f 08       		.uleb128 0x8
 712 0510 73323700 		.ascii	"s27\000"
 713 0514 08       		.byte	0x8
 714 0515 0101     		.2byte	0x101
 715 0517 4F040000 		.4byte	0x44f
 716 051b 2C       		.byte	0x2c
 717 051c 08       		.uleb128 0x8
 718 051d 73323800 		.ascii	"s28\000"
 719 0521 08       		.byte	0x8
 720 0522 0201     		.2byte	0x102
 721 0524 4F040000 		.4byte	0x44f
 722 0528 30       		.byte	0x30
 723 0529 08       		.uleb128 0x8
 724 052a 73323900 		.ascii	"s29\000"
 725 052e 08       		.byte	0x8
 726 052f 0301     		.2byte	0x103
 727 0531 4F040000 		.4byte	0x44f
 728 0535 34       		.byte	0x34
 729 0536 08       		.uleb128 0x8
 730 0537 73333000 		.ascii	"s30\000"
 731 053b 08       		.byte	0x8
 732 053c 0401     		.2byte	0x104
 733 053e 4F040000 		.4byte	0x44f
 734 0542 38       		.byte	0x38
 735 0543 08       		.uleb128 0x8
 736 0544 73333100 		.ascii	"s31\000"
 737 0548 08       		.byte	0x8
 738 0549 0501     		.2byte	0x105
 739 054b 4F040000 		.4byte	0x44f
ARM GAS  /tmp/cc3XigzH.s 			page 14


 740 054f 3C       		.byte	0x3c
 741 0550 08       		.uleb128 0x8
 742 0551 723400   		.ascii	"r4\000"
 743 0554 08       		.byte	0x8
 744 0555 0701     		.2byte	0x107
 745 0557 4F040000 		.4byte	0x44f
 746 055b 40       		.byte	0x40
 747 055c 08       		.uleb128 0x8
 748 055d 723500   		.ascii	"r5\000"
 749 0560 08       		.byte	0x8
 750 0561 0801     		.2byte	0x108
 751 0563 4F040000 		.4byte	0x44f
 752 0567 44       		.byte	0x44
 753 0568 08       		.uleb128 0x8
 754 0569 723600   		.ascii	"r6\000"
 755 056c 08       		.byte	0x8
 756 056d 0901     		.2byte	0x109
 757 056f 4F040000 		.4byte	0x44f
 758 0573 48       		.byte	0x48
 759 0574 08       		.uleb128 0x8
 760 0575 723700   		.ascii	"r7\000"
 761 0578 08       		.byte	0x8
 762 0579 0A01     		.2byte	0x10a
 763 057b 4F040000 		.4byte	0x44f
 764 057f 4C       		.byte	0x4c
 765 0580 08       		.uleb128 0x8
 766 0581 723800   		.ascii	"r8\000"
 767 0584 08       		.byte	0x8
 768 0585 0B01     		.2byte	0x10b
 769 0587 4F040000 		.4byte	0x44f
 770 058b 50       		.byte	0x50
 771 058c 08       		.uleb128 0x8
 772 058d 723900   		.ascii	"r9\000"
 773 0590 08       		.byte	0x8
 774 0591 0C01     		.2byte	0x10c
 775 0593 4F040000 		.4byte	0x44f
 776 0597 54       		.byte	0x54
 777 0598 08       		.uleb128 0x8
 778 0599 72313000 		.ascii	"r10\000"
 779 059d 08       		.byte	0x8
 780 059e 0D01     		.2byte	0x10d
 781 05a0 4F040000 		.4byte	0x44f
 782 05a4 58       		.byte	0x58
 783 05a5 08       		.uleb128 0x8
 784 05a6 72313100 		.ascii	"r11\000"
 785 05aa 08       		.byte	0x8
 786 05ab 0E01     		.2byte	0x10e
 787 05ad 4F040000 		.4byte	0x44f
 788 05b1 5C       		.byte	0x5c
 789 05b2 08       		.uleb128 0x8
 790 05b3 6C7200   		.ascii	"lr\000"
 791 05b6 08       		.byte	0x8
 792 05b7 0F01     		.2byte	0x10f
 793 05b9 4F040000 		.4byte	0x44f
 794 05bd 60       		.byte	0x60
 795 05be 00       		.byte	0
 796 05bf 0A       		.uleb128 0xa
ARM GAS  /tmp/cc3XigzH.s 			page 15


 797 05c0 04       		.byte	0x4
 798 05c1 7E040000 		.4byte	0x47e
 799 05c5 11       		.uleb128 0x11
 800 05c6 04       		.byte	0x4
 801 05c7 09       		.byte	0x9
 802 05c8 38       		.byte	0x38
 803 05c9 DA050000 		.4byte	0x5da
 804 05cd 07       		.uleb128 0x7
 805 05ce 5D050000 		.4byte	.LASF84
 806 05d2 09       		.byte	0x9
 807 05d3 3C       		.byte	0x3c
 808 05d4 CF000000 		.4byte	0xcf
 809 05d8 00       		.byte	0
 810 05d9 00       		.byte	0
 811 05da 04       		.uleb128 0x4
 812 05db B0030000 		.4byte	.LASF85
 813 05df 09       		.byte	0x9
 814 05e0 3D       		.byte	0x3d
 815 05e1 C5050000 		.4byte	0x5c5
 816 05e5 12       		.uleb128 0x12
 817 05e6 04       		.byte	0x4
 818 05e7 06       		.byte	0x6
 819 05e8 FA       		.byte	0xfa
 820 05e9 42060000 		.4byte	0x642
 821 05ed 13       		.uleb128 0x13
 822 05ee 2D000000 		.4byte	.LASF86
 823 05f2 06       		.byte	0x6
 824 05f3 0101     		.2byte	0x101
 825 05f5 06010000 		.4byte	0x106
 826 05f9 13       		.uleb128 0x13
 827 05fa 86000000 		.4byte	.LASF87
 828 05fe 06       		.byte	0x6
 829 05ff 0801     		.2byte	0x108
 830 0601 06010000 		.4byte	0x106
 831 0605 13       		.uleb128 0x13
 832 0606 C4050000 		.4byte	.LASF88
 833 060a 06       		.byte	0x6
 834 060b 0F01     		.2byte	0x10f
 835 060d 12030000 		.4byte	0x312
 836 0611 13       		.uleb128 0x13
 837 0612 27000000 		.4byte	.LASF89
 838 0616 06       		.byte	0x6
 839 0617 1601     		.2byte	0x116
 840 0619 42060000 		.4byte	0x642
 841 061d 13       		.uleb128 0x13
 842 061e CF010000 		.4byte	.LASF90
 843 0622 06       		.byte	0x6
 844 0623 1E01     		.2byte	0x11e
 845 0625 6D060000 		.4byte	0x66d
 846 0629 13       		.uleb128 0x13
 847 062a E4040000 		.4byte	.LASF91
 848 062e 06       		.byte	0x6
 849 062f 2701     		.2byte	0x127
 850 0631 A4060000 		.4byte	0x6a4
 851 0635 13       		.uleb128 0x13
 852 0636 85040000 		.4byte	.LASF92
 853 063a 06       		.byte	0x6
ARM GAS  /tmp/cc3XigzH.s 			page 16


 854 063b 2F01     		.2byte	0x12f
 855 063d 11010000 		.4byte	0x111
 856 0641 00       		.byte	0
 857 0642 0A       		.uleb128 0xa
 858 0643 04       		.byte	0x4
 859 0644 2A020000 		.4byte	0x22a
 860 0648 06       		.uleb128 0x6
 861 0649 AC040000 		.4byte	.LASF93
 862 064d 0C       		.byte	0xc
 863 064e 0A       		.byte	0xa
 864 064f 34       		.byte	0x34
 865 0650 6D060000 		.4byte	0x66d
 866 0654 07       		.uleb128 0x7
 867 0655 30010000 		.4byte	.LASF94
 868 0659 0A       		.byte	0xa
 869 065a 35       		.byte	0x35
 870 065b 5F020000 		.4byte	0x25f
 871 065f 00       		.byte	0
 872 0660 07       		.uleb128 0x7
 873 0661 4B040000 		.4byte	.LASF95
 874 0665 0A       		.byte	0xa
 875 0666 37       		.byte	0x37
 876 0667 1C010000 		.4byte	0x11c
 877 066b 08       		.byte	0x8
 878 066c 00       		.byte	0
 879 066d 0A       		.uleb128 0xa
 880 066e 04       		.byte	0x4
 881 066f 48060000 		.4byte	0x648
 882 0673 06       		.uleb128 0x6
 883 0674 98050000 		.4byte	.LASF96
 884 0678 10       		.byte	0x10
 885 0679 0B       		.byte	0xb
 886 067a 39       		.byte	0x39
 887 067b A4060000 		.4byte	0x6a4
 888 067f 07       		.uleb128 0x7
 889 0680 F7000000 		.4byte	.LASF97
 890 0684 0B       		.byte	0xb
 891 0685 3A       		.byte	0x3a
 892 0686 5F020000 		.4byte	0x25f
 893 068a 00       		.byte	0
 894 068b 07       		.uleb128 0x7
 895 068c FF050000 		.4byte	.LASF98
 896 0690 0B       		.byte	0xb
 897 0691 3C       		.byte	0x3c
 898 0692 35020000 		.4byte	0x235
 899 0696 08       		.byte	0x8
 900 0697 07       		.uleb128 0x7
 901 0698 23050000 		.4byte	.LASF99
 902 069c 0B       		.byte	0xb
 903 069d 3E       		.byte	0x3e
 904 069e E2060000 		.4byte	0x6e2
 905 06a2 0C       		.byte	0xc
 906 06a3 00       		.byte	0
 907 06a4 0A       		.uleb128 0xa
 908 06a5 04       		.byte	0x4
 909 06a6 73060000 		.4byte	0x673
 910 06aa 0A       		.uleb128 0xa
ARM GAS  /tmp/cc3XigzH.s 			page 17


 911 06ab 04       		.byte	0x4
 912 06ac B7060000 		.4byte	0x6b7
 913 06b0 03       		.uleb128 0x3
 914 06b1 01       		.byte	0x1
 915 06b2 08       		.byte	0x8
 916 06b3 15050000 		.4byte	.LASF100
 917 06b7 14       		.uleb128 0x14
 918 06b8 B0060000 		.4byte	0x6b0
 919 06bc 0A       		.uleb128 0xa
 920 06bd 04       		.byte	0x4
 921 06be 14030000 		.4byte	0x314
 922 06c2 05       		.uleb128 0x5
 923 06c3 AA060000 		.4byte	0x6aa
 924 06c7 15       		.uleb128 0x15
 925 06c8 5A040000 		.4byte	0x45a
 926 06cc D7060000 		.4byte	0x6d7
 927 06d0 16       		.uleb128 0x16
 928 06d1 48040000 		.4byte	0x448
 929 06d5 2B       		.byte	0x2b
 930 06d6 00       		.byte	0
 931 06d7 04       		.uleb128 0x4
 932 06d8 96010000 		.4byte	.LASF101
 933 06dc 0B       		.byte	0xb
 934 06dd 34       		.byte	0x34
 935 06de 73060000 		.4byte	0x673
 936 06e2 0A       		.uleb128 0xa
 937 06e3 04       		.byte	0x4
 938 06e4 D7060000 		.4byte	0x6d7
 939 06e8 03       		.uleb128 0x3
 940 06e9 01       		.byte	0x1
 941 06ea 02       		.byte	0x2
 942 06eb 2A040000 		.4byte	.LASF102
 943 06ef 11       		.uleb128 0x11
 944 06f0 1C       		.byte	0x1c
 945 06f1 0C       		.byte	0xc
 946 06f2 C1       		.byte	0xc1
 947 06f3 4C070000 		.4byte	0x74c
 948 06f7 07       		.uleb128 0x7
 949 06f8 FF000000 		.4byte	.LASF103
 950 06fc 0C       		.byte	0xc
 951 06fd C3       		.byte	0xc3
 952 06fe B4000000 		.4byte	0xb4
 953 0702 00       		.byte	0
 954 0703 07       		.uleb128 0x7
 955 0704 FA010000 		.4byte	.LASF104
 956 0708 0C       		.byte	0xc
 957 0709 C5       		.byte	0xc5
 958 070a B4000000 		.4byte	0xb4
 959 070e 04       		.byte	0x4
 960 070f 07       		.uleb128 0x7
 961 0710 F2010000 		.4byte	.LASF105
 962 0714 0C       		.byte	0xc
 963 0715 C7       		.byte	0xc7
 964 0716 B4000000 		.4byte	0xb4
 965 071a 08       		.byte	0x8
 966 071b 07       		.uleb128 0x7
 967 071c 80000000 		.4byte	.LASF106
ARM GAS  /tmp/cc3XigzH.s 			page 18


 968 0720 0C       		.byte	0xc
 969 0721 C9       		.byte	0xc9
 970 0722 B4000000 		.4byte	0xb4
 971 0726 0C       		.byte	0xc
 972 0727 10       		.uleb128 0x10
 973 0728 6F647200 		.ascii	"odr\000"
 974 072c 0C       		.byte	0xc
 975 072d CB       		.byte	0xcb
 976 072e B4000000 		.4byte	0xb4
 977 0732 10       		.byte	0x10
 978 0733 07       		.uleb128 0x7
 979 0734 46040000 		.4byte	.LASF107
 980 0738 0C       		.byte	0xc
 981 0739 CD       		.byte	0xcd
 982 073a B4000000 		.4byte	0xb4
 983 073e 14       		.byte	0x14
 984 073f 07       		.uleb128 0x7
 985 0740 C1030000 		.4byte	.LASF108
 986 0744 0C       		.byte	0xc
 987 0745 CF       		.byte	0xcf
 988 0746 B4000000 		.4byte	0xb4
 989 074a 18       		.byte	0x18
 990 074b 00       		.byte	0
 991 074c 04       		.uleb128 0x4
 992 074d 00000000 		.4byte	.LASF109
 993 0751 0C       		.byte	0xc
 994 0752 D0       		.byte	0xd0
 995 0753 EF060000 		.4byte	0x6ef
 996 0757 11       		.uleb128 0x11
 997 0758 A8       		.byte	0xa8
 998 0759 0C       		.byte	0xc
 999 075a D9       		.byte	0xd9
 1000 075b A8070000 		.4byte	0x7a8
 1001 075f 07       		.uleb128 0x7
 1002 0760 7E040000 		.4byte	.LASF110
 1003 0764 0C       		.byte	0xc
 1004 0765 DC       		.byte	0xdc
 1005 0766 4C070000 		.4byte	0x74c
 1006 076a 00       		.byte	0
 1007 076b 07       		.uleb128 0x7
 1008 076c 9E010000 		.4byte	.LASF111
 1009 0770 0C       		.byte	0xc
 1010 0771 E0       		.byte	0xe0
 1011 0772 4C070000 		.4byte	0x74c
 1012 0776 1C       		.byte	0x1c
 1013 0777 07       		.uleb128 0x7
 1014 0778 D2050000 		.4byte	.LASF112
 1015 077c 0C       		.byte	0xc
 1016 077d E4       		.byte	0xe4
 1017 077e 4C070000 		.4byte	0x74c
 1018 0782 38       		.byte	0x38
 1019 0783 07       		.uleb128 0x7
 1020 0784 C6030000 		.4byte	.LASF113
 1021 0788 0C       		.byte	0xc
 1022 0789 E8       		.byte	0xe8
 1023 078a 4C070000 		.4byte	0x74c
 1024 078e 54       		.byte	0x54
ARM GAS  /tmp/cc3XigzH.s 			page 19


 1025 078f 07       		.uleb128 0x7
 1026 0790 18010000 		.4byte	.LASF114
 1027 0794 0C       		.byte	0xc
 1028 0795 EC       		.byte	0xec
 1029 0796 4C070000 		.4byte	0x74c
 1030 079a 70       		.byte	0x70
 1031 079b 07       		.uleb128 0x7
 1032 079c 62000000 		.4byte	.LASF115
 1033 07a0 0C       		.byte	0xc
 1034 07a1 F8       		.byte	0xf8
 1035 07a2 4C070000 		.4byte	0x74c
 1036 07a6 8C       		.byte	0x8c
 1037 07a7 00       		.byte	0
 1038 07a8 04       		.uleb128 0x4
 1039 07a9 F5050000 		.4byte	.LASF116
 1040 07ad 0C       		.byte	0xc
 1041 07ae FE       		.byte	0xfe
 1042 07af 57070000 		.4byte	0x757
 1043 07b3 17       		.uleb128 0x17
 1044 07b4 09040000 		.4byte	.LASF128
 1045 07b8 13       		.byte	0x13
 1046 07b9 9301     		.2byte	0x193
 1047 07bb 03       		.byte	0x3
 1048 07bc 18       		.uleb128 0x18
 1049 07bd EA010000 		.4byte	.LASF129
 1050 07c1 01       		.byte	0x1
 1051 07c2 38       		.byte	0x38
 1052 07c3 00000000 		.4byte	.LFB260
 1053 07c7 24000000 		.4byte	.LFE260-.LFB260
 1054 07cb 01       		.uleb128 0x1
 1055 07cc 9C       		.byte	0x9c
 1056 07cd 08080000 		.4byte	0x808
 1057 07d1 19       		.uleb128 0x19
 1058 07d2 06000000 		.4byte	.LVL0
 1059 07d6 30080000 		.4byte	0x830
 1060 07da 19       		.uleb128 0x19
 1061 07db 0C000000 		.4byte	.LVL1
 1062 07df 3C080000 		.4byte	0x83c
 1063 07e3 19       		.uleb128 0x19
 1064 07e4 10000000 		.4byte	.LVL2
 1065 07e8 48080000 		.4byte	0x848
 1066 07ec 19       		.uleb128 0x19
 1067 07ed 14000000 		.4byte	.LVL3
 1068 07f1 53080000 		.4byte	0x853
 1069 07f5 19       		.uleb128 0x19
 1070 07f6 18000000 		.4byte	.LVL4
 1071 07fa 5F080000 		.4byte	0x85f
 1072 07fe 1A       		.uleb128 0x1a
 1073 07ff 20000000 		.4byte	.LVL5
 1074 0803 6B080000 		.4byte	0x86b
 1075 0807 00       		.byte	0
 1076 0808 1B       		.uleb128 0x1b
 1077 0809 B0000000 		.4byte	.LASF117
 1078 080d 0D       		.byte	0xd
 1079 080e A706     		.2byte	0x6a7
 1080 0810 CA000000 		.4byte	0xca
 1081 0814 1C       		.uleb128 0x1c
ARM GAS  /tmp/cc3XigzH.s 			page 20


 1082 0815 636800   		.ascii	"ch\000"
 1083 0818 06       		.byte	0x6
 1084 0819 0902     		.2byte	0x209
 1085 081b E1030000 		.4byte	0x3e1
 1086 081f 1B       		.uleb128 0x1b
 1087 0820 07060000 		.4byte	.LASF118
 1088 0824 0C       		.byte	0xc
 1089 0825 DA01     		.2byte	0x1da
 1090 0827 2B080000 		.4byte	0x82b
 1091 082b 14       		.uleb128 0x14
 1092 082c A8070000 		.4byte	0x7a8
 1093 0830 1D       		.uleb128 0x1d
 1094 0831 6C050000 		.4byte	.LASF119
 1095 0835 6C050000 		.4byte	.LASF119
 1096 0839 0E       		.byte	0xe
 1097 083a 1206     		.2byte	0x612
 1098 083c 1D       		.uleb128 0x1d
 1099 083d A8050000 		.4byte	.LASF120
 1100 0841 A8050000 		.4byte	.LASF120
 1101 0845 0C       		.byte	0xc
 1102 0846 DF01     		.2byte	0x1df
 1103 0848 1E       		.uleb128 0x1e
 1104 0849 5C020000 		.4byte	.LASF121
 1105 084d 5C020000 		.4byte	.LASF121
 1106 0851 0F       		.byte	0xf
 1107 0852 F6       		.byte	0xf6
 1108 0853 1D       		.uleb128 0x1d
 1109 0854 EE050000 		.4byte	.LASF122
 1110 0858 EE050000 		.4byte	.LASF122
 1111 085c 10       		.byte	0x10
 1112 085d 2601     		.2byte	0x126
 1113 085f 1D       		.uleb128 0x1d
 1114 0860 6D040000 		.4byte	.LASF123
 1115 0864 6D040000 		.4byte	.LASF123
 1116 0868 11       		.byte	0x11
 1117 0869 1703     		.2byte	0x317
 1118 086b 1E       		.uleb128 0x1e
 1119 086c 20000000 		.4byte	.LASF124
 1120 0870 20000000 		.4byte	.LASF124
 1121 0874 12       		.byte	0x12
 1122 0875 56       		.byte	0x56
 1123 0876 00       		.byte	0
 1124              		.section	.debug_abbrev,"",%progbits
 1125              	.Ldebug_abbrev0:
 1126 0000 01       		.uleb128 0x1
 1127 0001 11       		.uleb128 0x11
 1128 0002 01       		.byte	0x1
 1129 0003 25       		.uleb128 0x25
 1130 0004 0E       		.uleb128 0xe
 1131 0005 13       		.uleb128 0x13
 1132 0006 0B       		.uleb128 0xb
 1133 0007 03       		.uleb128 0x3
 1134 0008 0E       		.uleb128 0xe
 1135 0009 1B       		.uleb128 0x1b
 1136 000a 0E       		.uleb128 0xe
 1137 000b 55       		.uleb128 0x55
 1138 000c 17       		.uleb128 0x17
ARM GAS  /tmp/cc3XigzH.s 			page 21


 1139 000d 11       		.uleb128 0x11
 1140 000e 01       		.uleb128 0x1
 1141 000f 10       		.uleb128 0x10
 1142 0010 17       		.uleb128 0x17
 1143 0011 00       		.byte	0
 1144 0012 00       		.byte	0
 1145 0013 02       		.uleb128 0x2
 1146 0014 24       		.uleb128 0x24
 1147 0015 00       		.byte	0
 1148 0016 0B       		.uleb128 0xb
 1149 0017 0B       		.uleb128 0xb
 1150 0018 3E       		.uleb128 0x3e
 1151 0019 0B       		.uleb128 0xb
 1152 001a 03       		.uleb128 0x3
 1153 001b 08       		.uleb128 0x8
 1154 001c 00       		.byte	0
 1155 001d 00       		.byte	0
 1156 001e 03       		.uleb128 0x3
 1157 001f 24       		.uleb128 0x24
 1158 0020 00       		.byte	0
 1159 0021 0B       		.uleb128 0xb
 1160 0022 0B       		.uleb128 0xb
 1161 0023 3E       		.uleb128 0x3e
 1162 0024 0B       		.uleb128 0xb
 1163 0025 03       		.uleb128 0x3
 1164 0026 0E       		.uleb128 0xe
 1165 0027 00       		.byte	0
 1166 0028 00       		.byte	0
 1167 0029 04       		.uleb128 0x4
 1168 002a 16       		.uleb128 0x16
 1169 002b 00       		.byte	0
 1170 002c 03       		.uleb128 0x3
 1171 002d 0E       		.uleb128 0xe
 1172 002e 3A       		.uleb128 0x3a
 1173 002f 0B       		.uleb128 0xb
 1174 0030 3B       		.uleb128 0x3b
 1175 0031 0B       		.uleb128 0xb
 1176 0032 49       		.uleb128 0x49
 1177 0033 13       		.uleb128 0x13
 1178 0034 00       		.byte	0
 1179 0035 00       		.byte	0
 1180 0036 05       		.uleb128 0x5
 1181 0037 35       		.uleb128 0x35
 1182 0038 00       		.byte	0
 1183 0039 49       		.uleb128 0x49
 1184 003a 13       		.uleb128 0x13
 1185 003b 00       		.byte	0
 1186 003c 00       		.byte	0
 1187 003d 06       		.uleb128 0x6
 1188 003e 13       		.uleb128 0x13
 1189 003f 01       		.byte	0x1
 1190 0040 03       		.uleb128 0x3
 1191 0041 0E       		.uleb128 0xe
 1192 0042 0B       		.uleb128 0xb
 1193 0043 0B       		.uleb128 0xb
 1194 0044 3A       		.uleb128 0x3a
 1195 0045 0B       		.uleb128 0xb
ARM GAS  /tmp/cc3XigzH.s 			page 22


 1196 0046 3B       		.uleb128 0x3b
 1197 0047 0B       		.uleb128 0xb
 1198 0048 01       		.uleb128 0x1
 1199 0049 13       		.uleb128 0x13
 1200 004a 00       		.byte	0
 1201 004b 00       		.byte	0
 1202 004c 07       		.uleb128 0x7
 1203 004d 0D       		.uleb128 0xd
 1204 004e 00       		.byte	0
 1205 004f 03       		.uleb128 0x3
 1206 0050 0E       		.uleb128 0xe
 1207 0051 3A       		.uleb128 0x3a
 1208 0052 0B       		.uleb128 0xb
 1209 0053 3B       		.uleb128 0x3b
 1210 0054 0B       		.uleb128 0xb
 1211 0055 49       		.uleb128 0x49
 1212 0056 13       		.uleb128 0x13
 1213 0057 38       		.uleb128 0x38
 1214 0058 0B       		.uleb128 0xb
 1215 0059 00       		.byte	0
 1216 005a 00       		.byte	0
 1217 005b 08       		.uleb128 0x8
 1218 005c 0D       		.uleb128 0xd
 1219 005d 00       		.byte	0
 1220 005e 03       		.uleb128 0x3
 1221 005f 08       		.uleb128 0x8
 1222 0060 3A       		.uleb128 0x3a
 1223 0061 0B       		.uleb128 0xb
 1224 0062 3B       		.uleb128 0x3b
 1225 0063 05       		.uleb128 0x5
 1226 0064 49       		.uleb128 0x49
 1227 0065 13       		.uleb128 0x13
 1228 0066 38       		.uleb128 0x38
 1229 0067 0B       		.uleb128 0xb
 1230 0068 00       		.byte	0
 1231 0069 00       		.byte	0
 1232 006a 09       		.uleb128 0x9
 1233 006b 0D       		.uleb128 0xd
 1234 006c 00       		.byte	0
 1235 006d 03       		.uleb128 0x3
 1236 006e 0E       		.uleb128 0xe
 1237 006f 3A       		.uleb128 0x3a
 1238 0070 0B       		.uleb128 0xb
 1239 0071 3B       		.uleb128 0x3b
 1240 0072 05       		.uleb128 0x5
 1241 0073 49       		.uleb128 0x49
 1242 0074 13       		.uleb128 0x13
 1243 0075 38       		.uleb128 0x38
 1244 0076 0B       		.uleb128 0xb
 1245 0077 00       		.byte	0
 1246 0078 00       		.byte	0
 1247 0079 0A       		.uleb128 0xa
 1248 007a 0F       		.uleb128 0xf
 1249 007b 00       		.byte	0
 1250 007c 0B       		.uleb128 0xb
 1251 007d 0B       		.uleb128 0xb
 1252 007e 49       		.uleb128 0x49
ARM GAS  /tmp/cc3XigzH.s 			page 23


 1253 007f 13       		.uleb128 0x13
 1254 0080 00       		.byte	0
 1255 0081 00       		.byte	0
 1256 0082 0B       		.uleb128 0xb
 1257 0083 13       		.uleb128 0x13
 1258 0084 01       		.byte	0x1
 1259 0085 03       		.uleb128 0x3
 1260 0086 0E       		.uleb128 0xe
 1261 0087 0B       		.uleb128 0xb
 1262 0088 0B       		.uleb128 0xb
 1263 0089 3A       		.uleb128 0x3a
 1264 008a 0B       		.uleb128 0xb
 1265 008b 3B       		.uleb128 0x3b
 1266 008c 05       		.uleb128 0x5
 1267 008d 01       		.uleb128 0x1
 1268 008e 13       		.uleb128 0x13
 1269 008f 00       		.byte	0
 1270 0090 00       		.byte	0
 1271 0091 0C       		.uleb128 0xc
 1272 0092 15       		.uleb128 0x15
 1273 0093 01       		.byte	0x1
 1274 0094 27       		.uleb128 0x27
 1275 0095 19       		.uleb128 0x19
 1276 0096 01       		.uleb128 0x1
 1277 0097 13       		.uleb128 0x13
 1278 0098 00       		.byte	0
 1279 0099 00       		.byte	0
 1280 009a 0D       		.uleb128 0xd
 1281 009b 05       		.uleb128 0x5
 1282 009c 00       		.byte	0
 1283 009d 49       		.uleb128 0x49
 1284 009e 13       		.uleb128 0x13
 1285 009f 00       		.byte	0
 1286 00a0 00       		.byte	0
 1287 00a1 0E       		.uleb128 0xe
 1288 00a2 0F       		.uleb128 0xf
 1289 00a3 00       		.byte	0
 1290 00a4 0B       		.uleb128 0xb
 1291 00a5 0B       		.uleb128 0xb
 1292 00a6 00       		.byte	0
 1293 00a7 00       		.byte	0
 1294 00a8 0F       		.uleb128 0xf
 1295 00a9 13       		.uleb128 0x13
 1296 00aa 01       		.byte	0x1
 1297 00ab 03       		.uleb128 0x3
 1298 00ac 0E       		.uleb128 0xe
 1299 00ad 0B       		.uleb128 0xb
 1300 00ae 05       		.uleb128 0x5
 1301 00af 3A       		.uleb128 0x3a
 1302 00b0 0B       		.uleb128 0xb
 1303 00b1 3B       		.uleb128 0x3b
 1304 00b2 05       		.uleb128 0x5
 1305 00b3 01       		.uleb128 0x1
 1306 00b4 13       		.uleb128 0x13
 1307 00b5 00       		.byte	0
 1308 00b6 00       		.byte	0
 1309 00b7 10       		.uleb128 0x10
ARM GAS  /tmp/cc3XigzH.s 			page 24


 1310 00b8 0D       		.uleb128 0xd
 1311 00b9 00       		.byte	0
 1312 00ba 03       		.uleb128 0x3
 1313 00bb 08       		.uleb128 0x8
 1314 00bc 3A       		.uleb128 0x3a
 1315 00bd 0B       		.uleb128 0xb
 1316 00be 3B       		.uleb128 0x3b
 1317 00bf 0B       		.uleb128 0xb
 1318 00c0 49       		.uleb128 0x49
 1319 00c1 13       		.uleb128 0x13
 1320 00c2 38       		.uleb128 0x38
 1321 00c3 0B       		.uleb128 0xb
 1322 00c4 00       		.byte	0
 1323 00c5 00       		.byte	0
 1324 00c6 11       		.uleb128 0x11
 1325 00c7 13       		.uleb128 0x13
 1326 00c8 01       		.byte	0x1
 1327 00c9 0B       		.uleb128 0xb
 1328 00ca 0B       		.uleb128 0xb
 1329 00cb 3A       		.uleb128 0x3a
 1330 00cc 0B       		.uleb128 0xb
 1331 00cd 3B       		.uleb128 0x3b
 1332 00ce 0B       		.uleb128 0xb
 1333 00cf 01       		.uleb128 0x1
 1334 00d0 13       		.uleb128 0x13
 1335 00d1 00       		.byte	0
 1336 00d2 00       		.byte	0
 1337 00d3 12       		.uleb128 0x12
 1338 00d4 17       		.uleb128 0x17
 1339 00d5 01       		.byte	0x1
 1340 00d6 0B       		.uleb128 0xb
 1341 00d7 0B       		.uleb128 0xb
 1342 00d8 3A       		.uleb128 0x3a
 1343 00d9 0B       		.uleb128 0xb
 1344 00da 3B       		.uleb128 0x3b
 1345 00db 0B       		.uleb128 0xb
 1346 00dc 01       		.uleb128 0x1
 1347 00dd 13       		.uleb128 0x13
 1348 00de 00       		.byte	0
 1349 00df 00       		.byte	0
 1350 00e0 13       		.uleb128 0x13
 1351 00e1 0D       		.uleb128 0xd
 1352 00e2 00       		.byte	0
 1353 00e3 03       		.uleb128 0x3
 1354 00e4 0E       		.uleb128 0xe
 1355 00e5 3A       		.uleb128 0x3a
 1356 00e6 0B       		.uleb128 0xb
 1357 00e7 3B       		.uleb128 0x3b
 1358 00e8 05       		.uleb128 0x5
 1359 00e9 49       		.uleb128 0x49
 1360 00ea 13       		.uleb128 0x13
 1361 00eb 00       		.byte	0
 1362 00ec 00       		.byte	0
 1363 00ed 14       		.uleb128 0x14
 1364 00ee 26       		.uleb128 0x26
 1365 00ef 00       		.byte	0
 1366 00f0 49       		.uleb128 0x49
ARM GAS  /tmp/cc3XigzH.s 			page 25


 1367 00f1 13       		.uleb128 0x13
 1368 00f2 00       		.byte	0
 1369 00f3 00       		.byte	0
 1370 00f4 15       		.uleb128 0x15
 1371 00f5 01       		.uleb128 0x1
 1372 00f6 01       		.byte	0x1
 1373 00f7 49       		.uleb128 0x49
 1374 00f8 13       		.uleb128 0x13
 1375 00f9 01       		.uleb128 0x1
 1376 00fa 13       		.uleb128 0x13
 1377 00fb 00       		.byte	0
 1378 00fc 00       		.byte	0
 1379 00fd 16       		.uleb128 0x16
 1380 00fe 21       		.uleb128 0x21
 1381 00ff 00       		.byte	0
 1382 0100 49       		.uleb128 0x49
 1383 0101 13       		.uleb128 0x13
 1384 0102 2F       		.uleb128 0x2f
 1385 0103 0B       		.uleb128 0xb
 1386 0104 00       		.byte	0
 1387 0105 00       		.byte	0
 1388 0106 17       		.uleb128 0x17
 1389 0107 2E       		.uleb128 0x2e
 1390 0108 00       		.byte	0
 1391 0109 03       		.uleb128 0x3
 1392 010a 0E       		.uleb128 0xe
 1393 010b 3A       		.uleb128 0x3a
 1394 010c 0B       		.uleb128 0xb
 1395 010d 3B       		.uleb128 0x3b
 1396 010e 05       		.uleb128 0x5
 1397 010f 27       		.uleb128 0x27
 1398 0110 19       		.uleb128 0x19
 1399 0111 20       		.uleb128 0x20
 1400 0112 0B       		.uleb128 0xb
 1401 0113 00       		.byte	0
 1402 0114 00       		.byte	0
 1403 0115 18       		.uleb128 0x18
 1404 0116 2E       		.uleb128 0x2e
 1405 0117 01       		.byte	0x1
 1406 0118 3F       		.uleb128 0x3f
 1407 0119 19       		.uleb128 0x19
 1408 011a 03       		.uleb128 0x3
 1409 011b 0E       		.uleb128 0xe
 1410 011c 3A       		.uleb128 0x3a
 1411 011d 0B       		.uleb128 0xb
 1412 011e 3B       		.uleb128 0x3b
 1413 011f 0B       		.uleb128 0xb
 1414 0120 27       		.uleb128 0x27
 1415 0121 19       		.uleb128 0x19
 1416 0122 11       		.uleb128 0x11
 1417 0123 01       		.uleb128 0x1
 1418 0124 12       		.uleb128 0x12
 1419 0125 06       		.uleb128 0x6
 1420 0126 40       		.uleb128 0x40
 1421 0127 18       		.uleb128 0x18
 1422 0128 9742     		.uleb128 0x2117
 1423 012a 19       		.uleb128 0x19
ARM GAS  /tmp/cc3XigzH.s 			page 26


 1424 012b 01       		.uleb128 0x1
 1425 012c 13       		.uleb128 0x13
 1426 012d 00       		.byte	0
 1427 012e 00       		.byte	0
 1428 012f 19       		.uleb128 0x19
 1429 0130 898201   		.uleb128 0x4109
 1430 0133 00       		.byte	0
 1431 0134 11       		.uleb128 0x11
 1432 0135 01       		.uleb128 0x1
 1433 0136 31       		.uleb128 0x31
 1434 0137 13       		.uleb128 0x13
 1435 0138 00       		.byte	0
 1436 0139 00       		.byte	0
 1437 013a 1A       		.uleb128 0x1a
 1438 013b 898201   		.uleb128 0x4109
 1439 013e 00       		.byte	0
 1440 013f 11       		.uleb128 0x11
 1441 0140 01       		.uleb128 0x1
 1442 0141 9542     		.uleb128 0x2115
 1443 0143 19       		.uleb128 0x19
 1444 0144 31       		.uleb128 0x31
 1445 0145 13       		.uleb128 0x13
 1446 0146 00       		.byte	0
 1447 0147 00       		.byte	0
 1448 0148 1B       		.uleb128 0x1b
 1449 0149 34       		.uleb128 0x34
 1450 014a 00       		.byte	0
 1451 014b 03       		.uleb128 0x3
 1452 014c 0E       		.uleb128 0xe
 1453 014d 3A       		.uleb128 0x3a
 1454 014e 0B       		.uleb128 0xb
 1455 014f 3B       		.uleb128 0x3b
 1456 0150 05       		.uleb128 0x5
 1457 0151 49       		.uleb128 0x49
 1458 0152 13       		.uleb128 0x13
 1459 0153 3F       		.uleb128 0x3f
 1460 0154 19       		.uleb128 0x19
 1461 0155 3C       		.uleb128 0x3c
 1462 0156 19       		.uleb128 0x19
 1463 0157 00       		.byte	0
 1464 0158 00       		.byte	0
 1465 0159 1C       		.uleb128 0x1c
 1466 015a 34       		.uleb128 0x34
 1467 015b 00       		.byte	0
 1468 015c 03       		.uleb128 0x3
 1469 015d 08       		.uleb128 0x8
 1470 015e 3A       		.uleb128 0x3a
 1471 015f 0B       		.uleb128 0xb
 1472 0160 3B       		.uleb128 0x3b
 1473 0161 05       		.uleb128 0x5
 1474 0162 49       		.uleb128 0x49
 1475 0163 13       		.uleb128 0x13
 1476 0164 3F       		.uleb128 0x3f
 1477 0165 19       		.uleb128 0x19
 1478 0166 3C       		.uleb128 0x3c
 1479 0167 19       		.uleb128 0x19
 1480 0168 00       		.byte	0
ARM GAS  /tmp/cc3XigzH.s 			page 27


 1481 0169 00       		.byte	0
 1482 016a 1D       		.uleb128 0x1d
 1483 016b 2E       		.uleb128 0x2e
 1484 016c 00       		.byte	0
 1485 016d 3F       		.uleb128 0x3f
 1486 016e 19       		.uleb128 0x19
 1487 016f 3C       		.uleb128 0x3c
 1488 0170 19       		.uleb128 0x19
 1489 0171 6E       		.uleb128 0x6e
 1490 0172 0E       		.uleb128 0xe
 1491 0173 03       		.uleb128 0x3
 1492 0174 0E       		.uleb128 0xe
 1493 0175 3A       		.uleb128 0x3a
 1494 0176 0B       		.uleb128 0xb
 1495 0177 3B       		.uleb128 0x3b
 1496 0178 05       		.uleb128 0x5
 1497 0179 00       		.byte	0
 1498 017a 00       		.byte	0
 1499 017b 1E       		.uleb128 0x1e
 1500 017c 2E       		.uleb128 0x2e
 1501 017d 00       		.byte	0
 1502 017e 3F       		.uleb128 0x3f
 1503 017f 19       		.uleb128 0x19
 1504 0180 3C       		.uleb128 0x3c
 1505 0181 19       		.uleb128 0x19
 1506 0182 6E       		.uleb128 0x6e
 1507 0183 0E       		.uleb128 0xe
 1508 0184 03       		.uleb128 0x3
 1509 0185 0E       		.uleb128 0xe
 1510 0186 3A       		.uleb128 0x3a
 1511 0187 0B       		.uleb128 0xb
 1512 0188 3B       		.uleb128 0x3b
 1513 0189 0B       		.uleb128 0xb
 1514 018a 00       		.byte	0
 1515 018b 00       		.byte	0
 1516 018c 00       		.byte	0
 1517              		.section	.debug_aranges,"",%progbits
 1518 0000 1C000000 		.4byte	0x1c
 1519 0004 0200     		.2byte	0x2
 1520 0006 00000000 		.4byte	.Ldebug_info0
 1521 000a 04       		.byte	0x4
 1522 000b 00       		.byte	0
 1523 000c 0000     		.2byte	0
 1524 000e 0000     		.2byte	0
 1525 0010 00000000 		.4byte	.LFB260
 1526 0014 24000000 		.4byte	.LFE260-.LFB260
 1527 0018 00000000 		.4byte	0
 1528 001c 00000000 		.4byte	0
 1529              		.section	.debug_ranges,"",%progbits
 1530              	.Ldebug_ranges0:
 1531 0000 00000000 		.4byte	.LFB260
 1532 0004 24000000 		.4byte	.LFE260
 1533 0008 00000000 		.4byte	0
 1534 000c 00000000 		.4byte	0
 1535              		.section	.debug_line,"",%progbits
 1536              	.Ldebug_line0:
 1537 0000 78020000 		.section	.debug_str,"MS",%progbits,1
ARM GAS  /tmp/cc3XigzH.s 			page 28


 1537      02005602 
 1537      00000201 
 1537      FB0E0D00 
 1537      01010101 
 1538              	.LASF109:
 1539 0000 73746D33 		.ascii	"stm32_gpio_setup_t\000"
 1539      325F6770 
 1539      696F5F73 
 1539      65747570 
 1539      5F7400
 1540              	.LASF51:
 1541 0013 72656164 		.ascii	"ready_list_t\000"
 1541      795F6C69 
 1541      73745F74 
 1541      00
 1542              	.LASF124:
 1543 0020 7374496E 		.ascii	"stInit\000"
 1543      697400
 1544              	.LASF89:
 1545 0027 77747472 		.ascii	"wttrp\000"
 1545      7000
 1546              	.LASF86:
 1547 002d 7264796D 		.ascii	"rdymsg\000"
 1547      736700
 1548              	.LASF17:
 1549 0034 75696E74 		.ascii	"uint64_t\000"
 1549      36345F74 
 1549      00
 1550              	.LASF7:
 1551 003d 5F5F7569 		.ascii	"__uint8_t\000"
 1551      6E74385F 
 1551      7400
 1552              	.LASF83:
 1553 0047 706F7274 		.ascii	"port_intctx\000"
 1553      5F696E74 
 1553      63747800 
 1554              	.LASF70:
 1555 0053 73797374 		.ascii	"system_debug_t\000"
 1555      656D5F64 
 1555      65627567 
 1555      5F7400
 1556              	.LASF115:
 1557 0062 50484461 		.ascii	"PHData\000"
 1557      746100
 1558              	.LASF13:
 1559 0069 6C6F6E67 		.ascii	"long long unsigned int\000"
 1559      206C6F6E 
 1559      6720756E 
 1559      7369676E 
 1559      65642069 
 1560              	.LASF106:
 1561 0080 70757064 		.ascii	"pupdr\000"
 1561      7200
 1562              	.LASF87:
 1563 0086 65786974 		.ascii	"exitcode\000"
 1563      636F6465 
 1563      00
ARM GAS  /tmp/cc3XigzH.s 			page 29


 1564              	.LASF77:
 1565 008f 6D61696E 		.ascii	"mainthread\000"
 1565      74687265 
 1565      616400
 1566              	.LASF67:
 1567 009a 76697274 		.ascii	"virtual_timers_list_t\000"
 1567      75616C5F 
 1567      74696D65 
 1567      72735F6C 
 1567      6973745F 
 1568              	.LASF117:
 1569 00b0 49544D5F 		.ascii	"ITM_RxBuffer\000"
 1569      52784275 
 1569      66666572 
 1569      00
 1570              	.LASF50:
 1571 00bd 63685F74 		.ascii	"ch_threads_queue\000"
 1571      68726561 
 1571      64735F71 
 1571      75657565 
 1571      00
 1572              	.LASF30:
 1573 00ce 705F7072 		.ascii	"p_prio\000"
 1573      696F00
 1574              	.LASF1:
 1575 00d5 6C6F6E67 		.ascii	"long long int\000"
 1575      206C6F6E 
 1575      6720696E 
 1575      7400
 1576              	.LASF3:
 1577 00e3 7369676E 		.ascii	"signed char\000"
 1577      65642063 
 1577      68617200 
 1578              	.LASF44:
 1579 00ef 705F6D70 		.ascii	"p_mpool\000"
 1579      6F6F6C00 
 1580              	.LASF97:
 1581 00f7 6D5F7175 		.ascii	"m_queue\000"
 1581      65756500 
 1582              	.LASF103:
 1583 00ff 6D6F6465 		.ascii	"moder\000"
 1583      7200
 1584              	.LASF74:
 1585 0105 63685F73 		.ascii	"ch_system\000"
 1585      79737465 
 1585      6D00
 1586              	.LASF9:
 1587 010f 6C6F6E67 		.ascii	"long int\000"
 1587      20696E74 
 1587      00
 1588              	.LASF114:
 1589 0118 50454461 		.ascii	"PEData\000"
 1589      746100
 1590              	.LASF20:
 1591 011f 74737461 		.ascii	"tstate_t\000"
 1591      74655F74 
 1591      00
ARM GAS  /tmp/cc3XigzH.s 			page 30


 1592              	.LASF32:
 1593 0128 705F6E65 		.ascii	"p_newer\000"
 1593      77657200 
 1594              	.LASF94:
 1595 0130 735F7175 		.ascii	"s_queue\000"
 1595      65756500 
 1596              	.LASF56:
 1597 0138 725F6E65 		.ascii	"r_newer\000"
 1597      77657200 
 1598              	.LASF80:
 1599 0140 72656761 		.ascii	"regarm_t\000"
 1599      726D5F74 
 1599      00
 1600              	.LASF63:
 1601 0149 76745F70 		.ascii	"vt_prev\000"
 1601      72657600 
 1602              	.LASF76:
 1603 0151 76746C69 		.ascii	"vtlist\000"
 1603      737400
 1604              	.LASF127:
 1605 0158 2F686F6D 		.ascii	"/home/sssilvar/Documents/embebidos/ChibiOS/iflab/pr"
 1605      652F7373 
 1605      73696C76 
 1605      61722F44 
 1605      6F63756D 
 1606 018b 6F6A6563 		.ascii	"ojects/ADC\000"
 1606      74732F41 
 1606      444300
 1607              	.LASF101:
 1608 0196 6D757465 		.ascii	"mutex_t\000"
 1608      785F7400 
 1609              	.LASF111:
 1610 019e 50424461 		.ascii	"PBData\000"
 1610      746100
 1611              	.LASF78:
 1612 01a5 69646C65 		.ascii	"idle_thread_wa\000"
 1612      5F746872 
 1612      6561645F 
 1612      776100
 1613              	.LASF25:
 1614 01b4 636E745F 		.ascii	"cnt_t\000"
 1614      7400
 1615              	.LASF0:
 1616 01ba 756E7369 		.ascii	"unsigned int\000"
 1616      676E6564 
 1616      20696E74 
 1616      00
 1617              	.LASF62:
 1618 01c7 76745F6E 		.ascii	"vt_next\000"
 1618      65787400 
 1619              	.LASF90:
 1620 01cf 77747365 		.ascii	"wtsemp\000"
 1620      6D7000
 1621              	.LASF64:
 1622 01d6 76745F64 		.ascii	"vt_delta\000"
 1622      656C7461 
 1622      00
ARM GAS  /tmp/cc3XigzH.s 			page 31


 1623              	.LASF39:
 1624 01df 705F6D73 		.ascii	"p_msgqueue\000"
 1624      67717565 
 1624      756500
 1625              	.LASF129:
 1626 01ea 68616C49 		.ascii	"halInit\000"
 1626      6E697400 
 1627              	.LASF105:
 1628 01f2 6F737065 		.ascii	"ospeedr\000"
 1628      65647200 
 1629              	.LASF104:
 1630 01fa 6F747970 		.ascii	"otyper\000"
 1630      657200
 1631              	.LASF6:
 1632 0201 73686F72 		.ascii	"short unsigned int\000"
 1632      7420756E 
 1632      7369676E 
 1632      65642069 
 1632      6E7400
 1633              	.LASF47:
 1634 0214 63685F74 		.ascii	"ch_thread\000"
 1634      68726561 
 1634      6400
 1635              	.LASF23:
 1636 021e 6D73675F 		.ascii	"msg_t\000"
 1636      7400
 1637              	.LASF73:
 1638 0224 63685F73 		.ascii	"ch_system_t\000"
 1638      79737465 
 1638      6D5F7400 
 1639              	.LASF19:
 1640 0230 746D6F64 		.ascii	"tmode_t\000"
 1640      655F7400 
 1641              	.LASF52:
 1642 0238 63685F72 		.ascii	"ch_ready_list\000"
 1642      65616479 
 1642      5F6C6973 
 1642      7400
 1643              	.LASF24:
 1644 0246 6576656E 		.ascii	"eventmask_t\000"
 1644      746D6173 
 1644      6B5F7400 
 1645              	.LASF8:
 1646 0252 5F5F696E 		.ascii	"__int32_t\000"
 1646      7433325F 
 1646      7400
 1647              	.LASF121:
 1648 025c 61646349 		.ascii	"adcInit\000"
 1648      6E697400 
 1649              	.LASF81:
 1650 0264 73746B61 		.ascii	"stkalign_t\000"
 1650      6C69676E 
 1650      5F7400
 1651              	.LASF125:
 1652 026f 474E5520 		.ascii	"GNU C11 5.2.0 -mcpu=cortex-m4 -mfloat-abi=hard -mfp"
 1652      43313120 
 1652      352E322E 
ARM GAS  /tmp/cc3XigzH.s 			page 32


 1652      30202D6D 
 1652      6370753D 
 1653 02a2 753D6670 		.ascii	"u=fpv4-sp-d16 -mno-thumb-interwork -mthumb -ggdb -O"
 1653      76342D73 
 1653      702D6431 
 1653      36202D6D 
 1653      6E6F2D74 
 1654 02d5 32202D66 		.ascii	"2 -fomit-frame-pointer -falign-functions=16 -ffunct"
 1654      6F6D6974 
 1654      2D667261 
 1654      6D652D70 
 1654      6F696E74 
 1655 0308 696F6E2D 		.ascii	"ion-sections -fdata-sections -fno-common -fsingle-p"
 1655      73656374 
 1655      696F6E73 
 1655      202D6664 
 1655      6174612D 
 1656 033b 72656369 		.ascii	"recision-constant\000"
 1656      73696F6E 
 1656      2D636F6E 
 1656      7374616E 
 1656      7400
 1657              	.LASF38:
 1658 034d 705F7761 		.ascii	"p_waiting\000"
 1658      6974696E 
 1658      6700
 1659              	.LASF79:
 1660 0357 73697A65 		.ascii	"sizetype\000"
 1660      74797065 
 1660      00
 1661              	.LASF45:
 1662 0360 74687265 		.ascii	"thread_reference_t\000"
 1662      61645F72 
 1662      65666572 
 1662      656E6365 
 1662      5F7400
 1663              	.LASF68:
 1664 0373 63685F76 		.ascii	"ch_virtual_timers_list\000"
 1664      69727475 
 1664      616C5F74 
 1664      696D6572 
 1664      735F6C69 
 1665              	.LASF2:
 1666 038a 6C6F6E67 		.ascii	"long double\000"
 1666      20646F75 
 1666      626C6500 
 1667              	.LASF69:
 1668 0396 76745F6C 		.ascii	"vt_lasttime\000"
 1668      61737474 
 1668      696D6500 
 1669              	.LASF33:
 1670 03a2 705F6F6C 		.ascii	"p_older\000"
 1670      64657200 
 1671              	.LASF55:
 1672 03aa 725F6374 		.ascii	"r_ctx\000"
 1672      7800
 1673              	.LASF85:
ARM GAS  /tmp/cc3XigzH.s 			page 33


 1674 03b0 746D5F63 		.ascii	"tm_calibration_t\000"
 1674      616C6962 
 1674      72617469 
 1674      6F6E5F74 
 1674      00
 1675              	.LASF108:
 1676 03c1 61667268 		.ascii	"afrh\000"
 1676      00
 1677              	.LASF113:
 1678 03c6 50444461 		.ascii	"PDData\000"
 1678      746100
 1679              	.LASF58:
 1680 03cd 725F6375 		.ascii	"r_current\000"
 1680      7272656E 
 1680      7400
 1681              	.LASF57:
 1682 03d7 725F6F6C 		.ascii	"r_older\000"
 1682      64657200 
 1683              	.LASF12:
 1684 03df 5F5F7569 		.ascii	"__uint64_t\000"
 1684      6E743634 
 1684      5F7400
 1685              	.LASF21:
 1686 03ea 74726566 		.ascii	"trefs_t\000"
 1686      735F7400 
 1687              	.LASF60:
 1688 03f2 76697274 		.ascii	"virtual_timer_t\000"
 1688      75616C5F 
 1688      74696D65 
 1688      725F7400 
 1689              	.LASF29:
 1690 0402 705F7072 		.ascii	"p_prev\000"
 1690      657600
 1691              	.LASF128:
 1692 0409 6F73616C 		.ascii	"osalInit\000"
 1692      496E6974 
 1692      00
 1693              	.LASF22:
 1694 0412 74707269 		.ascii	"tprio_t\000"
 1694      6F5F7400 
 1695              	.LASF71:
 1696 041a 63685F73 		.ascii	"ch_system_debug\000"
 1696      79737465 
 1696      6D5F6465 
 1696      62756700 
 1697              	.LASF102:
 1698 042a 5F426F6F 		.ascii	"_Bool\000"
 1698      6C00
 1699              	.LASF15:
 1700 0430 696E7433 		.ascii	"int32_t\000"
 1700      325F7400 
 1701              	.LASF4:
 1702 0438 756E7369 		.ascii	"unsigned char\000"
 1702      676E6564 
 1702      20636861 
 1702      7200
 1703              	.LASF107:
ARM GAS  /tmp/cc3XigzH.s 			page 34


 1704 0446 6166726C 		.ascii	"afrl\000"
 1704      00
 1705              	.LASF95:
 1706 044b 735F636E 		.ascii	"s_cnt\000"
 1706      7400
 1707              	.LASF42:
 1708 0451 705F6D74 		.ascii	"p_mtxlist\000"
 1708      786C6973 
 1708      7400
 1709              	.LASF5:
 1710 045b 73686F72 		.ascii	"short int\000"
 1710      7420696E 
 1710      7400
 1711              	.LASF35:
 1712 0465 705F7374 		.ascii	"p_state\000"
 1712      61746500 
 1713              	.LASF123:
 1714 046d 626F6172 		.ascii	"boardInit\000"
 1714      64496E69 
 1714      7400
 1715              	.LASF54:
 1716 0477 725F7072 		.ascii	"r_prio\000"
 1716      696F00
 1717              	.LASF110:
 1718 047e 50414461 		.ascii	"PAData\000"
 1718      746100
 1719              	.LASF92:
 1720 0485 65776D61 		.ascii	"ewmask\000"
 1720      736B00
 1721              	.LASF28:
 1722 048c 705F6E65 		.ascii	"p_next\000"
 1722      787400
 1723              	.LASF36:
 1724 0493 705F666C 		.ascii	"p_flags\000"
 1724      61677300 
 1725              	.LASF61:
 1726 049b 63685F76 		.ascii	"ch_virtual_timer\000"
 1726      69727475 
 1726      616C5F74 
 1726      696D6572 
 1726      00
 1727              	.LASF93:
 1728 04ac 63685F73 		.ascii	"ch_semaphore\000"
 1728      656D6170 
 1728      686F7265 
 1728      00
 1729              	.LASF41:
 1730 04b9 705F6570 		.ascii	"p_epending\000"
 1730      656E6469 
 1730      6E6700
 1731              	.LASF126:
 1732 04c4 2E2E2F2E 		.ascii	"../../os/hal/src/hal.c\000"
 1732      2E2F6F73 
 1732      2F68616C 
 1732      2F737263 
 1732      2F68616C 
 1733              	.LASF16:
ARM GAS  /tmp/cc3XigzH.s 			page 35


 1734 04db 75696E74 		.ascii	"uint32_t\000"
 1734      33325F74 
 1734      00
 1735              	.LASF91:
 1736 04e4 77746D74 		.ascii	"wtmtxp\000"
 1736      787000
 1737              	.LASF53:
 1738 04eb 725F7175 		.ascii	"r_queue\000"
 1738      65756500 
 1739              	.LASF48:
 1740 04f3 63685F74 		.ascii	"ch_threads_list\000"
 1740      68726561 
 1740      64735F6C 
 1740      69737400 
 1741              	.LASF11:
 1742 0503 6C6F6E67 		.ascii	"long unsigned int\000"
 1742      20756E73 
 1742      69676E65 
 1742      6420696E 
 1742      7400
 1743              	.LASF100:
 1744 0515 63686172 		.ascii	"char\000"
 1744      00
 1745              	.LASF27:
 1746 051a 74687265 		.ascii	"thread_t\000"
 1746      61645F74 
 1746      00
 1747              	.LASF99:
 1748 0523 6D5F6E65 		.ascii	"m_next\000"
 1748      787400
 1749              	.LASF26:
 1750 052a 73797374 		.ascii	"systime_t\000"
 1750      696D655F 
 1750      7400
 1751              	.LASF43:
 1752 0534 705F7265 		.ascii	"p_realprio\000"
 1752      616C7072 
 1752      696F00
 1753              	.LASF59:
 1754 053f 76746675 		.ascii	"vtfunc_t\000"
 1754      6E635F74 
 1754      00
 1755              	.LASF10:
 1756 0548 5F5F7569 		.ascii	"__uint32_t\000"
 1756      6E743332 
 1756      5F7400
 1757              	.LASF72:
 1758 0553 70616E69 		.ascii	"panic_msg\000"
 1758      635F6D73 
 1758      6700
 1759              	.LASF84:
 1760 055d 6F666673 		.ascii	"offset\000"
 1760      657400
 1761              	.LASF82:
 1762 0564 636F6E74 		.ascii	"context\000"
 1762      65787400 
 1763              	.LASF119:
ARM GAS  /tmp/cc3XigzH.s 			page 36


 1764 056c 68616C5F 		.ascii	"hal_lld_init\000"
 1764      6C6C645F 
 1764      696E6974 
 1764      00
 1765              	.LASF18:
 1766 0579 7274636E 		.ascii	"rtcnt_t\000"
 1766      745F7400 
 1767              	.LASF66:
 1768 0581 76745F70 		.ascii	"vt_par\000"
 1768      617200
 1769              	.LASF49:
 1770 0588 74687265 		.ascii	"threads_queue_t\000"
 1770      6164735F 
 1770      71756575 
 1770      655F7400 
 1771              	.LASF96:
 1772 0598 63685F6D 		.ascii	"ch_mutex\000"
 1772      75746578 
 1772      00
 1773              	.LASF37:
 1774 05a1 705F7265 		.ascii	"p_refs\000"
 1774      667300
 1775              	.LASF120:
 1776 05a8 5F70616C 		.ascii	"_pal_lld_init\000"
 1776      5F6C6C64 
 1776      5F696E69 
 1776      7400
 1777              	.LASF75:
 1778 05b6 726C6973 		.ascii	"rlist\000"
 1778      7400
 1779              	.LASF14:
 1780 05bc 75696E74 		.ascii	"uint8_t\000"
 1780      385F7400 
 1781              	.LASF88:
 1782 05c4 77746F62 		.ascii	"wtobjp\000"
 1782      6A7000
 1783              	.LASF34:
 1784 05cb 705F6E61 		.ascii	"p_name\000"
 1784      6D6500
 1785              	.LASF112:
 1786 05d2 50434461 		.ascii	"PCData\000"
 1786      746100
 1787              	.LASF46:
 1788 05d9 74687265 		.ascii	"threads_list_t\000"
 1788      6164735F 
 1788      6C697374 
 1788      5F7400
 1789              	.LASF40:
 1790 05e8 705F6D73 		.ascii	"p_msg\000"
 1790      6700
 1791              	.LASF122:
 1792 05ee 7364496E 		.ascii	"sdInit\000"
 1792      697400
 1793              	.LASF116:
 1794 05f5 50414C43 		.ascii	"PALConfig\000"
 1794      6F6E6669 
 1794      6700
ARM GAS  /tmp/cc3XigzH.s 			page 37


 1795              	.LASF98:
 1796 05ff 6D5F6F77 		.ascii	"m_owner\000"
 1796      6E657200 
 1797              	.LASF118:
 1798 0607 70616C5F 		.ascii	"pal_default_config\000"
 1798      64656661 
 1798      756C745F 
 1798      636F6E66 
 1798      696700
 1799              	.LASF31:
 1800 061a 705F6374 		.ascii	"p_ctx\000"
 1800      7800
 1801              	.LASF65:
 1802 0620 76745F66 		.ascii	"vt_func\000"
 1802      756E6300 
 1803              		.ident	"GCC: (Fedora 5.2.0-2.fc22) 5.2.0"
ARM GAS  /tmp/cc3XigzH.s 			page 38


DEFINED SYMBOLS
                            *ABS*:0000000000000000 hal.c
     /tmp/cc3XigzH.s:22     .text.halInit:0000000000000000 $t
     /tmp/cc3XigzH.s:28     .text.halInit:0000000000000000 halInit
     /tmp/cc3XigzH.s:66     .text.halInit:0000000000000020 $d
                     .debug_frame:0000000000000010 $d
     /tmp/cc3XigzH.s:70     .text.halInit:0000000000000024 $t

UNDEFINED SYMBOLS
hal_lld_init
_pal_lld_init
adcInit
sdInit
boardInit
stInit
pal_default_config
