ARM GAS  /tmp/cc4Ig2H4.s 			page 1


   1              		.syntax unified
   2              		.cpu cortex-m4
   3              		.eabi_attribute 27, 1
   4              		.eabi_attribute 28, 1
   5              		.fpu fpv4-sp-d16
   6              		.eabi_attribute 20, 1
   7              		.eabi_attribute 21, 1
   8              		.eabi_attribute 23, 3
   9              		.eabi_attribute 24, 1
  10              		.eabi_attribute 25, 1
  11              		.eabi_attribute 26, 1
  12              		.eabi_attribute 30, 2
  13              		.eabi_attribute 34, 1
  14              		.eabi_attribute 18, 4
  15              		.thumb
  16              		.syntax unified
  17              		.file	"hal.c"
  18              		.text
  19              	.Ltext0:
  20              		.cfi_sections	.debug_frame
  21              		.section	.text.halInit,"ax",%progbits
  22              		.align	2
  23              		.p2align 4,,15
  24              		.global	halInit
  25              		.thumb
  26              		.thumb_func
  27              		.type	halInit, %function
  28              	halInit:
  29              	.LFB260:
  30              		.file 1 "../../os/hal/src/hal.c"
  31              		.loc 1 56 0
  32              		.cfi_startproc
  33              		@ args = 0, pretend = 0, frame = 0
  34              		@ frame_needed = 0, uses_anonymous_args = 0
  35 0000 08B5     		push	{r3, lr}
  36              		.cfi_def_cfa_offset 8
  37              		.cfi_offset 3, -8
  38              		.cfi_offset 14, -4
  39              		.loc 1 62 0
  40 0002 FFF7FEFF 		bl	hal_lld_init
  41              	.LVL0:
  42              		.loc 1 65 0
  43 0006 0748     		ldr	r0, .L3
  44 0008 FFF7FEFF 		bl	_pal_lld_init
  45              	.LVL1:
  46              		.loc 1 68 0
  47 000c FFF7FEFF 		bl	adcInit
  48              	.LVL2:
  49              		.loc 1 98 0
  50 0010 FFF7FEFF 		bl	sdInit
  51              	.LVL3:
  52              		.loc 1 107 0
  53 0014 FFF7FEFF 		bl	uartInit
  54              	.LVL4:
  55              		.loc 1 130 0
  56 0018 FFF7FEFF 		bl	boardInit
  57              	.LVL5:
ARM GAS  /tmp/cc4Ig2H4.s 			page 2


  58              		.loc 1 139 0
  59 001c BDE80840 		pop	{r3, lr}
  60              		.cfi_restore 14
  61              		.cfi_restore 3
  62              		.cfi_def_cfa_offset 0
  63              		.loc 1 137 0
  64 0020 FFF7FEBF 		b	stInit
  65              	.LVL6:
  66              	.L4:
  67              		.align	2
  68              	.L3:
  69 0024 00000000 		.word	pal_default_config
  70              		.cfi_endproc
  71              	.LFE260:
  72              		.size	halInit, .-halInit
  73 0028 AFF30080 		.text
  73      AFF30080 
  74              	.Letext0:
  75              		.file 2 "/usr/arm-none-eabi/include/machine/_default_types.h"
  76              		.file 3 "/usr/arm-none-eabi/include/stdint.h"
  77              		.file 4 "../../os/rt/ports/ARMCMx/compilers/GCC/chtypes.h"
  78              		.file 5 "../../os/rt/include/chsystypes.h"
  79              		.file 6 "../../os/rt/include/chschd.h"
  80              		.file 7 "../../os/rt/ports/ARMCMx/chcore.h"
  81              		.file 8 "../../os/rt/ports/ARMCMx/chcore_v7m.h"
  82              		.file 9 "../../os/rt/include/chtm.h"
  83              		.file 10 "../../os/rt/include/chsem.h"
  84              		.file 11 "../../os/rt/include/chmtx.h"
  85              		.file 12 "../../os/hal/ports/STM32/LLD/GPIOv2/pal_lld.h"
  86              		.file 13 "../../os/ext/CMSIS/include/core_cm4.h"
  87              		.file 14 "../../os/hal/ports/STM32/STM32F4xx/hal_lld.h"
  88              		.file 15 "../../os/hal/include/adc.h"
  89              		.file 16 "../../os/hal/include/serial.h"
  90              		.file 17 "../../os/hal/include/uart.h"
  91              		.file 18 "../../os/hal/boards/ST_STM32F401C_DISCOVERY/board.h"
  92              		.file 19 "../../os/hal/include/st.h"
  93              		.file 20 "../../os/hal/osal/rt/osal.h"
  94              		.section	.debug_info,"",%progbits
  95              	.Ldebug_info0:
  96 0000 87080000 		.4byte	0x887
  97 0004 0400     		.2byte	0x4
  98 0006 00000000 		.4byte	.Ldebug_abbrev0
  99 000a 04       		.byte	0x4
 100 000b 01       		.uleb128 0x1
 101 000c 3A020000 		.4byte	.LASF126
 102 0010 0C       		.byte	0xc
 103 0011 D2040000 		.4byte	.LASF127
 104 0015 22030000 		.4byte	.LASF128
 105 0019 00000000 		.4byte	.Ldebug_ranges0+0
 106 001d 00000000 		.4byte	0
 107 0021 00000000 		.4byte	.Ldebug_line0
 108 0025 02       		.uleb128 0x2
 109 0026 04       		.byte	0x4
 110 0027 05       		.byte	0x5
 111 0028 696E7400 		.ascii	"int\000"
 112 002c 03       		.uleb128 0x3
 113 002d 04       		.byte	0x4
ARM GAS  /tmp/cc4Ig2H4.s 			page 3


 114 002e 07       		.byte	0x7
 115 002f 85010000 		.4byte	.LASF0
 116 0033 03       		.uleb128 0x3
 117 0034 08       		.byte	0x8
 118 0035 05       		.byte	0x5
 119 0036 D5000000 		.4byte	.LASF1
 120 003a 03       		.uleb128 0x3
 121 003b 08       		.byte	0x8
 122 003c 04       		.byte	0x4
 123 003d 98030000 		.4byte	.LASF2
 124 0041 03       		.uleb128 0x3
 125 0042 01       		.byte	0x1
 126 0043 06       		.byte	0x6
 127 0044 E3000000 		.4byte	.LASF3
 128 0048 04       		.uleb128 0x4
 129 0049 3D000000 		.4byte	.LASF7
 130 004d 02       		.byte	0x2
 131 004e 1D       		.byte	0x1d
 132 004f 53000000 		.4byte	0x53
 133 0053 03       		.uleb128 0x3
 134 0054 01       		.byte	0x1
 135 0055 08       		.byte	0x8
 136 0056 46040000 		.4byte	.LASF4
 137 005a 03       		.uleb128 0x3
 138 005b 02       		.byte	0x2
 139 005c 05       		.byte	0x5
 140 005d 69040000 		.4byte	.LASF5
 141 0061 03       		.uleb128 0x3
 142 0062 02       		.byte	0x2
 143 0063 07       		.byte	0x7
 144 0064 CC010000 		.4byte	.LASF6
 145 0068 04       		.uleb128 0x4
 146 0069 1D020000 		.4byte	.LASF8
 147 006d 02       		.byte	0x2
 148 006e 3F       		.byte	0x3f
 149 006f 73000000 		.4byte	0x73
 150 0073 03       		.uleb128 0x3
 151 0074 04       		.byte	0x4
 152 0075 05       		.byte	0x5
 153 0076 18010000 		.4byte	.LASF9
 154 007a 04       		.uleb128 0x4
 155 007b 56050000 		.4byte	.LASF10
 156 007f 02       		.byte	0x2
 157 0080 41       		.byte	0x41
 158 0081 85000000 		.4byte	0x85
 159 0085 03       		.uleb128 0x3
 160 0086 04       		.byte	0x4
 161 0087 07       		.byte	0x7
 162 0088 11050000 		.4byte	.LASF11
 163 008c 04       		.uleb128 0x4
 164 008d ED030000 		.4byte	.LASF12
 165 0091 02       		.byte	0x2
 166 0092 5B       		.byte	0x5b
 167 0093 97000000 		.4byte	0x97
 168 0097 03       		.uleb128 0x3
 169 0098 08       		.byte	0x8
 170 0099 07       		.byte	0x7
ARM GAS  /tmp/cc4Ig2H4.s 			page 4


 171 009a 69000000 		.4byte	.LASF13
 172 009e 04       		.uleb128 0x4
 173 009f CA050000 		.4byte	.LASF14
 174 00a3 03       		.byte	0x3
 175 00a4 15       		.byte	0x15
 176 00a5 48000000 		.4byte	0x48
 177 00a9 04       		.uleb128 0x4
 178 00aa 3E040000 		.4byte	.LASF15
 179 00ae 03       		.byte	0x3
 180 00af 2C       		.byte	0x2c
 181 00b0 68000000 		.4byte	0x68
 182 00b4 04       		.uleb128 0x4
 183 00b5 E9040000 		.4byte	.LASF16
 184 00b9 03       		.byte	0x3
 185 00ba 2D       		.byte	0x2d
 186 00bb 7A000000 		.4byte	0x7a
 187 00bf 04       		.uleb128 0x4
 188 00c0 34000000 		.4byte	.LASF17
 189 00c4 03       		.byte	0x3
 190 00c5 39       		.byte	0x39
 191 00c6 8C000000 		.4byte	0x8c
 192 00ca 05       		.uleb128 0x5
 193 00cb A9000000 		.4byte	0xa9
 194 00cf 04       		.uleb128 0x4
 195 00d0 87050000 		.4byte	.LASF18
 196 00d4 04       		.byte	0x4
 197 00d5 45       		.byte	0x45
 198 00d6 B4000000 		.4byte	0xb4
 199 00da 04       		.uleb128 0x4
 200 00db FB010000 		.4byte	.LASF19
 201 00df 04       		.byte	0x4
 202 00e0 48       		.byte	0x48
 203 00e1 9E000000 		.4byte	0x9e
 204 00e5 04       		.uleb128 0x4
 205 00e6 28010000 		.4byte	.LASF20
 206 00ea 04       		.byte	0x4
 207 00eb 49       		.byte	0x49
 208 00ec 9E000000 		.4byte	0x9e
 209 00f0 04       		.uleb128 0x4
 210 00f1 F8030000 		.4byte	.LASF21
 211 00f5 04       		.byte	0x4
 212 00f6 4A       		.byte	0x4a
 213 00f7 9E000000 		.4byte	0x9e
 214 00fb 04       		.uleb128 0x4
 215 00fc 20040000 		.4byte	.LASF22
 216 0100 04       		.byte	0x4
 217 0101 4C       		.byte	0x4c
 218 0102 B4000000 		.4byte	0xb4
 219 0106 04       		.uleb128 0x4
 220 0107 E9010000 		.4byte	.LASF23
 221 010b 04       		.byte	0x4
 222 010c 4D       		.byte	0x4d
 223 010d A9000000 		.4byte	0xa9
 224 0111 04       		.uleb128 0x4
 225 0112 11020000 		.4byte	.LASF24
 226 0116 04       		.byte	0x4
 227 0117 4F       		.byte	0x4f
ARM GAS  /tmp/cc4Ig2H4.s 			page 5


 228 0118 B4000000 		.4byte	0xb4
 229 011c 04       		.uleb128 0x4
 230 011d 7F010000 		.4byte	.LASF25
 231 0121 04       		.byte	0x4
 232 0122 51       		.byte	0x51
 233 0123 A9000000 		.4byte	0xa9
 234 0127 04       		.uleb128 0x4
 235 0128 38050000 		.4byte	.LASF26
 236 012c 05       		.byte	0x5
 237 012d 33       		.byte	0x33
 238 012e B4000000 		.4byte	0xb4
 239 0132 04       		.uleb128 0x4
 240 0133 28050000 		.4byte	.LASF27
 241 0137 05       		.byte	0x5
 242 0138 3F       		.byte	0x3f
 243 0139 3D010000 		.4byte	0x13d
 244 013d 06       		.uleb128 0x6
 245 013e DF010000 		.4byte	.LASF47
 246 0142 44       		.byte	0x44
 247 0143 06       		.byte	0x6
 248 0144 C2       		.byte	0xc2
 249 0145 2A020000 		.4byte	0x22a
 250 0149 07       		.uleb128 0x7
 251 014a 9A040000 		.4byte	.LASF28
 252 014e 06       		.byte	0x6
 253 014f C3       		.byte	0xc3
 254 0150 35020000 		.4byte	0x235
 255 0154 00       		.byte	0
 256 0155 07       		.uleb128 0x7
 257 0156 10040000 		.4byte	.LASF29
 258 015a 06       		.byte	0x6
 259 015b C5       		.byte	0xc5
 260 015c 35020000 		.4byte	0x235
 261 0160 04       		.byte	0x4
 262 0161 07       		.uleb128 0x7
 263 0162 CE000000 		.4byte	.LASF30
 264 0166 06       		.byte	0x6
 265 0167 C7       		.byte	0xc7
 266 0168 FB000000 		.4byte	0xfb
 267 016c 08       		.byte	0x8
 268 016d 07       		.uleb128 0x7
 269 016e 28060000 		.4byte	.LASF31
 270 0172 06       		.byte	0x6
 271 0173 C8       		.byte	0xc8
 272 0174 65040000 		.4byte	0x465
 273 0178 0C       		.byte	0xc
 274 0179 07       		.uleb128 0x7
 275 017a 31010000 		.4byte	.LASF32
 276 017e 06       		.byte	0x6
 277 017f CA       		.byte	0xca
 278 0180 35020000 		.4byte	0x235
 279 0184 10       		.byte	0x10
 280 0185 07       		.uleb128 0x7
 281 0186 B0030000 		.4byte	.LASF33
 282 018a 06       		.byte	0x6
 283 018b CB       		.byte	0xcb
 284 018c 35020000 		.4byte	0x235
ARM GAS  /tmp/cc4Ig2H4.s 			page 6


 285 0190 14       		.byte	0x14
 286 0191 07       		.uleb128 0x7
 287 0192 D9050000 		.4byte	.LASF34
 288 0196 06       		.byte	0x6
 289 0197 D2       		.byte	0xd2
 290 0198 AA060000 		.4byte	0x6aa
 291 019c 18       		.byte	0x18
 292 019d 07       		.uleb128 0x7
 293 019e 73040000 		.4byte	.LASF35
 294 01a2 06       		.byte	0x6
 295 01a3 DD       		.byte	0xdd
 296 01a4 E5000000 		.4byte	0xe5
 297 01a8 1C       		.byte	0x1c
 298 01a9 07       		.uleb128 0x7
 299 01aa A1040000 		.4byte	.LASF36
 300 01ae 06       		.byte	0x6
 301 01af E1       		.byte	0xe1
 302 01b0 DA000000 		.4byte	0xda
 303 01b4 1D       		.byte	0x1d
 304 01b5 07       		.uleb128 0x7
 305 01b6 AF050000 		.4byte	.LASF37
 306 01ba 06       		.byte	0x6
 307 01bb E6       		.byte	0xe6
 308 01bc F0000000 		.4byte	0xf0
 309 01c0 1E       		.byte	0x1e
 310 01c1 08       		.uleb128 0x8
 311 01c2 705F7500 		.ascii	"p_u\000"
 312 01c6 06       		.byte	0x6
 313 01c7 3101     		.2byte	0x131
 314 01c9 E5050000 		.4byte	0x5e5
 315 01cd 20       		.byte	0x20
 316 01ce 09       		.uleb128 0x9
 317 01cf 18030000 		.4byte	.LASF38
 318 01d3 06       		.byte	0x6
 319 01d4 3601     		.2byte	0x136
 320 01d6 3B020000 		.4byte	0x23b
 321 01da 24       		.byte	0x24
 322 01db 09       		.uleb128 0x9
 323 01dc AA010000 		.4byte	.LASF39
 324 01e0 06       		.byte	0x6
 325 01e1 3C01     		.2byte	0x13c
 326 01e3 5F020000 		.4byte	0x25f
 327 01e7 28       		.byte	0x28
 328 01e8 09       		.uleb128 0x9
 329 01e9 F6050000 		.4byte	.LASF40
 330 01ed 06       		.byte	0x6
 331 01ee 4001     		.2byte	0x140
 332 01f0 06010000 		.4byte	0x106
 333 01f4 30       		.byte	0x30
 334 01f5 09       		.uleb128 0x9
 335 01f6 C7040000 		.4byte	.LASF41
 336 01fa 06       		.byte	0x6
 337 01fb 4601     		.2byte	0x146
 338 01fd 11010000 		.4byte	0x111
 339 0201 34       		.byte	0x34
 340 0202 09       		.uleb128 0x9
 341 0203 5F040000 		.4byte	.LASF42
ARM GAS  /tmp/cc4Ig2H4.s 			page 7


 342 0207 06       		.byte	0x6
 343 0208 4D01     		.2byte	0x14d
 344 020a A4060000 		.4byte	0x6a4
 345 020e 38       		.byte	0x38
 346 020f 09       		.uleb128 0x9
 347 0210 42050000 		.4byte	.LASF43
 348 0214 06       		.byte	0x6
 349 0215 5101     		.2byte	0x151
 350 0217 FB000000 		.4byte	0xfb
 351 021b 3C       		.byte	0x3c
 352 021c 09       		.uleb128 0x9
 353 021d F8000000 		.4byte	.LASF44
 354 0221 06       		.byte	0x6
 355 0222 5801     		.2byte	0x158
 356 0224 12030000 		.4byte	0x312
 357 0228 40       		.byte	0x40
 358 0229 00       		.byte	0
 359 022a 04       		.uleb128 0x4
 360 022b 6E030000 		.4byte	.LASF45
 361 022f 05       		.byte	0x5
 362 0230 44       		.byte	0x44
 363 0231 35020000 		.4byte	0x235
 364 0235 0A       		.uleb128 0xa
 365 0236 04       		.byte	0x4
 366 0237 32010000 		.4byte	0x132
 367 023b 04       		.uleb128 0x4
 368 023c E7050000 		.4byte	.LASF46
 369 0240 05       		.byte	0x5
 370 0241 49       		.byte	0x49
 371 0242 46020000 		.4byte	0x246
 372 0246 06       		.uleb128 0x6
 373 0247 01050000 		.4byte	.LASF48
 374 024b 04       		.byte	0x4
 375 024c 06       		.byte	0x6
 376 024d B0       		.byte	0xb0
 377 024e 5F020000 		.4byte	0x25f
 378 0252 07       		.uleb128 0x7
 379 0253 9A040000 		.4byte	.LASF28
 380 0257 06       		.byte	0x6
 381 0258 B1       		.byte	0xb1
 382 0259 35020000 		.4byte	0x235
 383 025d 00       		.byte	0
 384 025e 00       		.byte	0
 385 025f 04       		.uleb128 0x4
 386 0260 96050000 		.4byte	.LASF49
 387 0264 05       		.byte	0x5
 388 0265 50       		.byte	0x50
 389 0266 6A020000 		.4byte	0x26a
 390 026a 06       		.uleb128 0x6
 391 026b BD000000 		.4byte	.LASF50
 392 026f 08       		.byte	0x8
 393 0270 06       		.byte	0x6
 394 0271 B7       		.byte	0xb7
 395 0272 8F020000 		.4byte	0x28f
 396 0276 07       		.uleb128 0x7
 397 0277 9A040000 		.4byte	.LASF28
 398 027b 06       		.byte	0x6
ARM GAS  /tmp/cc4Ig2H4.s 			page 8


 399 027c B8       		.byte	0xb8
 400 027d 35020000 		.4byte	0x235
 401 0281 00       		.byte	0
 402 0282 07       		.uleb128 0x7
 403 0283 10040000 		.4byte	.LASF29
 404 0287 06       		.byte	0x6
 405 0288 B9       		.byte	0xb9
 406 0289 35020000 		.4byte	0x235
 407 028d 04       		.byte	0x4
 408 028e 00       		.byte	0
 409 028f 04       		.uleb128 0x4
 410 0290 13000000 		.4byte	.LASF51
 411 0294 05       		.byte	0x5
 412 0295 57       		.byte	0x57
 413 0296 9A020000 		.4byte	0x29a
 414 029a 0B       		.uleb128 0xb
 415 029b 03020000 		.4byte	.LASF52
 416 029f 1C       		.byte	0x1c
 417 02a0 06       		.byte	0x6
 418 02a1 9001     		.2byte	0x190
 419 02a3 F6020000 		.4byte	0x2f6
 420 02a7 09       		.uleb128 0x9
 421 02a8 F9040000 		.4byte	.LASF53
 422 02ac 06       		.byte	0x6
 423 02ad 9101     		.2byte	0x191
 424 02af 5F020000 		.4byte	0x25f
 425 02b3 00       		.byte	0
 426 02b4 09       		.uleb128 0x9
 427 02b5 85040000 		.4byte	.LASF54
 428 02b9 06       		.byte	0x6
 429 02ba 9201     		.2byte	0x192
 430 02bc FB000000 		.4byte	0xfb
 431 02c0 08       		.byte	0x8
 432 02c1 09       		.uleb128 0x9
 433 02c2 B8030000 		.4byte	.LASF55
 434 02c6 06       		.byte	0x6
 435 02c7 9401     		.2byte	0x194
 436 02c9 65040000 		.4byte	0x465
 437 02cd 0C       		.byte	0xc
 438 02ce 09       		.uleb128 0x9
 439 02cf 41010000 		.4byte	.LASF56
 440 02d3 06       		.byte	0x6
 441 02d4 9701     		.2byte	0x197
 442 02d6 35020000 		.4byte	0x235
 443 02da 10       		.byte	0x10
 444 02db 09       		.uleb128 0x9
 445 02dc E5030000 		.4byte	.LASF57
 446 02e0 06       		.byte	0x6
 447 02e1 9801     		.2byte	0x198
 448 02e3 35020000 		.4byte	0x235
 449 02e7 14       		.byte	0x14
 450 02e8 09       		.uleb128 0x9
 451 02e9 DB030000 		.4byte	.LASF58
 452 02ed 06       		.byte	0x6
 453 02ee 9B01     		.2byte	0x19b
 454 02f0 35020000 		.4byte	0x235
 455 02f4 18       		.byte	0x18
ARM GAS  /tmp/cc4Ig2H4.s 			page 9


 456 02f5 00       		.byte	0
 457 02f6 04       		.uleb128 0x4
 458 02f7 4D050000 		.4byte	.LASF59
 459 02fb 05       		.byte	0x5
 460 02fc 5C       		.byte	0x5c
 461 02fd 01030000 		.4byte	0x301
 462 0301 0A       		.uleb128 0xa
 463 0302 04       		.byte	0x4
 464 0303 07030000 		.4byte	0x307
 465 0307 0C       		.uleb128 0xc
 466 0308 12030000 		.4byte	0x312
 467 030c 0D       		.uleb128 0xd
 468 030d 12030000 		.4byte	0x312
 469 0311 00       		.byte	0
 470 0312 0E       		.uleb128 0xe
 471 0313 04       		.byte	0x4
 472 0314 04       		.uleb128 0x4
 473 0315 00040000 		.4byte	.LASF60
 474 0319 05       		.byte	0x5
 475 031a 61       		.byte	0x61
 476 031b 1F030000 		.4byte	0x31f
 477 031f 0B       		.uleb128 0xb
 478 0320 A9040000 		.4byte	.LASF61
 479 0324 14       		.byte	0x14
 480 0325 06       		.byte	0x6
 481 0326 6B01     		.2byte	0x16b
 482 0328 6E030000 		.4byte	0x36e
 483 032c 09       		.uleb128 0x9
 484 032d 92010000 		.4byte	.LASF62
 485 0331 06       		.byte	0x6
 486 0332 6C01     		.2byte	0x16c
 487 0334 BC060000 		.4byte	0x6bc
 488 0338 00       		.byte	0
 489 0339 09       		.uleb128 0x9
 490 033a 52010000 		.4byte	.LASF63
 491 033e 06       		.byte	0x6
 492 033f 6D01     		.2byte	0x16d
 493 0341 BC060000 		.4byte	0x6bc
 494 0345 04       		.byte	0x4
 495 0346 09       		.uleb128 0x9
 496 0347 A1010000 		.4byte	.LASF64
 497 034b 06       		.byte	0x6
 498 034c 6E01     		.2byte	0x16e
 499 034e 27010000 		.4byte	0x127
 500 0352 08       		.byte	0x8
 501 0353 09       		.uleb128 0x9
 502 0354 2E060000 		.4byte	.LASF65
 503 0358 06       		.byte	0x6
 504 0359 6F01     		.2byte	0x16f
 505 035b F6020000 		.4byte	0x2f6
 506 035f 0C       		.byte	0xc
 507 0360 09       		.uleb128 0x9
 508 0361 8F050000 		.4byte	.LASF66
 509 0365 06       		.byte	0x6
 510 0366 7101     		.2byte	0x171
 511 0368 12030000 		.4byte	0x312
 512 036c 10       		.byte	0x10
ARM GAS  /tmp/cc4Ig2H4.s 			page 10


 513 036d 00       		.byte	0
 514 036e 04       		.uleb128 0x4
 515 036f 9A000000 		.4byte	.LASF67
 516 0373 05       		.byte	0x5
 517 0374 66       		.byte	0x66
 518 0375 79030000 		.4byte	0x379
 519 0379 0B       		.uleb128 0xb
 520 037a 81030000 		.4byte	.LASF68
 521 037e 10       		.byte	0x10
 522 037f 06       		.byte	0x6
 523 0380 7B01     		.2byte	0x17b
 524 0382 BB030000 		.4byte	0x3bb
 525 0386 09       		.uleb128 0x9
 526 0387 92010000 		.4byte	.LASF62
 527 038b 06       		.byte	0x6
 528 038c 7C01     		.2byte	0x17c
 529 038e BC060000 		.4byte	0x6bc
 530 0392 00       		.byte	0
 531 0393 09       		.uleb128 0x9
 532 0394 52010000 		.4byte	.LASF63
 533 0398 06       		.byte	0x6
 534 0399 7E01     		.2byte	0x17e
 535 039b BC060000 		.4byte	0x6bc
 536 039f 04       		.byte	0x4
 537 03a0 09       		.uleb128 0x9
 538 03a1 A1010000 		.4byte	.LASF64
 539 03a5 06       		.byte	0x6
 540 03a6 8001     		.2byte	0x180
 541 03a8 27010000 		.4byte	0x127
 542 03ac 08       		.byte	0x8
 543 03ad 09       		.uleb128 0x9
 544 03ae A4030000 		.4byte	.LASF69
 545 03b2 06       		.byte	0x6
 546 03b3 8801     		.2byte	0x188
 547 03b5 27010000 		.4byte	0x127
 548 03b9 0C       		.byte	0xc
 549 03ba 00       		.byte	0
 550 03bb 04       		.uleb128 0x4
 551 03bc 53000000 		.4byte	.LASF70
 552 03c0 05       		.byte	0x5
 553 03c1 6B       		.byte	0x6b
 554 03c2 C6030000 		.4byte	0x3c6
 555 03c6 0B       		.uleb128 0xb
 556 03c7 28040000 		.4byte	.LASF71
 557 03cb 04       		.byte	0x4
 558 03cc 06       		.byte	0x6
 559 03cd A201     		.2byte	0x1a2
 560 03cf E1030000 		.4byte	0x3e1
 561 03d3 09       		.uleb128 0x9
 562 03d4 61050000 		.4byte	.LASF72
 563 03d8 06       		.byte	0x6
 564 03d9 AA01     		.2byte	0x1aa
 565 03db C2060000 		.4byte	0x6c2
 566 03df 00       		.byte	0
 567 03e0 00       		.byte	0
 568 03e1 04       		.uleb128 0x4
 569 03e2 EF010000 		.4byte	.LASF73
ARM GAS  /tmp/cc4Ig2H4.s 			page 11


 570 03e6 05       		.byte	0x5
 571 03e7 70       		.byte	0x70
 572 03e8 EC030000 		.4byte	0x3ec
 573 03ec 0F       		.uleb128 0xf
 574 03ed 0E010000 		.4byte	.LASF74
 575 03f1 D801     		.2byte	0x1d8
 576 03f3 06       		.byte	0x6
 577 03f4 C201     		.2byte	0x1c2
 578 03f6 48040000 		.4byte	0x448
 579 03fa 09       		.uleb128 0x9
 580 03fb C4050000 		.4byte	.LASF75
 581 03ff 06       		.byte	0x6
 582 0400 C601     		.2byte	0x1c6
 583 0402 8F020000 		.4byte	0x28f
 584 0406 00       		.byte	0
 585 0407 09       		.uleb128 0x9
 586 0408 5A010000 		.4byte	.LASF76
 587 040c 06       		.byte	0x6
 588 040d CA01     		.2byte	0x1ca
 589 040f 6E030000 		.4byte	0x36e
 590 0413 1C       		.byte	0x1c
 591 0414 08       		.uleb128 0x8
 592 0415 64626700 		.ascii	"dbg\000"
 593 0419 06       		.byte	0x6
 594 041a CE01     		.2byte	0x1ce
 595 041c BB030000 		.4byte	0x3bb
 596 0420 2C       		.byte	0x2c
 597 0421 09       		.uleb128 0x9
 598 0422 8F000000 		.4byte	.LASF77
 599 0426 06       		.byte	0x6
 600 0427 D201     		.2byte	0x1d2
 601 0429 32010000 		.4byte	0x132
 602 042d 30       		.byte	0x30
 603 042e 08       		.uleb128 0x8
 604 042f 746D00   		.ascii	"tm\000"
 605 0432 06       		.byte	0x6
 606 0433 D701     		.2byte	0x1d7
 607 0435 DA050000 		.4byte	0x5da
 608 0439 74       		.byte	0x74
 609 043a 09       		.uleb128 0x9
 610 043b 70010000 		.4byte	.LASF78
 611 043f 06       		.byte	0x6
 612 0440 E301     		.2byte	0x1e3
 613 0442 C7060000 		.4byte	0x6c7
 614 0446 78       		.byte	0x78
 615 0447 00       		.byte	0
 616 0448 03       		.uleb128 0x3
 617 0449 04       		.byte	0x4
 618 044a 07       		.byte	0x7
 619 044b 65030000 		.4byte	.LASF79
 620 044f 04       		.uleb128 0x4
 621 0450 49010000 		.4byte	.LASF80
 622 0454 07       		.byte	0x7
 623 0455 65       		.byte	0x65
 624 0456 12030000 		.4byte	0x312
 625 045a 04       		.uleb128 0x4
 626 045b 2F020000 		.4byte	.LASF81
ARM GAS  /tmp/cc4Ig2H4.s 			page 12


 627 045f 07       		.byte	0x7
 628 0460 6D       		.byte	0x6d
 629 0461 BF000000 		.4byte	0xbf
 630 0465 06       		.uleb128 0x6
 631 0466 72050000 		.4byte	.LASF82
 632 046a 04       		.byte	0x4
 633 046b 07       		.byte	0x7
 634 046c 89       		.byte	0x89
 635 046d 7E040000 		.4byte	0x47e
 636 0471 10       		.uleb128 0x10
 637 0472 72313300 		.ascii	"r13\000"
 638 0476 07       		.byte	0x7
 639 0477 8A       		.byte	0x8a
 640 0478 BF050000 		.4byte	0x5bf
 641 047c 00       		.byte	0
 642 047d 00       		.byte	0
 643 047e 06       		.uleb128 0x6
 644 047f 47000000 		.4byte	.LASF83
 645 0483 64       		.byte	0x64
 646 0484 08       		.byte	0x8
 647 0485 F4       		.byte	0xf4
 648 0486 BF050000 		.4byte	0x5bf
 649 048a 10       		.uleb128 0x10
 650 048b 73313600 		.ascii	"s16\000"
 651 048f 08       		.byte	0x8
 652 0490 F6       		.byte	0xf6
 653 0491 4F040000 		.4byte	0x44f
 654 0495 00       		.byte	0
 655 0496 10       		.uleb128 0x10
 656 0497 73313700 		.ascii	"s17\000"
 657 049b 08       		.byte	0x8
 658 049c F7       		.byte	0xf7
 659 049d 4F040000 		.4byte	0x44f
 660 04a1 04       		.byte	0x4
 661 04a2 10       		.uleb128 0x10
 662 04a3 73313800 		.ascii	"s18\000"
 663 04a7 08       		.byte	0x8
 664 04a8 F8       		.byte	0xf8
 665 04a9 4F040000 		.4byte	0x44f
 666 04ad 08       		.byte	0x8
 667 04ae 10       		.uleb128 0x10
 668 04af 73313900 		.ascii	"s19\000"
 669 04b3 08       		.byte	0x8
 670 04b4 F9       		.byte	0xf9
 671 04b5 4F040000 		.4byte	0x44f
 672 04b9 0C       		.byte	0xc
 673 04ba 10       		.uleb128 0x10
 674 04bb 73323000 		.ascii	"s20\000"
 675 04bf 08       		.byte	0x8
 676 04c0 FA       		.byte	0xfa
 677 04c1 4F040000 		.4byte	0x44f
 678 04c5 10       		.byte	0x10
 679 04c6 10       		.uleb128 0x10
 680 04c7 73323100 		.ascii	"s21\000"
 681 04cb 08       		.byte	0x8
 682 04cc FB       		.byte	0xfb
 683 04cd 4F040000 		.4byte	0x44f
ARM GAS  /tmp/cc4Ig2H4.s 			page 13


 684 04d1 14       		.byte	0x14
 685 04d2 10       		.uleb128 0x10
 686 04d3 73323200 		.ascii	"s22\000"
 687 04d7 08       		.byte	0x8
 688 04d8 FC       		.byte	0xfc
 689 04d9 4F040000 		.4byte	0x44f
 690 04dd 18       		.byte	0x18
 691 04de 10       		.uleb128 0x10
 692 04df 73323300 		.ascii	"s23\000"
 693 04e3 08       		.byte	0x8
 694 04e4 FD       		.byte	0xfd
 695 04e5 4F040000 		.4byte	0x44f
 696 04e9 1C       		.byte	0x1c
 697 04ea 10       		.uleb128 0x10
 698 04eb 73323400 		.ascii	"s24\000"
 699 04ef 08       		.byte	0x8
 700 04f0 FE       		.byte	0xfe
 701 04f1 4F040000 		.4byte	0x44f
 702 04f5 20       		.byte	0x20
 703 04f6 10       		.uleb128 0x10
 704 04f7 73323500 		.ascii	"s25\000"
 705 04fb 08       		.byte	0x8
 706 04fc FF       		.byte	0xff
 707 04fd 4F040000 		.4byte	0x44f
 708 0501 24       		.byte	0x24
 709 0502 08       		.uleb128 0x8
 710 0503 73323600 		.ascii	"s26\000"
 711 0507 08       		.byte	0x8
 712 0508 0001     		.2byte	0x100
 713 050a 4F040000 		.4byte	0x44f
 714 050e 28       		.byte	0x28
 715 050f 08       		.uleb128 0x8
 716 0510 73323700 		.ascii	"s27\000"
 717 0514 08       		.byte	0x8
 718 0515 0101     		.2byte	0x101
 719 0517 4F040000 		.4byte	0x44f
 720 051b 2C       		.byte	0x2c
 721 051c 08       		.uleb128 0x8
 722 051d 73323800 		.ascii	"s28\000"
 723 0521 08       		.byte	0x8
 724 0522 0201     		.2byte	0x102
 725 0524 4F040000 		.4byte	0x44f
 726 0528 30       		.byte	0x30
 727 0529 08       		.uleb128 0x8
 728 052a 73323900 		.ascii	"s29\000"
 729 052e 08       		.byte	0x8
 730 052f 0301     		.2byte	0x103
 731 0531 4F040000 		.4byte	0x44f
 732 0535 34       		.byte	0x34
 733 0536 08       		.uleb128 0x8
 734 0537 73333000 		.ascii	"s30\000"
 735 053b 08       		.byte	0x8
 736 053c 0401     		.2byte	0x104
 737 053e 4F040000 		.4byte	0x44f
 738 0542 38       		.byte	0x38
 739 0543 08       		.uleb128 0x8
 740 0544 73333100 		.ascii	"s31\000"
ARM GAS  /tmp/cc4Ig2H4.s 			page 14


 741 0548 08       		.byte	0x8
 742 0549 0501     		.2byte	0x105
 743 054b 4F040000 		.4byte	0x44f
 744 054f 3C       		.byte	0x3c
 745 0550 08       		.uleb128 0x8
 746 0551 723400   		.ascii	"r4\000"
 747 0554 08       		.byte	0x8
 748 0555 0701     		.2byte	0x107
 749 0557 4F040000 		.4byte	0x44f
 750 055b 40       		.byte	0x40
 751 055c 08       		.uleb128 0x8
 752 055d 723500   		.ascii	"r5\000"
 753 0560 08       		.byte	0x8
 754 0561 0801     		.2byte	0x108
 755 0563 4F040000 		.4byte	0x44f
 756 0567 44       		.byte	0x44
 757 0568 08       		.uleb128 0x8
 758 0569 723600   		.ascii	"r6\000"
 759 056c 08       		.byte	0x8
 760 056d 0901     		.2byte	0x109
 761 056f 4F040000 		.4byte	0x44f
 762 0573 48       		.byte	0x48
 763 0574 08       		.uleb128 0x8
 764 0575 723700   		.ascii	"r7\000"
 765 0578 08       		.byte	0x8
 766 0579 0A01     		.2byte	0x10a
 767 057b 4F040000 		.4byte	0x44f
 768 057f 4C       		.byte	0x4c
 769 0580 08       		.uleb128 0x8
 770 0581 723800   		.ascii	"r8\000"
 771 0584 08       		.byte	0x8
 772 0585 0B01     		.2byte	0x10b
 773 0587 4F040000 		.4byte	0x44f
 774 058b 50       		.byte	0x50
 775 058c 08       		.uleb128 0x8
 776 058d 723900   		.ascii	"r9\000"
 777 0590 08       		.byte	0x8
 778 0591 0C01     		.2byte	0x10c
 779 0593 4F040000 		.4byte	0x44f
 780 0597 54       		.byte	0x54
 781 0598 08       		.uleb128 0x8
 782 0599 72313000 		.ascii	"r10\000"
 783 059d 08       		.byte	0x8
 784 059e 0D01     		.2byte	0x10d
 785 05a0 4F040000 		.4byte	0x44f
 786 05a4 58       		.byte	0x58
 787 05a5 08       		.uleb128 0x8
 788 05a6 72313100 		.ascii	"r11\000"
 789 05aa 08       		.byte	0x8
 790 05ab 0E01     		.2byte	0x10e
 791 05ad 4F040000 		.4byte	0x44f
 792 05b1 5C       		.byte	0x5c
 793 05b2 08       		.uleb128 0x8
 794 05b3 6C7200   		.ascii	"lr\000"
 795 05b6 08       		.byte	0x8
 796 05b7 0F01     		.2byte	0x10f
 797 05b9 4F040000 		.4byte	0x44f
ARM GAS  /tmp/cc4Ig2H4.s 			page 15


 798 05bd 60       		.byte	0x60
 799 05be 00       		.byte	0
 800 05bf 0A       		.uleb128 0xa
 801 05c0 04       		.byte	0x4
 802 05c1 7E040000 		.4byte	0x47e
 803 05c5 11       		.uleb128 0x11
 804 05c6 04       		.byte	0x4
 805 05c7 09       		.byte	0x9
 806 05c8 38       		.byte	0x38
 807 05c9 DA050000 		.4byte	0x5da
 808 05cd 07       		.uleb128 0x7
 809 05ce 6B050000 		.4byte	.LASF84
 810 05d2 09       		.byte	0x9
 811 05d3 3C       		.byte	0x3c
 812 05d4 CF000000 		.4byte	0xcf
 813 05d8 00       		.byte	0
 814 05d9 00       		.byte	0
 815 05da 04       		.uleb128 0x4
 816 05db BE030000 		.4byte	.LASF85
 817 05df 09       		.byte	0x9
 818 05e0 3D       		.byte	0x3d
 819 05e1 C5050000 		.4byte	0x5c5
 820 05e5 12       		.uleb128 0x12
 821 05e6 04       		.byte	0x4
 822 05e7 06       		.byte	0x6
 823 05e8 FA       		.byte	0xfa
 824 05e9 42060000 		.4byte	0x642
 825 05ed 13       		.uleb128 0x13
 826 05ee 2D000000 		.4byte	.LASF86
 827 05f2 06       		.byte	0x6
 828 05f3 0101     		.2byte	0x101
 829 05f5 06010000 		.4byte	0x106
 830 05f9 13       		.uleb128 0x13
 831 05fa 86000000 		.4byte	.LASF87
 832 05fe 06       		.byte	0x6
 833 05ff 0801     		.2byte	0x108
 834 0601 06010000 		.4byte	0x106
 835 0605 13       		.uleb128 0x13
 836 0606 D2050000 		.4byte	.LASF88
 837 060a 06       		.byte	0x6
 838 060b 0F01     		.2byte	0x10f
 839 060d 12030000 		.4byte	0x312
 840 0611 13       		.uleb128 0x13
 841 0612 27000000 		.4byte	.LASF89
 842 0616 06       		.byte	0x6
 843 0617 1601     		.2byte	0x116
 844 0619 42060000 		.4byte	0x642
 845 061d 13       		.uleb128 0x13
 846 061e 9A010000 		.4byte	.LASF90
 847 0622 06       		.byte	0x6
 848 0623 1E01     		.2byte	0x11e
 849 0625 6D060000 		.4byte	0x66d
 850 0629 13       		.uleb128 0x13
 851 062a F2040000 		.4byte	.LASF91
 852 062e 06       		.byte	0x6
 853 062f 2701     		.2byte	0x127
 854 0631 A4060000 		.4byte	0x6a4
ARM GAS  /tmp/cc4Ig2H4.s 			page 16


 855 0635 13       		.uleb128 0x13
 856 0636 93040000 		.4byte	.LASF92
 857 063a 06       		.byte	0x6
 858 063b 2F01     		.2byte	0x12f
 859 063d 11010000 		.4byte	0x111
 860 0641 00       		.byte	0
 861 0642 0A       		.uleb128 0xa
 862 0643 04       		.byte	0x4
 863 0644 2A020000 		.4byte	0x22a
 864 0648 06       		.uleb128 0x6
 865 0649 BA040000 		.4byte	.LASF93
 866 064d 0C       		.byte	0xc
 867 064e 0A       		.byte	0xa
 868 064f 34       		.byte	0x34
 869 0650 6D060000 		.4byte	0x66d
 870 0654 07       		.uleb128 0x7
 871 0655 39010000 		.4byte	.LASF94
 872 0659 0A       		.byte	0xa
 873 065a 35       		.byte	0x35
 874 065b 5F020000 		.4byte	0x25f
 875 065f 00       		.byte	0
 876 0660 07       		.uleb128 0x7
 877 0661 59040000 		.4byte	.LASF95
 878 0665 0A       		.byte	0xa
 879 0666 37       		.byte	0x37
 880 0667 1C010000 		.4byte	0x11c
 881 066b 08       		.byte	0x8
 882 066c 00       		.byte	0
 883 066d 0A       		.uleb128 0xa
 884 066e 04       		.byte	0x4
 885 066f 48060000 		.4byte	0x648
 886 0673 06       		.uleb128 0x6
 887 0674 A6050000 		.4byte	.LASF96
 888 0678 10       		.byte	0x10
 889 0679 0B       		.byte	0xb
 890 067a 39       		.byte	0x39
 891 067b A4060000 		.4byte	0x6a4
 892 067f 07       		.uleb128 0x7
 893 0680 00010000 		.4byte	.LASF97
 894 0684 0B       		.byte	0xb
 895 0685 3A       		.byte	0x3a
 896 0686 5F020000 		.4byte	0x25f
 897 068a 00       		.byte	0
 898 068b 07       		.uleb128 0x7
 899 068c 0D060000 		.4byte	.LASF98
 900 0690 0B       		.byte	0xb
 901 0691 3C       		.byte	0x3c
 902 0692 35020000 		.4byte	0x235
 903 0696 08       		.byte	0x8
 904 0697 07       		.uleb128 0x7
 905 0698 31050000 		.4byte	.LASF99
 906 069c 0B       		.byte	0xb
 907 069d 3E       		.byte	0x3e
 908 069e E2060000 		.4byte	0x6e2
 909 06a2 0C       		.byte	0xc
 910 06a3 00       		.byte	0
 911 06a4 0A       		.uleb128 0xa
ARM GAS  /tmp/cc4Ig2H4.s 			page 17


 912 06a5 04       		.byte	0x4
 913 06a6 73060000 		.4byte	0x673
 914 06aa 0A       		.uleb128 0xa
 915 06ab 04       		.byte	0x4
 916 06ac B7060000 		.4byte	0x6b7
 917 06b0 03       		.uleb128 0x3
 918 06b1 01       		.byte	0x1
 919 06b2 08       		.byte	0x8
 920 06b3 23050000 		.4byte	.LASF100
 921 06b7 14       		.uleb128 0x14
 922 06b8 B0060000 		.4byte	0x6b0
 923 06bc 0A       		.uleb128 0xa
 924 06bd 04       		.byte	0x4
 925 06be 14030000 		.4byte	0x314
 926 06c2 05       		.uleb128 0x5
 927 06c3 AA060000 		.4byte	0x6aa
 928 06c7 15       		.uleb128 0x15
 929 06c8 5A040000 		.4byte	0x45a
 930 06cc D7060000 		.4byte	0x6d7
 931 06d0 16       		.uleb128 0x16
 932 06d1 48040000 		.4byte	0x448
 933 06d5 2B       		.byte	0x2b
 934 06d6 00       		.byte	0
 935 06d7 04       		.uleb128 0x4
 936 06d8 61010000 		.4byte	.LASF101
 937 06dc 0B       		.byte	0xb
 938 06dd 34       		.byte	0x34
 939 06de 73060000 		.4byte	0x673
 940 06e2 0A       		.uleb128 0xa
 941 06e3 04       		.byte	0x4
 942 06e4 D7060000 		.4byte	0x6d7
 943 06e8 03       		.uleb128 0x3
 944 06e9 01       		.byte	0x1
 945 06ea 02       		.byte	0x2
 946 06eb 38040000 		.4byte	.LASF102
 947 06ef 11       		.uleb128 0x11
 948 06f0 1C       		.byte	0x1c
 949 06f1 0C       		.byte	0xc
 950 06f2 C1       		.byte	0xc1
 951 06f3 4C070000 		.4byte	0x74c
 952 06f7 07       		.uleb128 0x7
 953 06f8 08010000 		.4byte	.LASF103
 954 06fc 0C       		.byte	0xc
 955 06fd C3       		.byte	0xc3
 956 06fe B4000000 		.4byte	0xb4
 957 0702 00       		.byte	0
 958 0703 07       		.uleb128 0x7
 959 0704 C5010000 		.4byte	.LASF104
 960 0708 0C       		.byte	0xc
 961 0709 C5       		.byte	0xc5
 962 070a B4000000 		.4byte	0xb4
 963 070e 04       		.byte	0x4
 964 070f 07       		.uleb128 0x7
 965 0710 BD010000 		.4byte	.LASF105
 966 0714 0C       		.byte	0xc
 967 0715 C7       		.byte	0xc7
 968 0716 B4000000 		.4byte	0xb4
ARM GAS  /tmp/cc4Ig2H4.s 			page 18


 969 071a 08       		.byte	0x8
 970 071b 07       		.uleb128 0x7
 971 071c 80000000 		.4byte	.LASF106
 972 0720 0C       		.byte	0xc
 973 0721 C9       		.byte	0xc9
 974 0722 B4000000 		.4byte	0xb4
 975 0726 0C       		.byte	0xc
 976 0727 10       		.uleb128 0x10
 977 0728 6F647200 		.ascii	"odr\000"
 978 072c 0C       		.byte	0xc
 979 072d CB       		.byte	0xcb
 980 072e B4000000 		.4byte	0xb4
 981 0732 10       		.byte	0x10
 982 0733 07       		.uleb128 0x7
 983 0734 54040000 		.4byte	.LASF107
 984 0738 0C       		.byte	0xc
 985 0739 CD       		.byte	0xcd
 986 073a B4000000 		.4byte	0xb4
 987 073e 14       		.byte	0x14
 988 073f 07       		.uleb128 0x7
 989 0740 CF030000 		.4byte	.LASF108
 990 0744 0C       		.byte	0xc
 991 0745 CF       		.byte	0xcf
 992 0746 B4000000 		.4byte	0xb4
 993 074a 18       		.byte	0x18
 994 074b 00       		.byte	0
 995 074c 04       		.uleb128 0x4
 996 074d 00000000 		.4byte	.LASF109
 997 0751 0C       		.byte	0xc
 998 0752 D0       		.byte	0xd0
 999 0753 EF060000 		.4byte	0x6ef
 1000 0757 11       		.uleb128 0x11
 1001 0758 A8       		.byte	0xa8
 1002 0759 0C       		.byte	0xc
 1003 075a D9       		.byte	0xd9
 1004 075b A8070000 		.4byte	0x7a8
 1005 075f 07       		.uleb128 0x7
 1006 0760 8C040000 		.4byte	.LASF110
 1007 0764 0C       		.byte	0xc
 1008 0765 DC       		.byte	0xdc
 1009 0766 4C070000 		.4byte	0x74c
 1010 076a 00       		.byte	0
 1011 076b 07       		.uleb128 0x7
 1012 076c 69010000 		.4byte	.LASF111
 1013 0770 0C       		.byte	0xc
 1014 0771 E0       		.byte	0xe0
 1015 0772 4C070000 		.4byte	0x74c
 1016 0776 1C       		.byte	0x1c
 1017 0777 07       		.uleb128 0x7
 1018 0778 E0050000 		.4byte	.LASF112
 1019 077c 0C       		.byte	0xc
 1020 077d E4       		.byte	0xe4
 1021 077e 4C070000 		.4byte	0x74c
 1022 0782 38       		.byte	0x38
 1023 0783 07       		.uleb128 0x7
 1024 0784 D4030000 		.4byte	.LASF113
 1025 0788 0C       		.byte	0xc
ARM GAS  /tmp/cc4Ig2H4.s 			page 19


 1026 0789 E8       		.byte	0xe8
 1027 078a 4C070000 		.4byte	0x74c
 1028 078e 54       		.byte	0x54
 1029 078f 07       		.uleb128 0x7
 1030 0790 21010000 		.4byte	.LASF114
 1031 0794 0C       		.byte	0xc
 1032 0795 EC       		.byte	0xec
 1033 0796 4C070000 		.4byte	0x74c
 1034 079a 70       		.byte	0x70
 1035 079b 07       		.uleb128 0x7
 1036 079c 62000000 		.4byte	.LASF115
 1037 07a0 0C       		.byte	0xc
 1038 07a1 F8       		.byte	0xf8
 1039 07a2 4C070000 		.4byte	0x74c
 1040 07a6 8C       		.byte	0x8c
 1041 07a7 00       		.byte	0
 1042 07a8 04       		.uleb128 0x4
 1043 07a9 03060000 		.4byte	.LASF116
 1044 07ad 0C       		.byte	0xc
 1045 07ae FE       		.byte	0xfe
 1046 07af 57070000 		.4byte	0x757
 1047 07b3 17       		.uleb128 0x17
 1048 07b4 17040000 		.4byte	.LASF129
 1049 07b8 14       		.byte	0x14
 1050 07b9 9301     		.2byte	0x193
 1051 07bb 03       		.byte	0x3
 1052 07bc 18       		.uleb128 0x18
 1053 07bd B5010000 		.4byte	.LASF130
 1054 07c1 01       		.byte	0x1
 1055 07c2 38       		.byte	0x38
 1056 07c3 00000000 		.4byte	.LFB260
 1057 07c7 28000000 		.4byte	.LFE260-.LFB260
 1058 07cb 01       		.uleb128 0x1
 1059 07cc 9C       		.byte	0x9c
 1060 07cd 11080000 		.4byte	0x811
 1061 07d1 19       		.uleb128 0x19
 1062 07d2 06000000 		.4byte	.LVL0
 1063 07d6 39080000 		.4byte	0x839
 1064 07da 19       		.uleb128 0x19
 1065 07db 0C000000 		.4byte	.LVL1
 1066 07df 45080000 		.4byte	0x845
 1067 07e3 19       		.uleb128 0x19
 1068 07e4 10000000 		.4byte	.LVL2
 1069 07e8 51080000 		.4byte	0x851
 1070 07ec 19       		.uleb128 0x19
 1071 07ed 14000000 		.4byte	.LVL3
 1072 07f1 5C080000 		.4byte	0x85c
 1073 07f5 19       		.uleb128 0x19
 1074 07f6 18000000 		.4byte	.LVL4
 1075 07fa 68080000 		.4byte	0x868
 1076 07fe 19       		.uleb128 0x19
 1077 07ff 1C000000 		.4byte	.LVL5
 1078 0803 73080000 		.4byte	0x873
 1079 0807 1A       		.uleb128 0x1a
 1080 0808 24000000 		.4byte	.LVL6
 1081 080c 7F080000 		.4byte	0x87f
 1082 0810 00       		.byte	0
ARM GAS  /tmp/cc4Ig2H4.s 			page 20


 1083 0811 1B       		.uleb128 0x1b
 1084 0812 B0000000 		.4byte	.LASF117
 1085 0816 0D       		.byte	0xd
 1086 0817 A706     		.2byte	0x6a7
 1087 0819 CA000000 		.4byte	0xca
 1088 081d 1C       		.uleb128 0x1c
 1089 081e 636800   		.ascii	"ch\000"
 1090 0821 06       		.byte	0x6
 1091 0822 0902     		.2byte	0x209
 1092 0824 E1030000 		.4byte	0x3e1
 1093 0828 1B       		.uleb128 0x1b
 1094 0829 15060000 		.4byte	.LASF118
 1095 082d 0C       		.byte	0xc
 1096 082e DA01     		.2byte	0x1da
 1097 0830 34080000 		.4byte	0x834
 1098 0834 14       		.uleb128 0x14
 1099 0835 A8070000 		.4byte	0x7a8
 1100 0839 1D       		.uleb128 0x1d
 1101 083a 7A050000 		.4byte	.LASF119
 1102 083e 7A050000 		.4byte	.LASF119
 1103 0842 0E       		.byte	0xe
 1104 0843 1206     		.2byte	0x612
 1105 0845 1D       		.uleb128 0x1d
 1106 0846 B6050000 		.4byte	.LASF120
 1107 084a B6050000 		.4byte	.LASF120
 1108 084e 0C       		.byte	0xc
 1109 084f DF01     		.2byte	0x1df
 1110 0851 1E       		.uleb128 0x1e
 1111 0852 27020000 		.4byte	.LASF121
 1112 0856 27020000 		.4byte	.LASF121
 1113 085a 0F       		.byte	0xf
 1114 085b F6       		.byte	0xf6
 1115 085c 1D       		.uleb128 0x1d
 1116 085d FC050000 		.4byte	.LASF122
 1117 0861 FC050000 		.4byte	.LASF122
 1118 0865 10       		.byte	0x10
 1119 0866 2601     		.2byte	0x126
 1120 0868 1E       		.uleb128 0x1e
 1121 0869 EF000000 		.4byte	.LASF123
 1122 086d EF000000 		.4byte	.LASF123
 1123 0871 11       		.byte	0x11
 1124 0872 62       		.byte	0x62
 1125 0873 1D       		.uleb128 0x1d
 1126 0874 7B040000 		.4byte	.LASF124
 1127 0878 7B040000 		.4byte	.LASF124
 1128 087c 12       		.byte	0x12
 1129 087d 1703     		.2byte	0x317
 1130 087f 1E       		.uleb128 0x1e
 1131 0880 20000000 		.4byte	.LASF125
 1132 0884 20000000 		.4byte	.LASF125
 1133 0888 13       		.byte	0x13
 1134 0889 56       		.byte	0x56
 1135 088a 00       		.byte	0
 1136              		.section	.debug_abbrev,"",%progbits
 1137              	.Ldebug_abbrev0:
 1138 0000 01       		.uleb128 0x1
 1139 0001 11       		.uleb128 0x11
ARM GAS  /tmp/cc4Ig2H4.s 			page 21


 1140 0002 01       		.byte	0x1
 1141 0003 25       		.uleb128 0x25
 1142 0004 0E       		.uleb128 0xe
 1143 0005 13       		.uleb128 0x13
 1144 0006 0B       		.uleb128 0xb
 1145 0007 03       		.uleb128 0x3
 1146 0008 0E       		.uleb128 0xe
 1147 0009 1B       		.uleb128 0x1b
 1148 000a 0E       		.uleb128 0xe
 1149 000b 55       		.uleb128 0x55
 1150 000c 17       		.uleb128 0x17
 1151 000d 11       		.uleb128 0x11
 1152 000e 01       		.uleb128 0x1
 1153 000f 10       		.uleb128 0x10
 1154 0010 17       		.uleb128 0x17
 1155 0011 00       		.byte	0
 1156 0012 00       		.byte	0
 1157 0013 02       		.uleb128 0x2
 1158 0014 24       		.uleb128 0x24
 1159 0015 00       		.byte	0
 1160 0016 0B       		.uleb128 0xb
 1161 0017 0B       		.uleb128 0xb
 1162 0018 3E       		.uleb128 0x3e
 1163 0019 0B       		.uleb128 0xb
 1164 001a 03       		.uleb128 0x3
 1165 001b 08       		.uleb128 0x8
 1166 001c 00       		.byte	0
 1167 001d 00       		.byte	0
 1168 001e 03       		.uleb128 0x3
 1169 001f 24       		.uleb128 0x24
 1170 0020 00       		.byte	0
 1171 0021 0B       		.uleb128 0xb
 1172 0022 0B       		.uleb128 0xb
 1173 0023 3E       		.uleb128 0x3e
 1174 0024 0B       		.uleb128 0xb
 1175 0025 03       		.uleb128 0x3
 1176 0026 0E       		.uleb128 0xe
 1177 0027 00       		.byte	0
 1178 0028 00       		.byte	0
 1179 0029 04       		.uleb128 0x4
 1180 002a 16       		.uleb128 0x16
 1181 002b 00       		.byte	0
 1182 002c 03       		.uleb128 0x3
 1183 002d 0E       		.uleb128 0xe
 1184 002e 3A       		.uleb128 0x3a
 1185 002f 0B       		.uleb128 0xb
 1186 0030 3B       		.uleb128 0x3b
 1187 0031 0B       		.uleb128 0xb
 1188 0032 49       		.uleb128 0x49
 1189 0033 13       		.uleb128 0x13
 1190 0034 00       		.byte	0
 1191 0035 00       		.byte	0
 1192 0036 05       		.uleb128 0x5
 1193 0037 35       		.uleb128 0x35
 1194 0038 00       		.byte	0
 1195 0039 49       		.uleb128 0x49
 1196 003a 13       		.uleb128 0x13
ARM GAS  /tmp/cc4Ig2H4.s 			page 22


 1197 003b 00       		.byte	0
 1198 003c 00       		.byte	0
 1199 003d 06       		.uleb128 0x6
 1200 003e 13       		.uleb128 0x13
 1201 003f 01       		.byte	0x1
 1202 0040 03       		.uleb128 0x3
 1203 0041 0E       		.uleb128 0xe
 1204 0042 0B       		.uleb128 0xb
 1205 0043 0B       		.uleb128 0xb
 1206 0044 3A       		.uleb128 0x3a
 1207 0045 0B       		.uleb128 0xb
 1208 0046 3B       		.uleb128 0x3b
 1209 0047 0B       		.uleb128 0xb
 1210 0048 01       		.uleb128 0x1
 1211 0049 13       		.uleb128 0x13
 1212 004a 00       		.byte	0
 1213 004b 00       		.byte	0
 1214 004c 07       		.uleb128 0x7
 1215 004d 0D       		.uleb128 0xd
 1216 004e 00       		.byte	0
 1217 004f 03       		.uleb128 0x3
 1218 0050 0E       		.uleb128 0xe
 1219 0051 3A       		.uleb128 0x3a
 1220 0052 0B       		.uleb128 0xb
 1221 0053 3B       		.uleb128 0x3b
 1222 0054 0B       		.uleb128 0xb
 1223 0055 49       		.uleb128 0x49
 1224 0056 13       		.uleb128 0x13
 1225 0057 38       		.uleb128 0x38
 1226 0058 0B       		.uleb128 0xb
 1227 0059 00       		.byte	0
 1228 005a 00       		.byte	0
 1229 005b 08       		.uleb128 0x8
 1230 005c 0D       		.uleb128 0xd
 1231 005d 00       		.byte	0
 1232 005e 03       		.uleb128 0x3
 1233 005f 08       		.uleb128 0x8
 1234 0060 3A       		.uleb128 0x3a
 1235 0061 0B       		.uleb128 0xb
 1236 0062 3B       		.uleb128 0x3b
 1237 0063 05       		.uleb128 0x5
 1238 0064 49       		.uleb128 0x49
 1239 0065 13       		.uleb128 0x13
 1240 0066 38       		.uleb128 0x38
 1241 0067 0B       		.uleb128 0xb
 1242 0068 00       		.byte	0
 1243 0069 00       		.byte	0
 1244 006a 09       		.uleb128 0x9
 1245 006b 0D       		.uleb128 0xd
 1246 006c 00       		.byte	0
 1247 006d 03       		.uleb128 0x3
 1248 006e 0E       		.uleb128 0xe
 1249 006f 3A       		.uleb128 0x3a
 1250 0070 0B       		.uleb128 0xb
 1251 0071 3B       		.uleb128 0x3b
 1252 0072 05       		.uleb128 0x5
 1253 0073 49       		.uleb128 0x49
ARM GAS  /tmp/cc4Ig2H4.s 			page 23


 1254 0074 13       		.uleb128 0x13
 1255 0075 38       		.uleb128 0x38
 1256 0076 0B       		.uleb128 0xb
 1257 0077 00       		.byte	0
 1258 0078 00       		.byte	0
 1259 0079 0A       		.uleb128 0xa
 1260 007a 0F       		.uleb128 0xf
 1261 007b 00       		.byte	0
 1262 007c 0B       		.uleb128 0xb
 1263 007d 0B       		.uleb128 0xb
 1264 007e 49       		.uleb128 0x49
 1265 007f 13       		.uleb128 0x13
 1266 0080 00       		.byte	0
 1267 0081 00       		.byte	0
 1268 0082 0B       		.uleb128 0xb
 1269 0083 13       		.uleb128 0x13
 1270 0084 01       		.byte	0x1
 1271 0085 03       		.uleb128 0x3
 1272 0086 0E       		.uleb128 0xe
 1273 0087 0B       		.uleb128 0xb
 1274 0088 0B       		.uleb128 0xb
 1275 0089 3A       		.uleb128 0x3a
 1276 008a 0B       		.uleb128 0xb
 1277 008b 3B       		.uleb128 0x3b
 1278 008c 05       		.uleb128 0x5
 1279 008d 01       		.uleb128 0x1
 1280 008e 13       		.uleb128 0x13
 1281 008f 00       		.byte	0
 1282 0090 00       		.byte	0
 1283 0091 0C       		.uleb128 0xc
 1284 0092 15       		.uleb128 0x15
 1285 0093 01       		.byte	0x1
 1286 0094 27       		.uleb128 0x27
 1287 0095 19       		.uleb128 0x19
 1288 0096 01       		.uleb128 0x1
 1289 0097 13       		.uleb128 0x13
 1290 0098 00       		.byte	0
 1291 0099 00       		.byte	0
 1292 009a 0D       		.uleb128 0xd
 1293 009b 05       		.uleb128 0x5
 1294 009c 00       		.byte	0
 1295 009d 49       		.uleb128 0x49
 1296 009e 13       		.uleb128 0x13
 1297 009f 00       		.byte	0
 1298 00a0 00       		.byte	0
 1299 00a1 0E       		.uleb128 0xe
 1300 00a2 0F       		.uleb128 0xf
 1301 00a3 00       		.byte	0
 1302 00a4 0B       		.uleb128 0xb
 1303 00a5 0B       		.uleb128 0xb
 1304 00a6 00       		.byte	0
 1305 00a7 00       		.byte	0
 1306 00a8 0F       		.uleb128 0xf
 1307 00a9 13       		.uleb128 0x13
 1308 00aa 01       		.byte	0x1
 1309 00ab 03       		.uleb128 0x3
 1310 00ac 0E       		.uleb128 0xe
ARM GAS  /tmp/cc4Ig2H4.s 			page 24


 1311 00ad 0B       		.uleb128 0xb
 1312 00ae 05       		.uleb128 0x5
 1313 00af 3A       		.uleb128 0x3a
 1314 00b0 0B       		.uleb128 0xb
 1315 00b1 3B       		.uleb128 0x3b
 1316 00b2 05       		.uleb128 0x5
 1317 00b3 01       		.uleb128 0x1
 1318 00b4 13       		.uleb128 0x13
 1319 00b5 00       		.byte	0
 1320 00b6 00       		.byte	0
 1321 00b7 10       		.uleb128 0x10
 1322 00b8 0D       		.uleb128 0xd
 1323 00b9 00       		.byte	0
 1324 00ba 03       		.uleb128 0x3
 1325 00bb 08       		.uleb128 0x8
 1326 00bc 3A       		.uleb128 0x3a
 1327 00bd 0B       		.uleb128 0xb
 1328 00be 3B       		.uleb128 0x3b
 1329 00bf 0B       		.uleb128 0xb
 1330 00c0 49       		.uleb128 0x49
 1331 00c1 13       		.uleb128 0x13
 1332 00c2 38       		.uleb128 0x38
 1333 00c3 0B       		.uleb128 0xb
 1334 00c4 00       		.byte	0
 1335 00c5 00       		.byte	0
 1336 00c6 11       		.uleb128 0x11
 1337 00c7 13       		.uleb128 0x13
 1338 00c8 01       		.byte	0x1
 1339 00c9 0B       		.uleb128 0xb
 1340 00ca 0B       		.uleb128 0xb
 1341 00cb 3A       		.uleb128 0x3a
 1342 00cc 0B       		.uleb128 0xb
 1343 00cd 3B       		.uleb128 0x3b
 1344 00ce 0B       		.uleb128 0xb
 1345 00cf 01       		.uleb128 0x1
 1346 00d0 13       		.uleb128 0x13
 1347 00d1 00       		.byte	0
 1348 00d2 00       		.byte	0
 1349 00d3 12       		.uleb128 0x12
 1350 00d4 17       		.uleb128 0x17
 1351 00d5 01       		.byte	0x1
 1352 00d6 0B       		.uleb128 0xb
 1353 00d7 0B       		.uleb128 0xb
 1354 00d8 3A       		.uleb128 0x3a
 1355 00d9 0B       		.uleb128 0xb
 1356 00da 3B       		.uleb128 0x3b
 1357 00db 0B       		.uleb128 0xb
 1358 00dc 01       		.uleb128 0x1
 1359 00dd 13       		.uleb128 0x13
 1360 00de 00       		.byte	0
 1361 00df 00       		.byte	0
 1362 00e0 13       		.uleb128 0x13
 1363 00e1 0D       		.uleb128 0xd
 1364 00e2 00       		.byte	0
 1365 00e3 03       		.uleb128 0x3
 1366 00e4 0E       		.uleb128 0xe
 1367 00e5 3A       		.uleb128 0x3a
ARM GAS  /tmp/cc4Ig2H4.s 			page 25


 1368 00e6 0B       		.uleb128 0xb
 1369 00e7 3B       		.uleb128 0x3b
 1370 00e8 05       		.uleb128 0x5
 1371 00e9 49       		.uleb128 0x49
 1372 00ea 13       		.uleb128 0x13
 1373 00eb 00       		.byte	0
 1374 00ec 00       		.byte	0
 1375 00ed 14       		.uleb128 0x14
 1376 00ee 26       		.uleb128 0x26
 1377 00ef 00       		.byte	0
 1378 00f0 49       		.uleb128 0x49
 1379 00f1 13       		.uleb128 0x13
 1380 00f2 00       		.byte	0
 1381 00f3 00       		.byte	0
 1382 00f4 15       		.uleb128 0x15
 1383 00f5 01       		.uleb128 0x1
 1384 00f6 01       		.byte	0x1
 1385 00f7 49       		.uleb128 0x49
 1386 00f8 13       		.uleb128 0x13
 1387 00f9 01       		.uleb128 0x1
 1388 00fa 13       		.uleb128 0x13
 1389 00fb 00       		.byte	0
 1390 00fc 00       		.byte	0
 1391 00fd 16       		.uleb128 0x16
 1392 00fe 21       		.uleb128 0x21
 1393 00ff 00       		.byte	0
 1394 0100 49       		.uleb128 0x49
 1395 0101 13       		.uleb128 0x13
 1396 0102 2F       		.uleb128 0x2f
 1397 0103 0B       		.uleb128 0xb
 1398 0104 00       		.byte	0
 1399 0105 00       		.byte	0
 1400 0106 17       		.uleb128 0x17
 1401 0107 2E       		.uleb128 0x2e
 1402 0108 00       		.byte	0
 1403 0109 03       		.uleb128 0x3
 1404 010a 0E       		.uleb128 0xe
 1405 010b 3A       		.uleb128 0x3a
 1406 010c 0B       		.uleb128 0xb
 1407 010d 3B       		.uleb128 0x3b
 1408 010e 05       		.uleb128 0x5
 1409 010f 27       		.uleb128 0x27
 1410 0110 19       		.uleb128 0x19
 1411 0111 20       		.uleb128 0x20
 1412 0112 0B       		.uleb128 0xb
 1413 0113 00       		.byte	0
 1414 0114 00       		.byte	0
 1415 0115 18       		.uleb128 0x18
 1416 0116 2E       		.uleb128 0x2e
 1417 0117 01       		.byte	0x1
 1418 0118 3F       		.uleb128 0x3f
 1419 0119 19       		.uleb128 0x19
 1420 011a 03       		.uleb128 0x3
 1421 011b 0E       		.uleb128 0xe
 1422 011c 3A       		.uleb128 0x3a
 1423 011d 0B       		.uleb128 0xb
 1424 011e 3B       		.uleb128 0x3b
ARM GAS  /tmp/cc4Ig2H4.s 			page 26


 1425 011f 0B       		.uleb128 0xb
 1426 0120 27       		.uleb128 0x27
 1427 0121 19       		.uleb128 0x19
 1428 0122 11       		.uleb128 0x11
 1429 0123 01       		.uleb128 0x1
 1430 0124 12       		.uleb128 0x12
 1431 0125 06       		.uleb128 0x6
 1432 0126 40       		.uleb128 0x40
 1433 0127 18       		.uleb128 0x18
 1434 0128 9742     		.uleb128 0x2117
 1435 012a 19       		.uleb128 0x19
 1436 012b 01       		.uleb128 0x1
 1437 012c 13       		.uleb128 0x13
 1438 012d 00       		.byte	0
 1439 012e 00       		.byte	0
 1440 012f 19       		.uleb128 0x19
 1441 0130 898201   		.uleb128 0x4109
 1442 0133 00       		.byte	0
 1443 0134 11       		.uleb128 0x11
 1444 0135 01       		.uleb128 0x1
 1445 0136 31       		.uleb128 0x31
 1446 0137 13       		.uleb128 0x13
 1447 0138 00       		.byte	0
 1448 0139 00       		.byte	0
 1449 013a 1A       		.uleb128 0x1a
 1450 013b 898201   		.uleb128 0x4109
 1451 013e 00       		.byte	0
 1452 013f 11       		.uleb128 0x11
 1453 0140 01       		.uleb128 0x1
 1454 0141 9542     		.uleb128 0x2115
 1455 0143 19       		.uleb128 0x19
 1456 0144 31       		.uleb128 0x31
 1457 0145 13       		.uleb128 0x13
 1458 0146 00       		.byte	0
 1459 0147 00       		.byte	0
 1460 0148 1B       		.uleb128 0x1b
 1461 0149 34       		.uleb128 0x34
 1462 014a 00       		.byte	0
 1463 014b 03       		.uleb128 0x3
 1464 014c 0E       		.uleb128 0xe
 1465 014d 3A       		.uleb128 0x3a
 1466 014e 0B       		.uleb128 0xb
 1467 014f 3B       		.uleb128 0x3b
 1468 0150 05       		.uleb128 0x5
 1469 0151 49       		.uleb128 0x49
 1470 0152 13       		.uleb128 0x13
 1471 0153 3F       		.uleb128 0x3f
 1472 0154 19       		.uleb128 0x19
 1473 0155 3C       		.uleb128 0x3c
 1474 0156 19       		.uleb128 0x19
 1475 0157 00       		.byte	0
 1476 0158 00       		.byte	0
 1477 0159 1C       		.uleb128 0x1c
 1478 015a 34       		.uleb128 0x34
 1479 015b 00       		.byte	0
 1480 015c 03       		.uleb128 0x3
 1481 015d 08       		.uleb128 0x8
ARM GAS  /tmp/cc4Ig2H4.s 			page 27


 1482 015e 3A       		.uleb128 0x3a
 1483 015f 0B       		.uleb128 0xb
 1484 0160 3B       		.uleb128 0x3b
 1485 0161 05       		.uleb128 0x5
 1486 0162 49       		.uleb128 0x49
 1487 0163 13       		.uleb128 0x13
 1488 0164 3F       		.uleb128 0x3f
 1489 0165 19       		.uleb128 0x19
 1490 0166 3C       		.uleb128 0x3c
 1491 0167 19       		.uleb128 0x19
 1492 0168 00       		.byte	0
 1493 0169 00       		.byte	0
 1494 016a 1D       		.uleb128 0x1d
 1495 016b 2E       		.uleb128 0x2e
 1496 016c 00       		.byte	0
 1497 016d 3F       		.uleb128 0x3f
 1498 016e 19       		.uleb128 0x19
 1499 016f 3C       		.uleb128 0x3c
 1500 0170 19       		.uleb128 0x19
 1501 0171 6E       		.uleb128 0x6e
 1502 0172 0E       		.uleb128 0xe
 1503 0173 03       		.uleb128 0x3
 1504 0174 0E       		.uleb128 0xe
 1505 0175 3A       		.uleb128 0x3a
 1506 0176 0B       		.uleb128 0xb
 1507 0177 3B       		.uleb128 0x3b
 1508 0178 05       		.uleb128 0x5
 1509 0179 00       		.byte	0
 1510 017a 00       		.byte	0
 1511 017b 1E       		.uleb128 0x1e
 1512 017c 2E       		.uleb128 0x2e
 1513 017d 00       		.byte	0
 1514 017e 3F       		.uleb128 0x3f
 1515 017f 19       		.uleb128 0x19
 1516 0180 3C       		.uleb128 0x3c
 1517 0181 19       		.uleb128 0x19
 1518 0182 6E       		.uleb128 0x6e
 1519 0183 0E       		.uleb128 0xe
 1520 0184 03       		.uleb128 0x3
 1521 0185 0E       		.uleb128 0xe
 1522 0186 3A       		.uleb128 0x3a
 1523 0187 0B       		.uleb128 0xb
 1524 0188 3B       		.uleb128 0x3b
 1525 0189 0B       		.uleb128 0xb
 1526 018a 00       		.byte	0
 1527 018b 00       		.byte	0
 1528 018c 00       		.byte	0
 1529              		.section	.debug_aranges,"",%progbits
 1530 0000 1C000000 		.4byte	0x1c
 1531 0004 0200     		.2byte	0x2
 1532 0006 00000000 		.4byte	.Ldebug_info0
 1533 000a 04       		.byte	0x4
 1534 000b 00       		.byte	0
 1535 000c 0000     		.2byte	0
 1536 000e 0000     		.2byte	0
 1537 0010 00000000 		.4byte	.LFB260
 1538 0014 28000000 		.4byte	.LFE260-.LFB260
ARM GAS  /tmp/cc4Ig2H4.s 			page 28


 1539 0018 00000000 		.4byte	0
 1540 001c 00000000 		.4byte	0
 1541              		.section	.debug_ranges,"",%progbits
 1542              	.Ldebug_ranges0:
 1543 0000 00000000 		.4byte	.LFB260
 1544 0004 28000000 		.4byte	.LFE260
 1545 0008 00000000 		.4byte	0
 1546 000c 00000000 		.4byte	0
 1547              		.section	.debug_line,"",%progbits
 1548              	.Ldebug_line0:
 1549 0000 85020000 		.section	.debug_str,"MS",%progbits,1
 1549      02006002 
 1549      00000201 
 1549      FB0E0D00 
 1549      01010101 
 1550              	.LASF109:
 1551 0000 73746D33 		.ascii	"stm32_gpio_setup_t\000"
 1551      325F6770 
 1551      696F5F73 
 1551      65747570 
 1551      5F7400
 1552              	.LASF51:
 1553 0013 72656164 		.ascii	"ready_list_t\000"
 1553      795F6C69 
 1553      73745F74 
 1553      00
 1554              	.LASF125:
 1555 0020 7374496E 		.ascii	"stInit\000"
 1555      697400
 1556              	.LASF89:
 1557 0027 77747472 		.ascii	"wttrp\000"
 1557      7000
 1558              	.LASF86:
 1559 002d 7264796D 		.ascii	"rdymsg\000"
 1559      736700
 1560              	.LASF17:
 1561 0034 75696E74 		.ascii	"uint64_t\000"
 1561      36345F74 
 1561      00
 1562              	.LASF7:
 1563 003d 5F5F7569 		.ascii	"__uint8_t\000"
 1563      6E74385F 
 1563      7400
 1564              	.LASF83:
 1565 0047 706F7274 		.ascii	"port_intctx\000"
 1565      5F696E74 
 1565      63747800 
 1566              	.LASF70:
 1567 0053 73797374 		.ascii	"system_debug_t\000"
 1567      656D5F64 
 1567      65627567 
 1567      5F7400
 1568              	.LASF115:
 1569 0062 50484461 		.ascii	"PHData\000"
 1569      746100
 1570              	.LASF13:
 1571 0069 6C6F6E67 		.ascii	"long long unsigned int\000"
ARM GAS  /tmp/cc4Ig2H4.s 			page 29


 1571      206C6F6E 
 1571      6720756E 
 1571      7369676E 
 1571      65642069 
 1572              	.LASF106:
 1573 0080 70757064 		.ascii	"pupdr\000"
 1573      7200
 1574              	.LASF87:
 1575 0086 65786974 		.ascii	"exitcode\000"
 1575      636F6465 
 1575      00
 1576              	.LASF77:
 1577 008f 6D61696E 		.ascii	"mainthread\000"
 1577      74687265 
 1577      616400
 1578              	.LASF67:
 1579 009a 76697274 		.ascii	"virtual_timers_list_t\000"
 1579      75616C5F 
 1579      74696D65 
 1579      72735F6C 
 1579      6973745F 
 1580              	.LASF117:
 1581 00b0 49544D5F 		.ascii	"ITM_RxBuffer\000"
 1581      52784275 
 1581      66666572 
 1581      00
 1582              	.LASF50:
 1583 00bd 63685F74 		.ascii	"ch_threads_queue\000"
 1583      68726561 
 1583      64735F71 
 1583      75657565 
 1583      00
 1584              	.LASF30:
 1585 00ce 705F7072 		.ascii	"p_prio\000"
 1585      696F00
 1586              	.LASF1:
 1587 00d5 6C6F6E67 		.ascii	"long long int\000"
 1587      206C6F6E 
 1587      6720696E 
 1587      7400
 1588              	.LASF3:
 1589 00e3 7369676E 		.ascii	"signed char\000"
 1589      65642063 
 1589      68617200 
 1590              	.LASF123:
 1591 00ef 75617274 		.ascii	"uartInit\000"
 1591      496E6974 
 1591      00
 1592              	.LASF44:
 1593 00f8 705F6D70 		.ascii	"p_mpool\000"
 1593      6F6F6C00 
 1594              	.LASF97:
 1595 0100 6D5F7175 		.ascii	"m_queue\000"
 1595      65756500 
 1596              	.LASF103:
 1597 0108 6D6F6465 		.ascii	"moder\000"
 1597      7200
ARM GAS  /tmp/cc4Ig2H4.s 			page 30


 1598              	.LASF74:
 1599 010e 63685F73 		.ascii	"ch_system\000"
 1599      79737465 
 1599      6D00
 1600              	.LASF9:
 1601 0118 6C6F6E67 		.ascii	"long int\000"
 1601      20696E74 
 1601      00
 1602              	.LASF114:
 1603 0121 50454461 		.ascii	"PEData\000"
 1603      746100
 1604              	.LASF20:
 1605 0128 74737461 		.ascii	"tstate_t\000"
 1605      74655F74 
 1605      00
 1606              	.LASF32:
 1607 0131 705F6E65 		.ascii	"p_newer\000"
 1607      77657200 
 1608              	.LASF94:
 1609 0139 735F7175 		.ascii	"s_queue\000"
 1609      65756500 
 1610              	.LASF56:
 1611 0141 725F6E65 		.ascii	"r_newer\000"
 1611      77657200 
 1612              	.LASF80:
 1613 0149 72656761 		.ascii	"regarm_t\000"
 1613      726D5F74 
 1613      00
 1614              	.LASF63:
 1615 0152 76745F70 		.ascii	"vt_prev\000"
 1615      72657600 
 1616              	.LASF76:
 1617 015a 76746C69 		.ascii	"vtlist\000"
 1617      737400
 1618              	.LASF101:
 1619 0161 6D757465 		.ascii	"mutex_t\000"
 1619      785F7400 
 1620              	.LASF111:
 1621 0169 50424461 		.ascii	"PBData\000"
 1621      746100
 1622              	.LASF78:
 1623 0170 69646C65 		.ascii	"idle_thread_wa\000"
 1623      5F746872 
 1623      6561645F 
 1623      776100
 1624              	.LASF25:
 1625 017f 636E745F 		.ascii	"cnt_t\000"
 1625      7400
 1626              	.LASF0:
 1627 0185 756E7369 		.ascii	"unsigned int\000"
 1627      676E6564 
 1627      20696E74 
 1627      00
 1628              	.LASF62:
 1629 0192 76745F6E 		.ascii	"vt_next\000"
 1629      65787400 
 1630              	.LASF90:
ARM GAS  /tmp/cc4Ig2H4.s 			page 31


 1631 019a 77747365 		.ascii	"wtsemp\000"
 1631      6D7000
 1632              	.LASF64:
 1633 01a1 76745F64 		.ascii	"vt_delta\000"
 1633      656C7461 
 1633      00
 1634              	.LASF39:
 1635 01aa 705F6D73 		.ascii	"p_msgqueue\000"
 1635      67717565 
 1635      756500
 1636              	.LASF130:
 1637 01b5 68616C49 		.ascii	"halInit\000"
 1637      6E697400 
 1638              	.LASF105:
 1639 01bd 6F737065 		.ascii	"ospeedr\000"
 1639      65647200 
 1640              	.LASF104:
 1641 01c5 6F747970 		.ascii	"otyper\000"
 1641      657200
 1642              	.LASF6:
 1643 01cc 73686F72 		.ascii	"short unsigned int\000"
 1643      7420756E 
 1643      7369676E 
 1643      65642069 
 1643      6E7400
 1644              	.LASF47:
 1645 01df 63685F74 		.ascii	"ch_thread\000"
 1645      68726561 
 1645      6400
 1646              	.LASF23:
 1647 01e9 6D73675F 		.ascii	"msg_t\000"
 1647      7400
 1648              	.LASF73:
 1649 01ef 63685F73 		.ascii	"ch_system_t\000"
 1649      79737465 
 1649      6D5F7400 
 1650              	.LASF19:
 1651 01fb 746D6F64 		.ascii	"tmode_t\000"
 1651      655F7400 
 1652              	.LASF52:
 1653 0203 63685F72 		.ascii	"ch_ready_list\000"
 1653      65616479 
 1653      5F6C6973 
 1653      7400
 1654              	.LASF24:
 1655 0211 6576656E 		.ascii	"eventmask_t\000"
 1655      746D6173 
 1655      6B5F7400 
 1656              	.LASF8:
 1657 021d 5F5F696E 		.ascii	"__int32_t\000"
 1657      7433325F 
 1657      7400
 1658              	.LASF121:
 1659 0227 61646349 		.ascii	"adcInit\000"
 1659      6E697400 
 1660              	.LASF81:
 1661 022f 73746B61 		.ascii	"stkalign_t\000"
ARM GAS  /tmp/cc4Ig2H4.s 			page 32


 1661      6C69676E 
 1661      5F7400
 1662              	.LASF126:
 1663 023a 474E5520 		.ascii	"GNU C11 5.2.0 -mcpu=cortex-m4 -mfloat-abi=hard -mfp"
 1663      43313120 
 1663      352E322E 
 1663      30202D6D 
 1663      6370753D 
 1664 026d 753D6670 		.ascii	"u=fpv4-sp-d16 -mno-thumb-interwork -mthumb -ggdb -O"
 1664      76342D73 
 1664      702D6431 
 1664      36202D6D 
 1664      6E6F2D74 
 1665 02a0 32202D66 		.ascii	"2 -fomit-frame-pointer -falign-functions=16 -ffunct"
 1665      6F6D6974 
 1665      2D667261 
 1665      6D652D70 
 1665      6F696E74 
 1666 02d3 696F6E2D 		.ascii	"ion-sections -fdata-sections -fno-common -fsingle-p"
 1666      73656374 
 1666      696F6E73 
 1666      202D6664 
 1666      6174612D 
 1667 0306 72656369 		.ascii	"recision-constant\000"
 1667      73696F6E 
 1667      2D636F6E 
 1667      7374616E 
 1667      7400
 1668              	.LASF38:
 1669 0318 705F7761 		.ascii	"p_waiting\000"
 1669      6974696E 
 1669      6700
 1670              	.LASF128:
 1671 0322 2F686F6D 		.ascii	"/home/sssilvar/Documents/embebidos/ChibiOS/iflab/pr"
 1671      652F7373 
 1671      73696C76 
 1671      61722F44 
 1671      6F63756D 
 1672 0355 6F6A6563 		.ascii	"ojects/UART_ADC\000"
 1672      74732F55 
 1672      4152545F 
 1672      41444300 
 1673              	.LASF79:
 1674 0365 73697A65 		.ascii	"sizetype\000"
 1674      74797065 
 1674      00
 1675              	.LASF45:
 1676 036e 74687265 		.ascii	"thread_reference_t\000"
 1676      61645F72 
 1676      65666572 
 1676      656E6365 
 1676      5F7400
 1677              	.LASF68:
 1678 0381 63685F76 		.ascii	"ch_virtual_timers_list\000"
 1678      69727475 
 1678      616C5F74 
 1678      696D6572 
ARM GAS  /tmp/cc4Ig2H4.s 			page 33


 1678      735F6C69 
 1679              	.LASF2:
 1680 0398 6C6F6E67 		.ascii	"long double\000"
 1680      20646F75 
 1680      626C6500 
 1681              	.LASF69:
 1682 03a4 76745F6C 		.ascii	"vt_lasttime\000"
 1682      61737474 
 1682      696D6500 
 1683              	.LASF33:
 1684 03b0 705F6F6C 		.ascii	"p_older\000"
 1684      64657200 
 1685              	.LASF55:
 1686 03b8 725F6374 		.ascii	"r_ctx\000"
 1686      7800
 1687              	.LASF85:
 1688 03be 746D5F63 		.ascii	"tm_calibration_t\000"
 1688      616C6962 
 1688      72617469 
 1688      6F6E5F74 
 1688      00
 1689              	.LASF108:
 1690 03cf 61667268 		.ascii	"afrh\000"
 1690      00
 1691              	.LASF113:
 1692 03d4 50444461 		.ascii	"PDData\000"
 1692      746100
 1693              	.LASF58:
 1694 03db 725F6375 		.ascii	"r_current\000"
 1694      7272656E 
 1694      7400
 1695              	.LASF57:
 1696 03e5 725F6F6C 		.ascii	"r_older\000"
 1696      64657200 
 1697              	.LASF12:
 1698 03ed 5F5F7569 		.ascii	"__uint64_t\000"
 1698      6E743634 
 1698      5F7400
 1699              	.LASF21:
 1700 03f8 74726566 		.ascii	"trefs_t\000"
 1700      735F7400 
 1701              	.LASF60:
 1702 0400 76697274 		.ascii	"virtual_timer_t\000"
 1702      75616C5F 
 1702      74696D65 
 1702      725F7400 
 1703              	.LASF29:
 1704 0410 705F7072 		.ascii	"p_prev\000"
 1704      657600
 1705              	.LASF129:
 1706 0417 6F73616C 		.ascii	"osalInit\000"
 1706      496E6974 
 1706      00
 1707              	.LASF22:
 1708 0420 74707269 		.ascii	"tprio_t\000"
 1708      6F5F7400 
 1709              	.LASF71:
ARM GAS  /tmp/cc4Ig2H4.s 			page 34


 1710 0428 63685F73 		.ascii	"ch_system_debug\000"
 1710      79737465 
 1710      6D5F6465 
 1710      62756700 
 1711              	.LASF102:
 1712 0438 5F426F6F 		.ascii	"_Bool\000"
 1712      6C00
 1713              	.LASF15:
 1714 043e 696E7433 		.ascii	"int32_t\000"
 1714      325F7400 
 1715              	.LASF4:
 1716 0446 756E7369 		.ascii	"unsigned char\000"
 1716      676E6564 
 1716      20636861 
 1716      7200
 1717              	.LASF107:
 1718 0454 6166726C 		.ascii	"afrl\000"
 1718      00
 1719              	.LASF95:
 1720 0459 735F636E 		.ascii	"s_cnt\000"
 1720      7400
 1721              	.LASF42:
 1722 045f 705F6D74 		.ascii	"p_mtxlist\000"
 1722      786C6973 
 1722      7400
 1723              	.LASF5:
 1724 0469 73686F72 		.ascii	"short int\000"
 1724      7420696E 
 1724      7400
 1725              	.LASF35:
 1726 0473 705F7374 		.ascii	"p_state\000"
 1726      61746500 
 1727              	.LASF124:
 1728 047b 626F6172 		.ascii	"boardInit\000"
 1728      64496E69 
 1728      7400
 1729              	.LASF54:
 1730 0485 725F7072 		.ascii	"r_prio\000"
 1730      696F00
 1731              	.LASF110:
 1732 048c 50414461 		.ascii	"PAData\000"
 1732      746100
 1733              	.LASF92:
 1734 0493 65776D61 		.ascii	"ewmask\000"
 1734      736B00
 1735              	.LASF28:
 1736 049a 705F6E65 		.ascii	"p_next\000"
 1736      787400
 1737              	.LASF36:
 1738 04a1 705F666C 		.ascii	"p_flags\000"
 1738      61677300 
 1739              	.LASF61:
 1740 04a9 63685F76 		.ascii	"ch_virtual_timer\000"
 1740      69727475 
 1740      616C5F74 
 1740      696D6572 
 1740      00
ARM GAS  /tmp/cc4Ig2H4.s 			page 35


 1741              	.LASF93:
 1742 04ba 63685F73 		.ascii	"ch_semaphore\000"
 1742      656D6170 
 1742      686F7265 
 1742      00
 1743              	.LASF41:
 1744 04c7 705F6570 		.ascii	"p_epending\000"
 1744      656E6469 
 1744      6E6700
 1745              	.LASF127:
 1746 04d2 2E2E2F2E 		.ascii	"../../os/hal/src/hal.c\000"
 1746      2E2F6F73 
 1746      2F68616C 
 1746      2F737263 
 1746      2F68616C 
 1747              	.LASF16:
 1748 04e9 75696E74 		.ascii	"uint32_t\000"
 1748      33325F74 
 1748      00
 1749              	.LASF91:
 1750 04f2 77746D74 		.ascii	"wtmtxp\000"
 1750      787000
 1751              	.LASF53:
 1752 04f9 725F7175 		.ascii	"r_queue\000"
 1752      65756500 
 1753              	.LASF48:
 1754 0501 63685F74 		.ascii	"ch_threads_list\000"
 1754      68726561 
 1754      64735F6C 
 1754      69737400 
 1755              	.LASF11:
 1756 0511 6C6F6E67 		.ascii	"long unsigned int\000"
 1756      20756E73 
 1756      69676E65 
 1756      6420696E 
 1756      7400
 1757              	.LASF100:
 1758 0523 63686172 		.ascii	"char\000"
 1758      00
 1759              	.LASF27:
 1760 0528 74687265 		.ascii	"thread_t\000"
 1760      61645F74 
 1760      00
 1761              	.LASF99:
 1762 0531 6D5F6E65 		.ascii	"m_next\000"
 1762      787400
 1763              	.LASF26:
 1764 0538 73797374 		.ascii	"systime_t\000"
 1764      696D655F 
 1764      7400
 1765              	.LASF43:
 1766 0542 705F7265 		.ascii	"p_realprio\000"
 1766      616C7072 
 1766      696F00
 1767              	.LASF59:
 1768 054d 76746675 		.ascii	"vtfunc_t\000"
 1768      6E635F74 
ARM GAS  /tmp/cc4Ig2H4.s 			page 36


 1768      00
 1769              	.LASF10:
 1770 0556 5F5F7569 		.ascii	"__uint32_t\000"
 1770      6E743332 
 1770      5F7400
 1771              	.LASF72:
 1772 0561 70616E69 		.ascii	"panic_msg\000"
 1772      635F6D73 
 1772      6700
 1773              	.LASF84:
 1774 056b 6F666673 		.ascii	"offset\000"
 1774      657400
 1775              	.LASF82:
 1776 0572 636F6E74 		.ascii	"context\000"
 1776      65787400 
 1777              	.LASF119:
 1778 057a 68616C5F 		.ascii	"hal_lld_init\000"
 1778      6C6C645F 
 1778      696E6974 
 1778      00
 1779              	.LASF18:
 1780 0587 7274636E 		.ascii	"rtcnt_t\000"
 1780      745F7400 
 1781              	.LASF66:
 1782 058f 76745F70 		.ascii	"vt_par\000"
 1782      617200
 1783              	.LASF49:
 1784 0596 74687265 		.ascii	"threads_queue_t\000"
 1784      6164735F 
 1784      71756575 
 1784      655F7400 
 1785              	.LASF96:
 1786 05a6 63685F6D 		.ascii	"ch_mutex\000"
 1786      75746578 
 1786      00
 1787              	.LASF37:
 1788 05af 705F7265 		.ascii	"p_refs\000"
 1788      667300
 1789              	.LASF120:
 1790 05b6 5F70616C 		.ascii	"_pal_lld_init\000"
 1790      5F6C6C64 
 1790      5F696E69 
 1790      7400
 1791              	.LASF75:
 1792 05c4 726C6973 		.ascii	"rlist\000"
 1792      7400
 1793              	.LASF14:
 1794 05ca 75696E74 		.ascii	"uint8_t\000"
 1794      385F7400 
 1795              	.LASF88:
 1796 05d2 77746F62 		.ascii	"wtobjp\000"
 1796      6A7000
 1797              	.LASF34:
 1798 05d9 705F6E61 		.ascii	"p_name\000"
 1798      6D6500
 1799              	.LASF112:
 1800 05e0 50434461 		.ascii	"PCData\000"
ARM GAS  /tmp/cc4Ig2H4.s 			page 37


 1800      746100
 1801              	.LASF46:
 1802 05e7 74687265 		.ascii	"threads_list_t\000"
 1802      6164735F 
 1802      6C697374 
 1802      5F7400
 1803              	.LASF40:
 1804 05f6 705F6D73 		.ascii	"p_msg\000"
 1804      6700
 1805              	.LASF122:
 1806 05fc 7364496E 		.ascii	"sdInit\000"
 1806      697400
 1807              	.LASF116:
 1808 0603 50414C43 		.ascii	"PALConfig\000"
 1808      6F6E6669 
 1808      6700
 1809              	.LASF98:
 1810 060d 6D5F6F77 		.ascii	"m_owner\000"
 1810      6E657200 
 1811              	.LASF118:
 1812 0615 70616C5F 		.ascii	"pal_default_config\000"
 1812      64656661 
 1812      756C745F 
 1812      636F6E66 
 1812      696700
 1813              	.LASF31:
 1814 0628 705F6374 		.ascii	"p_ctx\000"
 1814      7800
 1815              	.LASF65:
 1816 062e 76745F66 		.ascii	"vt_func\000"
 1816      756E6300 
 1817              		.ident	"GCC: (Fedora 5.2.0-2.fc22) 5.2.0"
ARM GAS  /tmp/cc4Ig2H4.s 			page 38


DEFINED SYMBOLS
                            *ABS*:0000000000000000 hal.c
     /tmp/cc4Ig2H4.s:22     .text.halInit:0000000000000000 $t
     /tmp/cc4Ig2H4.s:28     .text.halInit:0000000000000000 halInit
     /tmp/cc4Ig2H4.s:69     .text.halInit:0000000000000024 $d
                     .debug_frame:0000000000000010 $d
     /tmp/cc4Ig2H4.s:73     .text.halInit:0000000000000028 $t

UNDEFINED SYMBOLS
hal_lld_init
_pal_lld_init
adcInit
sdInit
uartInit
boardInit
stInit
pal_default_config
