ARM GAS  /tmp/cc4AXeiK.s 			page 1


   1              		.syntax unified
   2              		.cpu cortex-m4
   3              		.eabi_attribute 27, 1
   4              		.eabi_attribute 28, 1
   5              		.fpu fpv4-sp-d16
   6              		.eabi_attribute 20, 1
   7              		.eabi_attribute 21, 1
   8              		.eabi_attribute 23, 3
   9              		.eabi_attribute 24, 1
  10              		.eabi_attribute 25, 1
  11              		.eabi_attribute 26, 1
  12              		.eabi_attribute 30, 2
  13              		.eabi_attribute 34, 1
  14              		.eabi_attribute 18, 4
  15              		.thumb
  16              		.syntax unified
  17              		.file	"hal_lld.c"
  18              		.text
  19              	.Ltext0:
  20              		.cfi_sections	.debug_frame
  21              		.section	.text.hal_lld_init,"ax",%progbits
  22              		.align	2
  23              		.p2align 4,,15
  24              		.global	hal_lld_init
  25              		.thumb
  26              		.thumb_func
  27              		.type	hal_lld_init, %function
  28              	hal_lld_init:
  29              	.LFB261:
  30              		.file 1 "../../os/hal/ports/STM32/STM32F4xx/hal_lld.c"
  31              		.loc 1 114 0
  32              		.cfi_startproc
  33              		@ args = 0, pretend = 0, frame = 0
  34              		@ frame_needed = 0, uses_anonymous_args = 0
  35              		@ link register save eliminated.
  36              		.loc 1 118 0
  37 0000 164B     		ldr	r3, .L8
  38 0002 4FF0FF31 		mov	r1, #-1
  39 0006 1A69     		ldr	r2, [r3, #16]
  40 0008 0022     		movs	r2, #0
  41              		.loc 1 114 0
  42 000a 10B4     		push	{r4}
  43              		.cfi_def_cfa_offset 4
  44              		.cfi_offset 4, -4
  45              		.loc 1 118 0
  46 000c 1961     		str	r1, [r3, #16]
  47 000e 1A61     		str	r2, [r3, #16]
  48              		.loc 1 119 0
  49 0010 5869     		ldr	r0, [r3, #20]
  50 0012 5961     		str	r1, [r3, #20]
  51 0014 5A61     		str	r2, [r3, #20]
  52              		.loc 1 120 0
  53 0016 186A     		ldr	r0, [r3, #32]
  54              	.LBB4:
  55              	.LBB5:
  56              		.loc 1 57 0
  57 0018 114C     		ldr	r4, .L8+4
ARM GAS  /tmp/cc4AXeiK.s 			page 2


  58              	.LBE5:
  59              	.LBE4:
  60              		.loc 1 120 0
  61 001a 60F08050 		orn	r0, r0, #268435456
  62 001e 1862     		str	r0, [r3, #32]
  63 0020 1A62     		str	r2, [r3, #32]
  64              		.loc 1 121 0
  65 0022 586A     		ldr	r0, [r3, #36]
  66 0024 5962     		str	r1, [r3, #36]
  67 0026 5A62     		str	r2, [r3, #36]
  68              		.loc 1 124 0
  69 0028 196C     		ldr	r1, [r3, #64]
  70 002a 41F08051 		orr	r1, r1, #268435456
  71 002e 1964     		str	r1, [r3, #64]
  72              	.LBB8:
  73              	.LBB6:
  74              		.loc 1 57 0
  75 0030 2168     		ldr	r1, [r4]
  76 0032 41F48071 		orr	r1, r1, #256
  77 0036 2160     		str	r1, [r4]
  78              		.loc 1 60 0
  79 0038 196F     		ldr	r1, [r3, #112]
  80 003a 01F44071 		and	r1, r1, #768
  81 003e B1F5007F 		cmp	r1, #512
  82 0042 03D0     		beq	.L2
  83              		.loc 1 62 0
  84 0044 4FF48031 		mov	r1, #65536
  85 0048 1967     		str	r1, [r3, #112]
  86              		.loc 1 63 0
  87 004a 1A67     		str	r2, [r3, #112]
  88              	.L2:
  89              		.loc 1 97 0
  90 004c 044A     		ldr	r2, .L8+4
  91              	.LBE6:
  92              	.LBE8:
  93              		.loc 1 137 0
  94 004e 5DF8044B 		ldr	r4, [sp], #4
  95              		.cfi_restore 4
  96              		.cfi_def_cfa_offset 0
  97              	.LBB9:
  98              	.LBB7:
  99              		.loc 1 97 0
 100 0052 5368     		ldr	r3, [r2, #4]
 101 0054 23F40073 		bic	r3, r3, #512
 102 0058 5360     		str	r3, [r2, #4]
 103              	.LBE7:
 104              	.LBE9:
 105              		.loc 1 137 0
 106 005a 7047     		bx	lr
 107              	.L9:
 108              		.align	2
 109              	.L8:
 110 005c 00380240 		.word	1073887232
 111 0060 00700040 		.word	1073770496
 112              		.cfi_endproc
 113              	.LFE261:
 114              		.size	hal_lld_init, .-hal_lld_init
ARM GAS  /tmp/cc4AXeiK.s 			page 3


 115 0064 AFF30080 		.section	.text.stm32_clock_init,"ax",%progbits
 115      AFF30080 
 115      AFF30080 
 116              		.align	2
 117              		.p2align 4,,15
 118              		.global	stm32_clock_init
 119              		.thumb
 120              		.thumb_func
 121              		.type	stm32_clock_init, %function
 122              	stm32_clock_init:
 123              	.LFB262:
 124              		.loc 1 146 0
 125              		.cfi_startproc
 126              		@ args = 0, pretend = 0, frame = 0
 127              		@ frame_needed = 0, uses_anonymous_args = 0
 128              		@ link register save eliminated.
 129              		.loc 1 150 0
 130 0000 2C49     		ldr	r1, .L31
 131              		.loc 1 154 0
 132 0002 2D4B     		ldr	r3, .L31+4
 133              		.loc 1 150 0
 134 0004 4FF08050 		mov	r0, #268435456
 135              		.loc 1 154 0
 136 0008 4FF40042 		mov	r2, #32768
 137              		.loc 1 150 0
 138 000c 0864     		str	r0, [r1, #64]
 139              		.loc 1 154 0
 140 000e 1A60     		str	r2, [r3]
 141              		.loc 1 161 0
 142 0010 0B68     		ldr	r3, [r1]
 143 0012 43F00103 		orr	r3, r3, #1
 144 0016 0B60     		str	r3, [r1]
 145              	.L11:
 146              		.loc 1 162 0 discriminator 1
 147 0018 0A68     		ldr	r2, [r1]
 148 001a 264B     		ldr	r3, .L31
 149 001c 9007     		lsls	r0, r2, #30
 150 001e FBD5     		bpl	.L11
 151              		.loc 1 168 0
 152 0020 9A68     		ldr	r2, [r3, #8]
 153 0022 22F00302 		bic	r2, r2, #3
 154 0026 9A60     		str	r2, [r3, #8]
 155              		.loc 1 169 0
 156 0028 9A68     		ldr	r2, [r3, #8]
 157 002a 9A60     		str	r2, [r3, #8]
 158              		.loc 1 170 0
 159 002c 1946     		mov	r1, r3
 160              	.L12:
 161              		.loc 1 170 0 is_stmt 0 discriminator 1
 162 002e 8B68     		ldr	r3, [r1, #8]
 163 0030 204A     		ldr	r2, .L31
 164 0032 13F00C03 		ands	r3, r3, #12
 165 0036 FAD1     		bne	.L12
 166              		.loc 1 174 0 is_stmt 1
 167 0038 1168     		ldr	r1, [r2]
 168 003a 01F0F901 		and	r1, r1, #249
 169 003e 1160     		str	r1, [r2]
ARM GAS  /tmp/cc4AXeiK.s 			page 4


 170              		.loc 1 175 0
 171 0040 9360     		str	r3, [r2, #8]
 172              		.loc 1 184 0
 173 0042 1368     		ldr	r3, [r2]
 174 0044 43F48033 		orr	r3, r3, #65536
 175 0048 1360     		str	r3, [r2]
 176              	.L13:
 177              		.loc 1 186 0 discriminator 1
 178 004a 1168     		ldr	r1, [r2]
 179 004c 194B     		ldr	r3, .L31
 180 004e 8903     		lsls	r1, r1, #14
 181 0050 FBD5     		bpl	.L13
 182              		.loc 1 192 0
 183 0052 5A6F     		ldr	r2, [r3, #116]
 184 0054 42F00102 		orr	r2, r2, #1
 185 0058 5A67     		str	r2, [r3, #116]
 186              	.L14:
 187              		.loc 1 193 0 discriminator 1
 188 005a 5A6F     		ldr	r2, [r3, #116]
 189 005c 1549     		ldr	r1, .L31
 190 005e 9007     		lsls	r0, r2, #30
 191 0060 FBD5     		bpl	.L14
 192              		.loc 1 199 0
 193 0062 164B     		ldr	r3, .L31+8
 194 0064 4B60     		str	r3, [r1, #4]
 195              		.loc 1 201 0
 196 0066 0B68     		ldr	r3, [r1]
 197              		.loc 1 205 0
 198 0068 134A     		ldr	r2, .L31+4
 199              		.loc 1 201 0
 200 006a 43F08073 		orr	r3, r3, #16777216
 201 006e 0B60     		str	r3, [r1]
 202              	.L15:
 203              		.loc 1 205 0 discriminator 1
 204 0070 5368     		ldr	r3, [r2, #4]
 205 0072 5904     		lsls	r1, r3, #17
 206 0074 FCD5     		bpl	.L15
 207              		.loc 1 221 0 discriminator 1
 208 0076 0F49     		ldr	r1, .L31
 209              	.L25:
 210 0078 0A68     		ldr	r2, [r1]
 211 007a 0E4B     		ldr	r3, .L31
 212 007c 9201     		lsls	r2, r2, #6
 213 007e FBD5     		bpl	.L25
 214              		.loc 1 260 0
 215 0080 0F4A     		ldr	r2, .L31+12
 216              		.loc 1 247 0
 217 0082 1049     		ldr	r1, .L31+16
 218 0084 9960     		str	r1, [r3, #8]
 219              		.loc 1 260 0
 220 0086 40F20271 		movw	r1, #1794
 221 008a 1160     		str	r1, [r2]
 222              		.loc 1 266 0
 223 008c 9A68     		ldr	r2, [r3, #8]
 224 008e 42F00202 		orr	r2, r2, #2
 225 0092 9A60     		str	r2, [r3, #8]
 226              		.loc 1 267 0
ARM GAS  /tmp/cc4AXeiK.s 			page 5


 227 0094 1A46     		mov	r2, r3
 228              	.L17:
 229              		.loc 1 267 0 is_stmt 0 discriminator 1
 230 0096 9368     		ldr	r3, [r2, #8]
 231 0098 0649     		ldr	r1, .L31
 232 009a 03F00C03 		and	r3, r3, #12
 233 009e 082B     		cmp	r3, #8
 234 00a0 F9D1     		bne	.L17
 235              		.loc 1 274 0 is_stmt 1
 236 00a2 4B6C     		ldr	r3, [r1, #68]
 237 00a4 43F48043 		orr	r3, r3, #16384
 238 00a8 4B64     		str	r3, [r1, #68]
 239 00aa 4B6E     		ldr	r3, [r1, #100]
 240 00ac 43F48043 		orr	r3, r3, #16384
 241 00b0 4B66     		str	r3, [r1, #100]
 242 00b2 7047     		bx	lr
 243              	.L32:
 244              		.align	2
 245              	.L31:
 246 00b4 00380240 		.word	1073887232
 247 00b8 00700040 		.word	1073770496
 248 00bc 0C544107 		.word	121721868
 249 00c0 003C0240 		.word	1073888256
 250 00c4 00100838 		.word	940052480
 251              		.cfi_endproc
 252              	.LFE262:
 253              		.size	stm32_clock_init, .-stm32_clock_init
 254              		.global	SystemCoreClock
 255 00c8 AFF30080 		.section	.data.SystemCoreClock,"aw",%progbits
 255      AFF30080 
 256              		.align	2
 257              		.type	SystemCoreClock, %object
 258              		.size	SystemCoreClock, 4
 259              	SystemCoreClock:
 260 0000 00BD0105 		.word	84000000
 261              		.text
 262              	.Letext0:
 263              		.file 2 "/usr/lib/gcc/arm-none-eabi/5.2.0/include/stddef.h"
 264              		.file 3 "/usr/arm-none-eabi/include/machine/_default_types.h"
 265              		.file 4 "/usr/arm-none-eabi/include/stdint.h"
 266              		.file 5 "../../os/rt/ports/ARMCMx/compilers/GCC/chtypes.h"
 267              		.file 6 "../../os/rt/include/chsystypes.h"
 268              		.file 7 "../../os/rt/include/chschd.h"
 269              		.file 8 "../../os/ext/CMSIS/ST/stm32f401xc.h"
 270              		.file 9 "../../os/rt/ports/ARMCMx/chcore.h"
 271              		.file 10 "../../os/rt/ports/ARMCMx/chcore_v7m.h"
 272              		.file 11 "../../os/rt/include/chtm.h"
 273              		.file 12 "../../os/rt/include/chsem.h"
 274              		.file 13 "../../os/rt/include/chmtx.h"
 275              		.file 14 "../../os/ext/CMSIS/include/core_cm4.h"
 276              		.section	.debug_info,"",%progbits
 277              	.Ldebug_info0:
 278 0000 AB090000 		.4byte	0x9ab
 279 0004 0400     		.2byte	0x4
 280 0006 00000000 		.4byte	.Ldebug_abbrev0
 281 000a 04       		.byte	0x4
 282 000b 01       		.uleb128 0x1
ARM GAS  /tmp/cc4AXeiK.s 			page 6


 283 000c BC020000 		.4byte	.LASF140
 284 0010 0C       		.byte	0xc
 285 0011 0E010000 		.4byte	.LASF141
 286 0015 91060000 		.4byte	.LASF142
 287 0019 20000000 		.4byte	.Ldebug_ranges0+0x20
 288 001d 00000000 		.4byte	0
 289 0021 00000000 		.4byte	.Ldebug_line0
 290 0025 02       		.uleb128 0x2
 291 0026 04       		.byte	0x4
 292 0027 05       		.byte	0x5
 293 0028 696E7400 		.ascii	"int\000"
 294 002c 03       		.uleb128 0x3
 295 002d 0D000000 		.4byte	.LASF4
 296 0031 02       		.byte	0x2
 297 0032 D8       		.byte	0xd8
 298 0033 37000000 		.4byte	0x37
 299 0037 04       		.uleb128 0x4
 300 0038 04       		.byte	0x4
 301 0039 07       		.byte	0x7
 302 003a CC010000 		.4byte	.LASF0
 303 003e 04       		.uleb128 0x4
 304 003f 08       		.byte	0x8
 305 0040 05       		.byte	0x5
 306 0041 C6000000 		.4byte	.LASF1
 307 0045 04       		.uleb128 0x4
 308 0046 08       		.byte	0x8
 309 0047 04       		.byte	0x4
 310 0048 F6030000 		.4byte	.LASF2
 311 004c 04       		.uleb128 0x4
 312 004d 01       		.byte	0x1
 313 004e 06       		.byte	0x6
 314 004f D4000000 		.4byte	.LASF3
 315 0053 03       		.uleb128 0x3
 316 0054 24000000 		.4byte	.LASF5
 317 0058 03       		.byte	0x3
 318 0059 1D       		.byte	0x1d
 319 005a 5E000000 		.4byte	0x5e
 320 005e 04       		.uleb128 0x4
 321 005f 01       		.byte	0x1
 322 0060 08       		.byte	0x8
 323 0061 D5040000 		.4byte	.LASF6
 324 0065 04       		.uleb128 0x4
 325 0066 02       		.byte	0x2
 326 0067 05       		.byte	0x5
 327 0068 ED040000 		.4byte	.LASF7
 328 006c 04       		.uleb128 0x4
 329 006d 02       		.byte	0x2
 330 006e 07       		.byte	0x7
 331 006f 1E020000 		.4byte	.LASF8
 332 0073 03       		.uleb128 0x3
 333 0074 A7020000 		.4byte	.LASF9
 334 0078 03       		.byte	0x3
 335 0079 3F       		.byte	0x3f
 336 007a 7E000000 		.4byte	0x7e
 337 007e 04       		.uleb128 0x4
 338 007f 04       		.byte	0x4
 339 0080 05       		.byte	0x5
ARM GAS  /tmp/cc4AXeiK.s 			page 7


 340 0081 4B010000 		.4byte	.LASF10
 341 0085 03       		.uleb128 0x3
 342 0086 D9050000 		.4byte	.LASF11
 343 008a 03       		.byte	0x3
 344 008b 41       		.byte	0x41
 345 008c 90000000 		.4byte	0x90
 346 0090 04       		.uleb128 0x4
 347 0091 04       		.byte	0x4
 348 0092 07       		.byte	0x7
 349 0093 8B050000 		.4byte	.LASF12
 350 0097 03       		.uleb128 0x3
 351 0098 59040000 		.4byte	.LASF13
 352 009c 03       		.byte	0x3
 353 009d 5B       		.byte	0x5b
 354 009e A2000000 		.4byte	0xa2
 355 00a2 04       		.uleb128 0x4
 356 00a3 08       		.byte	0x8
 357 00a4 07       		.byte	0x7
 358 00a5 56000000 		.4byte	.LASF14
 359 00a9 03       		.uleb128 0x3
 360 00aa 6E060000 		.4byte	.LASF15
 361 00ae 04       		.byte	0x4
 362 00af 15       		.byte	0x15
 363 00b0 53000000 		.4byte	0x53
 364 00b4 03       		.uleb128 0x3
 365 00b5 CD040000 		.4byte	.LASF16
 366 00b9 04       		.byte	0x4
 367 00ba 2C       		.byte	0x2c
 368 00bb 73000000 		.4byte	0x73
 369 00bf 03       		.uleb128 0x3
 370 00c0 63050000 		.4byte	.LASF17
 371 00c4 04       		.byte	0x4
 372 00c5 2D       		.byte	0x2d
 373 00c6 85000000 		.4byte	0x85
 374 00ca 03       		.uleb128 0x3
 375 00cb 1B000000 		.4byte	.LASF18
 376 00cf 04       		.byte	0x4
 377 00d0 39       		.byte	0x39
 378 00d1 97000000 		.4byte	0x97
 379 00d5 05       		.uleb128 0x5
 380 00d6 B4000000 		.4byte	0xb4
 381 00da 05       		.uleb128 0x5
 382 00db BF000000 		.4byte	0xbf
 383 00df 03       		.uleb128 0x3
 384 00e0 2E060000 		.4byte	.LASF19
 385 00e4 05       		.byte	0x5
 386 00e5 45       		.byte	0x45
 387 00e6 BF000000 		.4byte	0xbf
 388 00ea 03       		.uleb128 0x3
 389 00eb 7B020000 		.4byte	.LASF20
 390 00ef 05       		.byte	0x5
 391 00f0 48       		.byte	0x48
 392 00f1 A9000000 		.4byte	0xa9
 393 00f5 03       		.uleb128 0x3
 394 00f6 67010000 		.4byte	.LASF21
 395 00fa 05       		.byte	0x5
 396 00fb 49       		.byte	0x49
ARM GAS  /tmp/cc4AXeiK.s 			page 8


 397 00fc A9000000 		.4byte	0xa9
 398 0100 03       		.uleb128 0x3
 399 0101 64040000 		.4byte	.LASF22
 400 0105 05       		.byte	0x5
 401 0106 4A       		.byte	0x4a
 402 0107 A9000000 		.4byte	0xa9
 403 010b 03       		.uleb128 0x3
 404 010c AF040000 		.4byte	.LASF23
 405 0110 05       		.byte	0x5
 406 0111 4C       		.byte	0x4c
 407 0112 BF000000 		.4byte	0xbf
 408 0116 03       		.uleb128 0x3
 409 0117 46020000 		.4byte	.LASF24
 410 011b 05       		.byte	0x5
 411 011c 4D       		.byte	0x4d
 412 011d B4000000 		.4byte	0xb4
 413 0121 03       		.uleb128 0x3
 414 0122 9B020000 		.4byte	.LASF25
 415 0126 05       		.byte	0x5
 416 0127 4F       		.byte	0x4f
 417 0128 BF000000 		.4byte	0xbf
 418 012c 03       		.uleb128 0x3
 419 012d C6010000 		.4byte	.LASF26
 420 0131 05       		.byte	0x5
 421 0132 51       		.byte	0x51
 422 0133 B4000000 		.4byte	0xb4
 423 0137 03       		.uleb128 0x3
 424 0138 BB050000 		.4byte	.LASF27
 425 013c 06       		.byte	0x6
 426 013d 33       		.byte	0x33
 427 013e BF000000 		.4byte	0xbf
 428 0142 03       		.uleb128 0x3
 429 0143 AB050000 		.4byte	.LASF28
 430 0147 06       		.byte	0x6
 431 0148 3F       		.byte	0x3f
 432 0149 4D010000 		.4byte	0x14d
 433 014d 06       		.uleb128 0x6
 434 014e 31020000 		.4byte	.LASF48
 435 0152 44       		.byte	0x44
 436 0153 07       		.byte	0x7
 437 0154 C2       		.byte	0xc2
 438 0155 3A020000 		.4byte	0x23a
 439 0159 07       		.uleb128 0x7
 440 015a 02040000 		.4byte	.LASF29
 441 015e 07       		.byte	0x7
 442 015f C3       		.byte	0xc3
 443 0160 45020000 		.4byte	0x245
 444 0164 00       		.byte	0
 445 0165 07       		.uleb128 0x7
 446 0166 9E040000 		.4byte	.LASF30
 447 016a 07       		.byte	0x7
 448 016b C5       		.byte	0xc5
 449 016c 45020000 		.4byte	0x245
 450 0170 04       		.byte	0x4
 451 0171 07       		.uleb128 0x7
 452 0172 BF000000 		.4byte	.LASF31
 453 0176 07       		.byte	0x7
ARM GAS  /tmp/cc4AXeiK.s 			page 9


 454 0177 C7       		.byte	0xc7
 455 0178 0B010000 		.4byte	0x10b
 456 017c 08       		.byte	0x8
 457 017d 07       		.uleb128 0x7
 458 017e E5060000 		.4byte	.LASF32
 459 0182 07       		.byte	0x7
 460 0183 C8       		.byte	0xc8
 461 0184 BE060000 		.4byte	0x6be
 462 0188 0C       		.byte	0xc
 463 0189 07       		.uleb128 0x7
 464 018a 70010000 		.4byte	.LASF33
 465 018e 07       		.byte	0x7
 466 018f CA       		.byte	0xca
 467 0190 45020000 		.4byte	0x245
 468 0194 10       		.byte	0x10
 469 0195 07       		.uleb128 0x7
 470 0196 1D040000 		.4byte	.LASF34
 471 019a 07       		.byte	0x7
 472 019b CB       		.byte	0xcb
 473 019c 45020000 		.4byte	0x245
 474 01a0 14       		.byte	0x14
 475 01a1 07       		.uleb128 0x7
 476 01a2 7D060000 		.4byte	.LASF35
 477 01a6 07       		.byte	0x7
 478 01a7 D2       		.byte	0xd2
 479 01a8 03090000 		.4byte	0x903
 480 01ac 18       		.byte	0x18
 481 01ad 07       		.uleb128 0x7
 482 01ae F7040000 		.4byte	.LASF36
 483 01b2 07       		.byte	0x7
 484 01b3 DD       		.byte	0xdd
 485 01b4 F5000000 		.4byte	0xf5
 486 01b8 1C       		.byte	0x1c
 487 01b9 07       		.uleb128 0x7
 488 01ba 17050000 		.4byte	.LASF37
 489 01be 07       		.byte	0x7
 490 01bf E1       		.byte	0xe1
 491 01c0 EA000000 		.4byte	0xea
 492 01c4 1D       		.byte	0x1d
 493 01c5 07       		.uleb128 0x7
 494 01c6 5C060000 		.4byte	.LASF38
 495 01ca 07       		.byte	0x7
 496 01cb E6       		.byte	0xe6
 497 01cc 00010000 		.4byte	0x100
 498 01d0 1E       		.byte	0x1e
 499 01d1 08       		.uleb128 0x8
 500 01d2 705F7500 		.ascii	"p_u\000"
 501 01d6 07       		.byte	0x7
 502 01d7 3101     		.2byte	0x131
 503 01d9 3E080000 		.4byte	0x83e
 504 01dd 20       		.byte	0x20
 505 01de 09       		.uleb128 0x9
 506 01df B9030000 		.4byte	.LASF39
 507 01e3 07       		.byte	0x7
 508 01e4 3601     		.2byte	0x136
 509 01e6 4B020000 		.4byte	0x24b
 510 01ea 24       		.byte	0x24
ARM GAS  /tmp/cc4AXeiK.s 			page 10


 511 01eb 09       		.uleb128 0x9
 512 01ec 01020000 		.4byte	.LASF40
 513 01f0 07       		.byte	0x7
 514 01f1 3C01     		.2byte	0x13c
 515 01f3 6F020000 		.4byte	0x26f
 516 01f7 28       		.byte	0x28
 517 01f8 09       		.uleb128 0x9
 518 01f9 D7060000 		.4byte	.LASF41
 519 01fd 07       		.byte	0x7
 520 01fe 4001     		.2byte	0x140
 521 0200 16010000 		.4byte	0x116
 522 0204 30       		.byte	0x30
 523 0205 09       		.uleb128 0x9
 524 0206 4E050000 		.4byte	.LASF42
 525 020a 07       		.byte	0x7
 526 020b 4601     		.2byte	0x146
 527 020d 21010000 		.4byte	0x121
 528 0211 34       		.byte	0x34
 529 0212 09       		.uleb128 0x9
 530 0213 E3040000 		.4byte	.LASF43
 531 0217 07       		.byte	0x7
 532 0218 4D01     		.2byte	0x14d
 533 021a FD080000 		.4byte	0x8fd
 534 021e 38       		.byte	0x38
 535 021f 09       		.uleb128 0x9
 536 0220 C5050000 		.4byte	.LASF44
 537 0224 07       		.byte	0x7
 538 0225 5101     		.2byte	0x151
 539 0227 0B010000 		.4byte	0x10b
 540 022b 3C       		.byte	0x3c
 541 022c 09       		.uleb128 0x9
 542 022d F7000000 		.4byte	.LASF45
 543 0231 07       		.byte	0x7
 544 0232 5801     		.2byte	0x158
 545 0234 22030000 		.4byte	0x322
 546 0238 40       		.byte	0x40
 547 0239 00       		.byte	0
 548 023a 03       		.uleb128 0x3
 549 023b CC030000 		.4byte	.LASF46
 550 023f 06       		.byte	0x6
 551 0240 44       		.byte	0x44
 552 0241 45020000 		.4byte	0x245
 553 0245 0A       		.uleb128 0xa
 554 0246 04       		.byte	0x4
 555 0247 42010000 		.4byte	0x142
 556 024b 03       		.uleb128 0x3
 557 024c 9A030000 		.4byte	.LASF47
 558 0250 06       		.byte	0x6
 559 0251 49       		.byte	0x49
 560 0252 56020000 		.4byte	0x256
 561 0256 06       		.uleb128 0x6
 562 0257 7B050000 		.4byte	.LASF49
 563 025b 04       		.byte	0x4
 564 025c 07       		.byte	0x7
 565 025d B0       		.byte	0xb0
 566 025e 6F020000 		.4byte	0x26f
 567 0262 07       		.uleb128 0x7
ARM GAS  /tmp/cc4AXeiK.s 			page 11


 568 0263 02040000 		.4byte	.LASF29
 569 0267 07       		.byte	0x7
 570 0268 B1       		.byte	0xb1
 571 0269 45020000 		.4byte	0x245
 572 026d 00       		.byte	0
 573 026e 00       		.byte	0
 574 026f 03       		.uleb128 0x3
 575 0270 43060000 		.4byte	.LASF50
 576 0274 06       		.byte	0x6
 577 0275 50       		.byte	0x50
 578 0276 7A020000 		.4byte	0x27a
 579 027a 06       		.uleb128 0x6
 580 027b A4000000 		.4byte	.LASF51
 581 027f 08       		.byte	0x8
 582 0280 07       		.byte	0x7
 583 0281 B7       		.byte	0xb7
 584 0282 9F020000 		.4byte	0x29f
 585 0286 07       		.uleb128 0x7
 586 0287 02040000 		.4byte	.LASF29
 587 028b 07       		.byte	0x7
 588 028c B8       		.byte	0xb8
 589 028d 45020000 		.4byte	0x245
 590 0291 00       		.byte	0
 591 0292 07       		.uleb128 0x7
 592 0293 9E040000 		.4byte	.LASF30
 593 0297 07       		.byte	0x7
 594 0298 B9       		.byte	0xb9
 595 0299 45020000 		.4byte	0x245
 596 029d 04       		.byte	0x4
 597 029e 00       		.byte	0
 598 029f 03       		.uleb128 0x3
 599 02a0 00000000 		.4byte	.LASF52
 600 02a4 06       		.byte	0x6
 601 02a5 57       		.byte	0x57
 602 02a6 AA020000 		.4byte	0x2aa
 603 02aa 0B       		.uleb128 0xb
 604 02ab 8D020000 		.4byte	.LASF53
 605 02af 1C       		.byte	0x1c
 606 02b0 07       		.byte	0x7
 607 02b1 9001     		.2byte	0x190
 608 02b3 06030000 		.4byte	0x306
 609 02b7 09       		.uleb128 0x9
 610 02b8 73050000 		.4byte	.LASF54
 611 02bc 07       		.byte	0x7
 612 02bd 9101     		.2byte	0x191
 613 02bf 6F020000 		.4byte	0x26f
 614 02c3 00       		.byte	0
 615 02c4 09       		.uleb128 0x9
 616 02c5 09050000 		.4byte	.LASF55
 617 02c9 07       		.byte	0x7
 618 02ca 9201     		.2byte	0x192
 619 02cc 0B010000 		.4byte	0x10b
 620 02d0 08       		.byte	0x8
 621 02d1 09       		.uleb128 0x9
 622 02d2 25040000 		.4byte	.LASF56
 623 02d6 07       		.byte	0x7
 624 02d7 9401     		.2byte	0x194
ARM GAS  /tmp/cc4AXeiK.s 			page 12


 625 02d9 BE060000 		.4byte	0x6be
 626 02dd 0C       		.byte	0xc
 627 02de 09       		.uleb128 0x9
 628 02df 80010000 		.4byte	.LASF57
 629 02e3 07       		.byte	0x7
 630 02e4 9701     		.2byte	0x197
 631 02e6 45020000 		.4byte	0x245
 632 02ea 10       		.byte	0x10
 633 02eb 09       		.uleb128 0x9
 634 02ec 19060000 		.4byte	.LASF58
 635 02f0 07       		.byte	0x7
 636 02f1 9801     		.2byte	0x198
 637 02f3 45020000 		.4byte	0x245
 638 02f7 14       		.byte	0x14
 639 02f8 09       		.uleb128 0x9
 640 02f9 46040000 		.4byte	.LASF59
 641 02fd 07       		.byte	0x7
 642 02fe 9B01     		.2byte	0x19b
 643 0300 45020000 		.4byte	0x245
 644 0304 18       		.byte	0x18
 645 0305 00       		.byte	0
 646 0306 03       		.uleb128 0x3
 647 0307 D0050000 		.4byte	.LASF60
 648 030b 06       		.byte	0x6
 649 030c 5C       		.byte	0x5c
 650 030d 11030000 		.4byte	0x311
 651 0311 0A       		.uleb128 0xa
 652 0312 04       		.byte	0x4
 653 0313 17030000 		.4byte	0x317
 654 0317 0C       		.uleb128 0xc
 655 0318 22030000 		.4byte	0x322
 656 031c 0D       		.uleb128 0xd
 657 031d 22030000 		.4byte	0x322
 658 0321 00       		.byte	0
 659 0322 0E       		.uleb128 0xe
 660 0323 04       		.byte	0x4
 661 0324 03       		.uleb128 0x3
 662 0325 A9030000 		.4byte	.LASF61
 663 0329 06       		.byte	0x6
 664 032a 61       		.byte	0x61
 665 032b 2F030000 		.4byte	0x32f
 666 032f 0B       		.uleb128 0xb
 667 0330 30050000 		.4byte	.LASF62
 668 0334 14       		.byte	0x14
 669 0335 07       		.byte	0x7
 670 0336 6B01     		.2byte	0x16b
 671 0338 7E030000 		.4byte	0x37e
 672 033c 09       		.uleb128 0x9
 673 033d D9010000 		.4byte	.LASF63
 674 0341 07       		.byte	0x7
 675 0342 6C01     		.2byte	0x16c
 676 0344 15090000 		.4byte	0x915
 677 0348 00       		.byte	0
 678 0349 09       		.uleb128 0x9
 679 034a 91010000 		.4byte	.LASF64
 680 034e 07       		.byte	0x7
 681 034f 6D01     		.2byte	0x16d
ARM GAS  /tmp/cc4AXeiK.s 			page 13


 682 0351 15090000 		.4byte	0x915
 683 0355 04       		.byte	0x4
 684 0356 09       		.uleb128 0x9
 685 0357 F8010000 		.4byte	.LASF65
 686 035b 07       		.byte	0x7
 687 035c 6E01     		.2byte	0x16e
 688 035e 37010000 		.4byte	0x137
 689 0362 08       		.byte	0x8
 690 0363 09       		.uleb128 0x9
 691 0364 EB060000 		.4byte	.LASF66
 692 0368 07       		.byte	0x7
 693 0369 6F01     		.2byte	0x16f
 694 036b 06030000 		.4byte	0x306
 695 036f 0C       		.byte	0xc
 696 0370 09       		.uleb128 0x9
 697 0371 36060000 		.4byte	.LASF67
 698 0375 07       		.byte	0x7
 699 0376 7101     		.2byte	0x171
 700 0378 22030000 		.4byte	0x322
 701 037c 10       		.byte	0x10
 702 037d 00       		.byte	0
 703 037e 03       		.uleb128 0x3
 704 037f 81000000 		.4byte	.LASF68
 705 0383 06       		.byte	0x6
 706 0384 66       		.byte	0x66
 707 0385 89030000 		.4byte	0x389
 708 0389 0B       		.uleb128 0xb
 709 038a DF030000 		.4byte	.LASF69
 710 038e 10       		.byte	0x10
 711 038f 07       		.byte	0x7
 712 0390 7B01     		.2byte	0x17b
 713 0392 CB030000 		.4byte	0x3cb
 714 0396 09       		.uleb128 0x9
 715 0397 D9010000 		.4byte	.LASF63
 716 039b 07       		.byte	0x7
 717 039c 7C01     		.2byte	0x17c
 718 039e 15090000 		.4byte	0x915
 719 03a2 00       		.byte	0
 720 03a3 09       		.uleb128 0x9
 721 03a4 91010000 		.4byte	.LASF64
 722 03a8 07       		.byte	0x7
 723 03a9 7E01     		.2byte	0x17e
 724 03ab 15090000 		.4byte	0x915
 725 03af 04       		.byte	0x4
 726 03b0 09       		.uleb128 0x9
 727 03b1 F8010000 		.4byte	.LASF65
 728 03b5 07       		.byte	0x7
 729 03b6 8001     		.2byte	0x180
 730 03b8 37010000 		.4byte	0x137
 731 03bc 08       		.byte	0x8
 732 03bd 09       		.uleb128 0x9
 733 03be 11040000 		.4byte	.LASF70
 734 03c2 07       		.byte	0x7
 735 03c3 8801     		.2byte	0x188
 736 03c5 37010000 		.4byte	0x137
 737 03c9 0C       		.byte	0xc
 738 03ca 00       		.byte	0
ARM GAS  /tmp/cc4AXeiK.s 			page 14


 739 03cb 03       		.uleb128 0x3
 740 03cc 3A000000 		.4byte	.LASF71
 741 03d0 06       		.byte	0x6
 742 03d1 6B       		.byte	0x6b
 743 03d2 D6030000 		.4byte	0x3d6
 744 03d6 0B       		.uleb128 0xb
 745 03d7 B7040000 		.4byte	.LASF72
 746 03db 04       		.byte	0x4
 747 03dc 07       		.byte	0x7
 748 03dd A201     		.2byte	0x1a2
 749 03df F1030000 		.4byte	0x3f1
 750 03e3 09       		.uleb128 0x9
 751 03e4 E4050000 		.4byte	.LASF73
 752 03e8 07       		.byte	0x7
 753 03e9 AA01     		.2byte	0x1aa
 754 03eb 1B090000 		.4byte	0x91b
 755 03ef 00       		.byte	0
 756 03f0 00       		.byte	0
 757 03f1 03       		.uleb128 0x3
 758 03f2 6F020000 		.4byte	.LASF74
 759 03f6 06       		.byte	0x6
 760 03f7 70       		.byte	0x70
 761 03f8 FC030000 		.4byte	0x3fc
 762 03fc 0F       		.uleb128 0xf
 763 03fd 41010000 		.4byte	.LASF75
 764 0401 D801     		.2byte	0x1d8
 765 0403 07       		.byte	0x7
 766 0404 C201     		.2byte	0x1c2
 767 0406 58040000 		.4byte	0x458
 768 040a 09       		.uleb128 0x9
 769 040b 68060000 		.4byte	.LASF76
 770 040f 07       		.byte	0x7
 771 0410 C601     		.2byte	0x1c6
 772 0412 9F020000 		.4byte	0x29f
 773 0416 00       		.byte	0
 774 0417 09       		.uleb128 0x9
 775 0418 07010000 		.4byte	.LASF77
 776 041c 07       		.byte	0x7
 777 041d CA01     		.2byte	0x1ca
 778 041f 7E030000 		.4byte	0x37e
 779 0423 1C       		.byte	0x1c
 780 0424 08       		.uleb128 0x8
 781 0425 64626700 		.ascii	"dbg\000"
 782 0429 07       		.byte	0x7
 783 042a CE01     		.2byte	0x1ce
 784 042c CB030000 		.4byte	0x3cb
 785 0430 2C       		.byte	0x2c
 786 0431 09       		.uleb128 0x9
 787 0432 76000000 		.4byte	.LASF78
 788 0436 07       		.byte	0x7
 789 0437 D201     		.2byte	0x1d2
 790 0439 42010000 		.4byte	0x142
 791 043d 30       		.byte	0x30
 792 043e 08       		.uleb128 0x8
 793 043f 746D00   		.ascii	"tm\000"
 794 0442 07       		.byte	0x7
 795 0443 D701     		.2byte	0x1d7
ARM GAS  /tmp/cc4AXeiK.s 			page 15


 796 0445 33080000 		.4byte	0x833
 797 0449 74       		.byte	0x74
 798 044a 09       		.uleb128 0x9
 799 044b B7010000 		.4byte	.LASF79
 800 044f 07       		.byte	0x7
 801 0450 E301     		.2byte	0x1e3
 802 0452 20090000 		.4byte	0x920
 803 0456 78       		.byte	0x78
 804 0457 00       		.byte	0
 805 0458 04       		.uleb128 0x4
 806 0459 04       		.byte	0x4
 807 045a 07       		.byte	0x7
 808 045b C3030000 		.4byte	.LASF80
 809 045f 10       		.uleb128 0x10
 810 0460 BF000000 		.4byte	0xbf
 811 0464 6F040000 		.4byte	0x46f
 812 0468 11       		.uleb128 0x11
 813 0469 58040000 		.4byte	0x458
 814 046d 01       		.byte	0x1
 815 046e 00       		.byte	0
 816 046f 12       		.uleb128 0x12
 817 0470 1C       		.byte	0x1c
 818 0471 08       		.byte	0x8
 819 0472 0E01     		.2byte	0x10e
 820 0474 D2040000 		.4byte	0x4d2
 821 0478 08       		.uleb128 0x8
 822 0479 41435200 		.ascii	"ACR\000"
 823 047d 08       		.byte	0x8
 824 047e 1001     		.2byte	0x110
 825 0480 DA000000 		.4byte	0xda
 826 0484 00       		.byte	0
 827 0485 09       		.uleb128 0x9
 828 0486 99010000 		.4byte	.LASF81
 829 048a 08       		.byte	0x8
 830 048b 1101     		.2byte	0x111
 831 048d DA000000 		.4byte	0xda
 832 0491 04       		.byte	0x4
 833 0492 09       		.uleb128 0x9
 834 0493 78010000 		.4byte	.LASF82
 835 0497 08       		.byte	0x8
 836 0498 1201     		.2byte	0x112
 837 049a DA000000 		.4byte	0xda
 838 049e 08       		.byte	0x8
 839 049f 08       		.uleb128 0x8
 840 04a0 535200   		.ascii	"SR\000"
 841 04a3 08       		.byte	0x8
 842 04a4 1301     		.2byte	0x113
 843 04a6 DA000000 		.4byte	0xda
 844 04aa 0C       		.byte	0xc
 845 04ab 08       		.uleb128 0x8
 846 04ac 435200   		.ascii	"CR\000"
 847 04af 08       		.byte	0x8
 848 04b0 1401     		.2byte	0x114
 849 04b2 DA000000 		.4byte	0xda
 850 04b6 10       		.byte	0x10
 851 04b7 09       		.uleb128 0x9
 852 04b8 49000000 		.4byte	.LASF83
ARM GAS  /tmp/cc4AXeiK.s 			page 16


 853 04bc 08       		.byte	0x8
 854 04bd 1501     		.2byte	0x115
 855 04bf DA000000 		.4byte	0xda
 856 04c3 14       		.byte	0x14
 857 04c4 09       		.uleb128 0x9
 858 04c5 4F000000 		.4byte	.LASF84
 859 04c9 08       		.byte	0x8
 860 04ca 1601     		.2byte	0x116
 861 04cc DA000000 		.4byte	0xda
 862 04d0 18       		.byte	0x18
 863 04d1 00       		.byte	0
 864 04d2 13       		.uleb128 0x13
 865 04d3 E9000000 		.4byte	.LASF85
 866 04d7 08       		.byte	0x8
 867 04d8 1701     		.2byte	0x117
 868 04da 6F040000 		.4byte	0x46f
 869 04de 12       		.uleb128 0x12
 870 04df 08       		.byte	0x8
 871 04e0 08       		.byte	0x8
 872 04e1 5A01     		.2byte	0x15a
 873 04e3 01050000 		.4byte	0x501
 874 04e7 08       		.uleb128 0x8
 875 04e8 435200   		.ascii	"CR\000"
 876 04eb 08       		.byte	0x8
 877 04ec 5C01     		.2byte	0x15c
 878 04ee DA000000 		.4byte	0xda
 879 04f2 00       		.byte	0
 880 04f3 08       		.uleb128 0x8
 881 04f4 43535200 		.ascii	"CSR\000"
 882 04f8 08       		.byte	0x8
 883 04f9 5D01     		.2byte	0x15d
 884 04fb DA000000 		.4byte	0xda
 885 04ff 04       		.byte	0x4
 886 0500 00       		.byte	0
 887 0501 13       		.uleb128 0x13
 888 0502 FD050000 		.4byte	.LASF86
 889 0506 08       		.byte	0x8
 890 0507 5E01     		.2byte	0x15e
 891 0509 DE040000 		.4byte	0x4de
 892 050d 12       		.uleb128 0x12
 893 050e 88       		.byte	0x88
 894 050f 08       		.byte	0x8
 895 0510 6401     		.2byte	0x164
 896 0512 9C060000 		.4byte	0x69c
 897 0516 08       		.uleb128 0x8
 898 0517 435200   		.ascii	"CR\000"
 899 051a 08       		.byte	0x8
 900 051b 6601     		.2byte	0x166
 901 051d DA000000 		.4byte	0xda
 902 0521 00       		.byte	0
 903 0522 09       		.uleb128 0x9
 904 0523 4C020000 		.4byte	.LASF87
 905 0527 08       		.byte	0x8
 906 0528 6701     		.2byte	0x167
 907 052a DA000000 		.4byte	0xda
 908 052e 04       		.byte	0x4
 909 052f 09       		.uleb128 0x9
ARM GAS  /tmp/cc4AXeiK.s 			page 17


 910 0530 8C060000 		.4byte	.LASF88
 911 0534 08       		.byte	0x8
 912 0535 6801     		.2byte	0x168
 913 0537 DA000000 		.4byte	0xda
 914 053b 08       		.byte	0x8
 915 053c 08       		.uleb128 0x8
 916 053d 43495200 		.ascii	"CIR\000"
 917 0541 08       		.byte	0x8
 918 0542 6901     		.2byte	0x169
 919 0544 DA000000 		.4byte	0xda
 920 0548 0C       		.byte	0xc
 921 0549 09       		.uleb128 0x9
 922 054a E0000000 		.4byte	.LASF89
 923 054e 08       		.byte	0x8
 924 054f 6A01     		.2byte	0x16a
 925 0551 DA000000 		.4byte	0xda
 926 0555 10       		.byte	0x10
 927 0556 09       		.uleb128 0x9
 928 0557 A2050000 		.4byte	.LASF90
 929 055b 08       		.byte	0x8
 930 055c 6B01     		.2byte	0x16b
 931 055e DA000000 		.4byte	0xda
 932 0562 14       		.byte	0x14
 933 0563 09       		.uleb128 0x9
 934 0564 27050000 		.4byte	.LASF91
 935 0568 08       		.byte	0x8
 936 0569 6C01     		.2byte	0x16c
 937 056b DA000000 		.4byte	0xda
 938 056f 18       		.byte	0x18
 939 0570 09       		.uleb128 0x9
 940 0571 6C040000 		.4byte	.LASF92
 941 0575 08       		.byte	0x8
 942 0576 6D01     		.2byte	0x16d
 943 0578 BF000000 		.4byte	0xbf
 944 057c 1C       		.byte	0x1c
 945 057d 09       		.uleb128 0x9
 946 057e 50040000 		.4byte	.LASF93
 947 0582 08       		.byte	0x8
 948 0583 6E01     		.2byte	0x16e
 949 0585 DA000000 		.4byte	0xda
 950 0589 20       		.byte	0x20
 951 058a 09       		.uleb128 0x9
 952 058b 54010000 		.4byte	.LASF94
 953 058f 08       		.byte	0x8
 954 0590 6F01     		.2byte	0x16f
 955 0592 DA000000 		.4byte	0xda
 956 0596 24       		.byte	0x24
 957 0597 09       		.uleb128 0x9
 958 0598 76040000 		.4byte	.LASF95
 959 059c 08       		.byte	0x8
 960 059d 7001     		.2byte	0x170
 961 059f 5F040000 		.4byte	0x45f
 962 05a3 28       		.byte	0x28
 963 05a4 09       		.uleb128 0x9
 964 05a5 84060000 		.4byte	.LASF96
 965 05a9 08       		.byte	0x8
 966 05aa 7101     		.2byte	0x171
ARM GAS  /tmp/cc4AXeiK.s 			page 18


 967 05ac DA000000 		.4byte	0xda
 968 05b0 30       		.byte	0x30
 969 05b1 09       		.uleb128 0x9
 970 05b2 09060000 		.4byte	.LASF97
 971 05b6 08       		.byte	0x8
 972 05b7 7201     		.2byte	0x172
 973 05b9 DA000000 		.4byte	0xda
 974 05bd 34       		.byte	0x34
 975 05be 09       		.uleb128 0x9
 976 05bf 09040000 		.4byte	.LASF98
 977 05c3 08       		.byte	0x8
 978 05c4 7301     		.2byte	0x173
 979 05c6 DA000000 		.4byte	0xda
 980 05ca 38       		.byte	0x38
 981 05cb 09       		.uleb128 0x9
 982 05cc 80040000 		.4byte	.LASF99
 983 05d0 08       		.byte	0x8
 984 05d1 7401     		.2byte	0x174
 985 05d3 BF000000 		.4byte	0xbf
 986 05d7 3C       		.byte	0x3c
 987 05d8 09       		.uleb128 0x9
 988 05d9 F5050000 		.4byte	.LASF100
 989 05dd 08       		.byte	0x8
 990 05de 7501     		.2byte	0x175
 991 05e0 DA000000 		.4byte	0xda
 992 05e4 40       		.byte	0x40
 993 05e5 09       		.uleb128 0x9
 994 05e6 1F050000 		.4byte	.LASF101
 995 05ea 08       		.byte	0x8
 996 05eb 7601     		.2byte	0x176
 997 05ed DA000000 		.4byte	0xda
 998 05f1 44       		.byte	0x44
 999 05f2 09       		.uleb128 0x9
 1000 05f3 8A040000 		.4byte	.LASF102
 1001 05f7 08       		.byte	0x8
 1002 05f8 7701     		.2byte	0x177
 1003 05fa 5F040000 		.4byte	0x45f
 1004 05fe 48       		.byte	0x48
 1005 05ff 09       		.uleb128 0x9
 1006 0600 B5000000 		.4byte	.LASF103
 1007 0604 08       		.byte	0x8
 1008 0605 7801     		.2byte	0x178
 1009 0607 DA000000 		.4byte	0xda
 1010 060b 50       		.byte	0x50
 1011 060c 09       		.uleb128 0x9
 1012 060d 2B040000 		.4byte	.LASF104
 1013 0611 08       		.byte	0x8
 1014 0612 7901     		.2byte	0x179
 1015 0614 DA000000 		.4byte	0xda
 1016 0618 54       		.byte	0x54
 1017 0619 09       		.uleb128 0x9
 1018 061a FF040000 		.4byte	.LASF105
 1019 061e 08       		.byte	0x8
 1020 061f 7A01     		.2byte	0x17a
 1021 0621 DA000000 		.4byte	0xda
 1022 0625 58       		.byte	0x58
 1023 0626 09       		.uleb128 0x9
ARM GAS  /tmp/cc4AXeiK.s 			page 19


 1024 0627 94040000 		.4byte	.LASF106
 1025 062b 08       		.byte	0x8
 1026 062c 7B01     		.2byte	0x17b
 1027 062e BF000000 		.4byte	0xbf
 1028 0632 5C       		.byte	0x5c
 1029 0633 09       		.uleb128 0x9
 1030 0634 5D010000 		.4byte	.LASF107
 1031 0638 08       		.byte	0x8
 1032 0639 7C01     		.2byte	0x17c
 1033 063b DA000000 		.4byte	0xda
 1034 063f 60       		.byte	0x60
 1035 0640 09       		.uleb128 0x9
 1036 0641 83020000 		.4byte	.LASF108
 1037 0645 08       		.byte	0x8
 1038 0646 7D01     		.2byte	0x17d
 1039 0648 DA000000 		.4byte	0xda
 1040 064c 64       		.byte	0x64
 1041 064d 09       		.uleb128 0x9
 1042 064e 59050000 		.4byte	.LASF109
 1043 0652 08       		.byte	0x8
 1044 0653 7E01     		.2byte	0x17e
 1045 0655 5F040000 		.4byte	0x45f
 1046 0659 68       		.byte	0x68
 1047 065a 09       		.uleb128 0x9
 1048 065b 63060000 		.4byte	.LASF110
 1049 065f 08       		.byte	0x8
 1050 0660 7F01     		.2byte	0x17f
 1051 0662 DA000000 		.4byte	0xda
 1052 0666 70       		.byte	0x70
 1053 0667 08       		.uleb128 0x8
 1054 0668 43535200 		.ascii	"CSR\000"
 1055 066c 08       		.byte	0x8
 1056 066d 8001     		.2byte	0x180
 1057 066f DA000000 		.4byte	0xda
 1058 0673 74       		.byte	0x74
 1059 0674 09       		.uleb128 0x9
 1060 0675 A5040000 		.4byte	.LASF111
 1061 0679 08       		.byte	0x8
 1062 067a 8101     		.2byte	0x181
 1063 067c 5F040000 		.4byte	0x45f
 1064 0680 78       		.byte	0x78
 1065 0681 09       		.uleb128 0x9
 1066 0682 3D060000 		.4byte	.LASF112
 1067 0686 08       		.byte	0x8
 1068 0687 8201     		.2byte	0x182
 1069 0689 DA000000 		.4byte	0xda
 1070 068d 80       		.byte	0x80
 1071 068e 09       		.uleb128 0x9
 1072 068f 3B020000 		.4byte	.LASF113
 1073 0693 08       		.byte	0x8
 1074 0694 8301     		.2byte	0x183
 1075 0696 DA000000 		.4byte	0xda
 1076 069a 84       		.byte	0x84
 1077 069b 00       		.byte	0
 1078 069c 13       		.uleb128 0x13
 1079 069d 0C020000 		.4byte	.LASF114
 1080 06a1 08       		.byte	0x8
ARM GAS  /tmp/cc4AXeiK.s 			page 20


 1081 06a2 8501     		.2byte	0x185
 1082 06a4 0D050000 		.4byte	0x50d
 1083 06a8 03       		.uleb128 0x3
 1084 06a9 88010000 		.4byte	.LASF115
 1085 06ad 09       		.byte	0x9
 1086 06ae 65       		.byte	0x65
 1087 06af 22030000 		.4byte	0x322
 1088 06b3 03       		.uleb128 0x3
 1089 06b4 B1020000 		.4byte	.LASF116
 1090 06b8 09       		.byte	0x9
 1091 06b9 6D       		.byte	0x6d
 1092 06ba CA000000 		.4byte	0xca
 1093 06be 06       		.uleb128 0x6
 1094 06bf 11060000 		.4byte	.LASF117
 1095 06c3 04       		.byte	0x4
 1096 06c4 09       		.byte	0x9
 1097 06c5 89       		.byte	0x89
 1098 06c6 D7060000 		.4byte	0x6d7
 1099 06ca 14       		.uleb128 0x14
 1100 06cb 72313300 		.ascii	"r13\000"
 1101 06cf 09       		.byte	0x9
 1102 06d0 8A       		.byte	0x8a
 1103 06d1 18080000 		.4byte	0x818
 1104 06d5 00       		.byte	0
 1105 06d6 00       		.byte	0
 1106 06d7 06       		.uleb128 0x6
 1107 06d8 2E000000 		.4byte	.LASF118
 1108 06dc 64       		.byte	0x64
 1109 06dd 0A       		.byte	0xa
 1110 06de F4       		.byte	0xf4
 1111 06df 18080000 		.4byte	0x818
 1112 06e3 14       		.uleb128 0x14
 1113 06e4 73313600 		.ascii	"s16\000"
 1114 06e8 0A       		.byte	0xa
 1115 06e9 F6       		.byte	0xf6
 1116 06ea A8060000 		.4byte	0x6a8
 1117 06ee 00       		.byte	0
 1118 06ef 14       		.uleb128 0x14
 1119 06f0 73313700 		.ascii	"s17\000"
 1120 06f4 0A       		.byte	0xa
 1121 06f5 F7       		.byte	0xf7
 1122 06f6 A8060000 		.4byte	0x6a8
 1123 06fa 04       		.byte	0x4
 1124 06fb 14       		.uleb128 0x14
 1125 06fc 73313800 		.ascii	"s18\000"
 1126 0700 0A       		.byte	0xa
 1127 0701 F8       		.byte	0xf8
 1128 0702 A8060000 		.4byte	0x6a8
 1129 0706 08       		.byte	0x8
 1130 0707 14       		.uleb128 0x14
 1131 0708 73313900 		.ascii	"s19\000"
 1132 070c 0A       		.byte	0xa
 1133 070d F9       		.byte	0xf9
 1134 070e A8060000 		.4byte	0x6a8
 1135 0712 0C       		.byte	0xc
 1136 0713 14       		.uleb128 0x14
 1137 0714 73323000 		.ascii	"s20\000"
ARM GAS  /tmp/cc4AXeiK.s 			page 21


 1138 0718 0A       		.byte	0xa
 1139 0719 FA       		.byte	0xfa
 1140 071a A8060000 		.4byte	0x6a8
 1141 071e 10       		.byte	0x10
 1142 071f 14       		.uleb128 0x14
 1143 0720 73323100 		.ascii	"s21\000"
 1144 0724 0A       		.byte	0xa
 1145 0725 FB       		.byte	0xfb
 1146 0726 A8060000 		.4byte	0x6a8
 1147 072a 14       		.byte	0x14
 1148 072b 14       		.uleb128 0x14
 1149 072c 73323200 		.ascii	"s22\000"
 1150 0730 0A       		.byte	0xa
 1151 0731 FC       		.byte	0xfc
 1152 0732 A8060000 		.4byte	0x6a8
 1153 0736 18       		.byte	0x18
 1154 0737 14       		.uleb128 0x14
 1155 0738 73323300 		.ascii	"s23\000"
 1156 073c 0A       		.byte	0xa
 1157 073d FD       		.byte	0xfd
 1158 073e A8060000 		.4byte	0x6a8
 1159 0742 1C       		.byte	0x1c
 1160 0743 14       		.uleb128 0x14
 1161 0744 73323400 		.ascii	"s24\000"
 1162 0748 0A       		.byte	0xa
 1163 0749 FE       		.byte	0xfe
 1164 074a A8060000 		.4byte	0x6a8
 1165 074e 20       		.byte	0x20
 1166 074f 14       		.uleb128 0x14
 1167 0750 73323500 		.ascii	"s25\000"
 1168 0754 0A       		.byte	0xa
 1169 0755 FF       		.byte	0xff
 1170 0756 A8060000 		.4byte	0x6a8
 1171 075a 24       		.byte	0x24
 1172 075b 08       		.uleb128 0x8
 1173 075c 73323600 		.ascii	"s26\000"
 1174 0760 0A       		.byte	0xa
 1175 0761 0001     		.2byte	0x100
 1176 0763 A8060000 		.4byte	0x6a8
 1177 0767 28       		.byte	0x28
 1178 0768 08       		.uleb128 0x8
 1179 0769 73323700 		.ascii	"s27\000"
 1180 076d 0A       		.byte	0xa
 1181 076e 0101     		.2byte	0x101
 1182 0770 A8060000 		.4byte	0x6a8
 1183 0774 2C       		.byte	0x2c
 1184 0775 08       		.uleb128 0x8
 1185 0776 73323800 		.ascii	"s28\000"
 1186 077a 0A       		.byte	0xa
 1187 077b 0201     		.2byte	0x102
 1188 077d A8060000 		.4byte	0x6a8
 1189 0781 30       		.byte	0x30
 1190 0782 08       		.uleb128 0x8
 1191 0783 73323900 		.ascii	"s29\000"
 1192 0787 0A       		.byte	0xa
 1193 0788 0301     		.2byte	0x103
 1194 078a A8060000 		.4byte	0x6a8
ARM GAS  /tmp/cc4AXeiK.s 			page 22


 1195 078e 34       		.byte	0x34
 1196 078f 08       		.uleb128 0x8
 1197 0790 73333000 		.ascii	"s30\000"
 1198 0794 0A       		.byte	0xa
 1199 0795 0401     		.2byte	0x104
 1200 0797 A8060000 		.4byte	0x6a8
 1201 079b 38       		.byte	0x38
 1202 079c 08       		.uleb128 0x8
 1203 079d 73333100 		.ascii	"s31\000"
 1204 07a1 0A       		.byte	0xa
 1205 07a2 0501     		.2byte	0x105
 1206 07a4 A8060000 		.4byte	0x6a8
 1207 07a8 3C       		.byte	0x3c
 1208 07a9 08       		.uleb128 0x8
 1209 07aa 723400   		.ascii	"r4\000"
 1210 07ad 0A       		.byte	0xa
 1211 07ae 0701     		.2byte	0x107
 1212 07b0 A8060000 		.4byte	0x6a8
 1213 07b4 40       		.byte	0x40
 1214 07b5 08       		.uleb128 0x8
 1215 07b6 723500   		.ascii	"r5\000"
 1216 07b9 0A       		.byte	0xa
 1217 07ba 0801     		.2byte	0x108
 1218 07bc A8060000 		.4byte	0x6a8
 1219 07c0 44       		.byte	0x44
 1220 07c1 08       		.uleb128 0x8
 1221 07c2 723600   		.ascii	"r6\000"
 1222 07c5 0A       		.byte	0xa
 1223 07c6 0901     		.2byte	0x109
 1224 07c8 A8060000 		.4byte	0x6a8
 1225 07cc 48       		.byte	0x48
 1226 07cd 08       		.uleb128 0x8
 1227 07ce 723700   		.ascii	"r7\000"
 1228 07d1 0A       		.byte	0xa
 1229 07d2 0A01     		.2byte	0x10a
 1230 07d4 A8060000 		.4byte	0x6a8
 1231 07d8 4C       		.byte	0x4c
 1232 07d9 08       		.uleb128 0x8
 1233 07da 723800   		.ascii	"r8\000"
 1234 07dd 0A       		.byte	0xa
 1235 07de 0B01     		.2byte	0x10b
 1236 07e0 A8060000 		.4byte	0x6a8
 1237 07e4 50       		.byte	0x50
 1238 07e5 08       		.uleb128 0x8
 1239 07e6 723900   		.ascii	"r9\000"
 1240 07e9 0A       		.byte	0xa
 1241 07ea 0C01     		.2byte	0x10c
 1242 07ec A8060000 		.4byte	0x6a8
 1243 07f0 54       		.byte	0x54
 1244 07f1 08       		.uleb128 0x8
 1245 07f2 72313000 		.ascii	"r10\000"
 1246 07f6 0A       		.byte	0xa
 1247 07f7 0D01     		.2byte	0x10d
 1248 07f9 A8060000 		.4byte	0x6a8
 1249 07fd 58       		.byte	0x58
 1250 07fe 08       		.uleb128 0x8
 1251 07ff 72313100 		.ascii	"r11\000"
ARM GAS  /tmp/cc4AXeiK.s 			page 23


 1252 0803 0A       		.byte	0xa
 1253 0804 0E01     		.2byte	0x10e
 1254 0806 A8060000 		.4byte	0x6a8
 1255 080a 5C       		.byte	0x5c
 1256 080b 08       		.uleb128 0x8
 1257 080c 6C7200   		.ascii	"lr\000"
 1258 080f 0A       		.byte	0xa
 1259 0810 0F01     		.2byte	0x10f
 1260 0812 A8060000 		.4byte	0x6a8
 1261 0816 60       		.byte	0x60
 1262 0817 00       		.byte	0
 1263 0818 0A       		.uleb128 0xa
 1264 0819 04       		.byte	0x4
 1265 081a D7060000 		.4byte	0x6d7
 1266 081e 15       		.uleb128 0x15
 1267 081f 04       		.byte	0x4
 1268 0820 0B       		.byte	0xb
 1269 0821 38       		.byte	0x38
 1270 0822 33080000 		.4byte	0x833
 1271 0826 07       		.uleb128 0x7
 1272 0827 EE050000 		.4byte	.LASF119
 1273 082b 0B       		.byte	0xb
 1274 082c 3C       		.byte	0x3c
 1275 082d DF000000 		.4byte	0xdf
 1276 0831 00       		.byte	0
 1277 0832 00       		.byte	0
 1278 0833 03       		.uleb128 0x3
 1279 0834 35040000 		.4byte	.LASF120
 1280 0838 0B       		.byte	0xb
 1281 0839 3D       		.byte	0x3d
 1282 083a 1E080000 		.4byte	0x81e
 1283 083e 16       		.uleb128 0x16
 1284 083f 04       		.byte	0x4
 1285 0840 07       		.byte	0x7
 1286 0841 FA       		.byte	0xfa
 1287 0842 9B080000 		.4byte	0x89b
 1288 0846 17       		.uleb128 0x17
 1289 0847 14000000 		.4byte	.LASF121
 1290 084b 07       		.byte	0x7
 1291 084c 0101     		.2byte	0x101
 1292 084e 16010000 		.4byte	0x116
 1293 0852 17       		.uleb128 0x17
 1294 0853 6D000000 		.4byte	.LASF122
 1295 0857 07       		.byte	0x7
 1296 0858 0801     		.2byte	0x108
 1297 085a 16010000 		.4byte	0x116
 1298 085e 17       		.uleb128 0x17
 1299 085f 76060000 		.4byte	.LASF123
 1300 0863 07       		.byte	0x7
 1301 0864 0F01     		.2byte	0x10f
 1302 0866 22030000 		.4byte	0x322
 1303 086a 17       		.uleb128 0x17
 1304 086b 3B010000 		.4byte	.LASF124
 1305 086f 07       		.byte	0x7
 1306 0870 1601     		.2byte	0x116
 1307 0872 9B080000 		.4byte	0x89b
 1308 0876 17       		.uleb128 0x17
ARM GAS  /tmp/cc4AXeiK.s 			page 24


 1309 0877 F1010000 		.4byte	.LASF125
 1310 087b 07       		.byte	0x7
 1311 087c 1E01     		.2byte	0x11e
 1312 087e C6080000 		.4byte	0x8c6
 1313 0882 17       		.uleb128 0x17
 1314 0883 6C050000 		.4byte	.LASF126
 1315 0887 07       		.byte	0x7
 1316 0888 2701     		.2byte	0x127
 1317 088a FD080000 		.4byte	0x8fd
 1318 088e 17       		.uleb128 0x17
 1319 088f 10050000 		.4byte	.LASF127
 1320 0893 07       		.byte	0x7
 1321 0894 2F01     		.2byte	0x12f
 1322 0896 21010000 		.4byte	0x121
 1323 089a 00       		.byte	0
 1324 089b 0A       		.uleb128 0xa
 1325 089c 04       		.byte	0x4
 1326 089d 3A020000 		.4byte	0x23a
 1327 08a1 06       		.uleb128 0x6
 1328 08a2 41050000 		.4byte	.LASF128
 1329 08a6 0C       		.byte	0xc
 1330 08a7 0C       		.byte	0xc
 1331 08a8 34       		.byte	0x34
 1332 08a9 C6080000 		.4byte	0x8c6
 1333 08ad 07       		.uleb128 0x7
 1334 08ae CF060000 		.4byte	.LASF129
 1335 08b2 0C       		.byte	0xc
 1336 08b3 35       		.byte	0x35
 1337 08b4 6F020000 		.4byte	0x26f
 1338 08b8 00       		.byte	0
 1339 08b9 07       		.uleb128 0x7
 1340 08ba 18020000 		.4byte	.LASF130
 1341 08be 0C       		.byte	0xc
 1342 08bf 37       		.byte	0x37
 1343 08c0 2C010000 		.4byte	0x12c
 1344 08c4 08       		.byte	0x8
 1345 08c5 00       		.byte	0
 1346 08c6 0A       		.uleb128 0xa
 1347 08c7 04       		.byte	0x4
 1348 08c8 A1080000 		.4byte	0x8a1
 1349 08cc 06       		.uleb128 0x6
 1350 08cd 53060000 		.4byte	.LASF131
 1351 08d1 10       		.byte	0x10
 1352 08d2 0D       		.byte	0xd
 1353 08d3 39       		.byte	0x39
 1354 08d4 FD080000 		.4byte	0x8fd
 1355 08d8 07       		.uleb128 0x7
 1356 08d9 FF000000 		.4byte	.LASF132
 1357 08dd 0D       		.byte	0xd
 1358 08de 3A       		.byte	0x3a
 1359 08df 6F020000 		.4byte	0x26f
 1360 08e3 00       		.byte	0
 1361 08e4 07       		.uleb128 0x7
 1362 08e5 DD060000 		.4byte	.LASF133
 1363 08e9 0D       		.byte	0xd
 1364 08ea 3C       		.byte	0x3c
 1365 08eb 45020000 		.4byte	0x245
ARM GAS  /tmp/cc4AXeiK.s 			page 25


 1366 08ef 08       		.byte	0x8
 1367 08f0 07       		.uleb128 0x7
 1368 08f1 B4050000 		.4byte	.LASF134
 1369 08f5 0D       		.byte	0xd
 1370 08f6 3E       		.byte	0x3e
 1371 08f7 3B090000 		.4byte	0x93b
 1372 08fb 0C       		.byte	0xc
 1373 08fc 00       		.byte	0
 1374 08fd 0A       		.uleb128 0xa
 1375 08fe 04       		.byte	0x4
 1376 08ff CC080000 		.4byte	0x8cc
 1377 0903 0A       		.uleb128 0xa
 1378 0904 04       		.byte	0x4
 1379 0905 10090000 		.4byte	0x910
 1380 0909 04       		.uleb128 0x4
 1381 090a 01       		.byte	0x1
 1382 090b 08       		.byte	0x8
 1383 090c 9D050000 		.4byte	.LASF135
 1384 0910 18       		.uleb128 0x18
 1385 0911 09090000 		.4byte	0x909
 1386 0915 0A       		.uleb128 0xa
 1387 0916 04       		.byte	0x4
 1388 0917 24030000 		.4byte	0x324
 1389 091b 05       		.uleb128 0x5
 1390 091c 03090000 		.4byte	0x903
 1391 0920 10       		.uleb128 0x10
 1392 0921 B3060000 		.4byte	0x6b3
 1393 0925 30090000 		.4byte	0x930
 1394 0929 11       		.uleb128 0x11
 1395 092a 58040000 		.4byte	0x458
 1396 092e 2B       		.byte	0x2b
 1397 092f 00       		.byte	0
 1398 0930 03       		.uleb128 0x3
 1399 0931 AF010000 		.4byte	.LASF136
 1400 0935 0D       		.byte	0xd
 1401 0936 34       		.byte	0x34
 1402 0937 CC080000 		.4byte	0x8cc
 1403 093b 0A       		.uleb128 0xa
 1404 093c 04       		.byte	0x4
 1405 093d 30090000 		.4byte	0x930
 1406 0941 04       		.uleb128 0x4
 1407 0942 01       		.byte	0x1
 1408 0943 02       		.byte	0x2
 1409 0944 C7040000 		.4byte	.LASF137
 1410 0948 19       		.uleb128 0x19
 1411 0949 54020000 		.4byte	.LASF143
 1412 094d 01       		.byte	0x1
 1413 094e 36       		.byte	0x36
 1414 094f 01       		.byte	0x1
 1415 0950 1A       		.uleb128 0x1a
 1416 0951 21060000 		.4byte	.LASF144
 1417 0955 01       		.byte	0x1
 1418 0956 72       		.byte	0x72
 1419 0957 00000000 		.4byte	.LFB261
 1420 095b 64000000 		.4byte	.LFE261-.LFB261
 1421 095f 01       		.uleb128 0x1
 1422 0960 9C       		.byte	0x9c
ARM GAS  /tmp/cc4AXeiK.s 			page 26


 1423 0961 75090000 		.4byte	0x975
 1424 0965 1B       		.uleb128 0x1b
 1425 0966 48090000 		.4byte	0x948
 1426 096a 18000000 		.4byte	.LBB4
 1427 096e 00000000 		.4byte	.Ldebug_ranges0+0
 1428 0972 01       		.byte	0x1
 1429 0973 7F       		.byte	0x7f
 1430 0974 00       		.byte	0
 1431 0975 1C       		.uleb128 0x1c
 1432 0976 9E010000 		.4byte	.LASF145
 1433 097a 01       		.byte	0x1
 1434 097b 92       		.byte	0x92
 1435 097c 00000000 		.4byte	.LFB262
 1436 0980 C8000000 		.4byte	.LFE262-.LFB262
 1437 0984 01       		.uleb128 0x1
 1438 0985 9C       		.byte	0x9c
 1439 0986 1D       		.uleb128 0x1d
 1440 0987 97000000 		.4byte	.LASF138
 1441 098b 0E       		.byte	0xe
 1442 098c A706     		.2byte	0x6a7
 1443 098e D5000000 		.4byte	0xd5
 1444 0992 1E       		.uleb128 0x1e
 1445 0993 E1010000 		.4byte	.LASF139
 1446 0997 01       		.byte	0x1
 1447 0998 27       		.byte	0x27
 1448 0999 BF000000 		.4byte	0xbf
 1449 099d 05       		.uleb128 0x5
 1450 099e 03       		.byte	0x3
 1451 099f 00000000 		.4byte	SystemCoreClock
 1452 09a3 1F       		.uleb128 0x1f
 1453 09a4 636800   		.ascii	"ch\000"
 1454 09a7 07       		.byte	0x7
 1455 09a8 0902     		.2byte	0x209
 1456 09aa F1030000 		.4byte	0x3f1
 1457 09ae 00       		.byte	0
 1458              		.section	.debug_abbrev,"",%progbits
 1459              	.Ldebug_abbrev0:
 1460 0000 01       		.uleb128 0x1
 1461 0001 11       		.uleb128 0x11
 1462 0002 01       		.byte	0x1
 1463 0003 25       		.uleb128 0x25
 1464 0004 0E       		.uleb128 0xe
 1465 0005 13       		.uleb128 0x13
 1466 0006 0B       		.uleb128 0xb
 1467 0007 03       		.uleb128 0x3
 1468 0008 0E       		.uleb128 0xe
 1469 0009 1B       		.uleb128 0x1b
 1470 000a 0E       		.uleb128 0xe
 1471 000b 55       		.uleb128 0x55
 1472 000c 17       		.uleb128 0x17
 1473 000d 11       		.uleb128 0x11
 1474 000e 01       		.uleb128 0x1
 1475 000f 10       		.uleb128 0x10
 1476 0010 17       		.uleb128 0x17
 1477 0011 00       		.byte	0
 1478 0012 00       		.byte	0
 1479 0013 02       		.uleb128 0x2
ARM GAS  /tmp/cc4AXeiK.s 			page 27


 1480 0014 24       		.uleb128 0x24
 1481 0015 00       		.byte	0
 1482 0016 0B       		.uleb128 0xb
 1483 0017 0B       		.uleb128 0xb
 1484 0018 3E       		.uleb128 0x3e
 1485 0019 0B       		.uleb128 0xb
 1486 001a 03       		.uleb128 0x3
 1487 001b 08       		.uleb128 0x8
 1488 001c 00       		.byte	0
 1489 001d 00       		.byte	0
 1490 001e 03       		.uleb128 0x3
 1491 001f 16       		.uleb128 0x16
 1492 0020 00       		.byte	0
 1493 0021 03       		.uleb128 0x3
 1494 0022 0E       		.uleb128 0xe
 1495 0023 3A       		.uleb128 0x3a
 1496 0024 0B       		.uleb128 0xb
 1497 0025 3B       		.uleb128 0x3b
 1498 0026 0B       		.uleb128 0xb
 1499 0027 49       		.uleb128 0x49
 1500 0028 13       		.uleb128 0x13
 1501 0029 00       		.byte	0
 1502 002a 00       		.byte	0
 1503 002b 04       		.uleb128 0x4
 1504 002c 24       		.uleb128 0x24
 1505 002d 00       		.byte	0
 1506 002e 0B       		.uleb128 0xb
 1507 002f 0B       		.uleb128 0xb
 1508 0030 3E       		.uleb128 0x3e
 1509 0031 0B       		.uleb128 0xb
 1510 0032 03       		.uleb128 0x3
 1511 0033 0E       		.uleb128 0xe
 1512 0034 00       		.byte	0
 1513 0035 00       		.byte	0
 1514 0036 05       		.uleb128 0x5
 1515 0037 35       		.uleb128 0x35
 1516 0038 00       		.byte	0
 1517 0039 49       		.uleb128 0x49
 1518 003a 13       		.uleb128 0x13
 1519 003b 00       		.byte	0
 1520 003c 00       		.byte	0
 1521 003d 06       		.uleb128 0x6
 1522 003e 13       		.uleb128 0x13
 1523 003f 01       		.byte	0x1
 1524 0040 03       		.uleb128 0x3
 1525 0041 0E       		.uleb128 0xe
 1526 0042 0B       		.uleb128 0xb
 1527 0043 0B       		.uleb128 0xb
 1528 0044 3A       		.uleb128 0x3a
 1529 0045 0B       		.uleb128 0xb
 1530 0046 3B       		.uleb128 0x3b
 1531 0047 0B       		.uleb128 0xb
 1532 0048 01       		.uleb128 0x1
 1533 0049 13       		.uleb128 0x13
 1534 004a 00       		.byte	0
 1535 004b 00       		.byte	0
 1536 004c 07       		.uleb128 0x7
ARM GAS  /tmp/cc4AXeiK.s 			page 28


 1537 004d 0D       		.uleb128 0xd
 1538 004e 00       		.byte	0
 1539 004f 03       		.uleb128 0x3
 1540 0050 0E       		.uleb128 0xe
 1541 0051 3A       		.uleb128 0x3a
 1542 0052 0B       		.uleb128 0xb
 1543 0053 3B       		.uleb128 0x3b
 1544 0054 0B       		.uleb128 0xb
 1545 0055 49       		.uleb128 0x49
 1546 0056 13       		.uleb128 0x13
 1547 0057 38       		.uleb128 0x38
 1548 0058 0B       		.uleb128 0xb
 1549 0059 00       		.byte	0
 1550 005a 00       		.byte	0
 1551 005b 08       		.uleb128 0x8
 1552 005c 0D       		.uleb128 0xd
 1553 005d 00       		.byte	0
 1554 005e 03       		.uleb128 0x3
 1555 005f 08       		.uleb128 0x8
 1556 0060 3A       		.uleb128 0x3a
 1557 0061 0B       		.uleb128 0xb
 1558 0062 3B       		.uleb128 0x3b
 1559 0063 05       		.uleb128 0x5
 1560 0064 49       		.uleb128 0x49
 1561 0065 13       		.uleb128 0x13
 1562 0066 38       		.uleb128 0x38
 1563 0067 0B       		.uleb128 0xb
 1564 0068 00       		.byte	0
 1565 0069 00       		.byte	0
 1566 006a 09       		.uleb128 0x9
 1567 006b 0D       		.uleb128 0xd
 1568 006c 00       		.byte	0
 1569 006d 03       		.uleb128 0x3
 1570 006e 0E       		.uleb128 0xe
 1571 006f 3A       		.uleb128 0x3a
 1572 0070 0B       		.uleb128 0xb
 1573 0071 3B       		.uleb128 0x3b
 1574 0072 05       		.uleb128 0x5
 1575 0073 49       		.uleb128 0x49
 1576 0074 13       		.uleb128 0x13
 1577 0075 38       		.uleb128 0x38
 1578 0076 0B       		.uleb128 0xb
 1579 0077 00       		.byte	0
 1580 0078 00       		.byte	0
 1581 0079 0A       		.uleb128 0xa
 1582 007a 0F       		.uleb128 0xf
 1583 007b 00       		.byte	0
 1584 007c 0B       		.uleb128 0xb
 1585 007d 0B       		.uleb128 0xb
 1586 007e 49       		.uleb128 0x49
 1587 007f 13       		.uleb128 0x13
 1588 0080 00       		.byte	0
 1589 0081 00       		.byte	0
 1590 0082 0B       		.uleb128 0xb
 1591 0083 13       		.uleb128 0x13
 1592 0084 01       		.byte	0x1
 1593 0085 03       		.uleb128 0x3
ARM GAS  /tmp/cc4AXeiK.s 			page 29


 1594 0086 0E       		.uleb128 0xe
 1595 0087 0B       		.uleb128 0xb
 1596 0088 0B       		.uleb128 0xb
 1597 0089 3A       		.uleb128 0x3a
 1598 008a 0B       		.uleb128 0xb
 1599 008b 3B       		.uleb128 0x3b
 1600 008c 05       		.uleb128 0x5
 1601 008d 01       		.uleb128 0x1
 1602 008e 13       		.uleb128 0x13
 1603 008f 00       		.byte	0
 1604 0090 00       		.byte	0
 1605 0091 0C       		.uleb128 0xc
 1606 0092 15       		.uleb128 0x15
 1607 0093 01       		.byte	0x1
 1608 0094 27       		.uleb128 0x27
 1609 0095 19       		.uleb128 0x19
 1610 0096 01       		.uleb128 0x1
 1611 0097 13       		.uleb128 0x13
 1612 0098 00       		.byte	0
 1613 0099 00       		.byte	0
 1614 009a 0D       		.uleb128 0xd
 1615 009b 05       		.uleb128 0x5
 1616 009c 00       		.byte	0
 1617 009d 49       		.uleb128 0x49
 1618 009e 13       		.uleb128 0x13
 1619 009f 00       		.byte	0
 1620 00a0 00       		.byte	0
 1621 00a1 0E       		.uleb128 0xe
 1622 00a2 0F       		.uleb128 0xf
 1623 00a3 00       		.byte	0
 1624 00a4 0B       		.uleb128 0xb
 1625 00a5 0B       		.uleb128 0xb
 1626 00a6 00       		.byte	0
 1627 00a7 00       		.byte	0
 1628 00a8 0F       		.uleb128 0xf
 1629 00a9 13       		.uleb128 0x13
 1630 00aa 01       		.byte	0x1
 1631 00ab 03       		.uleb128 0x3
 1632 00ac 0E       		.uleb128 0xe
 1633 00ad 0B       		.uleb128 0xb
 1634 00ae 05       		.uleb128 0x5
 1635 00af 3A       		.uleb128 0x3a
 1636 00b0 0B       		.uleb128 0xb
 1637 00b1 3B       		.uleb128 0x3b
 1638 00b2 05       		.uleb128 0x5
 1639 00b3 01       		.uleb128 0x1
 1640 00b4 13       		.uleb128 0x13
 1641 00b5 00       		.byte	0
 1642 00b6 00       		.byte	0
 1643 00b7 10       		.uleb128 0x10
 1644 00b8 01       		.uleb128 0x1
 1645 00b9 01       		.byte	0x1
 1646 00ba 49       		.uleb128 0x49
 1647 00bb 13       		.uleb128 0x13
 1648 00bc 01       		.uleb128 0x1
 1649 00bd 13       		.uleb128 0x13
 1650 00be 00       		.byte	0
ARM GAS  /tmp/cc4AXeiK.s 			page 30


 1651 00bf 00       		.byte	0
 1652 00c0 11       		.uleb128 0x11
 1653 00c1 21       		.uleb128 0x21
 1654 00c2 00       		.byte	0
 1655 00c3 49       		.uleb128 0x49
 1656 00c4 13       		.uleb128 0x13
 1657 00c5 2F       		.uleb128 0x2f
 1658 00c6 0B       		.uleb128 0xb
 1659 00c7 00       		.byte	0
 1660 00c8 00       		.byte	0
 1661 00c9 12       		.uleb128 0x12
 1662 00ca 13       		.uleb128 0x13
 1663 00cb 01       		.byte	0x1
 1664 00cc 0B       		.uleb128 0xb
 1665 00cd 0B       		.uleb128 0xb
 1666 00ce 3A       		.uleb128 0x3a
 1667 00cf 0B       		.uleb128 0xb
 1668 00d0 3B       		.uleb128 0x3b
 1669 00d1 05       		.uleb128 0x5
 1670 00d2 01       		.uleb128 0x1
 1671 00d3 13       		.uleb128 0x13
 1672 00d4 00       		.byte	0
 1673 00d5 00       		.byte	0
 1674 00d6 13       		.uleb128 0x13
 1675 00d7 16       		.uleb128 0x16
 1676 00d8 00       		.byte	0
 1677 00d9 03       		.uleb128 0x3
 1678 00da 0E       		.uleb128 0xe
 1679 00db 3A       		.uleb128 0x3a
 1680 00dc 0B       		.uleb128 0xb
 1681 00dd 3B       		.uleb128 0x3b
 1682 00de 05       		.uleb128 0x5
 1683 00df 49       		.uleb128 0x49
 1684 00e0 13       		.uleb128 0x13
 1685 00e1 00       		.byte	0
 1686 00e2 00       		.byte	0
 1687 00e3 14       		.uleb128 0x14
 1688 00e4 0D       		.uleb128 0xd
 1689 00e5 00       		.byte	0
 1690 00e6 03       		.uleb128 0x3
 1691 00e7 08       		.uleb128 0x8
 1692 00e8 3A       		.uleb128 0x3a
 1693 00e9 0B       		.uleb128 0xb
 1694 00ea 3B       		.uleb128 0x3b
 1695 00eb 0B       		.uleb128 0xb
 1696 00ec 49       		.uleb128 0x49
 1697 00ed 13       		.uleb128 0x13
 1698 00ee 38       		.uleb128 0x38
 1699 00ef 0B       		.uleb128 0xb
 1700 00f0 00       		.byte	0
 1701 00f1 00       		.byte	0
 1702 00f2 15       		.uleb128 0x15
 1703 00f3 13       		.uleb128 0x13
 1704 00f4 01       		.byte	0x1
 1705 00f5 0B       		.uleb128 0xb
 1706 00f6 0B       		.uleb128 0xb
 1707 00f7 3A       		.uleb128 0x3a
ARM GAS  /tmp/cc4AXeiK.s 			page 31


 1708 00f8 0B       		.uleb128 0xb
 1709 00f9 3B       		.uleb128 0x3b
 1710 00fa 0B       		.uleb128 0xb
 1711 00fb 01       		.uleb128 0x1
 1712 00fc 13       		.uleb128 0x13
 1713 00fd 00       		.byte	0
 1714 00fe 00       		.byte	0
 1715 00ff 16       		.uleb128 0x16
 1716 0100 17       		.uleb128 0x17
 1717 0101 01       		.byte	0x1
 1718 0102 0B       		.uleb128 0xb
 1719 0103 0B       		.uleb128 0xb
 1720 0104 3A       		.uleb128 0x3a
 1721 0105 0B       		.uleb128 0xb
 1722 0106 3B       		.uleb128 0x3b
 1723 0107 0B       		.uleb128 0xb
 1724 0108 01       		.uleb128 0x1
 1725 0109 13       		.uleb128 0x13
 1726 010a 00       		.byte	0
 1727 010b 00       		.byte	0
 1728 010c 17       		.uleb128 0x17
 1729 010d 0D       		.uleb128 0xd
 1730 010e 00       		.byte	0
 1731 010f 03       		.uleb128 0x3
 1732 0110 0E       		.uleb128 0xe
 1733 0111 3A       		.uleb128 0x3a
 1734 0112 0B       		.uleb128 0xb
 1735 0113 3B       		.uleb128 0x3b
 1736 0114 05       		.uleb128 0x5
 1737 0115 49       		.uleb128 0x49
 1738 0116 13       		.uleb128 0x13
 1739 0117 00       		.byte	0
 1740 0118 00       		.byte	0
 1741 0119 18       		.uleb128 0x18
 1742 011a 26       		.uleb128 0x26
 1743 011b 00       		.byte	0
 1744 011c 49       		.uleb128 0x49
 1745 011d 13       		.uleb128 0x13
 1746 011e 00       		.byte	0
 1747 011f 00       		.byte	0
 1748 0120 19       		.uleb128 0x19
 1749 0121 2E       		.uleb128 0x2e
 1750 0122 00       		.byte	0
 1751 0123 03       		.uleb128 0x3
 1752 0124 0E       		.uleb128 0xe
 1753 0125 3A       		.uleb128 0x3a
 1754 0126 0B       		.uleb128 0xb
 1755 0127 3B       		.uleb128 0x3b
 1756 0128 0B       		.uleb128 0xb
 1757 0129 27       		.uleb128 0x27
 1758 012a 19       		.uleb128 0x19
 1759 012b 20       		.uleb128 0x20
 1760 012c 0B       		.uleb128 0xb
 1761 012d 00       		.byte	0
 1762 012e 00       		.byte	0
 1763 012f 1A       		.uleb128 0x1a
 1764 0130 2E       		.uleb128 0x2e
ARM GAS  /tmp/cc4AXeiK.s 			page 32


 1765 0131 01       		.byte	0x1
 1766 0132 3F       		.uleb128 0x3f
 1767 0133 19       		.uleb128 0x19
 1768 0134 03       		.uleb128 0x3
 1769 0135 0E       		.uleb128 0xe
 1770 0136 3A       		.uleb128 0x3a
 1771 0137 0B       		.uleb128 0xb
 1772 0138 3B       		.uleb128 0x3b
 1773 0139 0B       		.uleb128 0xb
 1774 013a 27       		.uleb128 0x27
 1775 013b 19       		.uleb128 0x19
 1776 013c 11       		.uleb128 0x11
 1777 013d 01       		.uleb128 0x1
 1778 013e 12       		.uleb128 0x12
 1779 013f 06       		.uleb128 0x6
 1780 0140 40       		.uleb128 0x40
 1781 0141 18       		.uleb128 0x18
 1782 0142 9742     		.uleb128 0x2117
 1783 0144 19       		.uleb128 0x19
 1784 0145 01       		.uleb128 0x1
 1785 0146 13       		.uleb128 0x13
 1786 0147 00       		.byte	0
 1787 0148 00       		.byte	0
 1788 0149 1B       		.uleb128 0x1b
 1789 014a 1D       		.uleb128 0x1d
 1790 014b 00       		.byte	0
 1791 014c 31       		.uleb128 0x31
 1792 014d 13       		.uleb128 0x13
 1793 014e 52       		.uleb128 0x52
 1794 014f 01       		.uleb128 0x1
 1795 0150 55       		.uleb128 0x55
 1796 0151 17       		.uleb128 0x17
 1797 0152 58       		.uleb128 0x58
 1798 0153 0B       		.uleb128 0xb
 1799 0154 59       		.uleb128 0x59
 1800 0155 0B       		.uleb128 0xb
 1801 0156 00       		.byte	0
 1802 0157 00       		.byte	0
 1803 0158 1C       		.uleb128 0x1c
 1804 0159 2E       		.uleb128 0x2e
 1805 015a 00       		.byte	0
 1806 015b 3F       		.uleb128 0x3f
 1807 015c 19       		.uleb128 0x19
 1808 015d 03       		.uleb128 0x3
 1809 015e 0E       		.uleb128 0xe
 1810 015f 3A       		.uleb128 0x3a
 1811 0160 0B       		.uleb128 0xb
 1812 0161 3B       		.uleb128 0x3b
 1813 0162 0B       		.uleb128 0xb
 1814 0163 27       		.uleb128 0x27
 1815 0164 19       		.uleb128 0x19
 1816 0165 11       		.uleb128 0x11
 1817 0166 01       		.uleb128 0x1
 1818 0167 12       		.uleb128 0x12
 1819 0168 06       		.uleb128 0x6
 1820 0169 40       		.uleb128 0x40
 1821 016a 18       		.uleb128 0x18
ARM GAS  /tmp/cc4AXeiK.s 			page 33


 1822 016b 9742     		.uleb128 0x2117
 1823 016d 19       		.uleb128 0x19
 1824 016e 00       		.byte	0
 1825 016f 00       		.byte	0
 1826 0170 1D       		.uleb128 0x1d
 1827 0171 34       		.uleb128 0x34
 1828 0172 00       		.byte	0
 1829 0173 03       		.uleb128 0x3
 1830 0174 0E       		.uleb128 0xe
 1831 0175 3A       		.uleb128 0x3a
 1832 0176 0B       		.uleb128 0xb
 1833 0177 3B       		.uleb128 0x3b
 1834 0178 05       		.uleb128 0x5
 1835 0179 49       		.uleb128 0x49
 1836 017a 13       		.uleb128 0x13
 1837 017b 3F       		.uleb128 0x3f
 1838 017c 19       		.uleb128 0x19
 1839 017d 3C       		.uleb128 0x3c
 1840 017e 19       		.uleb128 0x19
 1841 017f 00       		.byte	0
 1842 0180 00       		.byte	0
 1843 0181 1E       		.uleb128 0x1e
 1844 0182 34       		.uleb128 0x34
 1845 0183 00       		.byte	0
 1846 0184 03       		.uleb128 0x3
 1847 0185 0E       		.uleb128 0xe
 1848 0186 3A       		.uleb128 0x3a
 1849 0187 0B       		.uleb128 0xb
 1850 0188 3B       		.uleb128 0x3b
 1851 0189 0B       		.uleb128 0xb
 1852 018a 49       		.uleb128 0x49
 1853 018b 13       		.uleb128 0x13
 1854 018c 3F       		.uleb128 0x3f
 1855 018d 19       		.uleb128 0x19
 1856 018e 02       		.uleb128 0x2
 1857 018f 18       		.uleb128 0x18
 1858 0190 00       		.byte	0
 1859 0191 00       		.byte	0
 1860 0192 1F       		.uleb128 0x1f
 1861 0193 34       		.uleb128 0x34
 1862 0194 00       		.byte	0
 1863 0195 03       		.uleb128 0x3
 1864 0196 08       		.uleb128 0x8
 1865 0197 3A       		.uleb128 0x3a
 1866 0198 0B       		.uleb128 0xb
 1867 0199 3B       		.uleb128 0x3b
 1868 019a 05       		.uleb128 0x5
 1869 019b 49       		.uleb128 0x49
 1870 019c 13       		.uleb128 0x13
 1871 019d 3F       		.uleb128 0x3f
 1872 019e 19       		.uleb128 0x19
 1873 019f 3C       		.uleb128 0x3c
 1874 01a0 19       		.uleb128 0x19
 1875 01a1 00       		.byte	0
 1876 01a2 00       		.byte	0
 1877 01a3 00       		.byte	0
 1878              		.section	.debug_aranges,"",%progbits
ARM GAS  /tmp/cc4AXeiK.s 			page 34


 1879 0000 24000000 		.4byte	0x24
 1880 0004 0200     		.2byte	0x2
 1881 0006 00000000 		.4byte	.Ldebug_info0
 1882 000a 04       		.byte	0x4
 1883 000b 00       		.byte	0
 1884 000c 0000     		.2byte	0
 1885 000e 0000     		.2byte	0
 1886 0010 00000000 		.4byte	.LFB261
 1887 0014 64000000 		.4byte	.LFE261-.LFB261
 1888 0018 00000000 		.4byte	.LFB262
 1889 001c C8000000 		.4byte	.LFE262-.LFB262
 1890 0020 00000000 		.4byte	0
 1891 0024 00000000 		.4byte	0
 1892              		.section	.debug_ranges,"",%progbits
 1893              	.Ldebug_ranges0:
 1894 0000 18000000 		.4byte	.LBB4
 1895 0004 1A000000 		.4byte	.LBE4
 1896 0008 30000000 		.4byte	.LBB8
 1897 000c 4E000000 		.4byte	.LBE8
 1898 0010 52000000 		.4byte	.LBB9
 1899 0014 5A000000 		.4byte	.LBE9
 1900 0018 00000000 		.4byte	0
 1901 001c 00000000 		.4byte	0
 1902 0020 00000000 		.4byte	.LFB261
 1903 0024 64000000 		.4byte	.LFE261
 1904 0028 00000000 		.4byte	.LFB262
 1905 002c C8000000 		.4byte	.LFE262
 1906 0030 00000000 		.4byte	0
 1907 0034 00000000 		.4byte	0
 1908              		.section	.debug_line,"",%progbits
 1909              	.Ldebug_line0:
 1910 0000 6E020000 		.section	.debug_str,"MS",%progbits,1
 1910      0200DF01 
 1910      00000201 
 1910      FB0E0D00 
 1910      01010101 
 1911              	.LASF52:
 1912 0000 72656164 		.ascii	"ready_list_t\000"
 1912      795F6C69 
 1912      73745F74 
 1912      00
 1913              	.LASF4:
 1914 000d 73697A65 		.ascii	"size_t\000"
 1914      5F7400
 1915              	.LASF121:
 1916 0014 7264796D 		.ascii	"rdymsg\000"
 1916      736700
 1917              	.LASF18:
 1918 001b 75696E74 		.ascii	"uint64_t\000"
 1918      36345F74 
 1918      00
 1919              	.LASF5:
 1920 0024 5F5F7569 		.ascii	"__uint8_t\000"
 1920      6E74385F 
 1920      7400
 1921              	.LASF118:
 1922 002e 706F7274 		.ascii	"port_intctx\000"
ARM GAS  /tmp/cc4AXeiK.s 			page 35


 1922      5F696E74 
 1922      63747800 
 1923              	.LASF71:
 1924 003a 73797374 		.ascii	"system_debug_t\000"
 1924      656D5F64 
 1924      65627567 
 1924      5F7400
 1925              	.LASF83:
 1926 0049 4F505443 		.ascii	"OPTCR\000"
 1926      5200
 1927              	.LASF84:
 1928 004f 4F505443 		.ascii	"OPTCR1\000"
 1928      523100
 1929              	.LASF14:
 1930 0056 6C6F6E67 		.ascii	"long long unsigned int\000"
 1930      206C6F6E 
 1930      6720756E 
 1930      7369676E 
 1930      65642069 
 1931              	.LASF122:
 1932 006d 65786974 		.ascii	"exitcode\000"
 1932      636F6465 
 1932      00
 1933              	.LASF78:
 1934 0076 6D61696E 		.ascii	"mainthread\000"
 1934      74687265 
 1934      616400
 1935              	.LASF68:
 1936 0081 76697274 		.ascii	"virtual_timers_list_t\000"
 1936      75616C5F 
 1936      74696D65 
 1936      72735F6C 
 1936      6973745F 
 1937              	.LASF138:
 1938 0097 49544D5F 		.ascii	"ITM_RxBuffer\000"
 1938      52784275 
 1938      66666572 
 1938      00
 1939              	.LASF51:
 1940 00a4 63685F74 		.ascii	"ch_threads_queue\000"
 1940      68726561 
 1940      64735F71 
 1940      75657565 
 1940      00
 1941              	.LASF103:
 1942 00b5 41484231 		.ascii	"AHB1LPENR\000"
 1942      4C50454E 
 1942      5200
 1943              	.LASF31:
 1944 00bf 705F7072 		.ascii	"p_prio\000"
 1944      696F00
 1945              	.LASF1:
 1946 00c6 6C6F6E67 		.ascii	"long long int\000"
 1946      206C6F6E 
 1946      6720696E 
 1946      7400
 1947              	.LASF3:
ARM GAS  /tmp/cc4AXeiK.s 			page 36


 1948 00d4 7369676E 		.ascii	"signed char\000"
 1948      65642063 
 1948      68617200 
 1949              	.LASF89:
 1950 00e0 41484231 		.ascii	"AHB1RSTR\000"
 1950      52535452 
 1950      00
 1951              	.LASF85:
 1952 00e9 464C4153 		.ascii	"FLASH_TypeDef\000"
 1952      485F5479 
 1952      70654465 
 1952      6600
 1953              	.LASF45:
 1954 00f7 705F6D70 		.ascii	"p_mpool\000"
 1954      6F6F6C00 
 1955              	.LASF132:
 1956 00ff 6D5F7175 		.ascii	"m_queue\000"
 1956      65756500 
 1957              	.LASF77:
 1958 0107 76746C69 		.ascii	"vtlist\000"
 1958      737400
 1959              	.LASF141:
 1960 010e 2E2E2F2E 		.ascii	"../../os/hal/ports/STM32/STM32F4xx/hal_lld.c\000"
 1960      2E2F6F73 
 1960      2F68616C 
 1960      2F706F72 
 1960      74732F53 
 1961              	.LASF124:
 1962 013b 77747472 		.ascii	"wttrp\000"
 1962      7000
 1963              	.LASF75:
 1964 0141 63685F73 		.ascii	"ch_system\000"
 1964      79737465 
 1964      6D00
 1965              	.LASF10:
 1966 014b 6C6F6E67 		.ascii	"long int\000"
 1966      20696E74 
 1966      00
 1967              	.LASF94:
 1968 0154 41504232 		.ascii	"APB2RSTR\000"
 1968      52535452 
 1968      00
 1969              	.LASF107:
 1970 015d 41504231 		.ascii	"APB1LPENR\000"
 1970      4C50454E 
 1970      5200
 1971              	.LASF21:
 1972 0167 74737461 		.ascii	"tstate_t\000"
 1972      74655F74 
 1972      00
 1973              	.LASF33:
 1974 0170 705F6E65 		.ascii	"p_newer\000"
 1974      77657200 
 1975              	.LASF82:
 1976 0178 4F50544B 		.ascii	"OPTKEYR\000"
 1976      45595200 
 1977              	.LASF57:
ARM GAS  /tmp/cc4AXeiK.s 			page 37


 1978 0180 725F6E65 		.ascii	"r_newer\000"
 1978      77657200 
 1979              	.LASF115:
 1980 0188 72656761 		.ascii	"regarm_t\000"
 1980      726D5F74 
 1980      00
 1981              	.LASF64:
 1982 0191 76745F70 		.ascii	"vt_prev\000"
 1982      72657600 
 1983              	.LASF81:
 1984 0199 4B455952 		.ascii	"KEYR\000"
 1984      00
 1985              	.LASF145:
 1986 019e 73746D33 		.ascii	"stm32_clock_init\000"
 1986      325F636C 
 1986      6F636B5F 
 1986      696E6974 
 1986      00
 1987              	.LASF136:
 1988 01af 6D757465 		.ascii	"mutex_t\000"
 1988      785F7400 
 1989              	.LASF79:
 1990 01b7 69646C65 		.ascii	"idle_thread_wa\000"
 1990      5F746872 
 1990      6561645F 
 1990      776100
 1991              	.LASF26:
 1992 01c6 636E745F 		.ascii	"cnt_t\000"
 1992      7400
 1993              	.LASF0:
 1994 01cc 756E7369 		.ascii	"unsigned int\000"
 1994      676E6564 
 1994      20696E74 
 1994      00
 1995              	.LASF63:
 1996 01d9 76745F6E 		.ascii	"vt_next\000"
 1996      65787400 
 1997              	.LASF139:
 1998 01e1 53797374 		.ascii	"SystemCoreClock\000"
 1998      656D436F 
 1998      7265436C 
 1998      6F636B00 
 1999              	.LASF125:
 2000 01f1 77747365 		.ascii	"wtsemp\000"
 2000      6D7000
 2001              	.LASF65:
 2002 01f8 76745F64 		.ascii	"vt_delta\000"
 2002      656C7461 
 2002      00
 2003              	.LASF40:
 2004 0201 705F6D73 		.ascii	"p_msgqueue\000"
 2004      67717565 
 2004      756500
 2005              	.LASF114:
 2006 020c 5243435F 		.ascii	"RCC_TypeDef\000"
 2006      54797065 
 2006      44656600 
ARM GAS  /tmp/cc4AXeiK.s 			page 38


 2007              	.LASF130:
 2008 0218 735F636E 		.ascii	"s_cnt\000"
 2008      7400
 2009              	.LASF8:
 2010 021e 73686F72 		.ascii	"short unsigned int\000"
 2010      7420756E 
 2010      7369676E 
 2010      65642069 
 2010      6E7400
 2011              	.LASF48:
 2012 0231 63685F74 		.ascii	"ch_thread\000"
 2012      68726561 
 2012      6400
 2013              	.LASF113:
 2014 023b 504C4C49 		.ascii	"PLLI2SCFGR\000"
 2014      32534346 
 2014      475200
 2015              	.LASF24:
 2016 0246 6D73675F 		.ascii	"msg_t\000"
 2016      7400
 2017              	.LASF87:
 2018 024c 504C4C43 		.ascii	"PLLCFGR\000"
 2018      46475200 
 2019              	.LASF143:
 2020 0254 68616C5F 		.ascii	"hal_lld_backup_domain_init\000"
 2020      6C6C645F 
 2020      6261636B 
 2020      75705F64 
 2020      6F6D6169 
 2021              	.LASF74:
 2022 026f 63685F73 		.ascii	"ch_system_t\000"
 2022      79737465 
 2022      6D5F7400 
 2023              	.LASF20:
 2024 027b 746D6F64 		.ascii	"tmode_t\000"
 2024      655F7400 
 2025              	.LASF108:
 2026 0283 41504232 		.ascii	"APB2LPENR\000"
 2026      4C50454E 
 2026      5200
 2027              	.LASF53:
 2028 028d 63685F72 		.ascii	"ch_ready_list\000"
 2028      65616479 
 2028      5F6C6973 
 2028      7400
 2029              	.LASF25:
 2030 029b 6576656E 		.ascii	"eventmask_t\000"
 2030      746D6173 
 2030      6B5F7400 
 2031              	.LASF9:
 2032 02a7 5F5F696E 		.ascii	"__int32_t\000"
 2032      7433325F 
 2032      7400
 2033              	.LASF116:
 2034 02b1 73746B61 		.ascii	"stkalign_t\000"
 2034      6C69676E 
 2034      5F7400
ARM GAS  /tmp/cc4AXeiK.s 			page 39


 2035              	.LASF140:
 2036 02bc 474E5520 		.ascii	"GNU C11 5.2.0 -mcpu=cortex-m4 -mfloat-abi=hard -mfp"
 2036      43313120 
 2036      352E322E 
 2036      30202D6D 
 2036      6370753D 
 2037 02ef 753D6670 		.ascii	"u=fpv4-sp-d16 -mno-thumb-interwork -mthumb -ggdb -O"
 2037      76342D73 
 2037      702D6431 
 2037      36202D6D 
 2037      6E6F2D74 
 2038 0322 32202D66 		.ascii	"2 -fomit-frame-pointer -falign-functions=16 -ffunct"
 2038      6F6D6974 
 2038      2D667261 
 2038      6D652D70 
 2038      6F696E74 
 2039 0355 696F6E2D 		.ascii	"ion-sections -fdata-sections -fno-common -fsingle-p"
 2039      73656374 
 2039      696F6E73 
 2039      202D6664 
 2039      6174612D 
 2040 0388 72656369 		.ascii	"recision-constant\000"
 2040      73696F6E 
 2040      2D636F6E 
 2040      7374616E 
 2040      7400
 2041              	.LASF47:
 2042 039a 74687265 		.ascii	"threads_list_t\000"
 2042      6164735F 
 2042      6C697374 
 2042      5F7400
 2043              	.LASF61:
 2044 03a9 76697274 		.ascii	"virtual_timer_t\000"
 2044      75616C5F 
 2044      74696D65 
 2044      725F7400 
 2045              	.LASF39:
 2046 03b9 705F7761 		.ascii	"p_waiting\000"
 2046      6974696E 
 2046      6700
 2047              	.LASF80:
 2048 03c3 73697A65 		.ascii	"sizetype\000"
 2048      74797065 
 2048      00
 2049              	.LASF46:
 2050 03cc 74687265 		.ascii	"thread_reference_t\000"
 2050      61645F72 
 2050      65666572 
 2050      656E6365 
 2050      5F7400
 2051              	.LASF69:
 2052 03df 63685F76 		.ascii	"ch_virtual_timers_list\000"
 2052      69727475 
 2052      616C5F74 
 2052      696D6572 
 2052      735F6C69 
 2053              	.LASF2:
ARM GAS  /tmp/cc4AXeiK.s 			page 40


 2054 03f6 6C6F6E67 		.ascii	"long double\000"
 2054      20646F75 
 2054      626C6500 
 2055              	.LASF29:
 2056 0402 705F6E65 		.ascii	"p_next\000"
 2056      787400
 2057              	.LASF98:
 2058 0409 41484233 		.ascii	"AHB3ENR\000"
 2058      454E5200 
 2059              	.LASF70:
 2060 0411 76745F6C 		.ascii	"vt_lasttime\000"
 2060      61737474 
 2060      696D6500 
 2061              	.LASF34:
 2062 041d 705F6F6C 		.ascii	"p_older\000"
 2062      64657200 
 2063              	.LASF56:
 2064 0425 725F6374 		.ascii	"r_ctx\000"
 2064      7800
 2065              	.LASF104:
 2066 042b 41484232 		.ascii	"AHB2LPENR\000"
 2066      4C50454E 
 2066      5200
 2067              	.LASF120:
 2068 0435 746D5F63 		.ascii	"tm_calibration_t\000"
 2068      616C6962 
 2068      72617469 
 2068      6F6E5F74 
 2068      00
 2069              	.LASF59:
 2070 0446 725F6375 		.ascii	"r_current\000"
 2070      7272656E 
 2070      7400
 2071              	.LASF93:
 2072 0450 41504231 		.ascii	"APB1RSTR\000"
 2072      52535452 
 2072      00
 2073              	.LASF13:
 2074 0459 5F5F7569 		.ascii	"__uint64_t\000"
 2074      6E743634 
 2074      5F7400
 2075              	.LASF22:
 2076 0464 74726566 		.ascii	"trefs_t\000"
 2076      735F7400 
 2077              	.LASF92:
 2078 046c 52455345 		.ascii	"RESERVED0\000"
 2078      52564544 
 2078      3000
 2079              	.LASF95:
 2080 0476 52455345 		.ascii	"RESERVED1\000"
 2080      52564544 
 2080      3100
 2081              	.LASF99:
 2082 0480 52455345 		.ascii	"RESERVED2\000"
 2082      52564544 
 2082      3200
 2083              	.LASF102:
ARM GAS  /tmp/cc4AXeiK.s 			page 41


 2084 048a 52455345 		.ascii	"RESERVED3\000"
 2084      52564544 
 2084      3300
 2085              	.LASF106:
 2086 0494 52455345 		.ascii	"RESERVED4\000"
 2086      52564544 
 2086      3400
 2087              	.LASF30:
 2088 049e 705F7072 		.ascii	"p_prev\000"
 2088      657600
 2089              	.LASF111:
 2090 04a5 52455345 		.ascii	"RESERVED6\000"
 2090      52564544 
 2090      3600
 2091              	.LASF23:
 2092 04af 74707269 		.ascii	"tprio_t\000"
 2092      6F5F7400 
 2093              	.LASF72:
 2094 04b7 63685F73 		.ascii	"ch_system_debug\000"
 2094      79737465 
 2094      6D5F6465 
 2094      62756700 
 2095              	.LASF137:
 2096 04c7 5F426F6F 		.ascii	"_Bool\000"
 2096      6C00
 2097              	.LASF16:
 2098 04cd 696E7433 		.ascii	"int32_t\000"
 2098      325F7400 
 2099              	.LASF6:
 2100 04d5 756E7369 		.ascii	"unsigned char\000"
 2100      676E6564 
 2100      20636861 
 2100      7200
 2101              	.LASF43:
 2102 04e3 705F6D74 		.ascii	"p_mtxlist\000"
 2102      786C6973 
 2102      7400
 2103              	.LASF7:
 2104 04ed 73686F72 		.ascii	"short int\000"
 2104      7420696E 
 2104      7400
 2105              	.LASF36:
 2106 04f7 705F7374 		.ascii	"p_state\000"
 2106      61746500 
 2107              	.LASF105:
 2108 04ff 41484233 		.ascii	"AHB3LPENR\000"
 2108      4C50454E 
 2108      5200
 2109              	.LASF55:
 2110 0509 725F7072 		.ascii	"r_prio\000"
 2110      696F00
 2111              	.LASF127:
 2112 0510 65776D61 		.ascii	"ewmask\000"
 2112      736B00
 2113              	.LASF37:
 2114 0517 705F666C 		.ascii	"p_flags\000"
 2114      61677300 
ARM GAS  /tmp/cc4AXeiK.s 			page 42


 2115              	.LASF101:
 2116 051f 41504232 		.ascii	"APB2ENR\000"
 2116      454E5200 
 2117              	.LASF91:
 2118 0527 41484233 		.ascii	"AHB3RSTR\000"
 2118      52535452 
 2118      00
 2119              	.LASF62:
 2120 0530 63685F76 		.ascii	"ch_virtual_timer\000"
 2120      69727475 
 2120      616C5F74 
 2120      696D6572 
 2120      00
 2121              	.LASF128:
 2122 0541 63685F73 		.ascii	"ch_semaphore\000"
 2122      656D6170 
 2122      686F7265 
 2122      00
 2123              	.LASF42:
 2124 054e 705F6570 		.ascii	"p_epending\000"
 2124      656E6469 
 2124      6E6700
 2125              	.LASF109:
 2126 0559 52455345 		.ascii	"RESERVED5\000"
 2126      52564544 
 2126      3500
 2127              	.LASF17:
 2128 0563 75696E74 		.ascii	"uint32_t\000"
 2128      33325F74 
 2128      00
 2129              	.LASF126:
 2130 056c 77746D74 		.ascii	"wtmtxp\000"
 2130      787000
 2131              	.LASF54:
 2132 0573 725F7175 		.ascii	"r_queue\000"
 2132      65756500 
 2133              	.LASF49:
 2134 057b 63685F74 		.ascii	"ch_threads_list\000"
 2134      68726561 
 2134      64735F6C 
 2134      69737400 
 2135              	.LASF12:
 2136 058b 6C6F6E67 		.ascii	"long unsigned int\000"
 2136      20756E73 
 2136      69676E65 
 2136      6420696E 
 2136      7400
 2137              	.LASF135:
 2138 059d 63686172 		.ascii	"char\000"
 2138      00
 2139              	.LASF90:
 2140 05a2 41484232 		.ascii	"AHB2RSTR\000"
 2140      52535452 
 2140      00
 2141              	.LASF28:
 2142 05ab 74687265 		.ascii	"thread_t\000"
 2142      61645F74 
ARM GAS  /tmp/cc4AXeiK.s 			page 43


 2142      00
 2143              	.LASF134:
 2144 05b4 6D5F6E65 		.ascii	"m_next\000"
 2144      787400
 2145              	.LASF27:
 2146 05bb 73797374 		.ascii	"systime_t\000"
 2146      696D655F 
 2146      7400
 2147              	.LASF44:
 2148 05c5 705F7265 		.ascii	"p_realprio\000"
 2148      616C7072 
 2148      696F00
 2149              	.LASF60:
 2150 05d0 76746675 		.ascii	"vtfunc_t\000"
 2150      6E635F74 
 2150      00
 2151              	.LASF11:
 2152 05d9 5F5F7569 		.ascii	"__uint32_t\000"
 2152      6E743332 
 2152      5F7400
 2153              	.LASF73:
 2154 05e4 70616E69 		.ascii	"panic_msg\000"
 2154      635F6D73 
 2154      6700
 2155              	.LASF119:
 2156 05ee 6F666673 		.ascii	"offset\000"
 2156      657400
 2157              	.LASF100:
 2158 05f5 41504231 		.ascii	"APB1ENR\000"
 2158      454E5200 
 2159              	.LASF86:
 2160 05fd 5057525F 		.ascii	"PWR_TypeDef\000"
 2160      54797065 
 2160      44656600 
 2161              	.LASF97:
 2162 0609 41484232 		.ascii	"AHB2ENR\000"
 2162      454E5200 
 2163              	.LASF117:
 2164 0611 636F6E74 		.ascii	"context\000"
 2164      65787400 
 2165              	.LASF58:
 2166 0619 725F6F6C 		.ascii	"r_older\000"
 2166      64657200 
 2167              	.LASF144:
 2168 0621 68616C5F 		.ascii	"hal_lld_init\000"
 2168      6C6C645F 
 2168      696E6974 
 2168      00
 2169              	.LASF19:
 2170 062e 7274636E 		.ascii	"rtcnt_t\000"
 2170      745F7400 
 2171              	.LASF67:
 2172 0636 76745F70 		.ascii	"vt_par\000"
 2172      617200
 2173              	.LASF112:
 2174 063d 53534347 		.ascii	"SSCGR\000"
 2174      5200
ARM GAS  /tmp/cc4AXeiK.s 			page 44


 2175              	.LASF50:
 2176 0643 74687265 		.ascii	"threads_queue_t\000"
 2176      6164735F 
 2176      71756575 
 2176      655F7400 
 2177              	.LASF131:
 2178 0653 63685F6D 		.ascii	"ch_mutex\000"
 2178      75746578 
 2178      00
 2179              	.LASF38:
 2180 065c 705F7265 		.ascii	"p_refs\000"
 2180      667300
 2181              	.LASF110:
 2182 0663 42444352 		.ascii	"BDCR\000"
 2182      00
 2183              	.LASF76:
 2184 0668 726C6973 		.ascii	"rlist\000"
 2184      7400
 2185              	.LASF15:
 2186 066e 75696E74 		.ascii	"uint8_t\000"
 2186      385F7400 
 2187              	.LASF123:
 2188 0676 77746F62 		.ascii	"wtobjp\000"
 2188      6A7000
 2189              	.LASF35:
 2190 067d 705F6E61 		.ascii	"p_name\000"
 2190      6D6500
 2191              	.LASF96:
 2192 0684 41484231 		.ascii	"AHB1ENR\000"
 2192      454E5200 
 2193              	.LASF88:
 2194 068c 43464752 		.ascii	"CFGR\000"
 2194      00
 2195              	.LASF142:
 2196 0691 2F686F6D 		.ascii	"/home/sssilvar/Documents/embebidos/ChibiOS/iflab/pr"
 2196      652F7373 
 2196      73696C76 
 2196      61722F44 
 2196      6F63756D 
 2197 06c4 6F6A6563 		.ascii	"ojects/LCD\000"
 2197      74732F4C 
 2197      434400
 2198              	.LASF129:
 2199 06cf 735F7175 		.ascii	"s_queue\000"
 2199      65756500 
 2200              	.LASF41:
 2201 06d7 705F6D73 		.ascii	"p_msg\000"
 2201      6700
 2202              	.LASF133:
 2203 06dd 6D5F6F77 		.ascii	"m_owner\000"
 2203      6E657200 
 2204              	.LASF32:
 2205 06e5 705F6374 		.ascii	"p_ctx\000"
 2205      7800
 2206              	.LASF66:
 2207 06eb 76745F66 		.ascii	"vt_func\000"
 2207      756E6300 
ARM GAS  /tmp/cc4AXeiK.s 			page 45


 2208              		.ident	"GCC: (Fedora 5.2.0-3.fc22) 5.2.0"
ARM GAS  /tmp/cc4AXeiK.s 			page 46


DEFINED SYMBOLS
                            *ABS*:0000000000000000 hal_lld.c
     /tmp/cc4AXeiK.s:22     .text.hal_lld_init:0000000000000000 $t
     /tmp/cc4AXeiK.s:28     .text.hal_lld_init:0000000000000000 hal_lld_init
     /tmp/cc4AXeiK.s:110    .text.hal_lld_init:000000000000005c $d
     /tmp/cc4AXeiK.s:116    .text.stm32_clock_init:0000000000000000 $t
     /tmp/cc4AXeiK.s:122    .text.stm32_clock_init:0000000000000000 stm32_clock_init
     /tmp/cc4AXeiK.s:246    .text.stm32_clock_init:00000000000000b4 $d
     /tmp/cc4AXeiK.s:259    .data.SystemCoreClock:0000000000000000 SystemCoreClock
     /tmp/cc4AXeiK.s:256    .data.SystemCoreClock:0000000000000000 $d
                     .debug_frame:0000000000000010 $d
     /tmp/cc4AXeiK.s:115    .text.hal_lld_init:0000000000000064 $t
     /tmp/cc4AXeiK.s:255    .text.stm32_clock_init:00000000000000c8 $t

NO UNDEFINED SYMBOLS
