ARM GAS  /tmp/ccHEklZ6.s 			page 1


   1              		.syntax unified
   2              		.cpu cortex-m4
   3              		.eabi_attribute 27, 1
   4              		.eabi_attribute 28, 1
   5              		.fpu fpv4-sp-d16
   6              		.eabi_attribute 20, 1
   7              		.eabi_attribute 21, 1
   8              		.eabi_attribute 23, 3
   9              		.eabi_attribute 24, 1
  10              		.eabi_attribute 25, 1
  11              		.eabi_attribute 26, 1
  12              		.eabi_attribute 30, 2
  13              		.eabi_attribute 34, 1
  14              		.eabi_attribute 18, 4
  15              		.thumb
  16              		.syntax unified
  17              		.file	"chmemcore.c"
  18              		.text
  19              	.Ltext0:
  20              		.cfi_sections	.debug_frame
  21              		.section	.text._core_init,"ax",%progbits
  22              		.align	2
  23              		.p2align 4,,15
  24              		.global	_core_init
  25              		.thumb
  26              		.thumb_func
  27              		.type	_core_init, %function
  28              	_core_init:
  29              	.LFB229:
  30              		.file 1 "../../os/rt/src/chmemcore.c"
  31              		.loc 1 78 0
  32              		.cfi_startproc
  33              		@ args = 0, pretend = 0, frame = 0
  34              		@ frame_needed = 0, uses_anonymous_args = 0
  35              		@ link register save eliminated.
  36              		.loc 1 84 0
  37 0000 054A     		ldr	r2, .L2
  38              		.loc 1 85 0
  39 0002 064B     		ldr	r3, .L2+4
  40              		.loc 1 84 0
  41 0004 0648     		ldr	r0, .L2+8
  42              		.loc 1 85 0
  43 0006 0749     		ldr	r1, .L2+12
  44              		.loc 1 84 0
  45 0008 22F00702 		bic	r2, r2, #7
  46              		.loc 1 85 0
  47 000c 23F00703 		bic	r3, r3, #7
  48              		.loc 1 84 0
  49 0010 0260     		str	r2, [r0]
  50              		.loc 1 85 0
  51 0012 0B60     		str	r3, [r1]
  52 0014 7047     		bx	lr
  53              	.L3:
  54 0016 00BF     		.align	2
  55              	.L2:
  56 0018 07000000 		.word	__heap_base__+7
  57 001c 00000000 		.word	__heap_end__
ARM GAS  /tmp/ccHEklZ6.s 			page 2


  58 0020 00000000 		.word	.LANCHOR0
  59 0024 00000000 		.word	.LANCHOR1
  60              		.cfi_endproc
  61              	.LFE229:
  62              		.size	_core_init, .-_core_init
  63 0028 AFF30080 		.section	.text.chCoreAlloc,"ax",%progbits
  63      AFF30080 
  64              		.align	2
  65              		.p2align 4,,15
  66              		.global	chCoreAlloc
  67              		.thumb
  68              		.thumb_func
  69              		.type	chCoreAlloc, %function
  70              	chCoreAlloc:
  71              	.LFB230:
  72              		.loc 1 109 0
  73              		.cfi_startproc
  74              		@ args = 0, pretend = 0, frame = 0
  75              		@ frame_needed = 0, uses_anonymous_args = 0
  76              		@ link register save eliminated.
  77              	.LVL0:
  78 0000 10B4     		push	{r4}
  79              		.cfi_def_cfa_offset 4
  80              		.cfi_offset 4, -4
  81              	.LBB26:
  82              	.LBB27:
  83              	.LBB28:
  84              	.LBB29:
  85              		.file 2 "../../os/ext/CMSIS/include/core_cmFunc.h"
  86              		.loc 2 546 0
  87 0002 2023     		movs	r3, #32
  88              		.syntax unified
  89              	@ 546 "../../os/ext/CMSIS/include/core_cmFunc.h" 1
  90 0004 83F31188 		MSR basepri, r3
  91              	@ 0 "" 2
  92              	.LVL1:
  93              		.thumb
  94              		.syntax unified
  95              	.LBE29:
  96              	.LBE28:
  97              	.LBE27:
  98              	.LBE26:
  99              	.LBB30:
 100              	.LBB31:
 101              		.loc 1 138 0
 102 0008 094C     		ldr	r4, .L9
 103 000a 0A4B     		ldr	r3, .L9+4
 104 000c 2268     		ldr	r2, [r4]
 105 000e 1968     		ldr	r1, [r3]
 106              		.loc 1 136 0
 107 0010 C31D     		adds	r3, r0, #7
 108 0012 23F00703 		bic	r3, r3, #7
 109              	.LVL2:
 110              		.loc 1 138 0
 111 0016 891A     		subs	r1, r1, r2
 112 0018 8B42     		cmp	r3, r1
 113              	.LVL3:
ARM GAS  /tmp/ccHEklZ6.s 			page 3


 114              		.loc 1 143 0
 115 001a 9DBF     		ittte	ls
 116 001c 9B18     		addls	r3, r3, r2
 117              	.LVL4:
 118 001e 2360     		strls	r3, [r4]
 119              		.loc 1 145 0
 120 0020 1046     		movls	r0, r2
 121              	.LVL5:
 122              		.loc 1 140 0
 123 0022 0020     		movhi	r0, #0
 124              	.LVL6:
 125              	.LBE31:
 126              	.LBE30:
 127              	.LBB32:
 128              	.LBB33:
 129              	.LBB34:
 130              	.LBB35:
 131              	.LBB36:
 132              		.loc 2 546 0
 133 0024 0023     		movs	r3, #0
 134              		.syntax unified
 135              	@ 546 "../../os/ext/CMSIS/include/core_cmFunc.h" 1
 136 0026 83F31188 		MSR basepri, r3
 137              	@ 0 "" 2
 138              		.thumb
 139              		.syntax unified
 140              	.LBE36:
 141              	.LBE35:
 142              	.LBE34:
 143              	.LBE33:
 144              	.LBE32:
 145              		.loc 1 117 0
 146 002a 5DF8044B 		ldr	r4, [sp], #4
 147              		.cfi_restore 4
 148              		.cfi_def_cfa_offset 0
 149 002e 7047     		bx	lr
 150              	.L10:
 151              		.align	2
 152              	.L9:
 153 0030 00000000 		.word	.LANCHOR0
 154 0034 00000000 		.word	.LANCHOR1
 155              		.cfi_endproc
 156              	.LFE230:
 157              		.size	chCoreAlloc, .-chCoreAlloc
 158 0038 AFF30080 		.section	.text.chCoreAllocI,"ax",%progbits
 158      AFF30080 
 159              		.align	2
 160              		.p2align 4,,15
 161              		.global	chCoreAllocI
 162              		.thumb
 163              		.thumb_func
 164              		.type	chCoreAllocI, %function
 165              	chCoreAllocI:
 166              	.LFB231:
 167              		.loc 1 131 0
 168              		.cfi_startproc
 169              		@ args = 0, pretend = 0, frame = 0
ARM GAS  /tmp/ccHEklZ6.s 			page 4


 170              		@ frame_needed = 0, uses_anonymous_args = 0
 171              		@ link register save eliminated.
 172              	.LVL7:
 173 0000 10B4     		push	{r4}
 174              		.cfi_def_cfa_offset 4
 175              		.cfi_offset 4, -4
 176              		.loc 1 138 0
 177 0002 084B     		ldr	r3, .L15
 178 0004 084C     		ldr	r4, .L15+4
 179 0006 1968     		ldr	r1, [r3]
 180 0008 2268     		ldr	r2, [r4]
 181              		.loc 1 136 0
 182 000a 0730     		adds	r0, r0, #7
 183              	.LVL8:
 184 000c 20F00703 		bic	r3, r0, #7
 185              	.LVL9:
 186              		.loc 1 138 0
 187 0010 891A     		subs	r1, r1, r2
 188 0012 8B42     		cmp	r3, r1
 189              	.LVL10:
 190              		.loc 1 143 0
 191 0014 9DBF     		ittte	ls
 192 0016 9B18     		addls	r3, r3, r2
 193              	.LVL11:
 194 0018 2360     		strls	r3, [r4]
 195              		.loc 1 145 0
 196 001a 1046     		movls	r0, r2
 197              	.LVL12:
 198              		.loc 1 140 0
 199 001c 0020     		movhi	r0, #0
 200              		.loc 1 146 0
 201 001e 5DF8044B 		ldr	r4, [sp], #4
 202              		.cfi_restore 4
 203              		.cfi_def_cfa_offset 0
 204 0022 7047     		bx	lr
 205              	.L16:
 206              		.align	2
 207              	.L15:
 208 0024 00000000 		.word	.LANCHOR1
 209 0028 00000000 		.word	.LANCHOR0
 210              		.cfi_endproc
 211              	.LFE231:
 212              		.size	chCoreAllocI, .-chCoreAllocI
 213 002c AFF30080 		.section	.text.chCoreGetStatusX,"ax",%progbits
 214              		.align	2
 215              		.p2align 4,,15
 216              		.global	chCoreGetStatusX
 217              		.thumb
 218              		.thumb_func
 219              		.type	chCoreGetStatusX, %function
 220              	chCoreGetStatusX:
 221              	.LFB232:
 222              		.loc 1 155 0
 223              		.cfi_startproc
 224              		@ args = 0, pretend = 0, frame = 0
 225              		@ frame_needed = 0, uses_anonymous_args = 0
 226              		@ link register save eliminated.
ARM GAS  /tmp/ccHEklZ6.s 			page 5


 227              		.loc 1 158 0
 228 0000 024A     		ldr	r2, .L18
 229 0002 034B     		ldr	r3, .L18+4
 230 0004 1068     		ldr	r0, [r2]
 231 0006 1B68     		ldr	r3, [r3]
 232              		.loc 1 160 0
 233 0008 C01A     		subs	r0, r0, r3
 234 000a 7047     		bx	lr
 235              	.L19:
 236              		.align	2
 237              	.L18:
 238 000c 00000000 		.word	.LANCHOR1
 239 0010 00000000 		.word	.LANCHOR0
 240              		.cfi_endproc
 241              	.LFE232:
 242              		.size	chCoreGetStatusX, .-chCoreGetStatusX
 243 0014 AFF30080 		.section	.bss.endmem,"aw",%nobits
 243      AFF30080 
 243      AFF30080 
 244              		.align	2
 245              		.set	.LANCHOR1,. + 0
 246              		.type	endmem, %object
 247              		.size	endmem, 4
 248              	endmem:
 249 0000 00000000 		.space	4
 250              		.section	.bss.nextmem,"aw",%nobits
 251              		.align	2
 252              		.set	.LANCHOR0,. + 0
 253              		.type	nextmem, %object
 254              		.size	nextmem, 4
 255              	nextmem:
 256 0000 00000000 		.space	4
 257              		.text
 258              	.Letext0:
 259              		.file 3 "/usr/lib/gcc/arm-none-eabi/5.2.0/include/stddef.h"
 260              		.file 4 "/usr/arm-none-eabi/include/machine/_default_types.h"
 261              		.file 5 "/usr/arm-none-eabi/include/stdint.h"
 262              		.file 6 "../../os/rt/ports/ARMCMx/compilers/GCC/chtypes.h"
 263              		.file 7 "../../os/rt/include/chsystypes.h"
 264              		.file 8 "../../os/rt/include/chschd.h"
 265              		.file 9 "../../os/rt/ports/ARMCMx/chcore.h"
 266              		.file 10 "../../os/rt/ports/ARMCMx/chcore_v7m.h"
 267              		.file 11 "../../os/rt/include/chtm.h"
 268              		.file 12 "../../os/rt/include/chsem.h"
 269              		.file 13 "../../os/rt/include/chmtx.h"
 270              		.file 14 "../../os/rt/include/chsys.h"
 271              		.file 15 "../../os/ext/CMSIS/include/core_cm4.h"
 272              		.section	.debug_info,"",%progbits
 273              	.Ldebug_info0:
 274 0000 22090000 		.4byte	0x922
 275 0004 0400     		.2byte	0x4
 276 0006 00000000 		.4byte	.Ldebug_abbrev0
 277 000a 04       		.byte	0x4
 278 000b 01       		.uleb128 0x1
 279 000c 73020000 		.4byte	.LASF116
 280 0010 0C       		.byte	0xc
 281 0011 01040000 		.4byte	.LASF117
ARM GAS  /tmp/ccHEklZ6.s 			page 6


 282 0015 14000000 		.4byte	.LASF118
 283 0019 00000000 		.4byte	.Ldebug_ranges0+0
 284 001d 00000000 		.4byte	0
 285 0021 00000000 		.4byte	.Ldebug_line0
 286 0025 02       		.uleb128 0x2
 287 0026 04       		.byte	0x4
 288 0027 05       		.byte	0x5
 289 0028 696E7400 		.ascii	"int\000"
 290 002c 03       		.uleb128 0x3
 291 002d 56000000 		.4byte	.LASF4
 292 0031 03       		.byte	0x3
 293 0032 D8       		.byte	0xd8
 294 0033 37000000 		.4byte	0x37
 295 0037 04       		.uleb128 0x4
 296 0038 04       		.byte	0x4
 297 0039 07       		.byte	0x7
 298 003a D7010000 		.4byte	.LASF0
 299 003e 04       		.uleb128 0x4
 300 003f 08       		.byte	0x8
 301 0040 05       		.byte	0x5
 302 0041 0E010000 		.4byte	.LASF1
 303 0045 04       		.uleb128 0x4
 304 0046 08       		.byte	0x8
 305 0047 04       		.byte	0x4
 306 0048 8E030000 		.4byte	.LASF2
 307 004c 04       		.uleb128 0x4
 308 004d 01       		.byte	0x1
 309 004e 06       		.byte	0x6
 310 004f 1C010000 		.4byte	.LASF3
 311 0053 03       		.uleb128 0x3
 312 0054 79000000 		.4byte	.LASF5
 313 0058 04       		.byte	0x4
 314 0059 1D       		.byte	0x1d
 315 005a 5E000000 		.4byte	0x5e
 316 005e 04       		.uleb128 0x4
 317 005f 01       		.byte	0x1
 318 0060 08       		.byte	0x8
 319 0061 3D040000 		.4byte	.LASF6
 320 0065 04       		.uleb128 0x4
 321 0066 02       		.byte	0x2
 322 0067 05       		.byte	0x5
 323 0068 60040000 		.4byte	.LASF7
 324 006c 04       		.uleb128 0x4
 325 006d 02       		.byte	0x2
 326 006e 07       		.byte	0x7
 327 006f 0D020000 		.4byte	.LASF8
 328 0073 03       		.uleb128 0x3
 329 0074 5E020000 		.4byte	.LASF9
 330 0078 04       		.byte	0x4
 331 0079 3F       		.byte	0x3f
 332 007a 7E000000 		.4byte	0x7e
 333 007e 04       		.uleb128 0x4
 334 007f 04       		.byte	0x4
 335 0080 05       		.byte	0x5
 336 0081 6C010000 		.4byte	.LASF10
 337 0085 03       		.uleb128 0x3
 338 0086 4D050000 		.4byte	.LASF11
ARM GAS  /tmp/ccHEklZ6.s 			page 7


 339 008a 04       		.byte	0x4
 340 008b 41       		.byte	0x41
 341 008c 90000000 		.4byte	0x90
 342 0090 04       		.uleb128 0x4
 343 0091 04       		.byte	0x4
 344 0092 07       		.byte	0x7
 345 0093 00050000 		.4byte	.LASF12
 346 0097 03       		.uleb128 0x3
 347 0098 D7030000 		.4byte	.LASF13
 348 009c 04       		.byte	0x4
 349 009d 5B       		.byte	0x5b
 350 009e A2000000 		.4byte	0xa2
 351 00a2 04       		.uleb128 0x4
 352 00a3 08       		.byte	0x8
 353 00a4 07       		.byte	0x7
 354 00a5 A8000000 		.4byte	.LASF14
 355 00a9 03       		.uleb128 0x3
 356 00aa C2050000 		.4byte	.LASF15
 357 00ae 05       		.byte	0x5
 358 00af 15       		.byte	0x15
 359 00b0 53000000 		.4byte	0x53
 360 00b4 03       		.uleb128 0x3
 361 00b5 35040000 		.4byte	.LASF16
 362 00b9 05       		.byte	0x5
 363 00ba 2C       		.byte	0x2c
 364 00bb 73000000 		.4byte	0x73
 365 00bf 03       		.uleb128 0x3
 366 00c0 D8040000 		.4byte	.LASF17
 367 00c4 05       		.byte	0x5
 368 00c5 2D       		.byte	0x2d
 369 00c6 85000000 		.4byte	0x85
 370 00ca 03       		.uleb128 0x3
 371 00cb 64000000 		.4byte	.LASF18
 372 00cf 05       		.byte	0x5
 373 00d0 39       		.byte	0x39
 374 00d1 97000000 		.4byte	0x97
 375 00d5 05       		.uleb128 0x5
 376 00d6 B4000000 		.4byte	0xb4
 377 00da 03       		.uleb128 0x3
 378 00db 7F050000 		.4byte	.LASF19
 379 00df 06       		.byte	0x6
 380 00e0 45       		.byte	0x45
 381 00e1 BF000000 		.4byte	0xbf
 382 00e5 03       		.uleb128 0x3
 383 00e6 3C020000 		.4byte	.LASF20
 384 00ea 06       		.byte	0x6
 385 00eb 48       		.byte	0x48
 386 00ec A9000000 		.4byte	0xa9
 387 00f0 03       		.uleb128 0x3
 388 00f1 75010000 		.4byte	.LASF21
 389 00f5 06       		.byte	0x6
 390 00f6 49       		.byte	0x49
 391 00f7 A9000000 		.4byte	0xa9
 392 00fb 03       		.uleb128 0x3
 393 00fc E2030000 		.4byte	.LASF22
 394 0100 06       		.byte	0x6
 395 0101 4A       		.byte	0x4a
ARM GAS  /tmp/ccHEklZ6.s 			page 8


 396 0102 A9000000 		.4byte	0xa9
 397 0106 03       		.uleb128 0x3
 398 0107 1D040000 		.4byte	.LASF23
 399 010b 06       		.byte	0x6
 400 010c 4C       		.byte	0x4c
 401 010d BF000000 		.4byte	0xbf
 402 0111 03       		.uleb128 0x3
 403 0112 2A020000 		.4byte	.LASF24
 404 0116 06       		.byte	0x6
 405 0117 4D       		.byte	0x4d
 406 0118 B4000000 		.4byte	0xb4
 407 011c 03       		.uleb128 0x3
 408 011d 52020000 		.4byte	.LASF25
 409 0121 06       		.byte	0x6
 410 0122 4F       		.byte	0x4f
 411 0123 BF000000 		.4byte	0xbf
 412 0127 03       		.uleb128 0x3
 413 0128 D1010000 		.4byte	.LASF26
 414 012c 06       		.byte	0x6
 415 012d 51       		.byte	0x51
 416 012e B4000000 		.4byte	0xb4
 417 0132 03       		.uleb128 0x3
 418 0133 2F050000 		.4byte	.LASF27
 419 0137 07       		.byte	0x7
 420 0138 33       		.byte	0x33
 421 0139 BF000000 		.4byte	0xbf
 422 013d 03       		.uleb128 0x3
 423 013e 17050000 		.4byte	.LASF28
 424 0142 07       		.byte	0x7
 425 0143 3F       		.byte	0x3f
 426 0144 48010000 		.4byte	0x148
 427 0148 06       		.uleb128 0x6
 428 0149 20020000 		.4byte	.LASF48
 429 014d 44       		.byte	0x44
 430 014e 08       		.byte	0x8
 431 014f C2       		.byte	0xc2
 432 0150 35020000 		.4byte	0x235
 433 0154 07       		.uleb128 0x7
 434 0155 8D040000 		.4byte	.LASF29
 435 0159 08       		.byte	0x8
 436 015a C3       		.byte	0xc3
 437 015b 40020000 		.4byte	0x240
 438 015f 00       		.byte	0
 439 0160 07       		.uleb128 0x7
 440 0161 FA030000 		.4byte	.LASF30
 441 0165 08       		.byte	0x8
 442 0166 C5       		.byte	0xc5
 443 0167 40020000 		.4byte	0x240
 444 016b 04       		.byte	0x4
 445 016c 07       		.uleb128 0x7
 446 016d 07010000 		.4byte	.LASF31
 447 0171 08       		.byte	0x8
 448 0172 C7       		.byte	0xc7
 449 0173 06010000 		.4byte	0x106
 450 0177 08       		.byte	0x8
 451 0178 07       		.uleb128 0x7
 452 0179 06060000 		.4byte	.LASF32
ARM GAS  /tmp/ccHEklZ6.s 			page 9


 453 017d 08       		.byte	0x8
 454 017e C8       		.byte	0xc8
 455 017f 70040000 		.4byte	0x470
 456 0183 0C       		.byte	0xc
 457 0184 07       		.uleb128 0x7
 458 0185 7E010000 		.4byte	.LASF33
 459 0189 08       		.byte	0x8
 460 018a CA       		.byte	0xca
 461 018b 40020000 		.4byte	0x240
 462 018f 10       		.byte	0x10
 463 0190 07       		.uleb128 0x7
 464 0191 A6030000 		.4byte	.LASF34
 465 0195 08       		.byte	0x8
 466 0196 CB       		.byte	0xcb
 467 0197 40020000 		.4byte	0x240
 468 019b 14       		.byte	0x14
 469 019c 07       		.uleb128 0x7
 470 019d D1050000 		.4byte	.LASF35
 471 01a1 08       		.byte	0x8
 472 01a2 D2       		.byte	0xd2
 473 01a3 B5060000 		.4byte	0x6b5
 474 01a7 18       		.byte	0x18
 475 01a8 07       		.uleb128 0x7
 476 01a9 6A040000 		.4byte	.LASF36
 477 01ad 08       		.byte	0x8
 478 01ae DD       		.byte	0xdd
 479 01af F0000000 		.4byte	0xf0
 480 01b3 1C       		.byte	0x1c
 481 01b4 07       		.uleb128 0x7
 482 01b5 94040000 		.4byte	.LASF37
 483 01b9 08       		.byte	0x8
 484 01ba E1       		.byte	0xe1
 485 01bb E5000000 		.4byte	0xe5
 486 01bf 1D       		.byte	0x1d
 487 01c0 07       		.uleb128 0x7
 488 01c1 B5050000 		.4byte	.LASF38
 489 01c5 08       		.byte	0x8
 490 01c6 E6       		.byte	0xe6
 491 01c7 FB000000 		.4byte	0xfb
 492 01cb 1E       		.byte	0x1e
 493 01cc 08       		.uleb128 0x8
 494 01cd 705F7500 		.ascii	"p_u\000"
 495 01d1 08       		.byte	0x8
 496 01d2 3101     		.2byte	0x131
 497 01d4 F0050000 		.4byte	0x5f0
 498 01d8 20       		.byte	0x20
 499 01d9 09       		.uleb128 0x9
 500 01da 51030000 		.4byte	.LASF39
 501 01de 08       		.byte	0x8
 502 01df 3601     		.2byte	0x136
 503 01e1 46020000 		.4byte	0x246
 504 01e5 24       		.byte	0x24
 505 01e6 09       		.uleb128 0x9
 506 01e7 FC010000 		.4byte	.LASF40
 507 01eb 08       		.byte	0x8
 508 01ec 3C01     		.2byte	0x13c
 509 01ee 6A020000 		.4byte	0x26a
ARM GAS  /tmp/ccHEklZ6.s 			page 10


 510 01f2 28       		.byte	0x28
 511 01f3 09       		.uleb128 0x9
 512 01f4 F8050000 		.4byte	.LASF41
 513 01f8 08       		.byte	0x8
 514 01f9 4001     		.2byte	0x140
 515 01fb 11010000 		.4byte	0x111
 516 01ff 30       		.byte	0x30
 517 0200 09       		.uleb128 0x9
 518 0201 CD040000 		.4byte	.LASF42
 519 0205 08       		.byte	0x8
 520 0206 4601     		.2byte	0x146
 521 0208 1C010000 		.4byte	0x11c
 522 020c 34       		.byte	0x34
 523 020d 09       		.uleb128 0x9
 524 020e 56040000 		.4byte	.LASF43
 525 0212 08       		.byte	0x8
 526 0213 4D01     		.2byte	0x14d
 527 0215 AF060000 		.4byte	0x6af
 528 0219 38       		.byte	0x38
 529 021a 09       		.uleb128 0x9
 530 021b 39050000 		.4byte	.LASF44
 531 021f 08       		.byte	0x8
 532 0220 5101     		.2byte	0x151
 533 0222 06010000 		.4byte	0x106
 534 0226 3C       		.byte	0x3c
 535 0227 09       		.uleb128 0x9
 536 0228 28010000 		.4byte	.LASF45
 537 022c 08       		.byte	0x8
 538 022d 5801     		.2byte	0x158
 539 022f 1D030000 		.4byte	0x31d
 540 0233 40       		.byte	0x40
 541 0234 00       		.byte	0
 542 0235 03       		.uleb128 0x3
 543 0236 64030000 		.4byte	.LASF46
 544 023a 07       		.byte	0x7
 545 023b 44       		.byte	0x44
 546 023c 40020000 		.4byte	0x240
 547 0240 0A       		.uleb128 0xa
 548 0241 04       		.byte	0x4
 549 0242 3D010000 		.4byte	0x13d
 550 0246 03       		.uleb128 0x3
 551 0247 DD050000 		.4byte	.LASF47
 552 024b 07       		.byte	0x7
 553 024c 49       		.byte	0x49
 554 024d 51020000 		.4byte	0x251
 555 0251 06       		.uleb128 0x6
 556 0252 F0040000 		.4byte	.LASF49
 557 0256 04       		.byte	0x4
 558 0257 08       		.byte	0x8
 559 0258 B0       		.byte	0xb0
 560 0259 6A020000 		.4byte	0x26a
 561 025d 07       		.uleb128 0x7
 562 025e 8D040000 		.4byte	.LASF29
 563 0262 08       		.byte	0x8
 564 0263 B1       		.byte	0xb1
 565 0264 40020000 		.4byte	0x240
 566 0268 00       		.byte	0
ARM GAS  /tmp/ccHEklZ6.s 			page 11


 567 0269 00       		.byte	0
 568 026a 03       		.uleb128 0x3
 569 026b 9C050000 		.4byte	.LASF50
 570 026f 07       		.byte	0x7
 571 0270 50       		.byte	0x50
 572 0271 75020000 		.4byte	0x275
 573 0275 06       		.uleb128 0x6
 574 0276 F6000000 		.4byte	.LASF51
 575 027a 08       		.byte	0x8
 576 027b 08       		.byte	0x8
 577 027c B7       		.byte	0xb7
 578 027d 9A020000 		.4byte	0x29a
 579 0281 07       		.uleb128 0x7
 580 0282 8D040000 		.4byte	.LASF29
 581 0286 08       		.byte	0x8
 582 0287 B8       		.byte	0xb8
 583 0288 40020000 		.4byte	0x240
 584 028c 00       		.byte	0
 585 028d 07       		.uleb128 0x7
 586 028e FA030000 		.4byte	.LASF30
 587 0292 08       		.byte	0x8
 588 0293 B9       		.byte	0xb9
 589 0294 40020000 		.4byte	0x240
 590 0298 04       		.byte	0x4
 591 0299 00       		.byte	0
 592 029a 03       		.uleb128 0x3
 593 029b 07000000 		.4byte	.LASF52
 594 029f 07       		.byte	0x7
 595 02a0 57       		.byte	0x57
 596 02a1 A5020000 		.4byte	0x2a5
 597 02a5 0B       		.uleb128 0xb
 598 02a6 44020000 		.4byte	.LASF53
 599 02aa 1C       		.byte	0x1c
 600 02ab 08       		.byte	0x8
 601 02ac 9001     		.2byte	0x190
 602 02ae 01030000 		.4byte	0x301
 603 02b2 09       		.uleb128 0x9
 604 02b3 E8040000 		.4byte	.LASF54
 605 02b7 08       		.byte	0x8
 606 02b8 9101     		.2byte	0x191
 607 02ba 6A020000 		.4byte	0x26a
 608 02be 00       		.byte	0
 609 02bf 09       		.uleb128 0x9
 610 02c0 7F040000 		.4byte	.LASF55
 611 02c4 08       		.byte	0x8
 612 02c5 9201     		.2byte	0x192
 613 02c7 06010000 		.4byte	0x106
 614 02cb 08       		.byte	0x8
 615 02cc 09       		.uleb128 0x9
 616 02cd AE030000 		.4byte	.LASF56
 617 02d1 08       		.byte	0x8
 618 02d2 9401     		.2byte	0x194
 619 02d4 70040000 		.4byte	0x470
 620 02d8 0C       		.byte	0xc
 621 02d9 09       		.uleb128 0x9
 622 02da 9B010000 		.4byte	.LASF57
 623 02de 08       		.byte	0x8
ARM GAS  /tmp/ccHEklZ6.s 			page 12


 624 02df 9701     		.2byte	0x197
 625 02e1 40020000 		.4byte	0x240
 626 02e5 10       		.byte	0x10
 627 02e6 09       		.uleb128 0x9
 628 02e7 CF030000 		.4byte	.LASF58
 629 02eb 08       		.byte	0x8
 630 02ec 9801     		.2byte	0x198
 631 02ee 40020000 		.4byte	0x240
 632 02f2 14       		.byte	0x14
 633 02f3 09       		.uleb128 0x9
 634 02f4 C5030000 		.4byte	.LASF59
 635 02f8 08       		.byte	0x8
 636 02f9 9B01     		.2byte	0x19b
 637 02fb 40020000 		.4byte	0x240
 638 02ff 18       		.byte	0x18
 639 0300 00       		.byte	0
 640 0301 03       		.uleb128 0x3
 641 0302 44050000 		.4byte	.LASF60
 642 0306 07       		.byte	0x7
 643 0307 5C       		.byte	0x5c
 644 0308 0C030000 		.4byte	0x30c
 645 030c 0A       		.uleb128 0xa
 646 030d 04       		.byte	0x4
 647 030e 12030000 		.4byte	0x312
 648 0312 0C       		.uleb128 0xc
 649 0313 1D030000 		.4byte	0x31d
 650 0317 0D       		.uleb128 0xd
 651 0318 1D030000 		.4byte	0x31d
 652 031c 00       		.byte	0
 653 031d 0E       		.uleb128 0xe
 654 031e 04       		.byte	0x4
 655 031f 03       		.uleb128 0x3
 656 0320 EA030000 		.4byte	.LASF61
 657 0324 07       		.byte	0x7
 658 0325 61       		.byte	0x61
 659 0326 2A030000 		.4byte	0x32a
 660 032a 0B       		.uleb128 0xb
 661 032b AF040000 		.4byte	.LASF62
 662 032f 14       		.byte	0x14
 663 0330 08       		.byte	0x8
 664 0331 6B01     		.2byte	0x16b
 665 0333 79030000 		.4byte	0x379
 666 0337 09       		.uleb128 0x9
 667 0338 E4010000 		.4byte	.LASF63
 668 033c 08       		.byte	0x8
 669 033d 6C01     		.2byte	0x16c
 670 033f C7060000 		.4byte	0x6c7
 671 0343 00       		.byte	0
 672 0344 09       		.uleb128 0x9
 673 0345 AC010000 		.4byte	.LASF64
 674 0349 08       		.byte	0x8
 675 034a 6D01     		.2byte	0x16d
 676 034c C7060000 		.4byte	0x6c7
 677 0350 04       		.byte	0x4
 678 0351 09       		.uleb128 0x9
 679 0352 F3010000 		.4byte	.LASF65
 680 0356 08       		.byte	0x8
ARM GAS  /tmp/ccHEklZ6.s 			page 13


 681 0357 6E01     		.2byte	0x16e
 682 0359 32010000 		.4byte	0x132
 683 035d 08       		.byte	0x8
 684 035e 09       		.uleb128 0x9
 685 035f 0C060000 		.4byte	.LASF66
 686 0363 08       		.byte	0x8
 687 0364 6F01     		.2byte	0x16f
 688 0366 01030000 		.4byte	0x301
 689 036a 0C       		.byte	0xc
 690 036b 09       		.uleb128 0x9
 691 036c 87050000 		.4byte	.LASF67
 692 0370 08       		.byte	0x8
 693 0371 7101     		.2byte	0x171
 694 0373 1D030000 		.4byte	0x31d
 695 0377 10       		.byte	0x10
 696 0378 00       		.byte	0
 697 0379 03       		.uleb128 0x3
 698 037a D3000000 		.4byte	.LASF68
 699 037e 07       		.byte	0x7
 700 037f 66       		.byte	0x66
 701 0380 84030000 		.4byte	0x384
 702 0384 0B       		.uleb128 0xb
 703 0385 77030000 		.4byte	.LASF69
 704 0389 10       		.byte	0x10
 705 038a 08       		.byte	0x8
 706 038b 7B01     		.2byte	0x17b
 707 038d C6030000 		.4byte	0x3c6
 708 0391 09       		.uleb128 0x9
 709 0392 E4010000 		.4byte	.LASF63
 710 0396 08       		.byte	0x8
 711 0397 7C01     		.2byte	0x17c
 712 0399 C7060000 		.4byte	0x6c7
 713 039d 00       		.byte	0
 714 039e 09       		.uleb128 0x9
 715 039f AC010000 		.4byte	.LASF64
 716 03a3 08       		.byte	0x8
 717 03a4 7E01     		.2byte	0x17e
 718 03a6 C7060000 		.4byte	0x6c7
 719 03aa 04       		.byte	0x4
 720 03ab 09       		.uleb128 0x9
 721 03ac F3010000 		.4byte	.LASF65
 722 03b0 08       		.byte	0x8
 723 03b1 8001     		.2byte	0x180
 724 03b3 32010000 		.4byte	0x132
 725 03b7 08       		.byte	0x8
 726 03b8 09       		.uleb128 0x9
 727 03b9 9A030000 		.4byte	.LASF70
 728 03bd 08       		.byte	0x8
 729 03be 8801     		.2byte	0x188
 730 03c0 32010000 		.4byte	0x132
 731 03c4 0C       		.byte	0xc
 732 03c5 00       		.byte	0
 733 03c6 03       		.uleb128 0x3
 734 03c7 8F000000 		.4byte	.LASF71
 735 03cb 07       		.byte	0x7
 736 03cc 6B       		.byte	0x6b
 737 03cd D1030000 		.4byte	0x3d1
ARM GAS  /tmp/ccHEklZ6.s 			page 14


 738 03d1 0B       		.uleb128 0xb
 739 03d2 25040000 		.4byte	.LASF72
 740 03d6 04       		.byte	0x4
 741 03d7 08       		.byte	0x8
 742 03d8 A201     		.2byte	0x1a2
 743 03da EC030000 		.4byte	0x3ec
 744 03de 09       		.uleb128 0x9
 745 03df 66050000 		.4byte	.LASF73
 746 03e3 08       		.byte	0x8
 747 03e4 AA01     		.2byte	0x1aa
 748 03e6 CD060000 		.4byte	0x6cd
 749 03ea 00       		.byte	0
 750 03eb 00       		.byte	0
 751 03ec 03       		.uleb128 0x3
 752 03ed 30020000 		.4byte	.LASF74
 753 03f1 07       		.byte	0x7
 754 03f2 70       		.byte	0x70
 755 03f3 F7030000 		.4byte	0x3f7
 756 03f7 0F       		.uleb128 0xf
 757 03f8 62010000 		.4byte	.LASF75
 758 03fc D801     		.2byte	0x1d8
 759 03fe 08       		.byte	0x8
 760 03ff C201     		.2byte	0x1c2
 761 0401 53040000 		.4byte	0x453
 762 0405 09       		.uleb128 0x9
 763 0406 BC050000 		.4byte	.LASF76
 764 040a 08       		.byte	0x8
 765 040b C601     		.2byte	0x1c6
 766 040d 9A020000 		.4byte	0x29a
 767 0411 00       		.byte	0
 768 0412 09       		.uleb128 0x9
 769 0413 38010000 		.4byte	.LASF77
 770 0417 08       		.byte	0x8
 771 0418 CA01     		.2byte	0x1ca
 772 041a 79030000 		.4byte	0x379
 773 041e 1C       		.byte	0x1c
 774 041f 08       		.uleb128 0x8
 775 0420 64626700 		.ascii	"dbg\000"
 776 0424 08       		.byte	0x8
 777 0425 CE01     		.2byte	0x1ce
 778 0427 C6030000 		.4byte	0x3c6
 779 042b 2C       		.byte	0x2c
 780 042c 09       		.uleb128 0x9
 781 042d C8000000 		.4byte	.LASF78
 782 0431 08       		.byte	0x8
 783 0432 D201     		.2byte	0x1d2
 784 0434 3D010000 		.4byte	0x13d
 785 0438 30       		.byte	0x30
 786 0439 08       		.uleb128 0x8
 787 043a 746D00   		.ascii	"tm\000"
 788 043d 08       		.byte	0x8
 789 043e D701     		.2byte	0x1d7
 790 0440 E5050000 		.4byte	0x5e5
 791 0444 74       		.byte	0x74
 792 0445 09       		.uleb128 0x9
 793 0446 C2010000 		.4byte	.LASF79
 794 044a 08       		.byte	0x8
ARM GAS  /tmp/ccHEklZ6.s 			page 15


 795 044b E301     		.2byte	0x1e3
 796 044d D2060000 		.4byte	0x6d2
 797 0451 78       		.byte	0x78
 798 0452 00       		.byte	0
 799 0453 04       		.uleb128 0x4
 800 0454 04       		.byte	0x4
 801 0455 07       		.byte	0x7
 802 0456 5B030000 		.4byte	.LASF80
 803 045a 03       		.uleb128 0x3
 804 045b A3010000 		.4byte	.LASF81
 805 045f 09       		.byte	0x9
 806 0460 65       		.byte	0x65
 807 0461 1D030000 		.4byte	0x31d
 808 0465 03       		.uleb128 0x3
 809 0466 68020000 		.4byte	.LASF82
 810 046a 09       		.byte	0x9
 811 046b 6D       		.byte	0x6d
 812 046c CA000000 		.4byte	0xca
 813 0470 06       		.uleb128 0x6
 814 0471 77050000 		.4byte	.LASF83
 815 0475 04       		.byte	0x4
 816 0476 09       		.byte	0x9
 817 0477 89       		.byte	0x89
 818 0478 89040000 		.4byte	0x489
 819 047c 10       		.uleb128 0x10
 820 047d 72313300 		.ascii	"r13\000"
 821 0481 09       		.byte	0x9
 822 0482 8A       		.byte	0x8a
 823 0483 CA050000 		.4byte	0x5ca
 824 0487 00       		.byte	0
 825 0488 00       		.byte	0
 826 0489 06       		.uleb128 0x6
 827 048a 83000000 		.4byte	.LASF84
 828 048e 64       		.byte	0x64
 829 048f 0A       		.byte	0xa
 830 0490 F4       		.byte	0xf4
 831 0491 CA050000 		.4byte	0x5ca
 832 0495 10       		.uleb128 0x10
 833 0496 73313600 		.ascii	"s16\000"
 834 049a 0A       		.byte	0xa
 835 049b F6       		.byte	0xf6
 836 049c 5A040000 		.4byte	0x45a
 837 04a0 00       		.byte	0
 838 04a1 10       		.uleb128 0x10
 839 04a2 73313700 		.ascii	"s17\000"
 840 04a6 0A       		.byte	0xa
 841 04a7 F7       		.byte	0xf7
 842 04a8 5A040000 		.4byte	0x45a
 843 04ac 04       		.byte	0x4
 844 04ad 10       		.uleb128 0x10
 845 04ae 73313800 		.ascii	"s18\000"
 846 04b2 0A       		.byte	0xa
 847 04b3 F8       		.byte	0xf8
 848 04b4 5A040000 		.4byte	0x45a
 849 04b8 08       		.byte	0x8
 850 04b9 10       		.uleb128 0x10
 851 04ba 73313900 		.ascii	"s19\000"
ARM GAS  /tmp/ccHEklZ6.s 			page 16


 852 04be 0A       		.byte	0xa
 853 04bf F9       		.byte	0xf9
 854 04c0 5A040000 		.4byte	0x45a
 855 04c4 0C       		.byte	0xc
 856 04c5 10       		.uleb128 0x10
 857 04c6 73323000 		.ascii	"s20\000"
 858 04ca 0A       		.byte	0xa
 859 04cb FA       		.byte	0xfa
 860 04cc 5A040000 		.4byte	0x45a
 861 04d0 10       		.byte	0x10
 862 04d1 10       		.uleb128 0x10
 863 04d2 73323100 		.ascii	"s21\000"
 864 04d6 0A       		.byte	0xa
 865 04d7 FB       		.byte	0xfb
 866 04d8 5A040000 		.4byte	0x45a
 867 04dc 14       		.byte	0x14
 868 04dd 10       		.uleb128 0x10
 869 04de 73323200 		.ascii	"s22\000"
 870 04e2 0A       		.byte	0xa
 871 04e3 FC       		.byte	0xfc
 872 04e4 5A040000 		.4byte	0x45a
 873 04e8 18       		.byte	0x18
 874 04e9 10       		.uleb128 0x10
 875 04ea 73323300 		.ascii	"s23\000"
 876 04ee 0A       		.byte	0xa
 877 04ef FD       		.byte	0xfd
 878 04f0 5A040000 		.4byte	0x45a
 879 04f4 1C       		.byte	0x1c
 880 04f5 10       		.uleb128 0x10
 881 04f6 73323400 		.ascii	"s24\000"
 882 04fa 0A       		.byte	0xa
 883 04fb FE       		.byte	0xfe
 884 04fc 5A040000 		.4byte	0x45a
 885 0500 20       		.byte	0x20
 886 0501 10       		.uleb128 0x10
 887 0502 73323500 		.ascii	"s25\000"
 888 0506 0A       		.byte	0xa
 889 0507 FF       		.byte	0xff
 890 0508 5A040000 		.4byte	0x45a
 891 050c 24       		.byte	0x24
 892 050d 08       		.uleb128 0x8
 893 050e 73323600 		.ascii	"s26\000"
 894 0512 0A       		.byte	0xa
 895 0513 0001     		.2byte	0x100
 896 0515 5A040000 		.4byte	0x45a
 897 0519 28       		.byte	0x28
 898 051a 08       		.uleb128 0x8
 899 051b 73323700 		.ascii	"s27\000"
 900 051f 0A       		.byte	0xa
 901 0520 0101     		.2byte	0x101
 902 0522 5A040000 		.4byte	0x45a
 903 0526 2C       		.byte	0x2c
 904 0527 08       		.uleb128 0x8
 905 0528 73323800 		.ascii	"s28\000"
 906 052c 0A       		.byte	0xa
 907 052d 0201     		.2byte	0x102
 908 052f 5A040000 		.4byte	0x45a
ARM GAS  /tmp/ccHEklZ6.s 			page 17


 909 0533 30       		.byte	0x30
 910 0534 08       		.uleb128 0x8
 911 0535 73323900 		.ascii	"s29\000"
 912 0539 0A       		.byte	0xa
 913 053a 0301     		.2byte	0x103
 914 053c 5A040000 		.4byte	0x45a
 915 0540 34       		.byte	0x34
 916 0541 08       		.uleb128 0x8
 917 0542 73333000 		.ascii	"s30\000"
 918 0546 0A       		.byte	0xa
 919 0547 0401     		.2byte	0x104
 920 0549 5A040000 		.4byte	0x45a
 921 054d 38       		.byte	0x38
 922 054e 08       		.uleb128 0x8
 923 054f 73333100 		.ascii	"s31\000"
 924 0553 0A       		.byte	0xa
 925 0554 0501     		.2byte	0x105
 926 0556 5A040000 		.4byte	0x45a
 927 055a 3C       		.byte	0x3c
 928 055b 08       		.uleb128 0x8
 929 055c 723400   		.ascii	"r4\000"
 930 055f 0A       		.byte	0xa
 931 0560 0701     		.2byte	0x107
 932 0562 5A040000 		.4byte	0x45a
 933 0566 40       		.byte	0x40
 934 0567 08       		.uleb128 0x8
 935 0568 723500   		.ascii	"r5\000"
 936 056b 0A       		.byte	0xa
 937 056c 0801     		.2byte	0x108
 938 056e 5A040000 		.4byte	0x45a
 939 0572 44       		.byte	0x44
 940 0573 08       		.uleb128 0x8
 941 0574 723600   		.ascii	"r6\000"
 942 0577 0A       		.byte	0xa
 943 0578 0901     		.2byte	0x109
 944 057a 5A040000 		.4byte	0x45a
 945 057e 48       		.byte	0x48
 946 057f 08       		.uleb128 0x8
 947 0580 723700   		.ascii	"r7\000"
 948 0583 0A       		.byte	0xa
 949 0584 0A01     		.2byte	0x10a
 950 0586 5A040000 		.4byte	0x45a
 951 058a 4C       		.byte	0x4c
 952 058b 08       		.uleb128 0x8
 953 058c 723800   		.ascii	"r8\000"
 954 058f 0A       		.byte	0xa
 955 0590 0B01     		.2byte	0x10b
 956 0592 5A040000 		.4byte	0x45a
 957 0596 50       		.byte	0x50
 958 0597 08       		.uleb128 0x8
 959 0598 723900   		.ascii	"r9\000"
 960 059b 0A       		.byte	0xa
 961 059c 0C01     		.2byte	0x10c
 962 059e 5A040000 		.4byte	0x45a
 963 05a2 54       		.byte	0x54
 964 05a3 08       		.uleb128 0x8
 965 05a4 72313000 		.ascii	"r10\000"
ARM GAS  /tmp/ccHEklZ6.s 			page 18


 966 05a8 0A       		.byte	0xa
 967 05a9 0D01     		.2byte	0x10d
 968 05ab 5A040000 		.4byte	0x45a
 969 05af 58       		.byte	0x58
 970 05b0 08       		.uleb128 0x8
 971 05b1 72313100 		.ascii	"r11\000"
 972 05b5 0A       		.byte	0xa
 973 05b6 0E01     		.2byte	0x10e
 974 05b8 5A040000 		.4byte	0x45a
 975 05bc 5C       		.byte	0x5c
 976 05bd 08       		.uleb128 0x8
 977 05be 6C7200   		.ascii	"lr\000"
 978 05c1 0A       		.byte	0xa
 979 05c2 0F01     		.2byte	0x10f
 980 05c4 5A040000 		.4byte	0x45a
 981 05c8 60       		.byte	0x60
 982 05c9 00       		.byte	0
 983 05ca 0A       		.uleb128 0xa
 984 05cb 04       		.byte	0x4
 985 05cc 89040000 		.4byte	0x489
 986 05d0 11       		.uleb128 0x11
 987 05d1 04       		.byte	0x4
 988 05d2 0B       		.byte	0xb
 989 05d3 38       		.byte	0x38
 990 05d4 E5050000 		.4byte	0x5e5
 991 05d8 07       		.uleb128 0x7
 992 05d9 70050000 		.4byte	.LASF85
 993 05dd 0B       		.byte	0xb
 994 05de 3C       		.byte	0x3c
 995 05df DA000000 		.4byte	0xda
 996 05e3 00       		.byte	0
 997 05e4 00       		.byte	0
 998 05e5 03       		.uleb128 0x3
 999 05e6 B4030000 		.4byte	.LASF86
 1000 05ea 0B       		.byte	0xb
 1001 05eb 3D       		.byte	0x3d
 1002 05ec D0050000 		.4byte	0x5d0
 1003 05f0 12       		.uleb128 0x12
 1004 05f1 04       		.byte	0x4
 1005 05f2 08       		.byte	0x8
 1006 05f3 FA       		.byte	0xfa
 1007 05f4 4D060000 		.4byte	0x64d
 1008 05f8 13       		.uleb128 0x13
 1009 05f9 5D000000 		.4byte	.LASF87
 1010 05fd 08       		.byte	0x8
 1011 05fe 0101     		.2byte	0x101
 1012 0600 11010000 		.4byte	0x111
 1013 0604 13       		.uleb128 0x13
 1014 0605 BF000000 		.4byte	.LASF88
 1015 0609 08       		.byte	0x8
 1016 060a 0801     		.2byte	0x108
 1017 060c 11010000 		.4byte	0x111
 1018 0610 13       		.uleb128 0x13
 1019 0611 CA050000 		.4byte	.LASF89
 1020 0615 08       		.byte	0x8
 1021 0616 0F01     		.2byte	0x10f
 1022 0618 1D030000 		.4byte	0x31d
ARM GAS  /tmp/ccHEklZ6.s 			page 19


 1023 061c 13       		.uleb128 0x13
 1024 061d 5C010000 		.4byte	.LASF90
 1025 0621 08       		.byte	0x8
 1026 0622 1601     		.2byte	0x116
 1027 0624 4D060000 		.4byte	0x64d
 1028 0628 13       		.uleb128 0x13
 1029 0629 EC010000 		.4byte	.LASF91
 1030 062d 08       		.byte	0x8
 1031 062e 1E01     		.2byte	0x11e
 1032 0630 78060000 		.4byte	0x678
 1033 0634 13       		.uleb128 0x13
 1034 0635 E1040000 		.4byte	.LASF92
 1035 0639 08       		.byte	0x8
 1036 063a 2701     		.2byte	0x127
 1037 063c AF060000 		.4byte	0x6af
 1038 0640 13       		.uleb128 0x13
 1039 0641 86040000 		.4byte	.LASF93
 1040 0645 08       		.byte	0x8
 1041 0646 2F01     		.2byte	0x12f
 1042 0648 1C010000 		.4byte	0x11c
 1043 064c 00       		.byte	0
 1044 064d 0A       		.uleb128 0xa
 1045 064e 04       		.byte	0x4
 1046 064f 35020000 		.4byte	0x235
 1047 0653 06       		.uleb128 0x6
 1048 0654 C0040000 		.4byte	.LASF94
 1049 0658 0C       		.byte	0xc
 1050 0659 0C       		.byte	0xc
 1051 065a 34       		.byte	0x34
 1052 065b 78060000 		.4byte	0x678
 1053 065f 07       		.uleb128 0x7
 1054 0660 86010000 		.4byte	.LASF95
 1055 0664 0C       		.byte	0xc
 1056 0665 35       		.byte	0x35
 1057 0666 6A020000 		.4byte	0x26a
 1058 066a 00       		.byte	0
 1059 066b 07       		.uleb128 0x7
 1060 066c 07020000 		.4byte	.LASF96
 1061 0670 0C       		.byte	0xc
 1062 0671 37       		.byte	0x37
 1063 0672 27010000 		.4byte	0x127
 1064 0676 08       		.byte	0x8
 1065 0677 00       		.byte	0
 1066 0678 0A       		.uleb128 0xa
 1067 0679 04       		.byte	0x4
 1068 067a 53060000 		.4byte	0x653
 1069 067e 06       		.uleb128 0x6
 1070 067f AC050000 		.4byte	.LASF97
 1071 0683 10       		.byte	0x10
 1072 0684 0D       		.byte	0xd
 1073 0685 39       		.byte	0x39
 1074 0686 AF060000 		.4byte	0x6af
 1075 068a 07       		.uleb128 0x7
 1076 068b 30010000 		.4byte	.LASF98
 1077 068f 0D       		.byte	0xd
 1078 0690 3A       		.byte	0x3a
 1079 0691 6A020000 		.4byte	0x26a
ARM GAS  /tmp/ccHEklZ6.s 			page 20


 1080 0695 00       		.byte	0
 1081 0696 07       		.uleb128 0x7
 1082 0697 FE050000 		.4byte	.LASF99
 1083 069b 0D       		.byte	0xd
 1084 069c 3C       		.byte	0x3c
 1085 069d 40020000 		.4byte	0x240
 1086 06a1 08       		.byte	0x8
 1087 06a2 07       		.uleb128 0x7
 1088 06a3 28050000 		.4byte	.LASF100
 1089 06a7 0D       		.byte	0xd
 1090 06a8 3E       		.byte	0x3e
 1091 06a9 ED060000 		.4byte	0x6ed
 1092 06ad 0C       		.byte	0xc
 1093 06ae 00       		.byte	0
 1094 06af 0A       		.uleb128 0xa
 1095 06b0 04       		.byte	0x4
 1096 06b1 7E060000 		.4byte	0x67e
 1097 06b5 0A       		.uleb128 0xa
 1098 06b6 04       		.byte	0x4
 1099 06b7 C2060000 		.4byte	0x6c2
 1100 06bb 04       		.uleb128 0x4
 1101 06bc 01       		.byte	0x1
 1102 06bd 08       		.byte	0x8
 1103 06be 12050000 		.4byte	.LASF101
 1104 06c2 14       		.uleb128 0x14
 1105 06c3 BB060000 		.4byte	0x6bb
 1106 06c7 0A       		.uleb128 0xa
 1107 06c8 04       		.byte	0x4
 1108 06c9 1F030000 		.4byte	0x31f
 1109 06cd 05       		.uleb128 0x5
 1110 06ce B5060000 		.4byte	0x6b5
 1111 06d2 15       		.uleb128 0x15
 1112 06d3 65040000 		.4byte	0x465
 1113 06d7 E2060000 		.4byte	0x6e2
 1114 06db 16       		.uleb128 0x16
 1115 06dc 53040000 		.4byte	0x453
 1116 06e0 2B       		.byte	0x2b
 1117 06e1 00       		.byte	0
 1118 06e2 03       		.uleb128 0x3
 1119 06e3 B4010000 		.4byte	.LASF102
 1120 06e7 0D       		.byte	0xd
 1121 06e8 34       		.byte	0x34
 1122 06e9 7E060000 		.4byte	0x67e
 1123 06ed 0A       		.uleb128 0xa
 1124 06ee 04       		.byte	0x4
 1125 06ef E2060000 		.4byte	0x6e2
 1126 06f3 0A       		.uleb128 0xa
 1127 06f4 04       		.byte	0x4
 1128 06f5 A9000000 		.4byte	0xa9
 1129 06f9 17       		.uleb128 0x17
 1130 06fa 58050000 		.4byte	.LASF105
 1131 06fe 02       		.byte	0x2
 1132 06ff 2002     		.2byte	0x220
 1133 0701 03       		.byte	0x3
 1134 0702 13070000 		.4byte	0x713
 1135 0706 18       		.uleb128 0x18
 1136 0707 BC010000 		.4byte	.LASF107
ARM GAS  /tmp/ccHEklZ6.s 			page 21


 1137 070b 02       		.byte	0x2
 1138 070c 2002     		.2byte	0x220
 1139 070e BF000000 		.4byte	0xbf
 1140 0712 00       		.byte	0
 1141 0713 19       		.uleb128 0x19
 1142 0714 9E000000 		.4byte	.LASF103
 1143 0718 0A       		.byte	0xa
 1144 0719 BC01     		.2byte	0x1bc
 1145 071b 03       		.byte	0x3
 1146 071c 19       		.uleb128 0x19
 1147 071d 3F010000 		.4byte	.LASF104
 1148 0721 0A       		.byte	0xa
 1149 0722 CA01     		.2byte	0x1ca
 1150 0724 03       		.byte	0x3
 1151 0725 17       		.uleb128 0x17
 1152 0726 EC050000 		.4byte	.LASF106
 1153 072a 0E       		.byte	0xe
 1154 072b 6601     		.2byte	0x166
 1155 072d 03       		.byte	0x3
 1156 072e 40070000 		.4byte	0x740
 1157 0732 1A       		.uleb128 0x1a
 1158 0733 9C040000 		.4byte	.LASF109
 1159 0737 50070000 		.4byte	0x750
 1160 073b EC050000 		.4byte	.LASF106
 1161 073f 00       		.byte	0
 1162 0740 15       		.uleb128 0x15
 1163 0741 BB060000 		.4byte	0x6bb
 1164 0745 50070000 		.4byte	0x750
 1165 0749 16       		.uleb128 0x16
 1166 074a 53040000 		.4byte	0x453
 1167 074e 0B       		.byte	0xb
 1168 074f 00       		.byte	0
 1169 0750 14       		.uleb128 0x14
 1170 0751 40070000 		.4byte	0x740
 1171 0755 1B       		.uleb128 0x1b
 1172 0756 8E010000 		.4byte	.LASF119
 1173 075a 01       		.byte	0x1
 1174 075b 83       		.byte	0x83
 1175 075c 1D030000 		.4byte	0x31d
 1176 0760 01       		.byte	0x1
 1177 0761 7A070000 		.4byte	0x77a
 1178 0765 1C       		.uleb128 0x1c
 1179 0766 D8050000 		.4byte	.LASF108
 1180 076a 01       		.byte	0x1
 1181 076b 83       		.byte	0x83
 1182 076c 2C000000 		.4byte	0x2c
 1183 0770 1D       		.uleb128 0x1d
 1184 0771 7000     		.ascii	"p\000"
 1185 0773 01       		.byte	0x1
 1186 0774 84       		.byte	0x84
 1187 0775 1D030000 		.4byte	0x31d
 1188 0779 00       		.byte	0
 1189 077a 19       		.uleb128 0x19
 1190 077b A5040000 		.4byte	.LASF110
 1191 077f 0E       		.byte	0xe
 1192 0780 5A01     		.2byte	0x15a
 1193 0782 03       		.byte	0x3
ARM GAS  /tmp/ccHEklZ6.s 			page 22


 1194 0783 1E       		.uleb128 0x1e
 1195 0784 4B040000 		.4byte	.LASF120
 1196 0788 01       		.byte	0x1
 1197 0789 4E       		.byte	0x4e
 1198 078a 00000000 		.4byte	.LFB229
 1199 078e 28000000 		.4byte	.LFE229-.LFB229
 1200 0792 01       		.uleb128 0x1
 1201 0793 9C       		.byte	0x9c
 1202 0794 AF070000 		.4byte	0x7af
 1203 0798 1F       		.uleb128 0x1f
 1204 0799 8E050000 		.4byte	.LASF111
 1205 079d 01       		.byte	0x1
 1206 079e 50       		.byte	0x50
 1207 079f AF070000 		.4byte	0x7af
 1208 07a3 1F       		.uleb128 0x1f
 1209 07a4 72040000 		.4byte	.LASF112
 1210 07a8 01       		.byte	0x1
 1211 07a9 51       		.byte	0x51
 1212 07aa AF070000 		.4byte	0x7af
 1213 07ae 00       		.byte	0
 1214 07af 15       		.uleb128 0x15
 1215 07b0 A9000000 		.4byte	0xa9
 1216 07b4 BA070000 		.4byte	0x7ba
 1217 07b8 20       		.uleb128 0x20
 1218 07b9 00       		.byte	0
 1219 07ba 21       		.uleb128 0x21
 1220 07bb 6D000000 		.4byte	.LASF121
 1221 07bf 01       		.byte	0x1
 1222 07c0 6D       		.byte	0x6d
 1223 07c1 1D030000 		.4byte	0x31d
 1224 07c5 00000000 		.4byte	.LFB230
 1225 07c9 38000000 		.4byte	.LFE230-.LFB230
 1226 07cd 01       		.uleb128 0x1
 1227 07ce 9C       		.byte	0x9c
 1228 07cf 9D080000 		.4byte	0x89d
 1229 07d3 22       		.uleb128 0x22
 1230 07d4 D8050000 		.4byte	.LASF108
 1231 07d8 01       		.byte	0x1
 1232 07d9 6D       		.byte	0x6d
 1233 07da 2C000000 		.4byte	0x2c
 1234 07de 00000000 		.4byte	.LLST0
 1235 07e2 1D       		.uleb128 0x1d
 1236 07e3 7000     		.ascii	"p\000"
 1237 07e5 01       		.byte	0x1
 1238 07e6 6E       		.byte	0x6e
 1239 07e7 1D030000 		.4byte	0x31d
 1240 07eb 23       		.uleb128 0x23
 1241 07ec 7A070000 		.4byte	0x77a
 1242 07f0 02000000 		.4byte	.LBB26
 1243 07f4 06000000 		.4byte	.LBE26-.LBB26
 1244 07f8 01       		.byte	0x1
 1245 07f9 70       		.byte	0x70
 1246 07fa 27080000 		.4byte	0x827
 1247 07fe 24       		.uleb128 0x24
 1248 07ff 13070000 		.4byte	0x713
 1249 0803 02000000 		.4byte	.LBB27
 1250 0807 06000000 		.4byte	.LBE27-.LBB27
ARM GAS  /tmp/ccHEklZ6.s 			page 23


 1251 080b 0E       		.byte	0xe
 1252 080c 5C01     		.2byte	0x15c
 1253 080e 24       		.uleb128 0x24
 1254 080f F9060000 		.4byte	0x6f9
 1255 0813 02000000 		.4byte	.LBB28
 1256 0817 06000000 		.4byte	.LBE28-.LBB28
 1257 081b 0A       		.byte	0xa
 1258 081c BF01     		.2byte	0x1bf
 1259 081e 25       		.uleb128 0x25
 1260 081f 06070000 		.4byte	0x706
 1261 0823 20       		.byte	0x20
 1262 0824 00       		.byte	0
 1263 0825 00       		.byte	0
 1264 0826 00       		.byte	0
 1265 0827 23       		.uleb128 0x23
 1266 0828 55070000 		.4byte	0x755
 1267 082c 08000000 		.4byte	.LBB30
 1268 0830 1C000000 		.4byte	.LBE30-.LBB30
 1269 0834 01       		.byte	0x1
 1270 0835 71       		.byte	0x71
 1271 0836 55080000 		.4byte	0x855
 1272 083a 26       		.uleb128 0x26
 1273 083b 65070000 		.4byte	0x765
 1274 083f 21000000 		.4byte	.LLST1
 1275 0843 27       		.uleb128 0x27
 1276 0844 08000000 		.4byte	.LBB31
 1277 0848 1C000000 		.4byte	.LBE31-.LBB31
 1278 084c 28       		.uleb128 0x28
 1279 084d 70070000 		.4byte	0x770
 1280 0851 01       		.uleb128 0x1
 1281 0852 52       		.byte	0x52
 1282 0853 00       		.byte	0
 1283 0854 00       		.byte	0
 1284 0855 29       		.uleb128 0x29
 1285 0856 25070000 		.4byte	0x725
 1286 085a 24000000 		.4byte	.LBB32
 1287 085e 06000000 		.4byte	.LBE32-.LBB32
 1288 0862 01       		.byte	0x1
 1289 0863 72       		.byte	0x72
 1290 0864 27       		.uleb128 0x27
 1291 0865 24000000 		.4byte	.LBB33
 1292 0869 06000000 		.4byte	.LBE33-.LBB33
 1293 086d 2A       		.uleb128 0x2a
 1294 086e 32070000 		.4byte	0x732
 1295 0872 24       		.uleb128 0x24
 1296 0873 1C070000 		.4byte	0x71c
 1297 0877 24000000 		.4byte	.LBB34
 1298 087b 06000000 		.4byte	.LBE34-.LBB34
 1299 087f 0E       		.byte	0xe
 1300 0880 7301     		.2byte	0x173
 1301 0882 24       		.uleb128 0x24
 1302 0883 F9060000 		.4byte	0x6f9
 1303 0887 24000000 		.4byte	.LBB35
 1304 088b 06000000 		.4byte	.LBE35-.LBB35
 1305 088f 0A       		.byte	0xa
 1306 0890 CD01     		.2byte	0x1cd
 1307 0892 25       		.uleb128 0x25
ARM GAS  /tmp/ccHEklZ6.s 			page 24


 1308 0893 06070000 		.4byte	0x706
 1309 0897 00       		.byte	0
 1310 0898 00       		.byte	0
 1311 0899 00       		.byte	0
 1312 089a 00       		.byte	0
 1313 089b 00       		.byte	0
 1314 089c 00       		.byte	0
 1315 089d 2B       		.uleb128 0x2b
 1316 089e 55070000 		.4byte	0x755
 1317 08a2 00000000 		.4byte	.LFB231
 1318 08a6 2C000000 		.4byte	.LFE231-.LFB231
 1319 08aa 01       		.uleb128 0x1
 1320 08ab 9C       		.byte	0x9c
 1321 08ac C1080000 		.4byte	0x8c1
 1322 08b0 26       		.uleb128 0x26
 1323 08b1 65070000 		.4byte	0x765
 1324 08b5 62000000 		.4byte	.LLST2
 1325 08b9 28       		.uleb128 0x28
 1326 08ba 70070000 		.4byte	0x770
 1327 08be 01       		.uleb128 0x1
 1328 08bf 52       		.byte	0x52
 1329 08c0 00       		.byte	0
 1330 08c1 2C       		.uleb128 0x2c
 1331 08c2 4B010000 		.4byte	.LASF122
 1332 08c6 01       		.byte	0x1
 1333 08c7 9B       		.byte	0x9b
 1334 08c8 2C000000 		.4byte	0x2c
 1335 08cc 00000000 		.4byte	.LFB232
 1336 08d0 14000000 		.4byte	.LFE232-.LFB232
 1337 08d4 01       		.uleb128 0x1
 1338 08d5 9C       		.byte	0x9c
 1339 08d6 2D       		.uleb128 0x2d
 1340 08d7 20050000 		.4byte	.LASF113
 1341 08db 01       		.byte	0x1
 1342 08dc 3E       		.byte	0x3e
 1343 08dd F3060000 		.4byte	0x6f3
 1344 08e1 05       		.uleb128 0x5
 1345 08e2 03       		.byte	0x3
 1346 08e3 00000000 		.4byte	nextmem
 1347 08e7 2D       		.uleb128 0x2d
 1348 08e8 00000000 		.4byte	.LASF114
 1349 08ec 01       		.byte	0x1
 1350 08ed 3F       		.byte	0x3f
 1351 08ee F3060000 		.4byte	0x6f3
 1352 08f2 05       		.uleb128 0x5
 1353 08f3 03       		.byte	0x3
 1354 08f4 00000000 		.4byte	endmem
 1355 08f8 2E       		.uleb128 0x2e
 1356 08f9 E9000000 		.4byte	.LASF115
 1357 08fd 0F       		.byte	0xf
 1358 08fe A706     		.2byte	0x6a7
 1359 0900 D5000000 		.4byte	0xd5
 1360 0904 2F       		.uleb128 0x2f
 1361 0905 636800   		.ascii	"ch\000"
 1362 0908 08       		.byte	0x8
 1363 0909 0902     		.2byte	0x209
 1364 090b EC030000 		.4byte	0x3ec
ARM GAS  /tmp/ccHEklZ6.s 			page 25


 1365 090f 1F       		.uleb128 0x1f
 1366 0910 8E050000 		.4byte	.LASF111
 1367 0914 01       		.byte	0x1
 1368 0915 50       		.byte	0x50
 1369 0916 AF070000 		.4byte	0x7af
 1370 091a 1F       		.uleb128 0x1f
 1371 091b 72040000 		.4byte	.LASF112
 1372 091f 01       		.byte	0x1
 1373 0920 51       		.byte	0x51
 1374 0921 AF070000 		.4byte	0x7af
 1375 0925 00       		.byte	0
 1376              		.section	.debug_abbrev,"",%progbits
 1377              	.Ldebug_abbrev0:
 1378 0000 01       		.uleb128 0x1
 1379 0001 11       		.uleb128 0x11
 1380 0002 01       		.byte	0x1
 1381 0003 25       		.uleb128 0x25
 1382 0004 0E       		.uleb128 0xe
 1383 0005 13       		.uleb128 0x13
 1384 0006 0B       		.uleb128 0xb
 1385 0007 03       		.uleb128 0x3
 1386 0008 0E       		.uleb128 0xe
 1387 0009 1B       		.uleb128 0x1b
 1388 000a 0E       		.uleb128 0xe
 1389 000b 55       		.uleb128 0x55
 1390 000c 17       		.uleb128 0x17
 1391 000d 11       		.uleb128 0x11
 1392 000e 01       		.uleb128 0x1
 1393 000f 10       		.uleb128 0x10
 1394 0010 17       		.uleb128 0x17
 1395 0011 00       		.byte	0
 1396 0012 00       		.byte	0
 1397 0013 02       		.uleb128 0x2
 1398 0014 24       		.uleb128 0x24
 1399 0015 00       		.byte	0
 1400 0016 0B       		.uleb128 0xb
 1401 0017 0B       		.uleb128 0xb
 1402 0018 3E       		.uleb128 0x3e
 1403 0019 0B       		.uleb128 0xb
 1404 001a 03       		.uleb128 0x3
 1405 001b 08       		.uleb128 0x8
 1406 001c 00       		.byte	0
 1407 001d 00       		.byte	0
 1408 001e 03       		.uleb128 0x3
 1409 001f 16       		.uleb128 0x16
 1410 0020 00       		.byte	0
 1411 0021 03       		.uleb128 0x3
 1412 0022 0E       		.uleb128 0xe
 1413 0023 3A       		.uleb128 0x3a
 1414 0024 0B       		.uleb128 0xb
 1415 0025 3B       		.uleb128 0x3b
 1416 0026 0B       		.uleb128 0xb
 1417 0027 49       		.uleb128 0x49
 1418 0028 13       		.uleb128 0x13
 1419 0029 00       		.byte	0
 1420 002a 00       		.byte	0
 1421 002b 04       		.uleb128 0x4
ARM GAS  /tmp/ccHEklZ6.s 			page 26


 1422 002c 24       		.uleb128 0x24
 1423 002d 00       		.byte	0
 1424 002e 0B       		.uleb128 0xb
 1425 002f 0B       		.uleb128 0xb
 1426 0030 3E       		.uleb128 0x3e
 1427 0031 0B       		.uleb128 0xb
 1428 0032 03       		.uleb128 0x3
 1429 0033 0E       		.uleb128 0xe
 1430 0034 00       		.byte	0
 1431 0035 00       		.byte	0
 1432 0036 05       		.uleb128 0x5
 1433 0037 35       		.uleb128 0x35
 1434 0038 00       		.byte	0
 1435 0039 49       		.uleb128 0x49
 1436 003a 13       		.uleb128 0x13
 1437 003b 00       		.byte	0
 1438 003c 00       		.byte	0
 1439 003d 06       		.uleb128 0x6
 1440 003e 13       		.uleb128 0x13
 1441 003f 01       		.byte	0x1
 1442 0040 03       		.uleb128 0x3
 1443 0041 0E       		.uleb128 0xe
 1444 0042 0B       		.uleb128 0xb
 1445 0043 0B       		.uleb128 0xb
 1446 0044 3A       		.uleb128 0x3a
 1447 0045 0B       		.uleb128 0xb
 1448 0046 3B       		.uleb128 0x3b
 1449 0047 0B       		.uleb128 0xb
 1450 0048 01       		.uleb128 0x1
 1451 0049 13       		.uleb128 0x13
 1452 004a 00       		.byte	0
 1453 004b 00       		.byte	0
 1454 004c 07       		.uleb128 0x7
 1455 004d 0D       		.uleb128 0xd
 1456 004e 00       		.byte	0
 1457 004f 03       		.uleb128 0x3
 1458 0050 0E       		.uleb128 0xe
 1459 0051 3A       		.uleb128 0x3a
 1460 0052 0B       		.uleb128 0xb
 1461 0053 3B       		.uleb128 0x3b
 1462 0054 0B       		.uleb128 0xb
 1463 0055 49       		.uleb128 0x49
 1464 0056 13       		.uleb128 0x13
 1465 0057 38       		.uleb128 0x38
 1466 0058 0B       		.uleb128 0xb
 1467 0059 00       		.byte	0
 1468 005a 00       		.byte	0
 1469 005b 08       		.uleb128 0x8
 1470 005c 0D       		.uleb128 0xd
 1471 005d 00       		.byte	0
 1472 005e 03       		.uleb128 0x3
 1473 005f 08       		.uleb128 0x8
 1474 0060 3A       		.uleb128 0x3a
 1475 0061 0B       		.uleb128 0xb
 1476 0062 3B       		.uleb128 0x3b
 1477 0063 05       		.uleb128 0x5
 1478 0064 49       		.uleb128 0x49
ARM GAS  /tmp/ccHEklZ6.s 			page 27


 1479 0065 13       		.uleb128 0x13
 1480 0066 38       		.uleb128 0x38
 1481 0067 0B       		.uleb128 0xb
 1482 0068 00       		.byte	0
 1483 0069 00       		.byte	0
 1484 006a 09       		.uleb128 0x9
 1485 006b 0D       		.uleb128 0xd
 1486 006c 00       		.byte	0
 1487 006d 03       		.uleb128 0x3
 1488 006e 0E       		.uleb128 0xe
 1489 006f 3A       		.uleb128 0x3a
 1490 0070 0B       		.uleb128 0xb
 1491 0071 3B       		.uleb128 0x3b
 1492 0072 05       		.uleb128 0x5
 1493 0073 49       		.uleb128 0x49
 1494 0074 13       		.uleb128 0x13
 1495 0075 38       		.uleb128 0x38
 1496 0076 0B       		.uleb128 0xb
 1497 0077 00       		.byte	0
 1498 0078 00       		.byte	0
 1499 0079 0A       		.uleb128 0xa
 1500 007a 0F       		.uleb128 0xf
 1501 007b 00       		.byte	0
 1502 007c 0B       		.uleb128 0xb
 1503 007d 0B       		.uleb128 0xb
 1504 007e 49       		.uleb128 0x49
 1505 007f 13       		.uleb128 0x13
 1506 0080 00       		.byte	0
 1507 0081 00       		.byte	0
 1508 0082 0B       		.uleb128 0xb
 1509 0083 13       		.uleb128 0x13
 1510 0084 01       		.byte	0x1
 1511 0085 03       		.uleb128 0x3
 1512 0086 0E       		.uleb128 0xe
 1513 0087 0B       		.uleb128 0xb
 1514 0088 0B       		.uleb128 0xb
 1515 0089 3A       		.uleb128 0x3a
 1516 008a 0B       		.uleb128 0xb
 1517 008b 3B       		.uleb128 0x3b
 1518 008c 05       		.uleb128 0x5
 1519 008d 01       		.uleb128 0x1
 1520 008e 13       		.uleb128 0x13
 1521 008f 00       		.byte	0
 1522 0090 00       		.byte	0
 1523 0091 0C       		.uleb128 0xc
 1524 0092 15       		.uleb128 0x15
 1525 0093 01       		.byte	0x1
 1526 0094 27       		.uleb128 0x27
 1527 0095 19       		.uleb128 0x19
 1528 0096 01       		.uleb128 0x1
 1529 0097 13       		.uleb128 0x13
 1530 0098 00       		.byte	0
 1531 0099 00       		.byte	0
 1532 009a 0D       		.uleb128 0xd
 1533 009b 05       		.uleb128 0x5
 1534 009c 00       		.byte	0
 1535 009d 49       		.uleb128 0x49
ARM GAS  /tmp/ccHEklZ6.s 			page 28


 1536 009e 13       		.uleb128 0x13
 1537 009f 00       		.byte	0
 1538 00a0 00       		.byte	0
 1539 00a1 0E       		.uleb128 0xe
 1540 00a2 0F       		.uleb128 0xf
 1541 00a3 00       		.byte	0
 1542 00a4 0B       		.uleb128 0xb
 1543 00a5 0B       		.uleb128 0xb
 1544 00a6 00       		.byte	0
 1545 00a7 00       		.byte	0
 1546 00a8 0F       		.uleb128 0xf
 1547 00a9 13       		.uleb128 0x13
 1548 00aa 01       		.byte	0x1
 1549 00ab 03       		.uleb128 0x3
 1550 00ac 0E       		.uleb128 0xe
 1551 00ad 0B       		.uleb128 0xb
 1552 00ae 05       		.uleb128 0x5
 1553 00af 3A       		.uleb128 0x3a
 1554 00b0 0B       		.uleb128 0xb
 1555 00b1 3B       		.uleb128 0x3b
 1556 00b2 05       		.uleb128 0x5
 1557 00b3 01       		.uleb128 0x1
 1558 00b4 13       		.uleb128 0x13
 1559 00b5 00       		.byte	0
 1560 00b6 00       		.byte	0
 1561 00b7 10       		.uleb128 0x10
 1562 00b8 0D       		.uleb128 0xd
 1563 00b9 00       		.byte	0
 1564 00ba 03       		.uleb128 0x3
 1565 00bb 08       		.uleb128 0x8
 1566 00bc 3A       		.uleb128 0x3a
 1567 00bd 0B       		.uleb128 0xb
 1568 00be 3B       		.uleb128 0x3b
 1569 00bf 0B       		.uleb128 0xb
 1570 00c0 49       		.uleb128 0x49
 1571 00c1 13       		.uleb128 0x13
 1572 00c2 38       		.uleb128 0x38
 1573 00c3 0B       		.uleb128 0xb
 1574 00c4 00       		.byte	0
 1575 00c5 00       		.byte	0
 1576 00c6 11       		.uleb128 0x11
 1577 00c7 13       		.uleb128 0x13
 1578 00c8 01       		.byte	0x1
 1579 00c9 0B       		.uleb128 0xb
 1580 00ca 0B       		.uleb128 0xb
 1581 00cb 3A       		.uleb128 0x3a
 1582 00cc 0B       		.uleb128 0xb
 1583 00cd 3B       		.uleb128 0x3b
 1584 00ce 0B       		.uleb128 0xb
 1585 00cf 01       		.uleb128 0x1
 1586 00d0 13       		.uleb128 0x13
 1587 00d1 00       		.byte	0
 1588 00d2 00       		.byte	0
 1589 00d3 12       		.uleb128 0x12
 1590 00d4 17       		.uleb128 0x17
 1591 00d5 01       		.byte	0x1
 1592 00d6 0B       		.uleb128 0xb
ARM GAS  /tmp/ccHEklZ6.s 			page 29


 1593 00d7 0B       		.uleb128 0xb
 1594 00d8 3A       		.uleb128 0x3a
 1595 00d9 0B       		.uleb128 0xb
 1596 00da 3B       		.uleb128 0x3b
 1597 00db 0B       		.uleb128 0xb
 1598 00dc 01       		.uleb128 0x1
 1599 00dd 13       		.uleb128 0x13
 1600 00de 00       		.byte	0
 1601 00df 00       		.byte	0
 1602 00e0 13       		.uleb128 0x13
 1603 00e1 0D       		.uleb128 0xd
 1604 00e2 00       		.byte	0
 1605 00e3 03       		.uleb128 0x3
 1606 00e4 0E       		.uleb128 0xe
 1607 00e5 3A       		.uleb128 0x3a
 1608 00e6 0B       		.uleb128 0xb
 1609 00e7 3B       		.uleb128 0x3b
 1610 00e8 05       		.uleb128 0x5
 1611 00e9 49       		.uleb128 0x49
 1612 00ea 13       		.uleb128 0x13
 1613 00eb 00       		.byte	0
 1614 00ec 00       		.byte	0
 1615 00ed 14       		.uleb128 0x14
 1616 00ee 26       		.uleb128 0x26
 1617 00ef 00       		.byte	0
 1618 00f0 49       		.uleb128 0x49
 1619 00f1 13       		.uleb128 0x13
 1620 00f2 00       		.byte	0
 1621 00f3 00       		.byte	0
 1622 00f4 15       		.uleb128 0x15
 1623 00f5 01       		.uleb128 0x1
 1624 00f6 01       		.byte	0x1
 1625 00f7 49       		.uleb128 0x49
 1626 00f8 13       		.uleb128 0x13
 1627 00f9 01       		.uleb128 0x1
 1628 00fa 13       		.uleb128 0x13
 1629 00fb 00       		.byte	0
 1630 00fc 00       		.byte	0
 1631 00fd 16       		.uleb128 0x16
 1632 00fe 21       		.uleb128 0x21
 1633 00ff 00       		.byte	0
 1634 0100 49       		.uleb128 0x49
 1635 0101 13       		.uleb128 0x13
 1636 0102 2F       		.uleb128 0x2f
 1637 0103 0B       		.uleb128 0xb
 1638 0104 00       		.byte	0
 1639 0105 00       		.byte	0
 1640 0106 17       		.uleb128 0x17
 1641 0107 2E       		.uleb128 0x2e
 1642 0108 01       		.byte	0x1
 1643 0109 03       		.uleb128 0x3
 1644 010a 0E       		.uleb128 0xe
 1645 010b 3A       		.uleb128 0x3a
 1646 010c 0B       		.uleb128 0xb
 1647 010d 3B       		.uleb128 0x3b
 1648 010e 05       		.uleb128 0x5
 1649 010f 27       		.uleb128 0x27
ARM GAS  /tmp/ccHEklZ6.s 			page 30


 1650 0110 19       		.uleb128 0x19
 1651 0111 20       		.uleb128 0x20
 1652 0112 0B       		.uleb128 0xb
 1653 0113 01       		.uleb128 0x1
 1654 0114 13       		.uleb128 0x13
 1655 0115 00       		.byte	0
 1656 0116 00       		.byte	0
 1657 0117 18       		.uleb128 0x18
 1658 0118 05       		.uleb128 0x5
 1659 0119 00       		.byte	0
 1660 011a 03       		.uleb128 0x3
 1661 011b 0E       		.uleb128 0xe
 1662 011c 3A       		.uleb128 0x3a
 1663 011d 0B       		.uleb128 0xb
 1664 011e 3B       		.uleb128 0x3b
 1665 011f 05       		.uleb128 0x5
 1666 0120 49       		.uleb128 0x49
 1667 0121 13       		.uleb128 0x13
 1668 0122 00       		.byte	0
 1669 0123 00       		.byte	0
 1670 0124 19       		.uleb128 0x19
 1671 0125 2E       		.uleb128 0x2e
 1672 0126 00       		.byte	0
 1673 0127 03       		.uleb128 0x3
 1674 0128 0E       		.uleb128 0xe
 1675 0129 3A       		.uleb128 0x3a
 1676 012a 0B       		.uleb128 0xb
 1677 012b 3B       		.uleb128 0x3b
 1678 012c 05       		.uleb128 0x5
 1679 012d 27       		.uleb128 0x27
 1680 012e 19       		.uleb128 0x19
 1681 012f 20       		.uleb128 0x20
 1682 0130 0B       		.uleb128 0xb
 1683 0131 00       		.byte	0
 1684 0132 00       		.byte	0
 1685 0133 1A       		.uleb128 0x1a
 1686 0134 34       		.uleb128 0x34
 1687 0135 00       		.byte	0
 1688 0136 03       		.uleb128 0x3
 1689 0137 0E       		.uleb128 0xe
 1690 0138 49       		.uleb128 0x49
 1691 0139 13       		.uleb128 0x13
 1692 013a 34       		.uleb128 0x34
 1693 013b 19       		.uleb128 0x19
 1694 013c 1C       		.uleb128 0x1c
 1695 013d 0E       		.uleb128 0xe
 1696 013e 00       		.byte	0
 1697 013f 00       		.byte	0
 1698 0140 1B       		.uleb128 0x1b
 1699 0141 2E       		.uleb128 0x2e
 1700 0142 01       		.byte	0x1
 1701 0143 3F       		.uleb128 0x3f
 1702 0144 19       		.uleb128 0x19
 1703 0145 03       		.uleb128 0x3
 1704 0146 0E       		.uleb128 0xe
 1705 0147 3A       		.uleb128 0x3a
 1706 0148 0B       		.uleb128 0xb
ARM GAS  /tmp/ccHEklZ6.s 			page 31


 1707 0149 3B       		.uleb128 0x3b
 1708 014a 0B       		.uleb128 0xb
 1709 014b 27       		.uleb128 0x27
 1710 014c 19       		.uleb128 0x19
 1711 014d 49       		.uleb128 0x49
 1712 014e 13       		.uleb128 0x13
 1713 014f 20       		.uleb128 0x20
 1714 0150 0B       		.uleb128 0xb
 1715 0151 01       		.uleb128 0x1
 1716 0152 13       		.uleb128 0x13
 1717 0153 00       		.byte	0
 1718 0154 00       		.byte	0
 1719 0155 1C       		.uleb128 0x1c
 1720 0156 05       		.uleb128 0x5
 1721 0157 00       		.byte	0
 1722 0158 03       		.uleb128 0x3
 1723 0159 0E       		.uleb128 0xe
 1724 015a 3A       		.uleb128 0x3a
 1725 015b 0B       		.uleb128 0xb
 1726 015c 3B       		.uleb128 0x3b
 1727 015d 0B       		.uleb128 0xb
 1728 015e 49       		.uleb128 0x49
 1729 015f 13       		.uleb128 0x13
 1730 0160 00       		.byte	0
 1731 0161 00       		.byte	0
 1732 0162 1D       		.uleb128 0x1d
 1733 0163 34       		.uleb128 0x34
 1734 0164 00       		.byte	0
 1735 0165 03       		.uleb128 0x3
 1736 0166 08       		.uleb128 0x8
 1737 0167 3A       		.uleb128 0x3a
 1738 0168 0B       		.uleb128 0xb
 1739 0169 3B       		.uleb128 0x3b
 1740 016a 0B       		.uleb128 0xb
 1741 016b 49       		.uleb128 0x49
 1742 016c 13       		.uleb128 0x13
 1743 016d 00       		.byte	0
 1744 016e 00       		.byte	0
 1745 016f 1E       		.uleb128 0x1e
 1746 0170 2E       		.uleb128 0x2e
 1747 0171 01       		.byte	0x1
 1748 0172 3F       		.uleb128 0x3f
 1749 0173 19       		.uleb128 0x19
 1750 0174 03       		.uleb128 0x3
 1751 0175 0E       		.uleb128 0xe
 1752 0176 3A       		.uleb128 0x3a
 1753 0177 0B       		.uleb128 0xb
 1754 0178 3B       		.uleb128 0x3b
 1755 0179 0B       		.uleb128 0xb
 1756 017a 27       		.uleb128 0x27
 1757 017b 19       		.uleb128 0x19
 1758 017c 11       		.uleb128 0x11
 1759 017d 01       		.uleb128 0x1
 1760 017e 12       		.uleb128 0x12
 1761 017f 06       		.uleb128 0x6
 1762 0180 40       		.uleb128 0x40
 1763 0181 18       		.uleb128 0x18
ARM GAS  /tmp/ccHEklZ6.s 			page 32


 1764 0182 9742     		.uleb128 0x2117
 1765 0184 19       		.uleb128 0x19
 1766 0185 01       		.uleb128 0x1
 1767 0186 13       		.uleb128 0x13
 1768 0187 00       		.byte	0
 1769 0188 00       		.byte	0
 1770 0189 1F       		.uleb128 0x1f
 1771 018a 34       		.uleb128 0x34
 1772 018b 00       		.byte	0
 1773 018c 03       		.uleb128 0x3
 1774 018d 0E       		.uleb128 0xe
 1775 018e 3A       		.uleb128 0x3a
 1776 018f 0B       		.uleb128 0xb
 1777 0190 3B       		.uleb128 0x3b
 1778 0191 0B       		.uleb128 0xb
 1779 0192 49       		.uleb128 0x49
 1780 0193 13       		.uleb128 0x13
 1781 0194 3F       		.uleb128 0x3f
 1782 0195 19       		.uleb128 0x19
 1783 0196 3C       		.uleb128 0x3c
 1784 0197 19       		.uleb128 0x19
 1785 0198 00       		.byte	0
 1786 0199 00       		.byte	0
 1787 019a 20       		.uleb128 0x20
 1788 019b 21       		.uleb128 0x21
 1789 019c 00       		.byte	0
 1790 019d 00       		.byte	0
 1791 019e 00       		.byte	0
 1792 019f 21       		.uleb128 0x21
 1793 01a0 2E       		.uleb128 0x2e
 1794 01a1 01       		.byte	0x1
 1795 01a2 3F       		.uleb128 0x3f
 1796 01a3 19       		.uleb128 0x19
 1797 01a4 03       		.uleb128 0x3
 1798 01a5 0E       		.uleb128 0xe
 1799 01a6 3A       		.uleb128 0x3a
 1800 01a7 0B       		.uleb128 0xb
 1801 01a8 3B       		.uleb128 0x3b
 1802 01a9 0B       		.uleb128 0xb
 1803 01aa 27       		.uleb128 0x27
 1804 01ab 19       		.uleb128 0x19
 1805 01ac 49       		.uleb128 0x49
 1806 01ad 13       		.uleb128 0x13
 1807 01ae 11       		.uleb128 0x11
 1808 01af 01       		.uleb128 0x1
 1809 01b0 12       		.uleb128 0x12
 1810 01b1 06       		.uleb128 0x6
 1811 01b2 40       		.uleb128 0x40
 1812 01b3 18       		.uleb128 0x18
 1813 01b4 9742     		.uleb128 0x2117
 1814 01b6 19       		.uleb128 0x19
 1815 01b7 01       		.uleb128 0x1
 1816 01b8 13       		.uleb128 0x13
 1817 01b9 00       		.byte	0
 1818 01ba 00       		.byte	0
 1819 01bb 22       		.uleb128 0x22
 1820 01bc 05       		.uleb128 0x5
ARM GAS  /tmp/ccHEklZ6.s 			page 33


 1821 01bd 00       		.byte	0
 1822 01be 03       		.uleb128 0x3
 1823 01bf 0E       		.uleb128 0xe
 1824 01c0 3A       		.uleb128 0x3a
 1825 01c1 0B       		.uleb128 0xb
 1826 01c2 3B       		.uleb128 0x3b
 1827 01c3 0B       		.uleb128 0xb
 1828 01c4 49       		.uleb128 0x49
 1829 01c5 13       		.uleb128 0x13
 1830 01c6 02       		.uleb128 0x2
 1831 01c7 17       		.uleb128 0x17
 1832 01c8 00       		.byte	0
 1833 01c9 00       		.byte	0
 1834 01ca 23       		.uleb128 0x23
 1835 01cb 1D       		.uleb128 0x1d
 1836 01cc 01       		.byte	0x1
 1837 01cd 31       		.uleb128 0x31
 1838 01ce 13       		.uleb128 0x13
 1839 01cf 11       		.uleb128 0x11
 1840 01d0 01       		.uleb128 0x1
 1841 01d1 12       		.uleb128 0x12
 1842 01d2 06       		.uleb128 0x6
 1843 01d3 58       		.uleb128 0x58
 1844 01d4 0B       		.uleb128 0xb
 1845 01d5 59       		.uleb128 0x59
 1846 01d6 0B       		.uleb128 0xb
 1847 01d7 01       		.uleb128 0x1
 1848 01d8 13       		.uleb128 0x13
 1849 01d9 00       		.byte	0
 1850 01da 00       		.byte	0
 1851 01db 24       		.uleb128 0x24
 1852 01dc 1D       		.uleb128 0x1d
 1853 01dd 01       		.byte	0x1
 1854 01de 31       		.uleb128 0x31
 1855 01df 13       		.uleb128 0x13
 1856 01e0 11       		.uleb128 0x11
 1857 01e1 01       		.uleb128 0x1
 1858 01e2 12       		.uleb128 0x12
 1859 01e3 06       		.uleb128 0x6
 1860 01e4 58       		.uleb128 0x58
 1861 01e5 0B       		.uleb128 0xb
 1862 01e6 59       		.uleb128 0x59
 1863 01e7 05       		.uleb128 0x5
 1864 01e8 00       		.byte	0
 1865 01e9 00       		.byte	0
 1866 01ea 25       		.uleb128 0x25
 1867 01eb 05       		.uleb128 0x5
 1868 01ec 00       		.byte	0
 1869 01ed 31       		.uleb128 0x31
 1870 01ee 13       		.uleb128 0x13
 1871 01ef 1C       		.uleb128 0x1c
 1872 01f0 0B       		.uleb128 0xb
 1873 01f1 00       		.byte	0
 1874 01f2 00       		.byte	0
 1875 01f3 26       		.uleb128 0x26
 1876 01f4 05       		.uleb128 0x5
 1877 01f5 00       		.byte	0
ARM GAS  /tmp/ccHEklZ6.s 			page 34


 1878 01f6 31       		.uleb128 0x31
 1879 01f7 13       		.uleb128 0x13
 1880 01f8 02       		.uleb128 0x2
 1881 01f9 17       		.uleb128 0x17
 1882 01fa 00       		.byte	0
 1883 01fb 00       		.byte	0
 1884 01fc 27       		.uleb128 0x27
 1885 01fd 0B       		.uleb128 0xb
 1886 01fe 01       		.byte	0x1
 1887 01ff 11       		.uleb128 0x11
 1888 0200 01       		.uleb128 0x1
 1889 0201 12       		.uleb128 0x12
 1890 0202 06       		.uleb128 0x6
 1891 0203 00       		.byte	0
 1892 0204 00       		.byte	0
 1893 0205 28       		.uleb128 0x28
 1894 0206 34       		.uleb128 0x34
 1895 0207 00       		.byte	0
 1896 0208 31       		.uleb128 0x31
 1897 0209 13       		.uleb128 0x13
 1898 020a 02       		.uleb128 0x2
 1899 020b 18       		.uleb128 0x18
 1900 020c 00       		.byte	0
 1901 020d 00       		.byte	0
 1902 020e 29       		.uleb128 0x29
 1903 020f 1D       		.uleb128 0x1d
 1904 0210 01       		.byte	0x1
 1905 0211 31       		.uleb128 0x31
 1906 0212 13       		.uleb128 0x13
 1907 0213 11       		.uleb128 0x11
 1908 0214 01       		.uleb128 0x1
 1909 0215 12       		.uleb128 0x12
 1910 0216 06       		.uleb128 0x6
 1911 0217 58       		.uleb128 0x58
 1912 0218 0B       		.uleb128 0xb
 1913 0219 59       		.uleb128 0x59
 1914 021a 0B       		.uleb128 0xb
 1915 021b 00       		.byte	0
 1916 021c 00       		.byte	0
 1917 021d 2A       		.uleb128 0x2a
 1918 021e 34       		.uleb128 0x34
 1919 021f 00       		.byte	0
 1920 0220 31       		.uleb128 0x31
 1921 0221 13       		.uleb128 0x13
 1922 0222 00       		.byte	0
 1923 0223 00       		.byte	0
 1924 0224 2B       		.uleb128 0x2b
 1925 0225 2E       		.uleb128 0x2e
 1926 0226 01       		.byte	0x1
 1927 0227 31       		.uleb128 0x31
 1928 0228 13       		.uleb128 0x13
 1929 0229 11       		.uleb128 0x11
 1930 022a 01       		.uleb128 0x1
 1931 022b 12       		.uleb128 0x12
 1932 022c 06       		.uleb128 0x6
 1933 022d 40       		.uleb128 0x40
 1934 022e 18       		.uleb128 0x18
ARM GAS  /tmp/ccHEklZ6.s 			page 35


 1935 022f 9742     		.uleb128 0x2117
 1936 0231 19       		.uleb128 0x19
 1937 0232 01       		.uleb128 0x1
 1938 0233 13       		.uleb128 0x13
 1939 0234 00       		.byte	0
 1940 0235 00       		.byte	0
 1941 0236 2C       		.uleb128 0x2c
 1942 0237 2E       		.uleb128 0x2e
 1943 0238 00       		.byte	0
 1944 0239 3F       		.uleb128 0x3f
 1945 023a 19       		.uleb128 0x19
 1946 023b 03       		.uleb128 0x3
 1947 023c 0E       		.uleb128 0xe
 1948 023d 3A       		.uleb128 0x3a
 1949 023e 0B       		.uleb128 0xb
 1950 023f 3B       		.uleb128 0x3b
 1951 0240 0B       		.uleb128 0xb
 1952 0241 27       		.uleb128 0x27
 1953 0242 19       		.uleb128 0x19
 1954 0243 49       		.uleb128 0x49
 1955 0244 13       		.uleb128 0x13
 1956 0245 11       		.uleb128 0x11
 1957 0246 01       		.uleb128 0x1
 1958 0247 12       		.uleb128 0x12
 1959 0248 06       		.uleb128 0x6
 1960 0249 40       		.uleb128 0x40
 1961 024a 18       		.uleb128 0x18
 1962 024b 9742     		.uleb128 0x2117
 1963 024d 19       		.uleb128 0x19
 1964 024e 00       		.byte	0
 1965 024f 00       		.byte	0
 1966 0250 2D       		.uleb128 0x2d
 1967 0251 34       		.uleb128 0x34
 1968 0252 00       		.byte	0
 1969 0253 03       		.uleb128 0x3
 1970 0254 0E       		.uleb128 0xe
 1971 0255 3A       		.uleb128 0x3a
 1972 0256 0B       		.uleb128 0xb
 1973 0257 3B       		.uleb128 0x3b
 1974 0258 0B       		.uleb128 0xb
 1975 0259 49       		.uleb128 0x49
 1976 025a 13       		.uleb128 0x13
 1977 025b 02       		.uleb128 0x2
 1978 025c 18       		.uleb128 0x18
 1979 025d 00       		.byte	0
 1980 025e 00       		.byte	0
 1981 025f 2E       		.uleb128 0x2e
 1982 0260 34       		.uleb128 0x34
 1983 0261 00       		.byte	0
 1984 0262 03       		.uleb128 0x3
 1985 0263 0E       		.uleb128 0xe
 1986 0264 3A       		.uleb128 0x3a
 1987 0265 0B       		.uleb128 0xb
 1988 0266 3B       		.uleb128 0x3b
 1989 0267 05       		.uleb128 0x5
 1990 0268 49       		.uleb128 0x49
 1991 0269 13       		.uleb128 0x13
ARM GAS  /tmp/ccHEklZ6.s 			page 36


 1992 026a 3F       		.uleb128 0x3f
 1993 026b 19       		.uleb128 0x19
 1994 026c 3C       		.uleb128 0x3c
 1995 026d 19       		.uleb128 0x19
 1996 026e 00       		.byte	0
 1997 026f 00       		.byte	0
 1998 0270 2F       		.uleb128 0x2f
 1999 0271 34       		.uleb128 0x34
 2000 0272 00       		.byte	0
 2001 0273 03       		.uleb128 0x3
 2002 0274 08       		.uleb128 0x8
 2003 0275 3A       		.uleb128 0x3a
 2004 0276 0B       		.uleb128 0xb
 2005 0277 3B       		.uleb128 0x3b
 2006 0278 05       		.uleb128 0x5
 2007 0279 49       		.uleb128 0x49
 2008 027a 13       		.uleb128 0x13
 2009 027b 3F       		.uleb128 0x3f
 2010 027c 19       		.uleb128 0x19
 2011 027d 3C       		.uleb128 0x3c
 2012 027e 19       		.uleb128 0x19
 2013 027f 00       		.byte	0
 2014 0280 00       		.byte	0
 2015 0281 00       		.byte	0
 2016              		.section	.debug_loc,"",%progbits
 2017              	.Ldebug_loc0:
 2018              	.LLST0:
 2019 0000 00000000 		.4byte	.LVL0
 2020 0004 22000000 		.4byte	.LVL5
 2021 0008 0100     		.2byte	0x1
 2022 000a 50       		.byte	0x50
 2023 000b 22000000 		.4byte	.LVL5
 2024 000f 38000000 		.4byte	.LFE230
 2025 0013 0400     		.2byte	0x4
 2026 0015 F3       		.byte	0xf3
 2027 0016 01       		.uleb128 0x1
 2028 0017 50       		.byte	0x50
 2029 0018 9F       		.byte	0x9f
 2030 0019 00000000 		.4byte	0
 2031 001d 00000000 		.4byte	0
 2032              	.LLST1:
 2033 0021 08000000 		.4byte	.LVL1
 2034 0025 16000000 		.4byte	.LVL2
 2035 0029 0100     		.2byte	0x1
 2036 002b 50       		.byte	0x50
 2037 002c 16000000 		.4byte	.LVL2
 2038 0030 1E000000 		.4byte	.LVL4
 2039 0034 0100     		.2byte	0x1
 2040 0036 53       		.byte	0x53
 2041 0037 1E000000 		.4byte	.LVL4
 2042 003b 22000000 		.4byte	.LVL5
 2043 003f 0600     		.2byte	0x6
 2044 0041 70       		.byte	0x70
 2045 0042 07       		.sleb128 7
 2046 0043 09       		.byte	0x9
 2047 0044 F8       		.byte	0xf8
 2048 0045 1A       		.byte	0x1a
ARM GAS  /tmp/ccHEklZ6.s 			page 37


 2049 0046 9F       		.byte	0x9f
 2050 0047 22000000 		.4byte	.LVL5
 2051 004b 38000000 		.4byte	.LFE230
 2052 004f 0900     		.2byte	0x9
 2053 0051 F3       		.byte	0xf3
 2054 0052 01       		.uleb128 0x1
 2055 0053 50       		.byte	0x50
 2056 0054 23       		.byte	0x23
 2057 0055 07       		.uleb128 0x7
 2058 0056 09       		.byte	0x9
 2059 0057 F8       		.byte	0xf8
 2060 0058 1A       		.byte	0x1a
 2061 0059 9F       		.byte	0x9f
 2062 005a 00000000 		.4byte	0
 2063 005e 00000000 		.4byte	0
 2064              	.LLST2:
 2065 0062 00000000 		.4byte	.LVL7
 2066 0066 0C000000 		.4byte	.LVL8
 2067 006a 0100     		.2byte	0x1
 2068 006c 50       		.byte	0x50
 2069 006d 0C000000 		.4byte	.LVL8
 2070 0071 10000000 		.4byte	.LVL9
 2071 0075 0300     		.2byte	0x3
 2072 0077 70       		.byte	0x70
 2073 0078 79       		.sleb128 -7
 2074 0079 9F       		.byte	0x9f
 2075 007a 10000000 		.4byte	.LVL9
 2076 007e 18000000 		.4byte	.LVL11
 2077 0082 0100     		.2byte	0x1
 2078 0084 53       		.byte	0x53
 2079 0085 18000000 		.4byte	.LVL11
 2080 0089 1C000000 		.4byte	.LVL12
 2081 008d 0600     		.2byte	0x6
 2082 008f 70       		.byte	0x70
 2083 0090 00       		.sleb128 0
 2084 0091 09       		.byte	0x9
 2085 0092 F8       		.byte	0xf8
 2086 0093 1A       		.byte	0x1a
 2087 0094 9F       		.byte	0x9f
 2088 0095 1C000000 		.4byte	.LVL12
 2089 0099 2C000000 		.4byte	.LFE231
 2090 009d 0900     		.2byte	0x9
 2091 009f F3       		.byte	0xf3
 2092 00a0 01       		.uleb128 0x1
 2093 00a1 50       		.byte	0x50
 2094 00a2 23       		.byte	0x23
 2095 00a3 07       		.uleb128 0x7
 2096 00a4 09       		.byte	0x9
 2097 00a5 F8       		.byte	0xf8
 2098 00a6 1A       		.byte	0x1a
 2099 00a7 9F       		.byte	0x9f
 2100 00a8 00000000 		.4byte	0
 2101 00ac 00000000 		.4byte	0
 2102              		.section	.debug_aranges,"",%progbits
 2103 0000 34000000 		.4byte	0x34
 2104 0004 0200     		.2byte	0x2
 2105 0006 00000000 		.4byte	.Ldebug_info0
ARM GAS  /tmp/ccHEklZ6.s 			page 38


 2106 000a 04       		.byte	0x4
 2107 000b 00       		.byte	0
 2108 000c 0000     		.2byte	0
 2109 000e 0000     		.2byte	0
 2110 0010 00000000 		.4byte	.LFB229
 2111 0014 28000000 		.4byte	.LFE229-.LFB229
 2112 0018 00000000 		.4byte	.LFB230
 2113 001c 38000000 		.4byte	.LFE230-.LFB230
 2114 0020 00000000 		.4byte	.LFB231
 2115 0024 2C000000 		.4byte	.LFE231-.LFB231
 2116 0028 00000000 		.4byte	.LFB232
 2117 002c 14000000 		.4byte	.LFE232-.LFB232
 2118 0030 00000000 		.4byte	0
 2119 0034 00000000 		.4byte	0
 2120              		.section	.debug_ranges,"",%progbits
 2121              	.Ldebug_ranges0:
 2122 0000 00000000 		.4byte	.LFB229
 2123 0004 28000000 		.4byte	.LFE229
 2124 0008 00000000 		.4byte	.LFB230
 2125 000c 38000000 		.4byte	.LFE230
 2126 0010 00000000 		.4byte	.LFB231
 2127 0014 2C000000 		.4byte	.LFE231
 2128 0018 00000000 		.4byte	.LFB232
 2129 001c 14000000 		.4byte	.LFE232
 2130 0020 00000000 		.4byte	0
 2131 0024 00000000 		.4byte	0
 2132              		.section	.debug_line,"",%progbits
 2133              	.Ldebug_line0:
 2134 0000 37020000 		.section	.debug_str,"MS",%progbits,1
 2134      0200C301 
 2134      00000201 
 2134      FB0E0D00 
 2134      01010101 
 2135              	.LASF114:
 2136 0000 656E646D 		.ascii	"endmem\000"
 2136      656D00
 2137              	.LASF52:
 2138 0007 72656164 		.ascii	"ready_list_t\000"
 2138      795F6C69 
 2138      73745F74 
 2138      00
 2139              	.LASF118:
 2140 0014 2F686F6D 		.ascii	"/home/sssilvar/Documents/embebidos/ChibiOS/iflab/pr"
 2140      652F7373 
 2140      73696C76 
 2140      61722F44 
 2140      6F63756D 
 2141 0047 6F6A6563 		.ascii	"ojects/ADC_LCD\000"
 2141      74732F41 
 2141      44435F4C 
 2141      434400
 2142              	.LASF4:
 2143 0056 73697A65 		.ascii	"size_t\000"
 2143      5F7400
 2144              	.LASF87:
 2145 005d 7264796D 		.ascii	"rdymsg\000"
 2145      736700
ARM GAS  /tmp/ccHEklZ6.s 			page 39


 2146              	.LASF18:
 2147 0064 75696E74 		.ascii	"uint64_t\000"
 2147      36345F74 
 2147      00
 2148              	.LASF121:
 2149 006d 6368436F 		.ascii	"chCoreAlloc\000"
 2149      7265416C 
 2149      6C6F6300 
 2150              	.LASF5:
 2151 0079 5F5F7569 		.ascii	"__uint8_t\000"
 2151      6E74385F 
 2151      7400
 2152              	.LASF84:
 2153 0083 706F7274 		.ascii	"port_intctx\000"
 2153      5F696E74 
 2153      63747800 
 2154              	.LASF71:
 2155 008f 73797374 		.ascii	"system_debug_t\000"
 2155      656D5F64 
 2155      65627567 
 2155      5F7400
 2156              	.LASF103:
 2157 009e 706F7274 		.ascii	"port_lock\000"
 2157      5F6C6F63 
 2157      6B00
 2158              	.LASF14:
 2159 00a8 6C6F6E67 		.ascii	"long long unsigned int\000"
 2159      206C6F6E 
 2159      6720756E 
 2159      7369676E 
 2159      65642069 
 2160              	.LASF88:
 2161 00bf 65786974 		.ascii	"exitcode\000"
 2161      636F6465 
 2161      00
 2162              	.LASF78:
 2163 00c8 6D61696E 		.ascii	"mainthread\000"
 2163      74687265 
 2163      616400
 2164              	.LASF68:
 2165 00d3 76697274 		.ascii	"virtual_timers_list_t\000"
 2165      75616C5F 
 2165      74696D65 
 2165      72735F6C 
 2165      6973745F 
 2166              	.LASF115:
 2167 00e9 49544D5F 		.ascii	"ITM_RxBuffer\000"
 2167      52784275 
 2167      66666572 
 2167      00
 2168              	.LASF51:
 2169 00f6 63685F74 		.ascii	"ch_threads_queue\000"
 2169      68726561 
 2169      64735F71 
 2169      75657565 
 2169      00
 2170              	.LASF31:
ARM GAS  /tmp/ccHEklZ6.s 			page 40


 2171 0107 705F7072 		.ascii	"p_prio\000"
 2171      696F00
 2172              	.LASF1:
 2173 010e 6C6F6E67 		.ascii	"long long int\000"
 2173      206C6F6E 
 2173      6720696E 
 2173      7400
 2174              	.LASF3:
 2175 011c 7369676E 		.ascii	"signed char\000"
 2175      65642063 
 2175      68617200 
 2176              	.LASF45:
 2177 0128 705F6D70 		.ascii	"p_mpool\000"
 2177      6F6F6C00 
 2178              	.LASF98:
 2179 0130 6D5F7175 		.ascii	"m_queue\000"
 2179      65756500 
 2180              	.LASF77:
 2181 0138 76746C69 		.ascii	"vtlist\000"
 2181      737400
 2182              	.LASF104:
 2183 013f 706F7274 		.ascii	"port_unlock\000"
 2183      5F756E6C 
 2183      6F636B00 
 2184              	.LASF122:
 2185 014b 6368436F 		.ascii	"chCoreGetStatusX\000"
 2185      72654765 
 2185      74537461 
 2185      74757358 
 2185      00
 2186              	.LASF90:
 2187 015c 77747472 		.ascii	"wttrp\000"
 2187      7000
 2188              	.LASF75:
 2189 0162 63685F73 		.ascii	"ch_system\000"
 2189      79737465 
 2189      6D00
 2190              	.LASF10:
 2191 016c 6C6F6E67 		.ascii	"long int\000"
 2191      20696E74 
 2191      00
 2192              	.LASF21:
 2193 0175 74737461 		.ascii	"tstate_t\000"
 2193      74655F74 
 2193      00
 2194              	.LASF33:
 2195 017e 705F6E65 		.ascii	"p_newer\000"
 2195      77657200 
 2196              	.LASF95:
 2197 0186 735F7175 		.ascii	"s_queue\000"
 2197      65756500 
 2198              	.LASF119:
 2199 018e 6368436F 		.ascii	"chCoreAllocI\000"
 2199      7265416C 
 2199      6C6F6349 
 2199      00
 2200              	.LASF57:
ARM GAS  /tmp/ccHEklZ6.s 			page 41


 2201 019b 725F6E65 		.ascii	"r_newer\000"
 2201      77657200 
 2202              	.LASF81:
 2203 01a3 72656761 		.ascii	"regarm_t\000"
 2203      726D5F74 
 2203      00
 2204              	.LASF64:
 2205 01ac 76745F70 		.ascii	"vt_prev\000"
 2205      72657600 
 2206              	.LASF102:
 2207 01b4 6D757465 		.ascii	"mutex_t\000"
 2207      785F7400 
 2208              	.LASF107:
 2209 01bc 76616C75 		.ascii	"value\000"
 2209      6500
 2210              	.LASF79:
 2211 01c2 69646C65 		.ascii	"idle_thread_wa\000"
 2211      5F746872 
 2211      6561645F 
 2211      776100
 2212              	.LASF26:
 2213 01d1 636E745F 		.ascii	"cnt_t\000"
 2213      7400
 2214              	.LASF0:
 2215 01d7 756E7369 		.ascii	"unsigned int\000"
 2215      676E6564 
 2215      20696E74 
 2215      00
 2216              	.LASF63:
 2217 01e4 76745F6E 		.ascii	"vt_next\000"
 2217      65787400 
 2218              	.LASF91:
 2219 01ec 77747365 		.ascii	"wtsemp\000"
 2219      6D7000
 2220              	.LASF65:
 2221 01f3 76745F64 		.ascii	"vt_delta\000"
 2221      656C7461 
 2221      00
 2222              	.LASF40:
 2223 01fc 705F6D73 		.ascii	"p_msgqueue\000"
 2223      67717565 
 2223      756500
 2224              	.LASF96:
 2225 0207 735F636E 		.ascii	"s_cnt\000"
 2225      7400
 2226              	.LASF8:
 2227 020d 73686F72 		.ascii	"short unsigned int\000"
 2227      7420756E 
 2227      7369676E 
 2227      65642069 
 2227      6E7400
 2228              	.LASF48:
 2229 0220 63685F74 		.ascii	"ch_thread\000"
 2229      68726561 
 2229      6400
 2230              	.LASF24:
 2231 022a 6D73675F 		.ascii	"msg_t\000"
ARM GAS  /tmp/ccHEklZ6.s 			page 42


 2231      7400
 2232              	.LASF74:
 2233 0230 63685F73 		.ascii	"ch_system_t\000"
 2233      79737465 
 2233      6D5F7400 
 2234              	.LASF20:
 2235 023c 746D6F64 		.ascii	"tmode_t\000"
 2235      655F7400 
 2236              	.LASF53:
 2237 0244 63685F72 		.ascii	"ch_ready_list\000"
 2237      65616479 
 2237      5F6C6973 
 2237      7400
 2238              	.LASF25:
 2239 0252 6576656E 		.ascii	"eventmask_t\000"
 2239      746D6173 
 2239      6B5F7400 
 2240              	.LASF9:
 2241 025e 5F5F696E 		.ascii	"__int32_t\000"
 2241      7433325F 
 2241      7400
 2242              	.LASF82:
 2243 0268 73746B61 		.ascii	"stkalign_t\000"
 2243      6C69676E 
 2243      5F7400
 2244              	.LASF116:
 2245 0273 474E5520 		.ascii	"GNU C11 5.2.0 -mcpu=cortex-m4 -mfloat-abi=hard -mfp"
 2245      43313120 
 2245      352E322E 
 2245      30202D6D 
 2245      6370753D 
 2246 02a6 753D6670 		.ascii	"u=fpv4-sp-d16 -mno-thumb-interwork -mthumb -ggdb -O"
 2246      76342D73 
 2246      702D6431 
 2246      36202D6D 
 2246      6E6F2D74 
 2247 02d9 32202D66 		.ascii	"2 -fomit-frame-pointer -falign-functions=16 -ffunct"
 2247      6F6D6974 
 2247      2D667261 
 2247      6D652D70 
 2247      6F696E74 
 2248 030c 696F6E2D 		.ascii	"ion-sections -fdata-sections -fno-common -fsingle-p"
 2248      73656374 
 2248      696F6E73 
 2248      202D6664 
 2248      6174612D 
 2249 033f 72656369 		.ascii	"recision-constant\000"
 2249      73696F6E 
 2249      2D636F6E 
 2249      7374616E 
 2249      7400
 2250              	.LASF39:
 2251 0351 705F7761 		.ascii	"p_waiting\000"
 2251      6974696E 
 2251      6700
 2252              	.LASF80:
 2253 035b 73697A65 		.ascii	"sizetype\000"
ARM GAS  /tmp/ccHEklZ6.s 			page 43


 2253      74797065 
 2253      00
 2254              	.LASF46:
 2255 0364 74687265 		.ascii	"thread_reference_t\000"
 2255      61645F72 
 2255      65666572 
 2255      656E6365 
 2255      5F7400
 2256              	.LASF69:
 2257 0377 63685F76 		.ascii	"ch_virtual_timers_list\000"
 2257      69727475 
 2257      616C5F74 
 2257      696D6572 
 2257      735F6C69 
 2258              	.LASF2:
 2259 038e 6C6F6E67 		.ascii	"long double\000"
 2259      20646F75 
 2259      626C6500 
 2260              	.LASF70:
 2261 039a 76745F6C 		.ascii	"vt_lasttime\000"
 2261      61737474 
 2261      696D6500 
 2262              	.LASF34:
 2263 03a6 705F6F6C 		.ascii	"p_older\000"
 2263      64657200 
 2264              	.LASF56:
 2265 03ae 725F6374 		.ascii	"r_ctx\000"
 2265      7800
 2266              	.LASF86:
 2267 03b4 746D5F63 		.ascii	"tm_calibration_t\000"
 2267      616C6962 
 2267      72617469 
 2267      6F6E5F74 
 2267      00
 2268              	.LASF59:
 2269 03c5 725F6375 		.ascii	"r_current\000"
 2269      7272656E 
 2269      7400
 2270              	.LASF58:
 2271 03cf 725F6F6C 		.ascii	"r_older\000"
 2271      64657200 
 2272              	.LASF13:
 2273 03d7 5F5F7569 		.ascii	"__uint64_t\000"
 2273      6E743634 
 2273      5F7400
 2274              	.LASF22:
 2275 03e2 74726566 		.ascii	"trefs_t\000"
 2275      735F7400 
 2276              	.LASF61:
 2277 03ea 76697274 		.ascii	"virtual_timer_t\000"
 2277      75616C5F 
 2277      74696D65 
 2277      725F7400 
 2278              	.LASF30:
 2279 03fa 705F7072 		.ascii	"p_prev\000"
 2279      657600
 2280              	.LASF117:
ARM GAS  /tmp/ccHEklZ6.s 			page 44


 2281 0401 2E2E2F2E 		.ascii	"../../os/rt/src/chmemcore.c\000"
 2281      2E2F6F73 
 2281      2F72742F 
 2281      7372632F 
 2281      63686D65 
 2282              	.LASF23:
 2283 041d 74707269 		.ascii	"tprio_t\000"
 2283      6F5F7400 
 2284              	.LASF72:
 2285 0425 63685F73 		.ascii	"ch_system_debug\000"
 2285      79737465 
 2285      6D5F6465 
 2285      62756700 
 2286              	.LASF16:
 2287 0435 696E7433 		.ascii	"int32_t\000"
 2287      325F7400 
 2288              	.LASF6:
 2289 043d 756E7369 		.ascii	"unsigned char\000"
 2289      676E6564 
 2289      20636861 
 2289      7200
 2290              	.LASF120:
 2291 044b 5F636F72 		.ascii	"_core_init\000"
 2291      655F696E 
 2291      697400
 2292              	.LASF43:
 2293 0456 705F6D74 		.ascii	"p_mtxlist\000"
 2293      786C6973 
 2293      7400
 2294              	.LASF7:
 2295 0460 73686F72 		.ascii	"short int\000"
 2295      7420696E 
 2295      7400
 2296              	.LASF36:
 2297 046a 705F7374 		.ascii	"p_state\000"
 2297      61746500 
 2298              	.LASF112:
 2299 0472 5F5F6865 		.ascii	"__heap_end__\000"
 2299      61705F65 
 2299      6E645F5F 
 2299      00
 2300              	.LASF55:
 2301 047f 725F7072 		.ascii	"r_prio\000"
 2301      696F00
 2302              	.LASF93:
 2303 0486 65776D61 		.ascii	"ewmask\000"
 2303      736B00
 2304              	.LASF29:
 2305 048d 705F6E65 		.ascii	"p_next\000"
 2305      787400
 2306              	.LASF37:
 2307 0494 705F666C 		.ascii	"p_flags\000"
 2307      61677300 
 2308              	.LASF109:
 2309 049c 5F5F6675 		.ascii	"__func__\000"
 2309      6E635F5F 
 2309      00
ARM GAS  /tmp/ccHEklZ6.s 			page 45


 2310              	.LASF110:
 2311 04a5 63685379 		.ascii	"chSysLock\000"
 2311      734C6F63 
 2311      6B00
 2312              	.LASF62:
 2313 04af 63685F76 		.ascii	"ch_virtual_timer\000"
 2313      69727475 
 2313      616C5F74 
 2313      696D6572 
 2313      00
 2314              	.LASF94:
 2315 04c0 63685F73 		.ascii	"ch_semaphore\000"
 2315      656D6170 
 2315      686F7265 
 2315      00
 2316              	.LASF42:
 2317 04cd 705F6570 		.ascii	"p_epending\000"
 2317      656E6469 
 2317      6E6700
 2318              	.LASF17:
 2319 04d8 75696E74 		.ascii	"uint32_t\000"
 2319      33325F74 
 2319      00
 2320              	.LASF92:
 2321 04e1 77746D74 		.ascii	"wtmtxp\000"
 2321      787000
 2322              	.LASF54:
 2323 04e8 725F7175 		.ascii	"r_queue\000"
 2323      65756500 
 2324              	.LASF49:
 2325 04f0 63685F74 		.ascii	"ch_threads_list\000"
 2325      68726561 
 2325      64735F6C 
 2325      69737400 
 2326              	.LASF12:
 2327 0500 6C6F6E67 		.ascii	"long unsigned int\000"
 2327      20756E73 
 2327      69676E65 
 2327      6420696E 
 2327      7400
 2328              	.LASF101:
 2329 0512 63686172 		.ascii	"char\000"
 2329      00
 2330              	.LASF28:
 2331 0517 74687265 		.ascii	"thread_t\000"
 2331      61645F74 
 2331      00
 2332              	.LASF113:
 2333 0520 6E657874 		.ascii	"nextmem\000"
 2333      6D656D00 
 2334              	.LASF100:
 2335 0528 6D5F6E65 		.ascii	"m_next\000"
 2335      787400
 2336              	.LASF27:
 2337 052f 73797374 		.ascii	"systime_t\000"
 2337      696D655F 
 2337      7400
ARM GAS  /tmp/ccHEklZ6.s 			page 46


 2338              	.LASF44:
 2339 0539 705F7265 		.ascii	"p_realprio\000"
 2339      616C7072 
 2339      696F00
 2340              	.LASF60:
 2341 0544 76746675 		.ascii	"vtfunc_t\000"
 2341      6E635F74 
 2341      00
 2342              	.LASF11:
 2343 054d 5F5F7569 		.ascii	"__uint32_t\000"
 2343      6E743332 
 2343      5F7400
 2344              	.LASF105:
 2345 0558 5F5F7365 		.ascii	"__set_BASEPRI\000"
 2345      745F4241 
 2345      53455052 
 2345      4900
 2346              	.LASF73:
 2347 0566 70616E69 		.ascii	"panic_msg\000"
 2347      635F6D73 
 2347      6700
 2348              	.LASF85:
 2349 0570 6F666673 		.ascii	"offset\000"
 2349      657400
 2350              	.LASF83:
 2351 0577 636F6E74 		.ascii	"context\000"
 2351      65787400 
 2352              	.LASF19:
 2353 057f 7274636E 		.ascii	"rtcnt_t\000"
 2353      745F7400 
 2354              	.LASF67:
 2355 0587 76745F70 		.ascii	"vt_par\000"
 2355      617200
 2356              	.LASF111:
 2357 058e 5F5F6865 		.ascii	"__heap_base__\000"
 2357      61705F62 
 2357      6173655F 
 2357      5F00
 2358              	.LASF50:
 2359 059c 74687265 		.ascii	"threads_queue_t\000"
 2359      6164735F 
 2359      71756575 
 2359      655F7400 
 2360              	.LASF97:
 2361 05ac 63685F6D 		.ascii	"ch_mutex\000"
 2361      75746578 
 2361      00
 2362              	.LASF38:
 2363 05b5 705F7265 		.ascii	"p_refs\000"
 2363      667300
 2364              	.LASF76:
 2365 05bc 726C6973 		.ascii	"rlist\000"
 2365      7400
 2366              	.LASF15:
 2367 05c2 75696E74 		.ascii	"uint8_t\000"
 2367      385F7400 
 2368              	.LASF89:
ARM GAS  /tmp/ccHEklZ6.s 			page 47


 2369 05ca 77746F62 		.ascii	"wtobjp\000"
 2369      6A7000
 2370              	.LASF35:
 2371 05d1 705F6E61 		.ascii	"p_name\000"
 2371      6D6500
 2372              	.LASF108:
 2373 05d8 73697A65 		.ascii	"size\000"
 2373      00
 2374              	.LASF47:
 2375 05dd 74687265 		.ascii	"threads_list_t\000"
 2375      6164735F 
 2375      6C697374 
 2375      5F7400
 2376              	.LASF106:
 2377 05ec 63685379 		.ascii	"chSysUnlock\000"
 2377      73556E6C 
 2377      6F636B00 
 2378              	.LASF41:
 2379 05f8 705F6D73 		.ascii	"p_msg\000"
 2379      6700
 2380              	.LASF99:
 2381 05fe 6D5F6F77 		.ascii	"m_owner\000"
 2381      6E657200 
 2382              	.LASF32:
 2383 0606 705F6374 		.ascii	"p_ctx\000"
 2383      7800
 2384              	.LASF66:
 2385 060c 76745F66 		.ascii	"vt_func\000"
 2385      756E6300 
 2386              		.ident	"GCC: (Fedora 5.2.0-2.fc22) 5.2.0"
ARM GAS  /tmp/ccHEklZ6.s 			page 48


DEFINED SYMBOLS
                            *ABS*:0000000000000000 chmemcore.c
     /tmp/ccHEklZ6.s:22     .text._core_init:0000000000000000 $t
     /tmp/ccHEklZ6.s:28     .text._core_init:0000000000000000 _core_init
     /tmp/ccHEklZ6.s:56     .text._core_init:0000000000000018 $d
     /tmp/ccHEklZ6.s:64     .text.chCoreAlloc:0000000000000000 $t
     /tmp/ccHEklZ6.s:70     .text.chCoreAlloc:0000000000000000 chCoreAlloc
     /tmp/ccHEklZ6.s:153    .text.chCoreAlloc:0000000000000030 $d
     /tmp/ccHEklZ6.s:159    .text.chCoreAllocI:0000000000000000 $t
     /tmp/ccHEklZ6.s:165    .text.chCoreAllocI:0000000000000000 chCoreAllocI
     /tmp/ccHEklZ6.s:208    .text.chCoreAllocI:0000000000000024 $d
     /tmp/ccHEklZ6.s:214    .text.chCoreGetStatusX:0000000000000000 $t
     /tmp/ccHEklZ6.s:220    .text.chCoreGetStatusX:0000000000000000 chCoreGetStatusX
     /tmp/ccHEklZ6.s:238    .text.chCoreGetStatusX:000000000000000c $d
     /tmp/ccHEklZ6.s:244    .bss.endmem:0000000000000000 $d
     /tmp/ccHEklZ6.s:248    .bss.endmem:0000000000000000 endmem
     /tmp/ccHEklZ6.s:251    .bss.nextmem:0000000000000000 $d
     /tmp/ccHEklZ6.s:255    .bss.nextmem:0000000000000000 nextmem
                     .debug_frame:0000000000000010 $d
     /tmp/ccHEklZ6.s:63     .text._core_init:0000000000000028 $t
     /tmp/ccHEklZ6.s:158    .text.chCoreAlloc:0000000000000038 $t
     /tmp/ccHEklZ6.s:213    .text.chCoreAllocI:000000000000002c $t
     /tmp/ccHEklZ6.s:243    .text.chCoreGetStatusX:0000000000000014 $t

UNDEFINED SYMBOLS
__heap_base__
__heap_end__
