ARM GAS  /tmp/cceCIeSG.s 			page 1


   1              		.syntax unified
   2              		.cpu cortex-m4
   3              		.eabi_attribute 27, 1
   4              		.eabi_attribute 28, 1
   5              		.fpu fpv4-sp-d16
   6              		.eabi_attribute 20, 1
   7              		.eabi_attribute 21, 1
   8              		.eabi_attribute 23, 3
   9              		.eabi_attribute 24, 1
  10              		.eabi_attribute 25, 1
  11              		.eabi_attribute 26, 1
  12              		.eabi_attribute 30, 2
  13              		.eabi_attribute 34, 1
  14              		.eabi_attribute 18, 4
  15              		.thumb
  16              		.syntax unified
  17              		.file	"pal.c"
  18              		.text
  19              	.Ltext0:
  20              		.cfi_sections	.debug_frame
  21              		.section	.text.palReadBus,"ax",%progbits
  22              		.align	2
  23              		.p2align 4,,15
  24              		.global	palReadBus
  25              		.thumb
  26              		.thumb_func
  27              		.type	palReadBus, %function
  28              	palReadBus:
  29              	.LFB260:
  30              		.file 1 "../../os/hal/src/pal.c"
  31              		.loc 1 65 0
  32              		.cfi_startproc
  33              		@ args = 0, pretend = 0, frame = 0
  34              		@ frame_needed = 0, uses_anonymous_args = 0
  35              		@ link register save eliminated.
  36              	.LVL0:
  37              		.loc 1 69 0
  38 0000 0368     		ldr	r3, [r0]
  39 0002 8268     		ldr	r2, [r0, #8]
  40 0004 1B69     		ldr	r3, [r3, #16]
  41 0006 4068     		ldr	r0, [r0, #4]
  42              	.LVL1:
  43 0008 D340     		lsrs	r3, r3, r2
  44              		.loc 1 70 0
  45 000a 1840     		ands	r0, r0, r3
  46 000c 7047     		bx	lr
  47              		.cfi_endproc
  48              	.LFE260:
  49              		.size	palReadBus, .-palReadBus
  50 000e 00BF     		.section	.text.palWriteBus,"ax",%progbits
  51              		.align	2
  52              		.p2align 4,,15
  53              		.global	palWriteBus
  54              		.thumb
  55              		.thumb_func
  56              		.type	palWriteBus, %function
  57              	palWriteBus:
ARM GAS  /tmp/cceCIeSG.s 			page 2


  58              	.LFB261:
  59              		.loc 1 90 0
  60              		.cfi_startproc
  61              		@ args = 0, pretend = 0, frame = 0
  62              		@ frame_needed = 0, uses_anonymous_args = 0
  63              		@ link register save eliminated.
  64              	.LVL2:
  65 0000 10B4     		push	{r4}
  66              		.cfi_def_cfa_offset 4
  67              		.cfi_offset 4, -4
  68              		.loc 1 94 0
  69 0002 19C8     		ldmia	r0, {r0, r3, r4}
  70              	.LVL3:
  71 0004 23EA0102 		bic	r2, r3, r1
  72 0008 1940     		ands	r1, r1, r3
  73              	.LVL4:
  74 000a 04F11003 		add	r3, r4, #16
  75 000e A140     		lsls	r1, r1, r4
  76 0010 02FA03F3 		lsl	r3, r2, r3
  77 0014 0B43     		orrs	r3, r3, r1
  78 0016 8361     		str	r3, [r0, #24]
  79              		.loc 1 95 0
  80 0018 5DF8044B 		ldr	r4, [sp], #4
  81              		.cfi_restore 4
  82              		.cfi_def_cfa_offset 0
  83 001c 7047     		bx	lr
  84              		.cfi_endproc
  85              	.LFE261:
  86              		.size	palWriteBus, .-palWriteBus
  87 001e 00BF     		.section	.text.palSetBusMode,"ax",%progbits
  88              		.align	2
  89              		.p2align 4,,15
  90              		.global	palSetBusMode
  91              		.thumb
  92              		.thumb_func
  93              		.type	palSetBusMode, %function
  94              	palSetBusMode:
  95              	.LFB262:
  96              		.loc 1 113 0
  97              		.cfi_startproc
  98              		@ args = 0, pretend = 0, frame = 0
  99              		@ frame_needed = 0, uses_anonymous_args = 0
 100              		@ link register save eliminated.
 101              	.LVL5:
 102              		.loc 1 117 0
 103 0000 0A46     		mov	r2, r1
 104 0002 0BC8     		ldmia	r0, {r0, r1, r3}
 105              	.LVL6:
 106 0004 9940     		lsls	r1, r1, r3
 107 0006 FFF7FEBF 		b	_pal_lld_setgroupmode
 108              	.LVL7:
 109              		.cfi_endproc
 110              	.LFE262:
 111              		.size	palSetBusMode, .-palSetBusMode
 112 000a 00BFAFF3 		.text
 112      0080
 113              	.Letext0:
ARM GAS  /tmp/cceCIeSG.s 			page 3


 114              		.file 2 "/usr/arm-none-eabi/include/machine/_default_types.h"
 115              		.file 3 "/usr/arm-none-eabi/include/stdint.h"
 116              		.file 4 "../../os/rt/ports/ARMCMx/compilers/GCC/chtypes.h"
 117              		.file 5 "../../os/rt/include/chsystypes.h"
 118              		.file 6 "../../os/rt/include/chschd.h"
 119              		.file 7 "../../os/rt/ports/ARMCMx/chcore.h"
 120              		.file 8 "../../os/rt/ports/ARMCMx/chcore_v7m.h"
 121              		.file 9 "../../os/rt/include/chtm.h"
 122              		.file 10 "../../os/rt/include/chsem.h"
 123              		.file 11 "../../os/rt/include/chmtx.h"
 124              		.file 12 "../../os/hal/ports/STM32/LLD/GPIOv2/pal_lld.h"
 125              		.file 13 "../../os/hal/include/pal.h"
 126              		.file 14 "../../os/ext/CMSIS/include/core_cm4.h"
 127              		.section	.debug_info,"",%progbits
 128              	.Ldebug_info0:
 129 0000 72090000 		.4byte	0x972
 130 0004 0400     		.2byte	0x4
 131 0006 00000000 		.4byte	.Ldebug_abbrev0
 132 000a 04       		.byte	0x4
 133 000b 01       		.uleb128 0x1
 134 000c 5E020000 		.4byte	.LASF128
 135 0010 0C       		.byte	0xc
 136 0011 15050000 		.4byte	.LASF129
 137 0015 0D000000 		.4byte	.LASF130
 138 0019 00000000 		.4byte	.Ldebug_ranges0+0
 139 001d 00000000 		.4byte	0
 140 0021 00000000 		.4byte	.Ldebug_line0
 141 0025 02       		.uleb128 0x2
 142 0026 04       		.byte	0x4
 143 0027 05       		.byte	0x5
 144 0028 696E7400 		.ascii	"int\000"
 145 002c 03       		.uleb128 0x3
 146 002d 04       		.byte	0x4
 147 002e 07       		.byte	0x7
 148 002f B4010000 		.4byte	.LASF0
 149 0033 03       		.uleb128 0x3
 150 0034 08       		.byte	0x8
 151 0035 05       		.byte	0x5
 152 0036 10010000 		.4byte	.LASF1
 153 003a 03       		.uleb128 0x3
 154 003b 08       		.byte	0x8
 155 003c 04       		.byte	0x4
 156 003d 8A030000 		.4byte	.LASF2
 157 0041 03       		.uleb128 0x3
 158 0042 01       		.byte	0x1
 159 0043 06       		.byte	0x6
 160 0044 1E010000 		.4byte	.LASF3
 161 0048 04       		.uleb128 0x4
 162 0049 65000000 		.4byte	.LASF6
 163 004d 02       		.byte	0x2
 164 004e 1D       		.byte	0x1d
 165 004f 53000000 		.4byte	0x53
 166 0053 03       		.uleb128 0x3
 167 0054 01       		.byte	0x1
 168 0055 08       		.byte	0x8
 169 0056 37040000 		.4byte	.LASF4
 170 005a 03       		.uleb128 0x3
ARM GAS  /tmp/cceCIeSG.s 			page 4


 171 005b 02       		.byte	0x2
 172 005c 05       		.byte	0x5
 173 005d 4F040000 		.4byte	.LASF5
 174 0061 04       		.uleb128 0x4
 175 0062 3C050000 		.4byte	.LASF7
 176 0066 02       		.byte	0x2
 177 0067 2B       		.byte	0x2b
 178 0068 6C000000 		.4byte	0x6c
 179 006c 03       		.uleb128 0x3
 180 006d 02       		.byte	0x2
 181 006e 07       		.byte	0x7
 182 006f F8010000 		.4byte	.LASF8
 183 0073 04       		.uleb128 0x4
 184 0074 49020000 		.4byte	.LASF9
 185 0078 02       		.byte	0x2
 186 0079 3F       		.byte	0x3f
 187 007a 7E000000 		.4byte	0x7e
 188 007e 03       		.uleb128 0x3
 189 007f 04       		.byte	0x4
 190 0080 05       		.byte	0x5
 191 0081 4B010000 		.4byte	.LASF10
 192 0085 04       		.uleb128 0x4
 193 0086 75050000 		.4byte	.LASF11
 194 008a 02       		.byte	0x2
 195 008b 41       		.byte	0x41
 196 008c 90000000 		.4byte	0x90
 197 0090 03       		.uleb128 0x3
 198 0091 04       		.byte	0x4
 199 0092 07       		.byte	0x7
 200 0093 FE040000 		.4byte	.LASF12
 201 0097 04       		.uleb128 0x4
 202 0098 3C030000 		.4byte	.LASF13
 203 009c 02       		.byte	0x2
 204 009d 5B       		.byte	0x5b
 205 009e A2000000 		.4byte	0xa2
 206 00a2 03       		.uleb128 0x3
 207 00a3 08       		.byte	0x8
 208 00a4 07       		.byte	0x7
 209 00a5 A4000000 		.4byte	.LASF14
 210 00a9 04       		.uleb128 0x4
 211 00aa FB050000 		.4byte	.LASF15
 212 00ae 03       		.byte	0x3
 213 00af 15       		.byte	0x15
 214 00b0 48000000 		.4byte	0x48
 215 00b4 04       		.uleb128 0x4
 216 00b5 C9010000 		.4byte	.LASF16
 217 00b9 03       		.byte	0x3
 218 00ba 21       		.byte	0x21
 219 00bb 61000000 		.4byte	0x61
 220 00bf 04       		.uleb128 0x4
 221 00c0 2F040000 		.4byte	.LASF17
 222 00c4 03       		.byte	0x3
 223 00c5 2C       		.byte	0x2c
 224 00c6 73000000 		.4byte	0x73
 225 00ca 04       		.uleb128 0x4
 226 00cb D6040000 		.4byte	.LASF18
 227 00cf 03       		.byte	0x3
ARM GAS  /tmp/cceCIeSG.s 			page 5


 228 00d0 2D       		.byte	0x2d
 229 00d1 85000000 		.4byte	0x85
 230 00d5 04       		.uleb128 0x4
 231 00d6 5C000000 		.4byte	.LASF19
 232 00da 03       		.byte	0x3
 233 00db 39       		.byte	0x39
 234 00dc 97000000 		.4byte	0x97
 235 00e0 04       		.uleb128 0x4
 236 00e1 76040000 		.4byte	.LASF20
 237 00e5 03       		.byte	0x3
 238 00e6 4B       		.byte	0x4b
 239 00e7 2C000000 		.4byte	0x2c
 240 00eb 05       		.uleb128 0x5
 241 00ec BF000000 		.4byte	0xbf
 242 00f0 05       		.uleb128 0x5
 243 00f1 CA000000 		.4byte	0xca
 244 00f5 04       		.uleb128 0x4
 245 00f6 BA050000 		.4byte	.LASF21
 246 00fa 04       		.byte	0x4
 247 00fb 45       		.byte	0x45
 248 00fc CA000000 		.4byte	0xca
 249 0100 04       		.uleb128 0x4
 250 0101 27020000 		.4byte	.LASF22
 251 0105 04       		.byte	0x4
 252 0106 48       		.byte	0x48
 253 0107 A9000000 		.4byte	0xa9
 254 010b 04       		.uleb128 0x4
 255 010c 54010000 		.4byte	.LASF23
 256 0110 04       		.byte	0x4
 257 0111 49       		.byte	0x49
 258 0112 A9000000 		.4byte	0xa9
 259 0116 04       		.uleb128 0x4
 260 0117 F2030000 		.4byte	.LASF24
 261 011b 04       		.byte	0x4
 262 011c 4A       		.byte	0x4a
 263 011d A9000000 		.4byte	0xa9
 264 0121 04       		.uleb128 0x4
 265 0122 11040000 		.4byte	.LASF25
 266 0126 04       		.byte	0x4
 267 0127 4C       		.byte	0x4c
 268 0128 CA000000 		.4byte	0xca
 269 012c 04       		.uleb128 0x4
 270 012d 15020000 		.4byte	.LASF26
 271 0131 04       		.byte	0x4
 272 0132 4D       		.byte	0x4d
 273 0133 BF000000 		.4byte	0xbf
 274 0137 04       		.uleb128 0x4
 275 0138 3D020000 		.4byte	.LASF27
 276 013c 04       		.byte	0x4
 277 013d 4F       		.byte	0x4f
 278 013e CA000000 		.4byte	0xca
 279 0142 04       		.uleb128 0x4
 280 0143 AE010000 		.4byte	.LASF28
 281 0147 04       		.byte	0x4
 282 0148 51       		.byte	0x51
 283 0149 BF000000 		.4byte	0xbf
 284 014d 04       		.uleb128 0x4
ARM GAS  /tmp/cceCIeSG.s 			page 6


 285 014e 57050000 		.4byte	.LASF29
 286 0152 05       		.byte	0x5
 287 0153 33       		.byte	0x33
 288 0154 CA000000 		.4byte	0xca
 289 0158 04       		.uleb128 0x4
 290 0159 47050000 		.4byte	.LASF30
 291 015d 05       		.byte	0x5
 292 015e 3F       		.byte	0x3f
 293 015f 63010000 		.4byte	0x163
 294 0163 06       		.uleb128 0x6
 295 0164 0B020000 		.4byte	.LASF50
 296 0168 44       		.byte	0x44
 297 0169 06       		.byte	0x6
 298 016a C2       		.byte	0xc2
 299 016b 50020000 		.4byte	0x250
 300 016f 07       		.uleb128 0x7
 301 0170 6F040000 		.4byte	.LASF31
 302 0174 06       		.byte	0x6
 303 0175 C3       		.byte	0xc3
 304 0176 5B020000 		.4byte	0x25b
 305 017a 00       		.byte	0
 306 017b 07       		.uleb128 0x7
 307 017c 0A040000 		.4byte	.LASF32
 308 0180 06       		.byte	0x6
 309 0181 C5       		.byte	0xc5
 310 0182 5B020000 		.4byte	0x25b
 311 0186 04       		.byte	0x4
 312 0187 07       		.uleb128 0x7
 313 0188 09010000 		.4byte	.LASF33
 314 018c 06       		.byte	0x6
 315 018d C7       		.byte	0xc7
 316 018e 21010000 		.4byte	0x121
 317 0192 08       		.byte	0x8
 318 0193 07       		.uleb128 0x7
 319 0194 37060000 		.4byte	.LASF34
 320 0198 06       		.byte	0x6
 321 0199 C8       		.byte	0xc8
 322 019a 8B040000 		.4byte	0x48b
 323 019e 0C       		.byte	0xc
 324 019f 07       		.uleb128 0x7
 325 01a0 5D010000 		.4byte	.LASF35
 326 01a4 06       		.byte	0x6
 327 01a5 CA       		.byte	0xca
 328 01a6 5B020000 		.4byte	0x25b
 329 01aa 10       		.byte	0x10
 330 01ab 07       		.uleb128 0x7
 331 01ac A2030000 		.4byte	.LASF36
 332 01b0 06       		.byte	0x6
 333 01b1 CB       		.byte	0xcb
 334 01b2 5B020000 		.4byte	0x25b
 335 01b6 14       		.byte	0x14
 336 01b7 07       		.uleb128 0x7
 337 01b8 0A060000 		.4byte	.LASF37
 338 01bc 06       		.byte	0x6
 339 01bd D2       		.byte	0xd2
 340 01be D0060000 		.4byte	0x6d0
 341 01c2 18       		.byte	0x18
ARM GAS  /tmp/cceCIeSG.s 			page 7


 342 01c3 07       		.uleb128 0x7
 343 01c4 59040000 		.4byte	.LASF38
 344 01c8 06       		.byte	0x6
 345 01c9 DD       		.byte	0xdd
 346 01ca 0B010000 		.4byte	0x10b
 347 01ce 1C       		.byte	0x1c
 348 01cf 07       		.uleb128 0x7
 349 01d0 83040000 		.4byte	.LASF39
 350 01d4 06       		.byte	0x6
 351 01d5 E1       		.byte	0xe1
 352 01d6 00010000 		.4byte	0x100
 353 01da 1D       		.byte	0x1d
 354 01db 07       		.uleb128 0x7
 355 01dc EE050000 		.4byte	.LASF40
 356 01e0 06       		.byte	0x6
 357 01e1 E6       		.byte	0xe6
 358 01e2 16010000 		.4byte	0x116
 359 01e6 1E       		.byte	0x1e
 360 01e7 08       		.uleb128 0x8
 361 01e8 705F7500 		.ascii	"p_u\000"
 362 01ec 06       		.byte	0x6
 363 01ed 3101     		.2byte	0x131
 364 01ef 0B060000 		.4byte	0x60b
 365 01f3 20       		.byte	0x20
 366 01f4 09       		.uleb128 0x9
 367 01f5 47030000 		.4byte	.LASF41
 368 01f9 06       		.byte	0x6
 369 01fa 3601     		.2byte	0x136
 370 01fc 61020000 		.4byte	0x261
 371 0200 24       		.byte	0x24
 372 0201 09       		.uleb128 0x9
 373 0202 E2010000 		.4byte	.LASF42
 374 0206 06       		.byte	0x6
 375 0207 3C01     		.2byte	0x13c
 376 0209 85020000 		.4byte	0x285
 377 020d 28       		.byte	0x28
 378 020e 09       		.uleb128 0x9
 379 020f 20060000 		.4byte	.LASF43
 380 0213 06       		.byte	0x6
 381 0214 4001     		.2byte	0x140
 382 0216 2C010000 		.4byte	0x12c
 383 021a 30       		.byte	0x30
 384 021b 09       		.uleb128 0x9
 385 021c CB040000 		.4byte	.LASF44
 386 0220 06       		.byte	0x6
 387 0221 4601     		.2byte	0x146
 388 0223 37010000 		.4byte	0x137
 389 0227 34       		.byte	0x34
 390 0228 09       		.uleb128 0x9
 391 0229 45040000 		.4byte	.LASF45
 392 022d 06       		.byte	0x6
 393 022e 4D01     		.2byte	0x14d
 394 0230 CA060000 		.4byte	0x6ca
 395 0234 38       		.byte	0x38
 396 0235 09       		.uleb128 0x9
 397 0236 61050000 		.4byte	.LASF46
 398 023a 06       		.byte	0x6
ARM GAS  /tmp/cceCIeSG.s 			page 8


 399 023b 5101     		.2byte	0x151
 400 023d 21010000 		.4byte	0x121
 401 0241 3C       		.byte	0x3c
 402 0242 09       		.uleb128 0x9
 403 0243 2F010000 		.4byte	.LASF47
 404 0247 06       		.byte	0x6
 405 0248 5801     		.2byte	0x158
 406 024a 38030000 		.4byte	0x338
 407 024e 40       		.byte	0x40
 408 024f 00       		.byte	0
 409 0250 04       		.uleb128 0x4
 410 0251 5A030000 		.4byte	.LASF48
 411 0255 05       		.byte	0x5
 412 0256 44       		.byte	0x44
 413 0257 5B020000 		.4byte	0x25b
 414 025b 0A       		.uleb128 0xa
 415 025c 04       		.byte	0x4
 416 025d 58010000 		.4byte	0x158
 417 0261 04       		.uleb128 0x4
 418 0262 11060000 		.4byte	.LASF49
 419 0266 05       		.byte	0x5
 420 0267 49       		.byte	0x49
 421 0268 6C020000 		.4byte	0x26c
 422 026c 06       		.uleb128 0x6
 423 026d EE040000 		.4byte	.LASF51
 424 0271 04       		.byte	0x4
 425 0272 06       		.byte	0x6
 426 0273 B0       		.byte	0xb0
 427 0274 85020000 		.4byte	0x285
 428 0278 07       		.uleb128 0x7
 429 0279 6F040000 		.4byte	.LASF31
 430 027d 06       		.byte	0x6
 431 027e B1       		.byte	0xb1
 432 027f 5B020000 		.4byte	0x25b
 433 0283 00       		.byte	0
 434 0284 00       		.byte	0
 435 0285 04       		.uleb128 0x4
 436 0286 D5050000 		.4byte	.LASF52
 437 028a 05       		.byte	0x5
 438 028b 50       		.byte	0x50
 439 028c 90020000 		.4byte	0x290
 440 0290 06       		.uleb128 0x6
 441 0291 F8000000 		.4byte	.LASF53
 442 0295 08       		.byte	0x8
 443 0296 06       		.byte	0x6
 444 0297 B7       		.byte	0xb7
 445 0298 B5020000 		.4byte	0x2b5
 446 029c 07       		.uleb128 0x7
 447 029d 6F040000 		.4byte	.LASF31
 448 02a1 06       		.byte	0x6
 449 02a2 B8       		.byte	0xb8
 450 02a3 5B020000 		.4byte	0x25b
 451 02a7 00       		.byte	0
 452 02a8 07       		.uleb128 0x7
 453 02a9 0A040000 		.4byte	.LASF32
 454 02ad 06       		.byte	0x6
 455 02ae B9       		.byte	0xb9
ARM GAS  /tmp/cceCIeSG.s 			page 9


 456 02af 5B020000 		.4byte	0x25b
 457 02b3 04       		.byte	0x4
 458 02b4 00       		.byte	0
 459 02b5 04       		.uleb128 0x4
 460 02b6 00000000 		.4byte	.LASF54
 461 02ba 05       		.byte	0x5
 462 02bb 57       		.byte	0x57
 463 02bc C0020000 		.4byte	0x2c0
 464 02c0 0B       		.uleb128 0xb
 465 02c1 2F020000 		.4byte	.LASF55
 466 02c5 1C       		.byte	0x1c
 467 02c6 06       		.byte	0x6
 468 02c7 9001     		.2byte	0x190
 469 02c9 1C030000 		.4byte	0x31c
 470 02cd 09       		.uleb128 0x9
 471 02ce E6040000 		.4byte	.LASF56
 472 02d2 06       		.byte	0x6
 473 02d3 9101     		.2byte	0x191
 474 02d5 85020000 		.4byte	0x285
 475 02d9 00       		.byte	0
 476 02da 09       		.uleb128 0x9
 477 02db 61040000 		.4byte	.LASF57
 478 02df 06       		.byte	0x6
 479 02e0 9201     		.2byte	0x192
 480 02e2 21010000 		.4byte	0x121
 481 02e6 08       		.byte	0x8
 482 02e7 09       		.uleb128 0x9
 483 02e8 AA030000 		.4byte	.LASF58
 484 02ec 06       		.byte	0x6
 485 02ed 9401     		.2byte	0x194
 486 02ef 8B040000 		.4byte	0x48b
 487 02f3 0C       		.byte	0xc
 488 02f4 09       		.uleb128 0x9
 489 02f5 75010000 		.4byte	.LASF59
 490 02f9 06       		.byte	0x6
 491 02fa 9701     		.2byte	0x197
 492 02fc 5B020000 		.4byte	0x25b
 493 0300 10       		.byte	0x10
 494 0301 09       		.uleb128 0x9
 495 0302 CB030000 		.4byte	.LASF60
 496 0306 06       		.byte	0x6
 497 0307 9801     		.2byte	0x198
 498 0309 5B020000 		.4byte	0x25b
 499 030d 14       		.byte	0x14
 500 030e 09       		.uleb128 0x9
 501 030f C1030000 		.4byte	.LASF61
 502 0313 06       		.byte	0x6
 503 0314 9B01     		.2byte	0x19b
 504 0316 5B020000 		.4byte	0x25b
 505 031a 18       		.byte	0x18
 506 031b 00       		.byte	0
 507 031c 04       		.uleb128 0x4
 508 031d 6C050000 		.4byte	.LASF62
 509 0321 05       		.byte	0x5
 510 0322 5C       		.byte	0x5c
 511 0323 27030000 		.4byte	0x327
 512 0327 0A       		.uleb128 0xa
ARM GAS  /tmp/cceCIeSG.s 			page 10


 513 0328 04       		.byte	0x4
 514 0329 2D030000 		.4byte	0x32d
 515 032d 0C       		.uleb128 0xc
 516 032e 38030000 		.4byte	0x338
 517 0332 0D       		.uleb128 0xd
 518 0333 38030000 		.4byte	0x338
 519 0337 00       		.byte	0
 520 0338 0E       		.uleb128 0xe
 521 0339 04       		.byte	0x4
 522 033a 04       		.uleb128 0x4
 523 033b FA030000 		.4byte	.LASF63
 524 033f 05       		.byte	0x5
 525 0340 61       		.byte	0x61
 526 0341 45030000 		.4byte	0x345
 527 0345 0B       		.uleb128 0xb
 528 0346 AD040000 		.4byte	.LASF64
 529 034a 14       		.byte	0x14
 530 034b 06       		.byte	0x6
 531 034c 6B01     		.2byte	0x16b
 532 034e 94030000 		.4byte	0x394
 533 0352 09       		.uleb128 0x9
 534 0353 C1010000 		.4byte	.LASF65
 535 0357 06       		.byte	0x6
 536 0358 6C01     		.2byte	0x16c
 537 035a E2060000 		.4byte	0x6e2
 538 035e 00       		.byte	0
 539 035f 09       		.uleb128 0x9
 540 0360 8B010000 		.4byte	.LASF66
 541 0364 06       		.byte	0x6
 542 0365 6D01     		.2byte	0x16d
 543 0367 E2060000 		.4byte	0x6e2
 544 036b 04       		.byte	0x4
 545 036c 09       		.uleb128 0x9
 546 036d D9010000 		.4byte	.LASF67
 547 0371 06       		.byte	0x6
 548 0372 6E01     		.2byte	0x16e
 549 0374 4D010000 		.4byte	0x14d
 550 0378 08       		.byte	0x8
 551 0379 09       		.uleb128 0x9
 552 037a 3D060000 		.4byte	.LASF68
 553 037e 06       		.byte	0x6
 554 037f 6F01     		.2byte	0x16f
 555 0381 1C030000 		.4byte	0x31c
 556 0385 0C       		.byte	0xc
 557 0386 09       		.uleb128 0x9
 558 0387 C2050000 		.4byte	.LASF69
 559 038b 06       		.byte	0x6
 560 038c 7101     		.2byte	0x171
 561 038e 38030000 		.4byte	0x338
 562 0392 10       		.byte	0x10
 563 0393 00       		.byte	0
 564 0394 04       		.uleb128 0x4
 565 0395 D5000000 		.4byte	.LASF70
 566 0399 05       		.byte	0x5
 567 039a 66       		.byte	0x66
 568 039b 9F030000 		.4byte	0x39f
 569 039f 0B       		.uleb128 0xb
ARM GAS  /tmp/cceCIeSG.s 			page 11


 570 03a0 6D030000 		.4byte	.LASF71
 571 03a4 10       		.byte	0x10
 572 03a5 06       		.byte	0x6
 573 03a6 7B01     		.2byte	0x17b
 574 03a8 E1030000 		.4byte	0x3e1
 575 03ac 09       		.uleb128 0x9
 576 03ad C1010000 		.4byte	.LASF65
 577 03b1 06       		.byte	0x6
 578 03b2 7C01     		.2byte	0x17c
 579 03b4 E2060000 		.4byte	0x6e2
 580 03b8 00       		.byte	0
 581 03b9 09       		.uleb128 0x9
 582 03ba 8B010000 		.4byte	.LASF66
 583 03be 06       		.byte	0x6
 584 03bf 7E01     		.2byte	0x17e
 585 03c1 E2060000 		.4byte	0x6e2
 586 03c5 04       		.byte	0x4
 587 03c6 09       		.uleb128 0x9
 588 03c7 D9010000 		.4byte	.LASF67
 589 03cb 06       		.byte	0x6
 590 03cc 8001     		.2byte	0x180
 591 03ce 4D010000 		.4byte	0x14d
 592 03d2 08       		.byte	0x8
 593 03d3 09       		.uleb128 0x9
 594 03d4 96030000 		.4byte	.LASF72
 595 03d8 06       		.byte	0x6
 596 03d9 8801     		.2byte	0x188
 597 03db 4D010000 		.4byte	0x14d
 598 03df 0C       		.byte	0xc
 599 03e0 00       		.byte	0
 600 03e1 04       		.uleb128 0x4
 601 03e2 82000000 		.4byte	.LASF73
 602 03e6 05       		.byte	0x5
 603 03e7 6B       		.byte	0x6b
 604 03e8 EC030000 		.4byte	0x3ec
 605 03ec 0B       		.uleb128 0xb
 606 03ed 19040000 		.4byte	.LASF74
 607 03f1 04       		.byte	0x4
 608 03f2 06       		.byte	0x6
 609 03f3 A201     		.2byte	0x1a2
 610 03f5 07040000 		.4byte	0x407
 611 03f9 09       		.uleb128 0x9
 612 03fa 80050000 		.4byte	.LASF75
 613 03fe 06       		.byte	0x6
 614 03ff AA01     		.2byte	0x1aa
 615 0401 E8060000 		.4byte	0x6e8
 616 0405 00       		.byte	0
 617 0406 00       		.byte	0
 618 0407 04       		.uleb128 0x4
 619 0408 1B020000 		.4byte	.LASF76
 620 040c 05       		.byte	0x5
 621 040d 70       		.byte	0x70
 622 040e 12040000 		.4byte	0x412
 623 0412 0F       		.uleb128 0xf
 624 0413 A3040000 		.4byte	.LASF77
 625 0417 D801     		.2byte	0x1d8
 626 0419 06       		.byte	0x6
ARM GAS  /tmp/cceCIeSG.s 			page 12


 627 041a C201     		.2byte	0x1c2
 628 041c 6E040000 		.4byte	0x46e
 629 0420 09       		.uleb128 0x9
 630 0421 F5050000 		.4byte	.LASF78
 631 0425 06       		.byte	0x6
 632 0426 C601     		.2byte	0x1c6
 633 0428 B5020000 		.4byte	0x2b5
 634 042c 00       		.byte	0
 635 042d 09       		.uleb128 0x9
 636 042e 3F010000 		.4byte	.LASF79
 637 0432 06       		.byte	0x6
 638 0433 CA01     		.2byte	0x1ca
 639 0435 94030000 		.4byte	0x394
 640 0439 1C       		.byte	0x1c
 641 043a 08       		.uleb128 0x8
 642 043b 64626700 		.ascii	"dbg\000"
 643 043f 06       		.byte	0x6
 644 0440 CE01     		.2byte	0x1ce
 645 0442 E1030000 		.4byte	0x3e1
 646 0446 2C       		.byte	0x2c
 647 0447 09       		.uleb128 0x9
 648 0448 CA000000 		.4byte	.LASF80
 649 044c 06       		.byte	0x6
 650 044d D201     		.2byte	0x1d2
 651 044f 58010000 		.4byte	0x158
 652 0453 30       		.byte	0x30
 653 0454 08       		.uleb128 0x8
 654 0455 746D00   		.ascii	"tm\000"
 655 0458 06       		.byte	0x6
 656 0459 D701     		.2byte	0x1d7
 657 045b 00060000 		.4byte	0x600
 658 045f 74       		.byte	0x74
 659 0460 09       		.uleb128 0x9
 660 0461 94040000 		.4byte	.LASF81
 661 0465 06       		.byte	0x6
 662 0466 E301     		.2byte	0x1e3
 663 0468 ED060000 		.4byte	0x6ed
 664 046c 78       		.byte	0x78
 665 046d 00       		.byte	0
 666 046e 03       		.uleb128 0x3
 667 046f 04       		.byte	0x4
 668 0470 07       		.byte	0x7
 669 0471 51030000 		.4byte	.LASF82
 670 0475 04       		.uleb128 0x4
 671 0476 82010000 		.4byte	.LASF83
 672 047a 07       		.byte	0x7
 673 047b 65       		.byte	0x65
 674 047c 38030000 		.4byte	0x338
 675 0480 04       		.uleb128 0x4
 676 0481 53020000 		.4byte	.LASF84
 677 0485 07       		.byte	0x7
 678 0486 6D       		.byte	0x6d
 679 0487 D5000000 		.4byte	0xd5
 680 048b 06       		.uleb128 0x6
 681 048c 9C050000 		.4byte	.LASF85
 682 0490 04       		.byte	0x4
 683 0491 07       		.byte	0x7
ARM GAS  /tmp/cceCIeSG.s 			page 13


 684 0492 89       		.byte	0x89
 685 0493 A4040000 		.4byte	0x4a4
 686 0497 10       		.uleb128 0x10
 687 0498 72313300 		.ascii	"r13\000"
 688 049c 07       		.byte	0x7
 689 049d 8A       		.byte	0x8a
 690 049e E5050000 		.4byte	0x5e5
 691 04a2 00       		.byte	0
 692 04a3 00       		.byte	0
 693 04a4 06       		.uleb128 0x6
 694 04a5 76000000 		.4byte	.LASF86
 695 04a9 64       		.byte	0x64
 696 04aa 08       		.byte	0x8
 697 04ab F4       		.byte	0xf4
 698 04ac E5050000 		.4byte	0x5e5
 699 04b0 10       		.uleb128 0x10
 700 04b1 73313600 		.ascii	"s16\000"
 701 04b5 08       		.byte	0x8
 702 04b6 F6       		.byte	0xf6
 703 04b7 75040000 		.4byte	0x475
 704 04bb 00       		.byte	0
 705 04bc 10       		.uleb128 0x10
 706 04bd 73313700 		.ascii	"s17\000"
 707 04c1 08       		.byte	0x8
 708 04c2 F7       		.byte	0xf7
 709 04c3 75040000 		.4byte	0x475
 710 04c7 04       		.byte	0x4
 711 04c8 10       		.uleb128 0x10
 712 04c9 73313800 		.ascii	"s18\000"
 713 04cd 08       		.byte	0x8
 714 04ce F8       		.byte	0xf8
 715 04cf 75040000 		.4byte	0x475
 716 04d3 08       		.byte	0x8
 717 04d4 10       		.uleb128 0x10
 718 04d5 73313900 		.ascii	"s19\000"
 719 04d9 08       		.byte	0x8
 720 04da F9       		.byte	0xf9
 721 04db 75040000 		.4byte	0x475
 722 04df 0C       		.byte	0xc
 723 04e0 10       		.uleb128 0x10
 724 04e1 73323000 		.ascii	"s20\000"
 725 04e5 08       		.byte	0x8
 726 04e6 FA       		.byte	0xfa
 727 04e7 75040000 		.4byte	0x475
 728 04eb 10       		.byte	0x10
 729 04ec 10       		.uleb128 0x10
 730 04ed 73323100 		.ascii	"s21\000"
 731 04f1 08       		.byte	0x8
 732 04f2 FB       		.byte	0xfb
 733 04f3 75040000 		.4byte	0x475
 734 04f7 14       		.byte	0x14
 735 04f8 10       		.uleb128 0x10
 736 04f9 73323200 		.ascii	"s22\000"
 737 04fd 08       		.byte	0x8
 738 04fe FC       		.byte	0xfc
 739 04ff 75040000 		.4byte	0x475
 740 0503 18       		.byte	0x18
ARM GAS  /tmp/cceCIeSG.s 			page 14


 741 0504 10       		.uleb128 0x10
 742 0505 73323300 		.ascii	"s23\000"
 743 0509 08       		.byte	0x8
 744 050a FD       		.byte	0xfd
 745 050b 75040000 		.4byte	0x475
 746 050f 1C       		.byte	0x1c
 747 0510 10       		.uleb128 0x10
 748 0511 73323400 		.ascii	"s24\000"
 749 0515 08       		.byte	0x8
 750 0516 FE       		.byte	0xfe
 751 0517 75040000 		.4byte	0x475
 752 051b 20       		.byte	0x20
 753 051c 10       		.uleb128 0x10
 754 051d 73323500 		.ascii	"s25\000"
 755 0521 08       		.byte	0x8
 756 0522 FF       		.byte	0xff
 757 0523 75040000 		.4byte	0x475
 758 0527 24       		.byte	0x24
 759 0528 08       		.uleb128 0x8
 760 0529 73323600 		.ascii	"s26\000"
 761 052d 08       		.byte	0x8
 762 052e 0001     		.2byte	0x100
 763 0530 75040000 		.4byte	0x475
 764 0534 28       		.byte	0x28
 765 0535 08       		.uleb128 0x8
 766 0536 73323700 		.ascii	"s27\000"
 767 053a 08       		.byte	0x8
 768 053b 0101     		.2byte	0x101
 769 053d 75040000 		.4byte	0x475
 770 0541 2C       		.byte	0x2c
 771 0542 08       		.uleb128 0x8
 772 0543 73323800 		.ascii	"s28\000"
 773 0547 08       		.byte	0x8
 774 0548 0201     		.2byte	0x102
 775 054a 75040000 		.4byte	0x475
 776 054e 30       		.byte	0x30
 777 054f 08       		.uleb128 0x8
 778 0550 73323900 		.ascii	"s29\000"
 779 0554 08       		.byte	0x8
 780 0555 0301     		.2byte	0x103
 781 0557 75040000 		.4byte	0x475
 782 055b 34       		.byte	0x34
 783 055c 08       		.uleb128 0x8
 784 055d 73333000 		.ascii	"s30\000"
 785 0561 08       		.byte	0x8
 786 0562 0401     		.2byte	0x104
 787 0564 75040000 		.4byte	0x475
 788 0568 38       		.byte	0x38
 789 0569 08       		.uleb128 0x8
 790 056a 73333100 		.ascii	"s31\000"
 791 056e 08       		.byte	0x8
 792 056f 0501     		.2byte	0x105
 793 0571 75040000 		.4byte	0x475
 794 0575 3C       		.byte	0x3c
 795 0576 08       		.uleb128 0x8
 796 0577 723400   		.ascii	"r4\000"
 797 057a 08       		.byte	0x8
ARM GAS  /tmp/cceCIeSG.s 			page 15


 798 057b 0701     		.2byte	0x107
 799 057d 75040000 		.4byte	0x475
 800 0581 40       		.byte	0x40
 801 0582 08       		.uleb128 0x8
 802 0583 723500   		.ascii	"r5\000"
 803 0586 08       		.byte	0x8
 804 0587 0801     		.2byte	0x108
 805 0589 75040000 		.4byte	0x475
 806 058d 44       		.byte	0x44
 807 058e 08       		.uleb128 0x8
 808 058f 723600   		.ascii	"r6\000"
 809 0592 08       		.byte	0x8
 810 0593 0901     		.2byte	0x109
 811 0595 75040000 		.4byte	0x475
 812 0599 48       		.byte	0x48
 813 059a 08       		.uleb128 0x8
 814 059b 723700   		.ascii	"r7\000"
 815 059e 08       		.byte	0x8
 816 059f 0A01     		.2byte	0x10a
 817 05a1 75040000 		.4byte	0x475
 818 05a5 4C       		.byte	0x4c
 819 05a6 08       		.uleb128 0x8
 820 05a7 723800   		.ascii	"r8\000"
 821 05aa 08       		.byte	0x8
 822 05ab 0B01     		.2byte	0x10b
 823 05ad 75040000 		.4byte	0x475
 824 05b1 50       		.byte	0x50
 825 05b2 08       		.uleb128 0x8
 826 05b3 723900   		.ascii	"r9\000"
 827 05b6 08       		.byte	0x8
 828 05b7 0C01     		.2byte	0x10c
 829 05b9 75040000 		.4byte	0x475
 830 05bd 54       		.byte	0x54
 831 05be 08       		.uleb128 0x8
 832 05bf 72313000 		.ascii	"r10\000"
 833 05c3 08       		.byte	0x8
 834 05c4 0D01     		.2byte	0x10d
 835 05c6 75040000 		.4byte	0x475
 836 05ca 58       		.byte	0x58
 837 05cb 08       		.uleb128 0x8
 838 05cc 72313100 		.ascii	"r11\000"
 839 05d0 08       		.byte	0x8
 840 05d1 0E01     		.2byte	0x10e
 841 05d3 75040000 		.4byte	0x475
 842 05d7 5C       		.byte	0x5c
 843 05d8 08       		.uleb128 0x8
 844 05d9 6C7200   		.ascii	"lr\000"
 845 05dc 08       		.byte	0x8
 846 05dd 0F01     		.2byte	0x10f
 847 05df 75040000 		.4byte	0x475
 848 05e3 60       		.byte	0x60
 849 05e4 00       		.byte	0
 850 05e5 0A       		.uleb128 0xa
 851 05e6 04       		.byte	0x4
 852 05e7 A4040000 		.4byte	0x4a4
 853 05eb 11       		.uleb128 0x11
 854 05ec 04       		.byte	0x4
ARM GAS  /tmp/cceCIeSG.s 			page 16


 855 05ed 09       		.byte	0x9
 856 05ee 38       		.byte	0x38
 857 05ef 00060000 		.4byte	0x600
 858 05f3 07       		.uleb128 0x7
 859 05f4 8A050000 		.4byte	.LASF87
 860 05f8 09       		.byte	0x9
 861 05f9 3C       		.byte	0x3c
 862 05fa F5000000 		.4byte	0xf5
 863 05fe 00       		.byte	0
 864 05ff 00       		.byte	0
 865 0600 04       		.uleb128 0x4
 866 0601 B0030000 		.4byte	.LASF88
 867 0605 09       		.byte	0x9
 868 0606 3D       		.byte	0x3d
 869 0607 EB050000 		.4byte	0x5eb
 870 060b 12       		.uleb128 0x12
 871 060c 04       		.byte	0x4
 872 060d 06       		.byte	0x6
 873 060e FA       		.byte	0xfa
 874 060f 68060000 		.4byte	0x668
 875 0613 13       		.uleb128 0x13
 876 0614 55000000 		.4byte	.LASF89
 877 0618 06       		.byte	0x6
 878 0619 0101     		.2byte	0x101
 879 061b 2C010000 		.4byte	0x12c
 880 061f 13       		.uleb128 0x13
 881 0620 C1000000 		.4byte	.LASF90
 882 0624 06       		.byte	0x6
 883 0625 0801     		.2byte	0x108
 884 0627 2C010000 		.4byte	0x12c
 885 062b 13       		.uleb128 0x13
 886 062c 03060000 		.4byte	.LASF91
 887 0630 06       		.byte	0x6
 888 0631 0F01     		.2byte	0x10f
 889 0633 38030000 		.4byte	0x338
 890 0637 13       		.uleb128 0x13
 891 0638 4F000000 		.4byte	.LASF92
 892 063c 06       		.byte	0x6
 893 063d 1601     		.2byte	0x116
 894 063f 68060000 		.4byte	0x668
 895 0643 13       		.uleb128 0x13
 896 0644 D2010000 		.4byte	.LASF93
 897 0648 06       		.byte	0x6
 898 0649 1E01     		.2byte	0x11e
 899 064b 93060000 		.4byte	0x693
 900 064f 13       		.uleb128 0x13
 901 0650 DF040000 		.4byte	.LASF94
 902 0654 06       		.byte	0x6
 903 0655 2701     		.2byte	0x127
 904 0657 CA060000 		.4byte	0x6ca
 905 065b 13       		.uleb128 0x13
 906 065c 68040000 		.4byte	.LASF95
 907 0660 06       		.byte	0x6
 908 0661 2F01     		.2byte	0x12f
 909 0663 37010000 		.4byte	0x137
 910 0667 00       		.byte	0
 911 0668 0A       		.uleb128 0xa
ARM GAS  /tmp/cceCIeSG.s 			page 17


 912 0669 04       		.byte	0x4
 913 066a 50020000 		.4byte	0x250
 914 066e 06       		.uleb128 0x6
 915 066f BE040000 		.4byte	.LASF96
 916 0673 0C       		.byte	0xc
 917 0674 0A       		.byte	0xa
 918 0675 34       		.byte	0x34
 919 0676 93060000 		.4byte	0x693
 920 067a 07       		.uleb128 0x7
 921 067b 65010000 		.4byte	.LASF97
 922 067f 0A       		.byte	0xa
 923 0680 35       		.byte	0x35
 924 0681 85020000 		.4byte	0x285
 925 0685 00       		.byte	0
 926 0686 07       		.uleb128 0x7
 927 0687 F2010000 		.4byte	.LASF98
 928 068b 0A       		.byte	0xa
 929 068c 37       		.byte	0x37
 930 068d 42010000 		.4byte	0x142
 931 0691 08       		.byte	0x8
 932 0692 00       		.byte	0
 933 0693 0A       		.uleb128 0xa
 934 0694 04       		.byte	0x4
 935 0695 6E060000 		.4byte	0x66e
 936 0699 06       		.uleb128 0x6
 937 069a E5050000 		.4byte	.LASF99
 938 069e 10       		.byte	0x10
 939 069f 0B       		.byte	0xb
 940 06a0 39       		.byte	0x39
 941 06a1 CA060000 		.4byte	0x6ca
 942 06a5 07       		.uleb128 0x7
 943 06a6 37010000 		.4byte	.LASF100
 944 06aa 0B       		.byte	0xb
 945 06ab 3A       		.byte	0x3a
 946 06ac 85020000 		.4byte	0x285
 947 06b0 00       		.byte	0
 948 06b1 07       		.uleb128 0x7
 949 06b2 2F060000 		.4byte	.LASF101
 950 06b6 0B       		.byte	0xb
 951 06b7 3C       		.byte	0x3c
 952 06b8 5B020000 		.4byte	0x25b
 953 06bc 08       		.byte	0x8
 954 06bd 07       		.uleb128 0x7
 955 06be 50050000 		.4byte	.LASF102
 956 06c2 0B       		.byte	0xb
 957 06c3 3E       		.byte	0x3e
 958 06c4 08070000 		.4byte	0x708
 959 06c8 0C       		.byte	0xc
 960 06c9 00       		.byte	0
 961 06ca 0A       		.uleb128 0xa
 962 06cb 04       		.byte	0x4
 963 06cc 99060000 		.4byte	0x699
 964 06d0 0A       		.uleb128 0xa
 965 06d1 04       		.byte	0x4
 966 06d2 DD060000 		.4byte	0x6dd
 967 06d6 03       		.uleb128 0x3
 968 06d7 01       		.byte	0x1
ARM GAS  /tmp/cceCIeSG.s 			page 18


 969 06d8 08       		.byte	0x8
 970 06d9 10050000 		.4byte	.LASF103
 971 06dd 14       		.uleb128 0x14
 972 06de D6060000 		.4byte	0x6d6
 973 06e2 0A       		.uleb128 0xa
 974 06e3 04       		.byte	0x4
 975 06e4 3A030000 		.4byte	0x33a
 976 06e8 05       		.uleb128 0x5
 977 06e9 D0060000 		.4byte	0x6d0
 978 06ed 15       		.uleb128 0x15
 979 06ee 80040000 		.4byte	0x480
 980 06f2 FD060000 		.4byte	0x6fd
 981 06f6 16       		.uleb128 0x16
 982 06f7 6E040000 		.4byte	0x46e
 983 06fb 2B       		.byte	0x2b
 984 06fc 00       		.byte	0
 985 06fd 04       		.uleb128 0x4
 986 06fe A0010000 		.4byte	.LASF104
 987 0702 0B       		.byte	0xb
 988 0703 34       		.byte	0x34
 989 0704 99060000 		.4byte	0x699
 990 0708 0A       		.uleb128 0xa
 991 0709 04       		.byte	0x4
 992 070a FD060000 		.4byte	0x6fd
 993 070e 03       		.uleb128 0x3
 994 070f 01       		.byte	0x1
 995 0710 02       		.byte	0x2
 996 0711 29040000 		.4byte	.LASF105
 997 0715 11       		.uleb128 0x11
 998 0716 04       		.byte	0x4
 999 0717 0C       		.byte	0xc
 1000 0718 B3       		.byte	0xb3
 1001 0719 36070000 		.4byte	0x736
 1002 071d 10       		.uleb128 0x10
 1003 071e 73657400 		.ascii	"set\000"
 1004 0722 0C       		.byte	0xc
 1005 0723 B4       		.byte	0xb4
 1006 0724 B4000000 		.4byte	0xb4
 1007 0728 00       		.byte	0
 1008 0729 07       		.uleb128 0x7
 1009 072a 84030000 		.4byte	.LASF106
 1010 072e 0C       		.byte	0xc
 1011 072f B5       		.byte	0xb5
 1012 0730 B4000000 		.4byte	0xb4
 1013 0734 02       		.byte	0x2
 1014 0735 00       		.byte	0
 1015 0736 12       		.uleb128 0x12
 1016 0737 04       		.byte	0x4
 1017 0738 0C       		.byte	0xc
 1018 0739 B1       		.byte	0xb1
 1019 073a 51070000 		.4byte	0x751
 1020 073e 17       		.uleb128 0x17
 1021 073f 5700     		.ascii	"W\000"
 1022 0741 0C       		.byte	0xc
 1023 0742 B2       		.byte	0xb2
 1024 0743 CA000000 		.4byte	0xca
 1025 0747 17       		.uleb128 0x17
ARM GAS  /tmp/cceCIeSG.s 			page 19


 1026 0748 4800     		.ascii	"H\000"
 1027 074a 0C       		.byte	0xc
 1028 074b B6       		.byte	0xb6
 1029 074c 15070000 		.4byte	0x715
 1030 0750 00       		.byte	0
 1031 0751 11       		.uleb128 0x11
 1032 0752 2C       		.byte	0x2c
 1033 0753 0C       		.byte	0xc
 1034 0754 A9       		.byte	0xa9
 1035 0755 DE070000 		.4byte	0x7de
 1036 0759 07       		.uleb128 0x7
 1037 075a 9E000000 		.4byte	.LASF107
 1038 075e 0C       		.byte	0xc
 1039 075f AB       		.byte	0xab
 1040 0760 F0000000 		.4byte	0xf0
 1041 0764 00       		.byte	0
 1042 0765 07       		.uleb128 0x7
 1043 0766 6F000000 		.4byte	.LASF108
 1044 076a 0C       		.byte	0xc
 1045 076b AC       		.byte	0xac
 1046 076c F0000000 		.4byte	0xf0
 1047 0770 04       		.byte	0x4
 1048 0771 07       		.uleb128 0x7
 1049 0772 6D010000 		.4byte	.LASF109
 1050 0776 0C       		.byte	0xc
 1051 0777 AD       		.byte	0xad
 1052 0778 F0000000 		.4byte	0xf0
 1053 077c 08       		.byte	0x8
 1054 077d 07       		.uleb128 0x7
 1055 077e BB000000 		.4byte	.LASF110
 1056 0782 0C       		.byte	0xc
 1057 0783 AE       		.byte	0xae
 1058 0784 F0000000 		.4byte	0xf0
 1059 0788 0C       		.byte	0xc
 1060 0789 10       		.uleb128 0x10
 1061 078a 49445200 		.ascii	"IDR\000"
 1062 078e 0C       		.byte	0xc
 1063 078f AF       		.byte	0xaf
 1064 0790 F0000000 		.4byte	0xf0
 1065 0794 10       		.byte	0x10
 1066 0795 10       		.uleb128 0x10
 1067 0796 4F445200 		.ascii	"ODR\000"
 1068 079a 0C       		.byte	0xc
 1069 079b B0       		.byte	0xb0
 1070 079c F0000000 		.4byte	0xf0
 1071 07a0 14       		.byte	0x14
 1072 07a1 07       		.uleb128 0x7
 1073 07a2 2A010000 		.4byte	.LASF111
 1074 07a6 0C       		.byte	0xc
 1075 07a7 B7       		.byte	0xb7
 1076 07a8 DE070000 		.4byte	0x7de
 1077 07ac 18       		.byte	0x18
 1078 07ad 07       		.uleb128 0x7
 1079 07ae ED010000 		.4byte	.LASF112
 1080 07b2 0C       		.byte	0xc
 1081 07b3 B8       		.byte	0xb8
 1082 07b4 F0000000 		.4byte	0xf0
ARM GAS  /tmp/cceCIeSG.s 			page 20


 1083 07b8 1C       		.byte	0x1c
 1084 07b9 07       		.uleb128 0x7
 1085 07ba ED030000 		.4byte	.LASF113
 1086 07be 0C       		.byte	0xc
 1087 07bf B9       		.byte	0xb9
 1088 07c0 F0000000 		.4byte	0xf0
 1089 07c4 20       		.byte	0x20
 1090 07c5 07       		.uleb128 0x7
 1091 07c6 DA030000 		.4byte	.LASF114
 1092 07ca 0C       		.byte	0xc
 1093 07cb BA       		.byte	0xba
 1094 07cc F0000000 		.4byte	0xf0
 1095 07d0 24       		.byte	0x24
 1096 07d1 10       		.uleb128 0x10
 1097 07d2 42525200 		.ascii	"BRR\000"
 1098 07d6 0C       		.byte	0xc
 1099 07d7 BB       		.byte	0xbb
 1100 07d8 F0000000 		.4byte	0xf0
 1101 07dc 28       		.byte	0x28
 1102 07dd 00       		.byte	0
 1103 07de 05       		.uleb128 0x5
 1104 07df 36070000 		.4byte	0x736
 1105 07e3 04       		.uleb128 0x4
 1106 07e4 93010000 		.4byte	.LASF115
 1107 07e8 0C       		.byte	0xc
 1108 07e9 BC       		.byte	0xbc
 1109 07ea 51070000 		.4byte	0x751
 1110 07ee 18       		.uleb128 0x18
 1111 07ef 91000000 		.4byte	.LASF116
 1112 07f3 0C       		.byte	0xc
 1113 07f4 0E01     		.2byte	0x10e
 1114 07f6 CA000000 		.4byte	0xca
 1115 07fa 18       		.uleb128 0x18
 1116 07fb 26060000 		.4byte	.LASF117
 1117 07ff 0C       		.byte	0xc
 1118 0800 1301     		.2byte	0x113
 1119 0802 CA000000 		.4byte	0xca
 1120 0806 18       		.uleb128 0x18
 1121 0807 91050000 		.4byte	.LASF118
 1122 080b 0C       		.byte	0xc
 1123 080c 1B01     		.2byte	0x11b
 1124 080e 12080000 		.4byte	0x812
 1125 0812 0A       		.uleb128 0xa
 1126 0813 04       		.byte	0x4
 1127 0814 E3070000 		.4byte	0x7e3
 1128 0818 11       		.uleb128 0x11
 1129 0819 0C       		.byte	0xc
 1130 081a 0D       		.byte	0xd
 1131 081b 7A       		.byte	0x7a
 1132 081c 45080000 		.4byte	0x845
 1133 0820 07       		.uleb128 0x7
 1134 0821 D3030000 		.4byte	.LASF119
 1135 0825 0D       		.byte	0xd
 1136 0826 7E       		.byte	0x7e
 1137 0827 06080000 		.4byte	0x806
 1138 082b 00       		.byte	0
 1139 082c 07       		.uleb128 0x7
ARM GAS  /tmp/cceCIeSG.s 			page 21


 1140 082d 7D010000 		.4byte	.LASF120
 1141 0831 0D       		.byte	0xd
 1142 0832 84       		.byte	0x84
 1143 0833 EE070000 		.4byte	0x7ee
 1144 0837 04       		.byte	0x4
 1145 0838 07       		.uleb128 0x7
 1146 0839 8A050000 		.4byte	.LASF87
 1147 083d 0D       		.byte	0xd
 1148 083e 88       		.byte	0x88
 1149 083f E0000000 		.4byte	0xe0
 1150 0843 08       		.byte	0x8
 1151 0844 00       		.byte	0
 1152 0845 04       		.uleb128 0x4
 1153 0846 A8010000 		.4byte	.LASF121
 1154 084a 0D       		.byte	0xd
 1155 084b 89       		.byte	0x89
 1156 084c 18080000 		.4byte	0x818
 1157 0850 19       		.uleb128 0x19
 1158 0851 31050000 		.4byte	.LASF131
 1159 0855 01       		.byte	0x1
 1160 0856 41       		.byte	0x41
 1161 0857 EE070000 		.4byte	0x7ee
 1162 085b 00000000 		.4byte	.LFB260
 1163 085f 0E000000 		.4byte	.LFE260-.LFB260
 1164 0863 01       		.uleb128 0x1
 1165 0864 9C       		.byte	0x9c
 1166 0865 82080000 		.4byte	0x882
 1167 0869 1A       		.uleb128 0x1a
 1168 086a 62757300 		.ascii	"bus\000"
 1169 086e 01       		.byte	0x1
 1170 086f 41       		.byte	0x41
 1171 0870 82080000 		.4byte	0x882
 1172 0874 00000000 		.4byte	.LLST0
 1173 0878 1B       		.uleb128 0x1b
 1174 0879 8B040000 		.4byte	.LASF123
 1175 087d 98080000 		.4byte	0x898
 1176 0881 00       		.byte	0
 1177 0882 0A       		.uleb128 0xa
 1178 0883 04       		.byte	0x4
 1179 0884 45080000 		.4byte	0x845
 1180 0888 15       		.uleb128 0x15
 1181 0889 D6060000 		.4byte	0x6d6
 1182 088d 98080000 		.4byte	0x898
 1183 0891 16       		.uleb128 0x16
 1184 0892 6E040000 		.4byte	0x46e
 1185 0896 0A       		.byte	0xa
 1186 0897 00       		.byte	0
 1187 0898 14       		.uleb128 0x14
 1188 0899 88080000 		.4byte	0x888
 1189 089d 1C       		.uleb128 0x1c
 1190 089e C9050000 		.4byte	.LASF124
 1191 08a2 01       		.byte	0x1
 1192 08a3 5A       		.byte	0x5a
 1193 08a4 00000000 		.4byte	.LFB261
 1194 08a8 1E000000 		.4byte	.LFE261-.LFB261
 1195 08ac 01       		.uleb128 0x1
 1196 08ad 9C       		.byte	0x9c
ARM GAS  /tmp/cceCIeSG.s 			page 22


 1197 08ae DA080000 		.4byte	0x8da
 1198 08b2 1A       		.uleb128 0x1a
 1199 08b3 62757300 		.ascii	"bus\000"
 1200 08b7 01       		.byte	0x1
 1201 08b8 5A       		.byte	0x5a
 1202 08b9 82080000 		.4byte	0x882
 1203 08bd 21000000 		.4byte	.LLST1
 1204 08c1 1D       		.uleb128 0x1d
 1205 08c2 46010000 		.4byte	.LASF122
 1206 08c6 01       		.byte	0x1
 1207 08c7 5A       		.byte	0x5a
 1208 08c8 EE070000 		.4byte	0x7ee
 1209 08cc 42000000 		.4byte	.LLST2
 1210 08d0 1B       		.uleb128 0x1b
 1211 08d1 8B040000 		.4byte	.LASF123
 1212 08d5 EA080000 		.4byte	0x8ea
 1213 08d9 00       		.byte	0
 1214 08da 15       		.uleb128 0x15
 1215 08db D6060000 		.4byte	0x6d6
 1216 08df EA080000 		.4byte	0x8ea
 1217 08e3 16       		.uleb128 0x16
 1218 08e4 6E040000 		.4byte	0x46e
 1219 08e8 0B       		.byte	0xb
 1220 08e9 00       		.byte	0
 1221 08ea 14       		.uleb128 0x14
 1222 08eb DA080000 		.4byte	0x8da
 1223 08ef 1C       		.uleb128 0x1c
 1224 08f0 DF030000 		.4byte	.LASF125
 1225 08f4 01       		.byte	0x1
 1226 08f5 71       		.byte	0x71
 1227 08f6 00000000 		.4byte	.LFB262
 1228 08fa 0A000000 		.4byte	.LFE262-.LFB262
 1229 08fe 01       		.uleb128 0x1
 1230 08ff 9C       		.byte	0x9c
 1231 0900 3D090000 		.4byte	0x93d
 1232 0904 1A       		.uleb128 0x1a
 1233 0905 62757300 		.ascii	"bus\000"
 1234 0909 01       		.byte	0x1
 1235 090a 71       		.byte	0x71
 1236 090b 82080000 		.4byte	0x882
 1237 090f 63000000 		.4byte	.LLST3
 1238 0913 1D       		.uleb128 0x1d
 1239 0914 2C050000 		.4byte	.LASF126
 1240 0918 01       		.byte	0x1
 1241 0919 71       		.byte	0x71
 1242 091a FA070000 		.4byte	0x7fa
 1243 091e 84000000 		.4byte	.LLST4
 1244 0922 1B       		.uleb128 0x1b
 1245 0923 8B040000 		.4byte	.LASF123
 1246 0927 4D090000 		.4byte	0x94d
 1247 092b 1E       		.uleb128 0x1e
 1248 092c 0A000000 		.4byte	.LVL7
 1249 0930 69090000 		.4byte	0x969
 1250 0934 1F       		.uleb128 0x1f
 1251 0935 01       		.uleb128 0x1
 1252 0936 52       		.byte	0x52
 1253 0937 03       		.uleb128 0x3
ARM GAS  /tmp/cceCIeSG.s 			page 23


 1254 0938 F3       		.byte	0xf3
 1255 0939 01       		.uleb128 0x1
 1256 093a 51       		.byte	0x51
 1257 093b 00       		.byte	0
 1258 093c 00       		.byte	0
 1259 093d 15       		.uleb128 0x15
 1260 093e D6060000 		.4byte	0x6d6
 1261 0942 4D090000 		.4byte	0x94d
 1262 0946 16       		.uleb128 0x16
 1263 0947 6E040000 		.4byte	0x46e
 1264 094b 0D       		.byte	0xd
 1265 094c 00       		.byte	0
 1266 094d 14       		.uleb128 0x14
 1267 094e 3D090000 		.4byte	0x93d
 1268 0952 20       		.uleb128 0x20
 1269 0953 EB000000 		.4byte	.LASF127
 1270 0957 0E       		.byte	0xe
 1271 0958 A706     		.2byte	0x6a7
 1272 095a EB000000 		.4byte	0xeb
 1273 095e 21       		.uleb128 0x21
 1274 095f 636800   		.ascii	"ch\000"
 1275 0962 06       		.byte	0x6
 1276 0963 0902     		.2byte	0x209
 1277 0965 07040000 		.4byte	0x407
 1278 0969 22       		.uleb128 0x22
 1279 096a A4050000 		.4byte	.LASF132
 1280 096e A4050000 		.4byte	.LASF132
 1281 0972 0C       		.byte	0xc
 1282 0973 E001     		.2byte	0x1e0
 1283 0975 00       		.byte	0
 1284              		.section	.debug_abbrev,"",%progbits
 1285              	.Ldebug_abbrev0:
 1286 0000 01       		.uleb128 0x1
 1287 0001 11       		.uleb128 0x11
 1288 0002 01       		.byte	0x1
 1289 0003 25       		.uleb128 0x25
 1290 0004 0E       		.uleb128 0xe
 1291 0005 13       		.uleb128 0x13
 1292 0006 0B       		.uleb128 0xb
 1293 0007 03       		.uleb128 0x3
 1294 0008 0E       		.uleb128 0xe
 1295 0009 1B       		.uleb128 0x1b
 1296 000a 0E       		.uleb128 0xe
 1297 000b 55       		.uleb128 0x55
 1298 000c 17       		.uleb128 0x17
 1299 000d 11       		.uleb128 0x11
 1300 000e 01       		.uleb128 0x1
 1301 000f 10       		.uleb128 0x10
 1302 0010 17       		.uleb128 0x17
 1303 0011 00       		.byte	0
 1304 0012 00       		.byte	0
 1305 0013 02       		.uleb128 0x2
 1306 0014 24       		.uleb128 0x24
 1307 0015 00       		.byte	0
 1308 0016 0B       		.uleb128 0xb
 1309 0017 0B       		.uleb128 0xb
 1310 0018 3E       		.uleb128 0x3e
ARM GAS  /tmp/cceCIeSG.s 			page 24


 1311 0019 0B       		.uleb128 0xb
 1312 001a 03       		.uleb128 0x3
 1313 001b 08       		.uleb128 0x8
 1314 001c 00       		.byte	0
 1315 001d 00       		.byte	0
 1316 001e 03       		.uleb128 0x3
 1317 001f 24       		.uleb128 0x24
 1318 0020 00       		.byte	0
 1319 0021 0B       		.uleb128 0xb
 1320 0022 0B       		.uleb128 0xb
 1321 0023 3E       		.uleb128 0x3e
 1322 0024 0B       		.uleb128 0xb
 1323 0025 03       		.uleb128 0x3
 1324 0026 0E       		.uleb128 0xe
 1325 0027 00       		.byte	0
 1326 0028 00       		.byte	0
 1327 0029 04       		.uleb128 0x4
 1328 002a 16       		.uleb128 0x16
 1329 002b 00       		.byte	0
 1330 002c 03       		.uleb128 0x3
 1331 002d 0E       		.uleb128 0xe
 1332 002e 3A       		.uleb128 0x3a
 1333 002f 0B       		.uleb128 0xb
 1334 0030 3B       		.uleb128 0x3b
 1335 0031 0B       		.uleb128 0xb
 1336 0032 49       		.uleb128 0x49
 1337 0033 13       		.uleb128 0x13
 1338 0034 00       		.byte	0
 1339 0035 00       		.byte	0
 1340 0036 05       		.uleb128 0x5
 1341 0037 35       		.uleb128 0x35
 1342 0038 00       		.byte	0
 1343 0039 49       		.uleb128 0x49
 1344 003a 13       		.uleb128 0x13
 1345 003b 00       		.byte	0
 1346 003c 00       		.byte	0
 1347 003d 06       		.uleb128 0x6
 1348 003e 13       		.uleb128 0x13
 1349 003f 01       		.byte	0x1
 1350 0040 03       		.uleb128 0x3
 1351 0041 0E       		.uleb128 0xe
 1352 0042 0B       		.uleb128 0xb
 1353 0043 0B       		.uleb128 0xb
 1354 0044 3A       		.uleb128 0x3a
 1355 0045 0B       		.uleb128 0xb
 1356 0046 3B       		.uleb128 0x3b
 1357 0047 0B       		.uleb128 0xb
 1358 0048 01       		.uleb128 0x1
 1359 0049 13       		.uleb128 0x13
 1360 004a 00       		.byte	0
 1361 004b 00       		.byte	0
 1362 004c 07       		.uleb128 0x7
 1363 004d 0D       		.uleb128 0xd
 1364 004e 00       		.byte	0
 1365 004f 03       		.uleb128 0x3
 1366 0050 0E       		.uleb128 0xe
 1367 0051 3A       		.uleb128 0x3a
ARM GAS  /tmp/cceCIeSG.s 			page 25


 1368 0052 0B       		.uleb128 0xb
 1369 0053 3B       		.uleb128 0x3b
 1370 0054 0B       		.uleb128 0xb
 1371 0055 49       		.uleb128 0x49
 1372 0056 13       		.uleb128 0x13
 1373 0057 38       		.uleb128 0x38
 1374 0058 0B       		.uleb128 0xb
 1375 0059 00       		.byte	0
 1376 005a 00       		.byte	0
 1377 005b 08       		.uleb128 0x8
 1378 005c 0D       		.uleb128 0xd
 1379 005d 00       		.byte	0
 1380 005e 03       		.uleb128 0x3
 1381 005f 08       		.uleb128 0x8
 1382 0060 3A       		.uleb128 0x3a
 1383 0061 0B       		.uleb128 0xb
 1384 0062 3B       		.uleb128 0x3b
 1385 0063 05       		.uleb128 0x5
 1386 0064 49       		.uleb128 0x49
 1387 0065 13       		.uleb128 0x13
 1388 0066 38       		.uleb128 0x38
 1389 0067 0B       		.uleb128 0xb
 1390 0068 00       		.byte	0
 1391 0069 00       		.byte	0
 1392 006a 09       		.uleb128 0x9
 1393 006b 0D       		.uleb128 0xd
 1394 006c 00       		.byte	0
 1395 006d 03       		.uleb128 0x3
 1396 006e 0E       		.uleb128 0xe
 1397 006f 3A       		.uleb128 0x3a
 1398 0070 0B       		.uleb128 0xb
 1399 0071 3B       		.uleb128 0x3b
 1400 0072 05       		.uleb128 0x5
 1401 0073 49       		.uleb128 0x49
 1402 0074 13       		.uleb128 0x13
 1403 0075 38       		.uleb128 0x38
 1404 0076 0B       		.uleb128 0xb
 1405 0077 00       		.byte	0
 1406 0078 00       		.byte	0
 1407 0079 0A       		.uleb128 0xa
 1408 007a 0F       		.uleb128 0xf
 1409 007b 00       		.byte	0
 1410 007c 0B       		.uleb128 0xb
 1411 007d 0B       		.uleb128 0xb
 1412 007e 49       		.uleb128 0x49
 1413 007f 13       		.uleb128 0x13
 1414 0080 00       		.byte	0
 1415 0081 00       		.byte	0
 1416 0082 0B       		.uleb128 0xb
 1417 0083 13       		.uleb128 0x13
 1418 0084 01       		.byte	0x1
 1419 0085 03       		.uleb128 0x3
 1420 0086 0E       		.uleb128 0xe
 1421 0087 0B       		.uleb128 0xb
 1422 0088 0B       		.uleb128 0xb
 1423 0089 3A       		.uleb128 0x3a
 1424 008a 0B       		.uleb128 0xb
ARM GAS  /tmp/cceCIeSG.s 			page 26


 1425 008b 3B       		.uleb128 0x3b
 1426 008c 05       		.uleb128 0x5
 1427 008d 01       		.uleb128 0x1
 1428 008e 13       		.uleb128 0x13
 1429 008f 00       		.byte	0
 1430 0090 00       		.byte	0
 1431 0091 0C       		.uleb128 0xc
 1432 0092 15       		.uleb128 0x15
 1433 0093 01       		.byte	0x1
 1434 0094 27       		.uleb128 0x27
 1435 0095 19       		.uleb128 0x19
 1436 0096 01       		.uleb128 0x1
 1437 0097 13       		.uleb128 0x13
 1438 0098 00       		.byte	0
 1439 0099 00       		.byte	0
 1440 009a 0D       		.uleb128 0xd
 1441 009b 05       		.uleb128 0x5
 1442 009c 00       		.byte	0
 1443 009d 49       		.uleb128 0x49
 1444 009e 13       		.uleb128 0x13
 1445 009f 00       		.byte	0
 1446 00a0 00       		.byte	0
 1447 00a1 0E       		.uleb128 0xe
 1448 00a2 0F       		.uleb128 0xf
 1449 00a3 00       		.byte	0
 1450 00a4 0B       		.uleb128 0xb
 1451 00a5 0B       		.uleb128 0xb
 1452 00a6 00       		.byte	0
 1453 00a7 00       		.byte	0
 1454 00a8 0F       		.uleb128 0xf
 1455 00a9 13       		.uleb128 0x13
 1456 00aa 01       		.byte	0x1
 1457 00ab 03       		.uleb128 0x3
 1458 00ac 0E       		.uleb128 0xe
 1459 00ad 0B       		.uleb128 0xb
 1460 00ae 05       		.uleb128 0x5
 1461 00af 3A       		.uleb128 0x3a
 1462 00b0 0B       		.uleb128 0xb
 1463 00b1 3B       		.uleb128 0x3b
 1464 00b2 05       		.uleb128 0x5
 1465 00b3 01       		.uleb128 0x1
 1466 00b4 13       		.uleb128 0x13
 1467 00b5 00       		.byte	0
 1468 00b6 00       		.byte	0
 1469 00b7 10       		.uleb128 0x10
 1470 00b8 0D       		.uleb128 0xd
 1471 00b9 00       		.byte	0
 1472 00ba 03       		.uleb128 0x3
 1473 00bb 08       		.uleb128 0x8
 1474 00bc 3A       		.uleb128 0x3a
 1475 00bd 0B       		.uleb128 0xb
 1476 00be 3B       		.uleb128 0x3b
 1477 00bf 0B       		.uleb128 0xb
 1478 00c0 49       		.uleb128 0x49
 1479 00c1 13       		.uleb128 0x13
 1480 00c2 38       		.uleb128 0x38
 1481 00c3 0B       		.uleb128 0xb
ARM GAS  /tmp/cceCIeSG.s 			page 27


 1482 00c4 00       		.byte	0
 1483 00c5 00       		.byte	0
 1484 00c6 11       		.uleb128 0x11
 1485 00c7 13       		.uleb128 0x13
 1486 00c8 01       		.byte	0x1
 1487 00c9 0B       		.uleb128 0xb
 1488 00ca 0B       		.uleb128 0xb
 1489 00cb 3A       		.uleb128 0x3a
 1490 00cc 0B       		.uleb128 0xb
 1491 00cd 3B       		.uleb128 0x3b
 1492 00ce 0B       		.uleb128 0xb
 1493 00cf 01       		.uleb128 0x1
 1494 00d0 13       		.uleb128 0x13
 1495 00d1 00       		.byte	0
 1496 00d2 00       		.byte	0
 1497 00d3 12       		.uleb128 0x12
 1498 00d4 17       		.uleb128 0x17
 1499 00d5 01       		.byte	0x1
 1500 00d6 0B       		.uleb128 0xb
 1501 00d7 0B       		.uleb128 0xb
 1502 00d8 3A       		.uleb128 0x3a
 1503 00d9 0B       		.uleb128 0xb
 1504 00da 3B       		.uleb128 0x3b
 1505 00db 0B       		.uleb128 0xb
 1506 00dc 01       		.uleb128 0x1
 1507 00dd 13       		.uleb128 0x13
 1508 00de 00       		.byte	0
 1509 00df 00       		.byte	0
 1510 00e0 13       		.uleb128 0x13
 1511 00e1 0D       		.uleb128 0xd
 1512 00e2 00       		.byte	0
 1513 00e3 03       		.uleb128 0x3
 1514 00e4 0E       		.uleb128 0xe
 1515 00e5 3A       		.uleb128 0x3a
 1516 00e6 0B       		.uleb128 0xb
 1517 00e7 3B       		.uleb128 0x3b
 1518 00e8 05       		.uleb128 0x5
 1519 00e9 49       		.uleb128 0x49
 1520 00ea 13       		.uleb128 0x13
 1521 00eb 00       		.byte	0
 1522 00ec 00       		.byte	0
 1523 00ed 14       		.uleb128 0x14
 1524 00ee 26       		.uleb128 0x26
 1525 00ef 00       		.byte	0
 1526 00f0 49       		.uleb128 0x49
 1527 00f1 13       		.uleb128 0x13
 1528 00f2 00       		.byte	0
 1529 00f3 00       		.byte	0
 1530 00f4 15       		.uleb128 0x15
 1531 00f5 01       		.uleb128 0x1
 1532 00f6 01       		.byte	0x1
 1533 00f7 49       		.uleb128 0x49
 1534 00f8 13       		.uleb128 0x13
 1535 00f9 01       		.uleb128 0x1
 1536 00fa 13       		.uleb128 0x13
 1537 00fb 00       		.byte	0
 1538 00fc 00       		.byte	0
ARM GAS  /tmp/cceCIeSG.s 			page 28


 1539 00fd 16       		.uleb128 0x16
 1540 00fe 21       		.uleb128 0x21
 1541 00ff 00       		.byte	0
 1542 0100 49       		.uleb128 0x49
 1543 0101 13       		.uleb128 0x13
 1544 0102 2F       		.uleb128 0x2f
 1545 0103 0B       		.uleb128 0xb
 1546 0104 00       		.byte	0
 1547 0105 00       		.byte	0
 1548 0106 17       		.uleb128 0x17
 1549 0107 0D       		.uleb128 0xd
 1550 0108 00       		.byte	0
 1551 0109 03       		.uleb128 0x3
 1552 010a 08       		.uleb128 0x8
 1553 010b 3A       		.uleb128 0x3a
 1554 010c 0B       		.uleb128 0xb
 1555 010d 3B       		.uleb128 0x3b
 1556 010e 0B       		.uleb128 0xb
 1557 010f 49       		.uleb128 0x49
 1558 0110 13       		.uleb128 0x13
 1559 0111 00       		.byte	0
 1560 0112 00       		.byte	0
 1561 0113 18       		.uleb128 0x18
 1562 0114 16       		.uleb128 0x16
 1563 0115 00       		.byte	0
 1564 0116 03       		.uleb128 0x3
 1565 0117 0E       		.uleb128 0xe
 1566 0118 3A       		.uleb128 0x3a
 1567 0119 0B       		.uleb128 0xb
 1568 011a 3B       		.uleb128 0x3b
 1569 011b 05       		.uleb128 0x5
 1570 011c 49       		.uleb128 0x49
 1571 011d 13       		.uleb128 0x13
 1572 011e 00       		.byte	0
 1573 011f 00       		.byte	0
 1574 0120 19       		.uleb128 0x19
 1575 0121 2E       		.uleb128 0x2e
 1576 0122 01       		.byte	0x1
 1577 0123 3F       		.uleb128 0x3f
 1578 0124 19       		.uleb128 0x19
 1579 0125 03       		.uleb128 0x3
 1580 0126 0E       		.uleb128 0xe
 1581 0127 3A       		.uleb128 0x3a
 1582 0128 0B       		.uleb128 0xb
 1583 0129 3B       		.uleb128 0x3b
 1584 012a 0B       		.uleb128 0xb
 1585 012b 27       		.uleb128 0x27
 1586 012c 19       		.uleb128 0x19
 1587 012d 49       		.uleb128 0x49
 1588 012e 13       		.uleb128 0x13
 1589 012f 11       		.uleb128 0x11
 1590 0130 01       		.uleb128 0x1
 1591 0131 12       		.uleb128 0x12
 1592 0132 06       		.uleb128 0x6
 1593 0133 40       		.uleb128 0x40
 1594 0134 18       		.uleb128 0x18
 1595 0135 9742     		.uleb128 0x2117
ARM GAS  /tmp/cceCIeSG.s 			page 29


 1596 0137 19       		.uleb128 0x19
 1597 0138 01       		.uleb128 0x1
 1598 0139 13       		.uleb128 0x13
 1599 013a 00       		.byte	0
 1600 013b 00       		.byte	0
 1601 013c 1A       		.uleb128 0x1a
 1602 013d 05       		.uleb128 0x5
 1603 013e 00       		.byte	0
 1604 013f 03       		.uleb128 0x3
 1605 0140 08       		.uleb128 0x8
 1606 0141 3A       		.uleb128 0x3a
 1607 0142 0B       		.uleb128 0xb
 1608 0143 3B       		.uleb128 0x3b
 1609 0144 0B       		.uleb128 0xb
 1610 0145 49       		.uleb128 0x49
 1611 0146 13       		.uleb128 0x13
 1612 0147 02       		.uleb128 0x2
 1613 0148 17       		.uleb128 0x17
 1614 0149 00       		.byte	0
 1615 014a 00       		.byte	0
 1616 014b 1B       		.uleb128 0x1b
 1617 014c 34       		.uleb128 0x34
 1618 014d 00       		.byte	0
 1619 014e 03       		.uleb128 0x3
 1620 014f 0E       		.uleb128 0xe
 1621 0150 49       		.uleb128 0x49
 1622 0151 13       		.uleb128 0x13
 1623 0152 34       		.uleb128 0x34
 1624 0153 19       		.uleb128 0x19
 1625 0154 00       		.byte	0
 1626 0155 00       		.byte	0
 1627 0156 1C       		.uleb128 0x1c
 1628 0157 2E       		.uleb128 0x2e
 1629 0158 01       		.byte	0x1
 1630 0159 3F       		.uleb128 0x3f
 1631 015a 19       		.uleb128 0x19
 1632 015b 03       		.uleb128 0x3
 1633 015c 0E       		.uleb128 0xe
 1634 015d 3A       		.uleb128 0x3a
 1635 015e 0B       		.uleb128 0xb
 1636 015f 3B       		.uleb128 0x3b
 1637 0160 0B       		.uleb128 0xb
 1638 0161 27       		.uleb128 0x27
 1639 0162 19       		.uleb128 0x19
 1640 0163 11       		.uleb128 0x11
 1641 0164 01       		.uleb128 0x1
 1642 0165 12       		.uleb128 0x12
 1643 0166 06       		.uleb128 0x6
 1644 0167 40       		.uleb128 0x40
 1645 0168 18       		.uleb128 0x18
 1646 0169 9742     		.uleb128 0x2117
 1647 016b 19       		.uleb128 0x19
 1648 016c 01       		.uleb128 0x1
 1649 016d 13       		.uleb128 0x13
 1650 016e 00       		.byte	0
 1651 016f 00       		.byte	0
 1652 0170 1D       		.uleb128 0x1d
ARM GAS  /tmp/cceCIeSG.s 			page 30


 1653 0171 05       		.uleb128 0x5
 1654 0172 00       		.byte	0
 1655 0173 03       		.uleb128 0x3
 1656 0174 0E       		.uleb128 0xe
 1657 0175 3A       		.uleb128 0x3a
 1658 0176 0B       		.uleb128 0xb
 1659 0177 3B       		.uleb128 0x3b
 1660 0178 0B       		.uleb128 0xb
 1661 0179 49       		.uleb128 0x49
 1662 017a 13       		.uleb128 0x13
 1663 017b 02       		.uleb128 0x2
 1664 017c 17       		.uleb128 0x17
 1665 017d 00       		.byte	0
 1666 017e 00       		.byte	0
 1667 017f 1E       		.uleb128 0x1e
 1668 0180 898201   		.uleb128 0x4109
 1669 0183 01       		.byte	0x1
 1670 0184 11       		.uleb128 0x11
 1671 0185 01       		.uleb128 0x1
 1672 0186 9542     		.uleb128 0x2115
 1673 0188 19       		.uleb128 0x19
 1674 0189 31       		.uleb128 0x31
 1675 018a 13       		.uleb128 0x13
 1676 018b 00       		.byte	0
 1677 018c 00       		.byte	0
 1678 018d 1F       		.uleb128 0x1f
 1679 018e 8A8201   		.uleb128 0x410a
 1680 0191 00       		.byte	0
 1681 0192 02       		.uleb128 0x2
 1682 0193 18       		.uleb128 0x18
 1683 0194 9142     		.uleb128 0x2111
 1684 0196 18       		.uleb128 0x18
 1685 0197 00       		.byte	0
 1686 0198 00       		.byte	0
 1687 0199 20       		.uleb128 0x20
 1688 019a 34       		.uleb128 0x34
 1689 019b 00       		.byte	0
 1690 019c 03       		.uleb128 0x3
 1691 019d 0E       		.uleb128 0xe
 1692 019e 3A       		.uleb128 0x3a
 1693 019f 0B       		.uleb128 0xb
 1694 01a0 3B       		.uleb128 0x3b
 1695 01a1 05       		.uleb128 0x5
 1696 01a2 49       		.uleb128 0x49
 1697 01a3 13       		.uleb128 0x13
 1698 01a4 3F       		.uleb128 0x3f
 1699 01a5 19       		.uleb128 0x19
 1700 01a6 3C       		.uleb128 0x3c
 1701 01a7 19       		.uleb128 0x19
 1702 01a8 00       		.byte	0
 1703 01a9 00       		.byte	0
 1704 01aa 21       		.uleb128 0x21
 1705 01ab 34       		.uleb128 0x34
 1706 01ac 00       		.byte	0
 1707 01ad 03       		.uleb128 0x3
 1708 01ae 08       		.uleb128 0x8
 1709 01af 3A       		.uleb128 0x3a
ARM GAS  /tmp/cceCIeSG.s 			page 31


 1710 01b0 0B       		.uleb128 0xb
 1711 01b1 3B       		.uleb128 0x3b
 1712 01b2 05       		.uleb128 0x5
 1713 01b3 49       		.uleb128 0x49
 1714 01b4 13       		.uleb128 0x13
 1715 01b5 3F       		.uleb128 0x3f
 1716 01b6 19       		.uleb128 0x19
 1717 01b7 3C       		.uleb128 0x3c
 1718 01b8 19       		.uleb128 0x19
 1719 01b9 00       		.byte	0
 1720 01ba 00       		.byte	0
 1721 01bb 22       		.uleb128 0x22
 1722 01bc 2E       		.uleb128 0x2e
 1723 01bd 00       		.byte	0
 1724 01be 3F       		.uleb128 0x3f
 1725 01bf 19       		.uleb128 0x19
 1726 01c0 3C       		.uleb128 0x3c
 1727 01c1 19       		.uleb128 0x19
 1728 01c2 6E       		.uleb128 0x6e
 1729 01c3 0E       		.uleb128 0xe
 1730 01c4 03       		.uleb128 0x3
 1731 01c5 0E       		.uleb128 0xe
 1732 01c6 3A       		.uleb128 0x3a
 1733 01c7 0B       		.uleb128 0xb
 1734 01c8 3B       		.uleb128 0x3b
 1735 01c9 05       		.uleb128 0x5
 1736 01ca 00       		.byte	0
 1737 01cb 00       		.byte	0
 1738 01cc 00       		.byte	0
 1739              		.section	.debug_loc,"",%progbits
 1740              	.Ldebug_loc0:
 1741              	.LLST0:
 1742 0000 00000000 		.4byte	.LVL0
 1743 0004 08000000 		.4byte	.LVL1
 1744 0008 0100     		.2byte	0x1
 1745 000a 50       		.byte	0x50
 1746 000b 08000000 		.4byte	.LVL1
 1747 000f 0E000000 		.4byte	.LFE260
 1748 0013 0400     		.2byte	0x4
 1749 0015 F3       		.byte	0xf3
 1750 0016 01       		.uleb128 0x1
 1751 0017 50       		.byte	0x50
 1752 0018 9F       		.byte	0x9f
 1753 0019 00000000 		.4byte	0
 1754 001d 00000000 		.4byte	0
 1755              	.LLST1:
 1756 0021 00000000 		.4byte	.LVL2
 1757 0025 04000000 		.4byte	.LVL3
 1758 0029 0100     		.2byte	0x1
 1759 002b 50       		.byte	0x50
 1760 002c 04000000 		.4byte	.LVL3
 1761 0030 1E000000 		.4byte	.LFE261
 1762 0034 0400     		.2byte	0x4
 1763 0036 F3       		.byte	0xf3
 1764 0037 01       		.uleb128 0x1
 1765 0038 50       		.byte	0x50
 1766 0039 9F       		.byte	0x9f
ARM GAS  /tmp/cceCIeSG.s 			page 32


 1767 003a 00000000 		.4byte	0
 1768 003e 00000000 		.4byte	0
 1769              	.LLST2:
 1770 0042 00000000 		.4byte	.LVL2
 1771 0046 0A000000 		.4byte	.LVL4
 1772 004a 0100     		.2byte	0x1
 1773 004c 51       		.byte	0x51
 1774 004d 0A000000 		.4byte	.LVL4
 1775 0051 1E000000 		.4byte	.LFE261
 1776 0055 0400     		.2byte	0x4
 1777 0057 F3       		.byte	0xf3
 1778 0058 01       		.uleb128 0x1
 1779 0059 51       		.byte	0x51
 1780 005a 9F       		.byte	0x9f
 1781 005b 00000000 		.4byte	0
 1782 005f 00000000 		.4byte	0
 1783              	.LLST3:
 1784 0063 00000000 		.4byte	.LVL5
 1785 0067 04000000 		.4byte	.LVL6
 1786 006b 0100     		.2byte	0x1
 1787 006d 50       		.byte	0x50
 1788 006e 04000000 		.4byte	.LVL6
 1789 0072 0A000000 		.4byte	.LFE262
 1790 0076 0400     		.2byte	0x4
 1791 0078 F3       		.byte	0xf3
 1792 0079 01       		.uleb128 0x1
 1793 007a 50       		.byte	0x50
 1794 007b 9F       		.byte	0x9f
 1795 007c 00000000 		.4byte	0
 1796 0080 00000000 		.4byte	0
 1797              	.LLST4:
 1798 0084 00000000 		.4byte	.LVL5
 1799 0088 04000000 		.4byte	.LVL6
 1800 008c 0100     		.2byte	0x1
 1801 008e 51       		.byte	0x51
 1802 008f 04000000 		.4byte	.LVL6
 1803 0093 09000000 		.4byte	.LVL7-1
 1804 0097 0100     		.2byte	0x1
 1805 0099 52       		.byte	0x52
 1806 009a 09000000 		.4byte	.LVL7-1
 1807 009e 0A000000 		.4byte	.LFE262
 1808 00a2 0400     		.2byte	0x4
 1809 00a4 F3       		.byte	0xf3
 1810 00a5 01       		.uleb128 0x1
 1811 00a6 51       		.byte	0x51
 1812 00a7 9F       		.byte	0x9f
 1813 00a8 00000000 		.4byte	0
 1814 00ac 00000000 		.4byte	0
 1815              		.section	.debug_aranges,"",%progbits
 1816 0000 2C000000 		.4byte	0x2c
 1817 0004 0200     		.2byte	0x2
 1818 0006 00000000 		.4byte	.Ldebug_info0
 1819 000a 04       		.byte	0x4
 1820 000b 00       		.byte	0
 1821 000c 0000     		.2byte	0
 1822 000e 0000     		.2byte	0
 1823 0010 00000000 		.4byte	.LFB260
ARM GAS  /tmp/cceCIeSG.s 			page 33


 1824 0014 0E000000 		.4byte	.LFE260-.LFB260
 1825 0018 00000000 		.4byte	.LFB261
 1826 001c 1E000000 		.4byte	.LFE261-.LFB261
 1827 0020 00000000 		.4byte	.LFB262
 1828 0024 0A000000 		.4byte	.LFE262-.LFB262
 1829 0028 00000000 		.4byte	0
 1830 002c 00000000 		.4byte	0
 1831              		.section	.debug_ranges,"",%progbits
 1832              	.Ldebug_ranges0:
 1833 0000 00000000 		.4byte	.LFB260
 1834 0004 0E000000 		.4byte	.LFE260
 1835 0008 00000000 		.4byte	.LFB261
 1836 000c 1E000000 		.4byte	.LFE261
 1837 0010 00000000 		.4byte	.LFB262
 1838 0014 0A000000 		.4byte	.LFE262
 1839 0018 00000000 		.4byte	0
 1840 001c 00000000 		.4byte	0
 1841              		.section	.debug_line,"",%progbits
 1842              	.Ldebug_line0:
 1843 0000 F7010000 		.section	.debug_str,"MS",%progbits,1
 1843      0200BC01 
 1843      00000201 
 1843      FB0E0D00 
 1843      01010101 
 1844              	.LASF54:
 1845 0000 72656164 		.ascii	"ready_list_t\000"
 1845      795F6C69 
 1845      73745F74 
 1845      00
 1846              	.LASF130:
 1847 000d 2F686F6D 		.ascii	"/home/sssilvar/Documents/embebidos/ChibiOS/iflab/pr"
 1847      652F7373 
 1847      73696C76 
 1847      61722F44 
 1847      6F63756D 
 1848 0040 6F6A6563 		.ascii	"ojects/ADC_LCD\000"
 1848      74732F41 
 1848      44435F4C 
 1848      434400
 1849              	.LASF92:
 1850 004f 77747472 		.ascii	"wttrp\000"
 1850      7000
 1851              	.LASF89:
 1852 0055 7264796D 		.ascii	"rdymsg\000"
 1852      736700
 1853              	.LASF19:
 1854 005c 75696E74 		.ascii	"uint64_t\000"
 1854      36345F74 
 1854      00
 1855              	.LASF6:
 1856 0065 5F5F7569 		.ascii	"__uint8_t\000"
 1856      6E74385F 
 1856      7400
 1857              	.LASF108:
 1858 006f 4F545950 		.ascii	"OTYPER\000"
 1858      455200
 1859              	.LASF86:
ARM GAS  /tmp/cceCIeSG.s 			page 34


 1860 0076 706F7274 		.ascii	"port_intctx\000"
 1860      5F696E74 
 1860      63747800 
 1861              	.LASF73:
 1862 0082 73797374 		.ascii	"system_debug_t\000"
 1862      656D5F64 
 1862      65627567 
 1862      5F7400
 1863              	.LASF116:
 1864 0091 696F706F 		.ascii	"ioportmask_t\000"
 1864      72746D61 
 1864      736B5F74 
 1864      00
 1865              	.LASF107:
 1866 009e 4D4F4445 		.ascii	"MODER\000"
 1866      5200
 1867              	.LASF14:
 1868 00a4 6C6F6E67 		.ascii	"long long unsigned int\000"
 1868      206C6F6E 
 1868      6720756E 
 1868      7369676E 
 1868      65642069 
 1869              	.LASF110:
 1870 00bb 50555044 		.ascii	"PUPDR\000"
 1870      5200
 1871              	.LASF90:
 1872 00c1 65786974 		.ascii	"exitcode\000"
 1872      636F6465 
 1872      00
 1873              	.LASF80:
 1874 00ca 6D61696E 		.ascii	"mainthread\000"
 1874      74687265 
 1874      616400
 1875              	.LASF70:
 1876 00d5 76697274 		.ascii	"virtual_timers_list_t\000"
 1876      75616C5F 
 1876      74696D65 
 1876      72735F6C 
 1876      6973745F 
 1877              	.LASF127:
 1878 00eb 49544D5F 		.ascii	"ITM_RxBuffer\000"
 1878      52784275 
 1878      66666572 
 1878      00
 1879              	.LASF53:
 1880 00f8 63685F74 		.ascii	"ch_threads_queue\000"
 1880      68726561 
 1880      64735F71 
 1880      75657565 
 1880      00
 1881              	.LASF33:
 1882 0109 705F7072 		.ascii	"p_prio\000"
 1882      696F00
 1883              	.LASF1:
 1884 0110 6C6F6E67 		.ascii	"long long int\000"
 1884      206C6F6E 
 1884      6720696E 
ARM GAS  /tmp/cceCIeSG.s 			page 35


 1884      7400
 1885              	.LASF3:
 1886 011e 7369676E 		.ascii	"signed char\000"
 1886      65642063 
 1886      68617200 
 1887              	.LASF111:
 1888 012a 42535252 		.ascii	"BSRR\000"
 1888      00
 1889              	.LASF47:
 1890 012f 705F6D70 		.ascii	"p_mpool\000"
 1890      6F6F6C00 
 1891              	.LASF100:
 1892 0137 6D5F7175 		.ascii	"m_queue\000"
 1892      65756500 
 1893              	.LASF79:
 1894 013f 76746C69 		.ascii	"vtlist\000"
 1894      737400
 1895              	.LASF122:
 1896 0146 62697473 		.ascii	"bits\000"
 1896      00
 1897              	.LASF10:
 1898 014b 6C6F6E67 		.ascii	"long int\000"
 1898      20696E74 
 1898      00
 1899              	.LASF23:
 1900 0154 74737461 		.ascii	"tstate_t\000"
 1900      74655F74 
 1900      00
 1901              	.LASF35:
 1902 015d 705F6E65 		.ascii	"p_newer\000"
 1902      77657200 
 1903              	.LASF97:
 1904 0165 735F7175 		.ascii	"s_queue\000"
 1904      65756500 
 1905              	.LASF109:
 1906 016d 4F535045 		.ascii	"OSPEEDR\000"
 1906      45445200 
 1907              	.LASF59:
 1908 0175 725F6E65 		.ascii	"r_newer\000"
 1908      77657200 
 1909              	.LASF120:
 1910 017d 6D61736B 		.ascii	"mask\000"
 1910      00
 1911              	.LASF83:
 1912 0182 72656761 		.ascii	"regarm_t\000"
 1912      726D5F74 
 1912      00
 1913              	.LASF66:
 1914 018b 76745F70 		.ascii	"vt_prev\000"
 1914      72657600 
 1915              	.LASF115:
 1916 0193 73746D33 		.ascii	"stm32_gpio_t\000"
 1916      325F6770 
 1916      696F5F74 
 1916      00
 1917              	.LASF104:
 1918 01a0 6D757465 		.ascii	"mutex_t\000"
ARM GAS  /tmp/cceCIeSG.s 			page 36


 1918      785F7400 
 1919              	.LASF121:
 1920 01a8 494F4275 		.ascii	"IOBus\000"
 1920      7300
 1921              	.LASF28:
 1922 01ae 636E745F 		.ascii	"cnt_t\000"
 1922      7400
 1923              	.LASF0:
 1924 01b4 756E7369 		.ascii	"unsigned int\000"
 1924      676E6564 
 1924      20696E74 
 1924      00
 1925              	.LASF65:
 1926 01c1 76745F6E 		.ascii	"vt_next\000"
 1926      65787400 
 1927              	.LASF16:
 1928 01c9 75696E74 		.ascii	"uint16_t\000"
 1928      31365F74 
 1928      00
 1929              	.LASF93:
 1930 01d2 77747365 		.ascii	"wtsemp\000"
 1930      6D7000
 1931              	.LASF67:
 1932 01d9 76745F64 		.ascii	"vt_delta\000"
 1932      656C7461 
 1932      00
 1933              	.LASF42:
 1934 01e2 705F6D73 		.ascii	"p_msgqueue\000"
 1934      67717565 
 1934      756500
 1935              	.LASF112:
 1936 01ed 4C434B52 		.ascii	"LCKR\000"
 1936      00
 1937              	.LASF98:
 1938 01f2 735F636E 		.ascii	"s_cnt\000"
 1938      7400
 1939              	.LASF8:
 1940 01f8 73686F72 		.ascii	"short unsigned int\000"
 1940      7420756E 
 1940      7369676E 
 1940      65642069 
 1940      6E7400
 1941              	.LASF50:
 1942 020b 63685F74 		.ascii	"ch_thread\000"
 1942      68726561 
 1942      6400
 1943              	.LASF26:
 1944 0215 6D73675F 		.ascii	"msg_t\000"
 1944      7400
 1945              	.LASF76:
 1946 021b 63685F73 		.ascii	"ch_system_t\000"
 1946      79737465 
 1946      6D5F7400 
 1947              	.LASF22:
 1948 0227 746D6F64 		.ascii	"tmode_t\000"
 1948      655F7400 
 1949              	.LASF55:
ARM GAS  /tmp/cceCIeSG.s 			page 37


 1950 022f 63685F72 		.ascii	"ch_ready_list\000"
 1950      65616479 
 1950      5F6C6973 
 1950      7400
 1951              	.LASF27:
 1952 023d 6576656E 		.ascii	"eventmask_t\000"
 1952      746D6173 
 1952      6B5F7400 
 1953              	.LASF9:
 1954 0249 5F5F696E 		.ascii	"__int32_t\000"
 1954      7433325F 
 1954      7400
 1955              	.LASF84:
 1956 0253 73746B61 		.ascii	"stkalign_t\000"
 1956      6C69676E 
 1956      5F7400
 1957              	.LASF128:
 1958 025e 474E5520 		.ascii	"GNU C11 5.2.0 -mcpu=cortex-m4 -mfloat-abi=hard -mfp"
 1958      43313120 
 1958      352E322E 
 1958      30202D6D 
 1958      6370753D 
 1959 0291 753D6670 		.ascii	"u=fpv4-sp-d16 -mno-thumb-interwork -mthumb -ggdb -O"
 1959      76342D73 
 1959      702D6431 
 1959      36202D6D 
 1959      6E6F2D74 
 1960 02c4 32202D66 		.ascii	"2 -fomit-frame-pointer -falign-functions=16 -ffunct"
 1960      6F6D6974 
 1960      2D667261 
 1960      6D652D70 
 1960      6F696E74 
 1961 02f7 696F6E2D 		.ascii	"ion-sections -fdata-sections -fno-common -fsingle-p"
 1961      73656374 
 1961      696F6E73 
 1961      202D6664 
 1961      6174612D 
 1962 032a 72656369 		.ascii	"recision-constant\000"
 1962      73696F6E 
 1962      2D636F6E 
 1962      7374616E 
 1962      7400
 1963              	.LASF13:
 1964 033c 5F5F7569 		.ascii	"__uint64_t\000"
 1964      6E743634 
 1964      5F7400
 1965              	.LASF41:
 1966 0347 705F7761 		.ascii	"p_waiting\000"
 1966      6974696E 
 1966      6700
 1967              	.LASF82:
 1968 0351 73697A65 		.ascii	"sizetype\000"
 1968      74797065 
 1968      00
 1969              	.LASF48:
 1970 035a 74687265 		.ascii	"thread_reference_t\000"
 1970      61645F72 
ARM GAS  /tmp/cceCIeSG.s 			page 38


 1970      65666572 
 1970      656E6365 
 1970      5F7400
 1971              	.LASF71:
 1972 036d 63685F76 		.ascii	"ch_virtual_timers_list\000"
 1972      69727475 
 1972      616C5F74 
 1972      696D6572 
 1972      735F6C69 
 1973              	.LASF106:
 1974 0384 636C6561 		.ascii	"clear\000"
 1974      7200
 1975              	.LASF2:
 1976 038a 6C6F6E67 		.ascii	"long double\000"
 1976      20646F75 
 1976      626C6500 
 1977              	.LASF72:
 1978 0396 76745F6C 		.ascii	"vt_lasttime\000"
 1978      61737474 
 1978      696D6500 
 1979              	.LASF36:
 1980 03a2 705F6F6C 		.ascii	"p_older\000"
 1980      64657200 
 1981              	.LASF58:
 1982 03aa 725F6374 		.ascii	"r_ctx\000"
 1982      7800
 1983              	.LASF88:
 1984 03b0 746D5F63 		.ascii	"tm_calibration_t\000"
 1984      616C6962 
 1984      72617469 
 1984      6F6E5F74 
 1984      00
 1985              	.LASF61:
 1986 03c1 725F6375 		.ascii	"r_current\000"
 1986      7272656E 
 1986      7400
 1987              	.LASF60:
 1988 03cb 725F6F6C 		.ascii	"r_older\000"
 1988      64657200 
 1989              	.LASF119:
 1990 03d3 706F7274 		.ascii	"portid\000"
 1990      696400
 1991              	.LASF114:
 1992 03da 41465248 		.ascii	"AFRH\000"
 1992      00
 1993              	.LASF125:
 1994 03df 70616C53 		.ascii	"palSetBusMode\000"
 1994      65744275 
 1994      734D6F64 
 1994      6500
 1995              	.LASF113:
 1996 03ed 4146524C 		.ascii	"AFRL\000"
 1996      00
 1997              	.LASF24:
 1998 03f2 74726566 		.ascii	"trefs_t\000"
 1998      735F7400 
 1999              	.LASF63:
ARM GAS  /tmp/cceCIeSG.s 			page 39


 2000 03fa 76697274 		.ascii	"virtual_timer_t\000"
 2000      75616C5F 
 2000      74696D65 
 2000      725F7400 
 2001              	.LASF32:
 2002 040a 705F7072 		.ascii	"p_prev\000"
 2002      657600
 2003              	.LASF25:
 2004 0411 74707269 		.ascii	"tprio_t\000"
 2004      6F5F7400 
 2005              	.LASF74:
 2006 0419 63685F73 		.ascii	"ch_system_debug\000"
 2006      79737465 
 2006      6D5F6465 
 2006      62756700 
 2007              	.LASF105:
 2008 0429 5F426F6F 		.ascii	"_Bool\000"
 2008      6C00
 2009              	.LASF17:
 2010 042f 696E7433 		.ascii	"int32_t\000"
 2010      325F7400 
 2011              	.LASF4:
 2012 0437 756E7369 		.ascii	"unsigned char\000"
 2012      676E6564 
 2012      20636861 
 2012      7200
 2013              	.LASF45:
 2014 0445 705F6D74 		.ascii	"p_mtxlist\000"
 2014      786C6973 
 2014      7400
 2015              	.LASF5:
 2016 044f 73686F72 		.ascii	"short int\000"
 2016      7420696E 
 2016      7400
 2017              	.LASF38:
 2018 0459 705F7374 		.ascii	"p_state\000"
 2018      61746500 
 2019              	.LASF57:
 2020 0461 725F7072 		.ascii	"r_prio\000"
 2020      696F00
 2021              	.LASF95:
 2022 0468 65776D61 		.ascii	"ewmask\000"
 2022      736B00
 2023              	.LASF31:
 2024 046f 705F6E65 		.ascii	"p_next\000"
 2024      787400
 2025              	.LASF20:
 2026 0476 75696E74 		.ascii	"uint_fast8_t\000"
 2026      5F666173 
 2026      74385F74 
 2026      00
 2027              	.LASF39:
 2028 0483 705F666C 		.ascii	"p_flags\000"
 2028      61677300 
 2029              	.LASF123:
 2030 048b 5F5F6675 		.ascii	"__func__\000"
 2030      6E635F5F 
ARM GAS  /tmp/cceCIeSG.s 			page 40


 2030      00
 2031              	.LASF81:
 2032 0494 69646C65 		.ascii	"idle_thread_wa\000"
 2032      5F746872 
 2032      6561645F 
 2032      776100
 2033              	.LASF77:
 2034 04a3 63685F73 		.ascii	"ch_system\000"
 2034      79737465 
 2034      6D00
 2035              	.LASF64:
 2036 04ad 63685F76 		.ascii	"ch_virtual_timer\000"
 2036      69727475 
 2036      616C5F74 
 2036      696D6572 
 2036      00
 2037              	.LASF96:
 2038 04be 63685F73 		.ascii	"ch_semaphore\000"
 2038      656D6170 
 2038      686F7265 
 2038      00
 2039              	.LASF44:
 2040 04cb 705F6570 		.ascii	"p_epending\000"
 2040      656E6469 
 2040      6E6700
 2041              	.LASF18:
 2042 04d6 75696E74 		.ascii	"uint32_t\000"
 2042      33325F74 
 2042      00
 2043              	.LASF94:
 2044 04df 77746D74 		.ascii	"wtmtxp\000"
 2044      787000
 2045              	.LASF56:
 2046 04e6 725F7175 		.ascii	"r_queue\000"
 2046      65756500 
 2047              	.LASF51:
 2048 04ee 63685F74 		.ascii	"ch_threads_list\000"
 2048      68726561 
 2048      64735F6C 
 2048      69737400 
 2049              	.LASF12:
 2050 04fe 6C6F6E67 		.ascii	"long unsigned int\000"
 2050      20756E73 
 2050      69676E65 
 2050      6420696E 
 2050      7400
 2051              	.LASF103:
 2052 0510 63686172 		.ascii	"char\000"
 2052      00
 2053              	.LASF129:
 2054 0515 2E2E2F2E 		.ascii	"../../os/hal/src/pal.c\000"
 2054      2E2F6F73 
 2054      2F68616C 
 2054      2F737263 
 2054      2F70616C 
 2055              	.LASF126:
 2056 052c 6D6F6465 		.ascii	"mode\000"
ARM GAS  /tmp/cceCIeSG.s 			page 41


 2056      00
 2057              	.LASF131:
 2058 0531 70616C52 		.ascii	"palReadBus\000"
 2058      65616442 
 2058      757300
 2059              	.LASF7:
 2060 053c 5F5F7569 		.ascii	"__uint16_t\000"
 2060      6E743136 
 2060      5F7400
 2061              	.LASF30:
 2062 0547 74687265 		.ascii	"thread_t\000"
 2062      61645F74 
 2062      00
 2063              	.LASF102:
 2064 0550 6D5F6E65 		.ascii	"m_next\000"
 2064      787400
 2065              	.LASF29:
 2066 0557 73797374 		.ascii	"systime_t\000"
 2066      696D655F 
 2066      7400
 2067              	.LASF46:
 2068 0561 705F7265 		.ascii	"p_realprio\000"
 2068      616C7072 
 2068      696F00
 2069              	.LASF62:
 2070 056c 76746675 		.ascii	"vtfunc_t\000"
 2070      6E635F74 
 2070      00
 2071              	.LASF11:
 2072 0575 5F5F7569 		.ascii	"__uint32_t\000"
 2072      6E743332 
 2072      5F7400
 2073              	.LASF75:
 2074 0580 70616E69 		.ascii	"panic_msg\000"
 2074      635F6D73 
 2074      6700
 2075              	.LASF87:
 2076 058a 6F666673 		.ascii	"offset\000"
 2076      657400
 2077              	.LASF118:
 2078 0591 696F706F 		.ascii	"ioportid_t\000"
 2078      72746964 
 2078      5F7400
 2079              	.LASF85:
 2080 059c 636F6E74 		.ascii	"context\000"
 2080      65787400 
 2081              	.LASF132:
 2082 05a4 5F70616C 		.ascii	"_pal_lld_setgroupmode\000"
 2082      5F6C6C64 
 2082      5F736574 
 2082      67726F75 
 2082      706D6F64 
 2083              	.LASF21:
 2084 05ba 7274636E 		.ascii	"rtcnt_t\000"
 2084      745F7400 
 2085              	.LASF69:
 2086 05c2 76745F70 		.ascii	"vt_par\000"
ARM GAS  /tmp/cceCIeSG.s 			page 42


 2086      617200
 2087              	.LASF124:
 2088 05c9 70616C57 		.ascii	"palWriteBus\000"
 2088      72697465 
 2088      42757300 
 2089              	.LASF52:
 2090 05d5 74687265 		.ascii	"threads_queue_t\000"
 2090      6164735F 
 2090      71756575 
 2090      655F7400 
 2091              	.LASF99:
 2092 05e5 63685F6D 		.ascii	"ch_mutex\000"
 2092      75746578 
 2092      00
 2093              	.LASF40:
 2094 05ee 705F7265 		.ascii	"p_refs\000"
 2094      667300
 2095              	.LASF78:
 2096 05f5 726C6973 		.ascii	"rlist\000"
 2096      7400
 2097              	.LASF15:
 2098 05fb 75696E74 		.ascii	"uint8_t\000"
 2098      385F7400 
 2099              	.LASF91:
 2100 0603 77746F62 		.ascii	"wtobjp\000"
 2100      6A7000
 2101              	.LASF37:
 2102 060a 705F6E61 		.ascii	"p_name\000"
 2102      6D6500
 2103              	.LASF49:
 2104 0611 74687265 		.ascii	"threads_list_t\000"
 2104      6164735F 
 2104      6C697374 
 2104      5F7400
 2105              	.LASF43:
 2106 0620 705F6D73 		.ascii	"p_msg\000"
 2106      6700
 2107              	.LASF117:
 2108 0626 696F6D6F 		.ascii	"iomode_t\000"
 2108      64655F74 
 2108      00
 2109              	.LASF101:
 2110 062f 6D5F6F77 		.ascii	"m_owner\000"
 2110      6E657200 
 2111              	.LASF34:
 2112 0637 705F6374 		.ascii	"p_ctx\000"
 2112      7800
 2113              	.LASF68:
 2114 063d 76745F66 		.ascii	"vt_func\000"
 2114      756E6300 
 2115              		.ident	"GCC: (Fedora 5.2.0-2.fc22) 5.2.0"
ARM GAS  /tmp/cceCIeSG.s 			page 43


DEFINED SYMBOLS
                            *ABS*:0000000000000000 pal.c
     /tmp/cceCIeSG.s:22     .text.palReadBus:0000000000000000 $t
     /tmp/cceCIeSG.s:28     .text.palReadBus:0000000000000000 palReadBus
     /tmp/cceCIeSG.s:51     .text.palWriteBus:0000000000000000 $t
     /tmp/cceCIeSG.s:57     .text.palWriteBus:0000000000000000 palWriteBus
     /tmp/cceCIeSG.s:88     .text.palSetBusMode:0000000000000000 $t
     /tmp/cceCIeSG.s:94     .text.palSetBusMode:0000000000000000 palSetBusMode
                     .debug_frame:0000000000000010 $d

UNDEFINED SYMBOLS
_pal_lld_setgroupmode
