ARM GAS  /tmp/ccHeQsf7.s 			page 1


   1              		.syntax unified
   2              		.cpu cortex-m4
   3              		.eabi_attribute 27, 1
   4              		.eabi_attribute 28, 1
   5              		.fpu fpv4-sp-d16
   6              		.eabi_attribute 20, 1
   7              		.eabi_attribute 21, 1
   8              		.eabi_attribute 23, 3
   9              		.eabi_attribute 24, 1
  10              		.eabi_attribute 25, 1
  11              		.eabi_attribute 26, 1
  12              		.eabi_attribute 30, 2
  13              		.eabi_attribute 34, 1
  14              		.eabi_attribute 18, 4
  15              		.thumb
  16              		.syntax unified
  17              		.file	"st_lld.c"
  18              		.text
  19              	.Ltext0:
  20              		.cfi_sections	.debug_frame
  21              		.section	.text.VectorB0,"ax",%progbits
  22              		.align	2
  23              		.p2align 4,,15
  24              		.global	VectorB0
  25              		.thumb
  26              		.thumb_func
  27              		.type	VectorB0, %function
  28              	VectorB0:
  29              	.LFB260:
  30              		.file 1 "../../os/hal/ports/STM32/LLD/TIMv1/st_lld.c"
  31              		.loc 1 173 0
  32              		.cfi_startproc
  33              		@ args = 0, pretend = 0, frame = 0
  34              		@ frame_needed = 0, uses_anonymous_args = 0
  35              		.loc 1 180 0
  36 0000 4FF08043 		mov	r3, #1073741824
  37 0004 1A69     		ldr	r2, [r3, #16]
  38 0006 9207     		lsls	r2, r2, #30
  39 0008 01D4     		bmi	.L9
  40              		.loc 1 188 0
  41 000a FFF7FEBF 		b	_port_irq_epilogue
  42              	.LVL0:
  43              	.L9:
  44              		.loc 1 173 0
  45 000e 10B5     		push	{r4, lr}
  46              		.cfi_def_cfa_offset 8
  47              		.cfi_offset 4, -8
  48              		.cfi_offset 14, -4
  49              		.loc 1 181 0
  50 0010 0024     		movs	r4, #0
  51 0012 1C61     		str	r4, [r3, #16]
  52              	.LVL1:
  53              	.LBB52:
  54              	.LBB53:
  55              	.LBB54:
  56              	.LBB55:
  57              	.LBB56:
ARM GAS  /tmp/ccHeQsf7.s 			page 2


  58              	.LBB57:
  59              		.file 2 "../../os/ext/CMSIS/include/core_cmFunc.h"
  60              		.loc 2 546 0
  61 0014 2023     		movs	r3, #32
  62              		.syntax unified
  63              	@ 546 "../../os/ext/CMSIS/include/core_cmFunc.h" 1
  64 0016 83F31188 		MSR basepri, r3
  65              	@ 0 "" 2
  66              		.thumb
  67              		.syntax unified
  68              	.LBE57:
  69              	.LBE56:
  70              	.LBE55:
  71              	.LBE54:
  72              	.LBE53:
  73              	.LBE52:
  74              	.LBB58:
  75              	.LBB59:
  76              		.file 3 "../../os/hal/osal/rt/osal.h"
  77              		.loc 3 539 0
  78 001a FFF7FEFF 		bl	chSysTimerHandlerI
  79              	.LVL2:
  80              	.LBE59:
  81              	.LBE58:
  82              	.LBB60:
  83              	.LBB61:
  84              	.LBB62:
  85              	.LBB63:
  86              	.LBB64:
  87              	.LBB65:
  88              		.loc 2 546 0
  89              		.syntax unified
  90              	@ 546 "../../os/ext/CMSIS/include/core_cmFunc.h" 1
  91 001e 84F31188 		MSR basepri, r4
  92              	@ 0 "" 2
  93              		.thumb
  94              		.syntax unified
  95              	.LBE65:
  96              	.LBE64:
  97              	.LBE63:
  98              	.LBE62:
  99              	.LBE61:
 100              	.LBE60:
 101              		.loc 1 189 0
 102 0022 BDE81040 		pop	{r4, lr}
 103              		.cfi_restore 14
 104              		.cfi_restore 4
 105              		.cfi_def_cfa_offset 0
 106              		.loc 1 188 0
 107 0026 FFF7FEBF 		b	_port_irq_epilogue
 108              	.LVL3:
 109              		.cfi_endproc
 110              	.LFE260:
 111              		.size	VectorB0, .-VectorB0
 112 002a 00BFAFF3 		.section	.text.st_lld_init,"ax",%progbits
 112      0080
 113              		.align	2
ARM GAS  /tmp/ccHeQsf7.s 			page 3


 114              		.p2align 4,,15
 115              		.global	st_lld_init
 116              		.thumb
 117              		.thumb_func
 118              		.type	st_lld_init, %function
 119              	st_lld_init:
 120              	.LFB261:
 121              		.loc 1 201 0
 122              		.cfi_startproc
 123              		@ args = 0, pretend = 0, frame = 0
 124              		@ frame_needed = 0, uses_anonymous_args = 0
 125              		@ link register save eliminated.
 126              		.loc 1 207 0
 127 0000 0F4A     		ldr	r2, .L12
 128              		.loc 1 210 0
 129 0002 1048     		ldr	r0, .L12+4
 130              		.loc 1 207 0
 131 0004 136C     		ldr	r3, [r2, #64]
 132              		.loc 1 201 0
 133 0006 70B4     		push	{r4, r5, r6}
 134              		.cfi_def_cfa_offset 12
 135              		.cfi_offset 4, -12
 136              		.cfi_offset 5, -8
 137              		.cfi_offset 6, -4
 138              		.loc 1 207 0
 139 0008 43F00103 		orr	r3, r3, #1
 140 000c 1364     		str	r3, [r2, #64]
 141              		.loc 1 210 0
 142 000e 8168     		ldr	r1, [r0, #8]
 143              		.loc 1 213 0
 144 0010 4FF08043 		mov	r3, #1073741824
 145              		.loc 1 215 0
 146 0014 0022     		movs	r2, #0
 147              		.loc 1 219 0
 148 0016 0124     		movs	r4, #1
 149              		.loc 1 210 0
 150 0018 41F00101 		orr	r1, r1, #1
 151              		.loc 1 213 0
 152 001c 42F2CF06 		movw	r6, #8399
 153              		.loc 1 214 0
 154 0020 4FF0FF35 		mov	r5, #-1
 155              		.loc 1 210 0
 156 0024 8160     		str	r1, [r0, #8]
 157              		.loc 1 213 0
 158 0026 9E62     		str	r6, [r3, #40]
 159              		.loc 1 223 0
 160 0028 0821     		movs	r1, #8
 161              		.loc 1 214 0
 162 002a DD62     		str	r5, [r3, #44]
 163              		.loc 1 223 0
 164 002c 1C20     		movs	r0, #28
 165              		.loc 1 215 0
 166 002e 9A61     		str	r2, [r3, #24]
 167              		.loc 1 216 0
 168 0030 5A63     		str	r2, [r3, #52]
 169              		.loc 1 217 0
 170 0032 DA60     		str	r2, [r3, #12]
ARM GAS  /tmp/ccHeQsf7.s 			page 4


 171              		.loc 1 218 0
 172 0034 5A60     		str	r2, [r3, #4]
 173              		.loc 1 219 0
 174 0036 5C61     		str	r4, [r3, #20]
 175              		.loc 1 220 0
 176 0038 1C60     		str	r4, [r3]
 177              		.loc 1 238 0
 178 003a 70BC     		pop	{r4, r5, r6}
 179              		.cfi_restore 6
 180              		.cfi_restore 5
 181              		.cfi_restore 4
 182              		.cfi_def_cfa_offset 0
 183              		.loc 1 223 0
 184 003c FFF7FEBF 		b	nvicEnableVector
 185              	.LVL4:
 186              	.L13:
 187              		.align	2
 188              	.L12:
 189 0040 00380240 		.word	1073887232
 190 0044 002004E0 		.word	-536600576
 191              		.cfi_endproc
 192              	.LFE261:
 193              		.size	st_lld_init, .-st_lld_init
 194 0048 AFF30080 		.text
 194      AFF30080 
 195              	.Letext0:
 196              		.file 4 "/usr/arm-none-eabi/include/machine/_default_types.h"
 197              		.file 5 "/usr/arm-none-eabi/include/stdint.h"
 198              		.file 6 "../../os/rt/ports/ARMCMx/compilers/GCC/chtypes.h"
 199              		.file 7 "../../os/rt/include/chsystypes.h"
 200              		.file 8 "../../os/rt/include/chschd.h"
 201              		.file 9 "../../os/ext/CMSIS/ST/stm32f401xc.h"
 202              		.file 10 "../../os/rt/ports/ARMCMx/chcore.h"
 203              		.file 11 "../../os/rt/ports/ARMCMx/chcore_v7m.h"
 204              		.file 12 "../../os/hal/ports/STM32/LLD/TIMv1/stm32_tim.h"
 205              		.file 13 "../../os/rt/include/chtm.h"
 206              		.file 14 "../../os/rt/include/chsem.h"
 207              		.file 15 "../../os/rt/include/chmtx.h"
 208              		.file 16 "../../os/rt/include/chsys.h"
 209              		.file 17 "../../os/hal/ports/common/ARMCMx/nvic.h"
 210              		.file 18 "../../os/ext/CMSIS/include/core_cm4.h"
 211              		.section	.debug_info,"",%progbits
 212              	.Ldebug_info0:
 213 0000 E10B0000 		.4byte	0xbe1
 214 0004 0400     		.2byte	0x4
 215 0006 00000000 		.4byte	.Ldebug_abbrev0
 216 000a 04       		.byte	0x4
 217 000b 01       		.uleb128 0x1
 218 000c 0A030000 		.4byte	.LASF160
 219 0010 0C       		.byte	0xc
 220 0011 41060000 		.4byte	.LASF161
 221 0015 12000000 		.4byte	.LASF162
 222 0019 00000000 		.4byte	.Ldebug_ranges0+0
 223 001d 00000000 		.4byte	0
 224 0021 00000000 		.4byte	.Ldebug_line0
 225 0025 02       		.uleb128 0x2
 226 0026 04       		.byte	0x4
ARM GAS  /tmp/ccHeQsf7.s 			page 5


 227 0027 05       		.byte	0x5
 228 0028 696E7400 		.ascii	"int\000"
 229 002c 03       		.uleb128 0x3
 230 002d 04       		.byte	0x4
 231 002e 07       		.byte	0x7
 232 002f 21020000 		.4byte	.LASF0
 233 0033 03       		.uleb128 0x3
 234 0034 08       		.byte	0x8
 235 0035 05       		.byte	0x5
 236 0036 F8010000 		.4byte	.LASF1
 237 003a 03       		.uleb128 0x3
 238 003b 08       		.byte	0x8
 239 003c 04       		.byte	0x4
 240 003d 44040000 		.4byte	.LASF2
 241 0041 03       		.uleb128 0x3
 242 0042 01       		.byte	0x1
 243 0043 06       		.byte	0x6
 244 0044 45010000 		.4byte	.LASF3
 245 0048 04       		.uleb128 0x4
 246 0049 6A000000 		.4byte	.LASF7
 247 004d 04       		.byte	0x4
 248 004e 1D       		.byte	0x1d
 249 004f 53000000 		.4byte	0x53
 250 0053 03       		.uleb128 0x3
 251 0054 01       		.byte	0x1
 252 0055 08       		.byte	0x8
 253 0056 4C050000 		.4byte	.LASF4
 254 005a 03       		.uleb128 0x3
 255 005b 02       		.byte	0x2
 256 005c 05       		.byte	0x5
 257 005d 78050000 		.4byte	.LASF5
 258 0061 03       		.uleb128 0x3
 259 0062 02       		.byte	0x2
 260 0063 07       		.byte	0x7
 261 0064 AA050000 		.4byte	.LASF6
 262 0068 04       		.uleb128 0x4
 263 0069 E1020000 		.4byte	.LASF8
 264 006d 04       		.byte	0x4
 265 006e 3F       		.byte	0x3f
 266 006f 73000000 		.4byte	0x73
 267 0073 03       		.uleb128 0x3
 268 0074 04       		.byte	0x4
 269 0075 05       		.byte	0x5
 270 0076 7C010000 		.4byte	.LASF9
 271 007a 04       		.uleb128 0x4
 272 007b C6060000 		.4byte	.LASF10
 273 007f 04       		.byte	0x4
 274 0080 41       		.byte	0x41
 275 0081 85000000 		.4byte	0x85
 276 0085 03       		.uleb128 0x3
 277 0086 04       		.byte	0x4
 278 0087 07       		.byte	0x7
 279 0088 25060000 		.4byte	.LASF11
 280 008c 04       		.uleb128 0x4
 281 008d B6040000 		.4byte	.LASF12
 282 0091 04       		.byte	0x4
 283 0092 5B       		.byte	0x5b
ARM GAS  /tmp/ccHeQsf7.s 			page 6


 284 0093 97000000 		.4byte	0x97
 285 0097 03       		.uleb128 0x3
 286 0098 08       		.byte	0x8
 287 0099 07       		.byte	0x7
 288 009a 99000000 		.4byte	.LASF13
 289 009e 04       		.uleb128 0x4
 290 009f 6F070000 		.4byte	.LASF14
 291 00a3 05       		.byte	0x5
 292 00a4 15       		.byte	0x15
 293 00a5 48000000 		.4byte	0x48
 294 00a9 04       		.uleb128 0x4
 295 00aa 44050000 		.4byte	.LASF15
 296 00ae 05       		.byte	0x5
 297 00af 2C       		.byte	0x2c
 298 00b0 68000000 		.4byte	0x68
 299 00b4 04       		.uleb128 0x4
 300 00b5 FD050000 		.4byte	.LASF16
 301 00b9 05       		.byte	0x5
 302 00ba 2D       		.byte	0x2d
 303 00bb 7A000000 		.4byte	0x7a
 304 00bf 04       		.uleb128 0x4
 305 00c0 61000000 		.4byte	.LASF17
 306 00c4 05       		.byte	0x5
 307 00c5 39       		.byte	0x39
 308 00c6 8C000000 		.4byte	0x8c
 309 00ca 05       		.uleb128 0x5
 310 00cb A9000000 		.4byte	0xa9
 311 00cf 05       		.uleb128 0x5
 312 00d0 B4000000 		.4byte	0xb4
 313 00d4 04       		.uleb128 0x4
 314 00d5 1C070000 		.4byte	.LASF18
 315 00d9 06       		.byte	0x6
 316 00da 45       		.byte	0x45
 317 00db B4000000 		.4byte	0xb4
 318 00df 04       		.uleb128 0x4
 319 00e0 9C070000 		.4byte	.LASF19
 320 00e4 06       		.byte	0x6
 321 00e5 48       		.byte	0x48
 322 00e6 9E000000 		.4byte	0x9e
 323 00ea 04       		.uleb128 0x4
 324 00eb 98010000 		.4byte	.LASF20
 325 00ef 06       		.byte	0x6
 326 00f0 49       		.byte	0x49
 327 00f1 9E000000 		.4byte	0x9e
 328 00f5 04       		.uleb128 0x4
 329 00f6 C8040000 		.4byte	.LASF21
 330 00fa 06       		.byte	0x6
 331 00fb 4A       		.byte	0x4a
 332 00fc 9E000000 		.4byte	0x9e
 333 0100 04       		.uleb128 0x4
 334 0101 13050000 		.4byte	.LASF22
 335 0105 06       		.byte	0x6
 336 0106 4C       		.byte	0x4c
 337 0107 B4000000 		.4byte	0xb4
 338 010b 04       		.uleb128 0x4
 339 010c 7D020000 		.4byte	.LASF23
 340 0110 06       		.byte	0x6
ARM GAS  /tmp/ccHeQsf7.s 			page 7


 341 0111 4D       		.byte	0x4d
 342 0112 A9000000 		.4byte	0xa9
 343 0116 04       		.uleb128 0x4
 344 0117 D5020000 		.4byte	.LASF24
 345 011b 06       		.byte	0x6
 346 011c 4F       		.byte	0x4f
 347 011d B4000000 		.4byte	0xb4
 348 0121 04       		.uleb128 0x4
 349 0122 1B020000 		.4byte	.LASF25
 350 0126 06       		.byte	0x6
 351 0127 51       		.byte	0x51
 352 0128 A9000000 		.4byte	0xa9
 353 012c 04       		.uleb128 0x4
 354 012d A0060000 		.4byte	.LASF26
 355 0131 07       		.byte	0x7
 356 0132 33       		.byte	0x33
 357 0133 B4000000 		.4byte	0xb4
 358 0137 04       		.uleb128 0x4
 359 0138 8B060000 		.4byte	.LASF27
 360 013c 07       		.byte	0x7
 361 013d 3F       		.byte	0x3f
 362 013e 42010000 		.4byte	0x142
 363 0142 06       		.uleb128 0x6
 364 0143 68020000 		.4byte	.LASF47
 365 0147 44       		.byte	0x44
 366 0148 08       		.byte	0x8
 367 0149 C2       		.byte	0xc2
 368 014a 2F020000 		.4byte	0x22f
 369 014e 07       		.uleb128 0x7
 370 014f 50040000 		.4byte	.LASF28
 371 0153 08       		.byte	0x8
 372 0154 C3       		.byte	0xc3
 373 0155 3A020000 		.4byte	0x23a
 374 0159 00       		.byte	0
 375 015a 07       		.uleb128 0x7
 376 015b 02050000 		.4byte	.LASF29
 377 015f 08       		.byte	0x8
 378 0160 C5       		.byte	0xc5
 379 0161 3A020000 		.4byte	0x23a
 380 0165 04       		.byte	0x4
 381 0166 07       		.uleb128 0x7
 382 0167 1B010000 		.4byte	.LASF30
 383 016b 08       		.byte	0x8
 384 016c C7       		.byte	0xc7
 385 016d 00010000 		.4byte	0x100
 386 0171 08       		.byte	0x8
 387 0172 07       		.uleb128 0x7
 388 0173 C2070000 		.4byte	.LASF31
 389 0177 08       		.byte	0x8
 390 0178 C8       		.byte	0xc8
 391 0179 68060000 		.4byte	0x668
 392 017d 0C       		.byte	0xc
 393 017e 07       		.uleb128 0x7
 394 017f A1010000 		.4byte	.LASF32
 395 0183 08       		.byte	0x8
 396 0184 CA       		.byte	0xca
 397 0185 3A020000 		.4byte	0x23a
ARM GAS  /tmp/ccHeQsf7.s 			page 8


 398 0189 10       		.byte	0x10
 399 018a 07       		.uleb128 0x7
 400 018b 6B040000 		.4byte	.LASF33
 401 018f 08       		.byte	0x8
 402 0190 CB       		.byte	0xcb
 403 0191 3A020000 		.4byte	0x23a
 404 0195 14       		.byte	0x14
 405 0196 07       		.uleb128 0x7
 406 0197 88070000 		.4byte	.LASF34
 407 019b 08       		.byte	0x8
 408 019c D2       		.byte	0xd2
 409 019d CF090000 		.4byte	0x9cf
 410 01a1 18       		.byte	0x18
 411 01a2 07       		.uleb128 0x7
 412 01a3 82050000 		.4byte	.LASF35
 413 01a7 08       		.byte	0x8
 414 01a8 DD       		.byte	0xdd
 415 01a9 EA000000 		.4byte	0xea
 416 01ad 1C       		.byte	0x1c
 417 01ae 07       		.uleb128 0x7
 418 01af A2050000 		.4byte	.LASF36
 419 01b3 08       		.byte	0x8
 420 01b4 E1       		.byte	0xe1
 421 01b5 DF000000 		.4byte	0xdf
 422 01b9 1D       		.byte	0x1d
 423 01ba 07       		.uleb128 0x7
 424 01bb 5D070000 		.4byte	.LASF37
 425 01bf 08       		.byte	0x8
 426 01c0 E6       		.byte	0xe6
 427 01c1 F5000000 		.4byte	0xf5
 428 01c5 1E       		.byte	0x1e
 429 01c6 08       		.uleb128 0x8
 430 01c7 705F7500 		.ascii	"p_u\000"
 431 01cb 08       		.byte	0x8
 432 01cc 3101     		.2byte	0x131
 433 01ce 0A090000 		.4byte	0x90a
 434 01d2 20       		.byte	0x20
 435 01d3 09       		.uleb128 0x9
 436 01d4 07040000 		.4byte	.LASF38
 437 01d8 08       		.byte	0x8
 438 01d9 3601     		.2byte	0x136
 439 01db 40020000 		.4byte	0x240
 440 01df 24       		.byte	0x24
 441 01e0 09       		.uleb128 0x9
 442 01e1 46020000 		.4byte	.LASF39
 443 01e5 08       		.byte	0x8
 444 01e6 3C01     		.2byte	0x13c
 445 01e8 64020000 		.4byte	0x264
 446 01ec 28       		.byte	0x28
 447 01ed 09       		.uleb128 0x9
 448 01ee AC070000 		.4byte	.LASF40
 449 01f2 08       		.byte	0x8
 450 01f3 4001     		.2byte	0x140
 451 01f5 0B010000 		.4byte	0x10b
 452 01f9 30       		.byte	0x30
 453 01fa 09       		.uleb128 0x9
 454 01fb E8050000 		.4byte	.LASF41
ARM GAS  /tmp/ccHeQsf7.s 			page 9


 455 01ff 08       		.byte	0x8
 456 0200 4601     		.2byte	0x146
 457 0202 16010000 		.4byte	0x116
 458 0206 34       		.byte	0x34
 459 0207 09       		.uleb128 0x9
 460 0208 6E050000 		.4byte	.LASF42
 461 020c 08       		.byte	0x8
 462 020d 4D01     		.2byte	0x14d
 463 020f C9090000 		.4byte	0x9c9
 464 0213 38       		.byte	0x38
 465 0214 09       		.uleb128 0x9
 466 0215 8C020000 		.4byte	.LASF43
 467 0219 08       		.byte	0x8
 468 021a 5101     		.2byte	0x151
 469 021c 00010000 		.4byte	0x100
 470 0220 3C       		.byte	0x3c
 471 0221 09       		.uleb128 0x9
 472 0222 C5010000 		.4byte	.LASF44
 473 0226 08       		.byte	0x8
 474 0227 5801     		.2byte	0x158
 475 0229 17030000 		.4byte	0x317
 476 022d 40       		.byte	0x40
 477 022e 00       		.byte	0
 478 022f 04       		.uleb128 0x4
 479 0230 1A040000 		.4byte	.LASF45
 480 0234 07       		.byte	0x7
 481 0235 44       		.byte	0x44
 482 0236 3A020000 		.4byte	0x23a
 483 023a 0A       		.uleb128 0xa
 484 023b 04       		.byte	0x4
 485 023c 37010000 		.4byte	0x137
 486 0240 04       		.uleb128 0x4
 487 0241 E8030000 		.4byte	.LASF46
 488 0245 07       		.byte	0x7
 489 0246 49       		.byte	0x49
 490 0247 4B020000 		.4byte	0x24b
 491 024b 06       		.uleb128 0x6
 492 024c 15060000 		.4byte	.LASF48
 493 0250 04       		.byte	0x4
 494 0251 08       		.byte	0x8
 495 0252 B0       		.byte	0xb0
 496 0253 64020000 		.4byte	0x264
 497 0257 07       		.uleb128 0x7
 498 0258 50040000 		.4byte	.LASF28
 499 025c 08       		.byte	0x8
 500 025d B1       		.byte	0xb1
 501 025e 3A020000 		.4byte	0x23a
 502 0262 00       		.byte	0
 503 0263 00       		.byte	0
 504 0264 04       		.uleb128 0x4
 505 0265 44070000 		.4byte	.LASF49
 506 0269 07       		.byte	0x7
 507 026a 50       		.byte	0x50
 508 026b 6F020000 		.4byte	0x26f
 509 026f 06       		.uleb128 0x6
 510 0270 00010000 		.4byte	.LASF50
 511 0274 08       		.byte	0x8
ARM GAS  /tmp/ccHeQsf7.s 			page 10


 512 0275 08       		.byte	0x8
 513 0276 B7       		.byte	0xb7
 514 0277 94020000 		.4byte	0x294
 515 027b 07       		.uleb128 0x7
 516 027c 50040000 		.4byte	.LASF28
 517 0280 08       		.byte	0x8
 518 0281 B8       		.byte	0xb8
 519 0282 3A020000 		.4byte	0x23a
 520 0286 00       		.byte	0
 521 0287 07       		.uleb128 0x7
 522 0288 02050000 		.4byte	.LASF29
 523 028c 08       		.byte	0x8
 524 028d B9       		.byte	0xb9
 525 028e 3A020000 		.4byte	0x23a
 526 0292 04       		.byte	0x4
 527 0293 00       		.byte	0
 528 0294 04       		.uleb128 0x4
 529 0295 00000000 		.4byte	.LASF51
 530 0299 07       		.byte	0x7
 531 029a 57       		.byte	0x57
 532 029b 9F020000 		.4byte	0x29f
 533 029f 0B       		.uleb128 0xb
 534 02a0 C7020000 		.4byte	.LASF52
 535 02a4 1C       		.byte	0x1c
 536 02a5 08       		.byte	0x8
 537 02a6 9001     		.2byte	0x190
 538 02a8 FB020000 		.4byte	0x2fb
 539 02ac 09       		.uleb128 0x9
 540 02ad 0D060000 		.4byte	.LASF53
 541 02b1 08       		.byte	0x8
 542 02b2 9101     		.2byte	0x191
 543 02b4 64020000 		.4byte	0x264
 544 02b8 00       		.byte	0
 545 02b9 09       		.uleb128 0x9
 546 02ba 94050000 		.4byte	.LASF54
 547 02be 08       		.byte	0x8
 548 02bf 9201     		.2byte	0x192
 549 02c1 00010000 		.4byte	0x100
 550 02c5 08       		.byte	0x8
 551 02c6 09       		.uleb128 0x9
 552 02c7 73040000 		.4byte	.LASF55
 553 02cb 08       		.byte	0x8
 554 02cc 9401     		.2byte	0x194
 555 02ce 68060000 		.4byte	0x668
 556 02d2 0C       		.byte	0xc
 557 02d3 09       		.uleb128 0x9
 558 02d4 BD010000 		.4byte	.LASF56
 559 02d8 08       		.byte	0x8
 560 02d9 9701     		.2byte	0x197
 561 02db 3A020000 		.4byte	0x23a
 562 02df 10       		.byte	0x10
 563 02e0 09       		.uleb128 0x9
 564 02e1 08070000 		.4byte	.LASF57
 565 02e5 08       		.byte	0x8
 566 02e6 9801     		.2byte	0x198
 567 02e8 3A020000 		.4byte	0x23a
 568 02ec 14       		.byte	0x14
ARM GAS  /tmp/ccHeQsf7.s 			page 11


 569 02ed 09       		.uleb128 0x9
 570 02ee A3040000 		.4byte	.LASF58
 571 02f2 08       		.byte	0x8
 572 02f3 9B01     		.2byte	0x19b
 573 02f5 3A020000 		.4byte	0x23a
 574 02f9 18       		.byte	0x18
 575 02fa 00       		.byte	0
 576 02fb 04       		.uleb128 0x4
 577 02fc BD060000 		.4byte	.LASF59
 578 0300 07       		.byte	0x7
 579 0301 5C       		.byte	0x5c
 580 0302 06030000 		.4byte	0x306
 581 0306 0A       		.uleb128 0xa
 582 0307 04       		.byte	0x4
 583 0308 0C030000 		.4byte	0x30c
 584 030c 0C       		.uleb128 0xc
 585 030d 17030000 		.4byte	0x317
 586 0311 0D       		.uleb128 0xd
 587 0312 17030000 		.4byte	0x317
 588 0316 00       		.byte	0
 589 0317 0E       		.uleb128 0xe
 590 0318 04       		.byte	0x4
 591 0319 04       		.uleb128 0x4
 592 031a F7030000 		.4byte	.LASF60
 593 031e 07       		.byte	0x7
 594 031f 61       		.byte	0x61
 595 0320 24030000 		.4byte	0x324
 596 0324 0B       		.uleb128 0xb
 597 0325 C5050000 		.4byte	.LASF61
 598 0329 14       		.byte	0x14
 599 032a 08       		.byte	0x8
 600 032b 6B01     		.2byte	0x16b
 601 032d 73030000 		.4byte	0x373
 602 0331 09       		.uleb128 0x9
 603 0332 2E020000 		.4byte	.LASF62
 604 0336 08       		.byte	0x8
 605 0337 6C01     		.2byte	0x16c
 606 0339 E1090000 		.4byte	0x9e1
 607 033d 00       		.byte	0
 608 033e 09       		.uleb128 0x9
 609 033f D6010000 		.4byte	.LASF63
 610 0343 08       		.byte	0x8
 611 0344 6D01     		.2byte	0x16d
 612 0346 E1090000 		.4byte	0x9e1
 613 034a 04       		.byte	0x4
 614 034b 09       		.uleb128 0x9
 615 034c 3D020000 		.4byte	.LASF64
 616 0350 08       		.byte	0x8
 617 0351 6E01     		.2byte	0x16e
 618 0353 2C010000 		.4byte	0x12c
 619 0357 08       		.byte	0x8
 620 0358 09       		.uleb128 0x9
 621 0359 C8070000 		.4byte	.LASF65
 622 035d 08       		.byte	0x8
 623 035e 6F01     		.2byte	0x16f
 624 0360 FB020000 		.4byte	0x2fb
 625 0364 0C       		.byte	0xc
ARM GAS  /tmp/ccHeQsf7.s 			page 12


 626 0365 09       		.uleb128 0x9
 627 0366 37070000 		.4byte	.LASF66
 628 036a 08       		.byte	0x8
 629 036b 7101     		.2byte	0x171
 630 036d 17030000 		.4byte	0x317
 631 0371 10       		.byte	0x10
 632 0372 00       		.byte	0
 633 0373 04       		.uleb128 0x4
 634 0374 C4000000 		.4byte	.LASF67
 635 0378 07       		.byte	0x7
 636 0379 66       		.byte	0x66
 637 037a 7E030000 		.4byte	0x37e
 638 037e 0B       		.uleb128 0xb
 639 037f 2D040000 		.4byte	.LASF68
 640 0383 10       		.byte	0x10
 641 0384 08       		.byte	0x8
 642 0385 7B01     		.2byte	0x17b
 643 0387 C0030000 		.4byte	0x3c0
 644 038b 09       		.uleb128 0x9
 645 038c 2E020000 		.4byte	.LASF62
 646 0390 08       		.byte	0x8
 647 0391 7C01     		.2byte	0x17c
 648 0393 E1090000 		.4byte	0x9e1
 649 0397 00       		.byte	0
 650 0398 09       		.uleb128 0x9
 651 0399 D6010000 		.4byte	.LASF63
 652 039d 08       		.byte	0x8
 653 039e 7E01     		.2byte	0x17e
 654 03a0 E1090000 		.4byte	0x9e1
 655 03a4 04       		.byte	0x4
 656 03a5 09       		.uleb128 0x9
 657 03a6 3D020000 		.4byte	.LASF64
 658 03aa 08       		.byte	0x8
 659 03ab 8001     		.2byte	0x180
 660 03ad 2C010000 		.4byte	0x12c
 661 03b1 08       		.byte	0x8
 662 03b2 09       		.uleb128 0x9
 663 03b3 5F040000 		.4byte	.LASF69
 664 03b7 08       		.byte	0x8
 665 03b8 8801     		.2byte	0x188
 666 03ba 2C010000 		.4byte	0x12c
 667 03be 0C       		.byte	0xc
 668 03bf 00       		.byte	0
 669 03c0 04       		.uleb128 0x4
 670 03c1 80000000 		.4byte	.LASF70
 671 03c5 07       		.byte	0x7
 672 03c6 6B       		.byte	0x6b
 673 03c7 CB030000 		.4byte	0x3cb
 674 03cb 0B       		.uleb128 0xb
 675 03cc 2E050000 		.4byte	.LASF71
 676 03d0 04       		.byte	0x4
 677 03d1 08       		.byte	0x8
 678 03d2 A201     		.2byte	0x1a2
 679 03d4 E6030000 		.4byte	0x3e6
 680 03d8 09       		.uleb128 0x9
 681 03d9 DF060000 		.4byte	.LASF72
 682 03dd 08       		.byte	0x8
ARM GAS  /tmp/ccHeQsf7.s 			page 13


 683 03de AA01     		.2byte	0x1aa
 684 03e0 E7090000 		.4byte	0x9e7
 685 03e4 00       		.byte	0
 686 03e5 00       		.byte	0
 687 03e6 04       		.uleb128 0x4
 688 03e7 10070000 		.4byte	.LASF73
 689 03eb 07       		.byte	0x7
 690 03ec 70       		.byte	0x70
 691 03ed F1030000 		.4byte	0x3f1
 692 03f1 0F       		.uleb128 0xf
 693 03f2 72010000 		.4byte	.LASF74
 694 03f6 D801     		.2byte	0x1d8
 695 03f8 08       		.byte	0x8
 696 03f9 C201     		.2byte	0x1c2
 697 03fb 4D040000 		.4byte	0x44d
 698 03ff 09       		.uleb128 0x9
 699 0400 69070000 		.4byte	.LASF75
 700 0404 08       		.byte	0x8
 701 0405 C601     		.2byte	0x1c6
 702 0407 94020000 		.4byte	0x294
 703 040b 00       		.byte	0
 704 040c 09       		.uleb128 0x9
 705 040d DE010000 		.4byte	.LASF76
 706 0411 08       		.byte	0x8
 707 0412 CA01     		.2byte	0x1ca
 708 0414 73030000 		.4byte	0x373
 709 0418 1C       		.byte	0x1c
 710 0419 08       		.uleb128 0x8
 711 041a 64626700 		.ascii	"dbg\000"
 712 041e 08       		.byte	0x8
 713 041f CE01     		.2byte	0x1ce
 714 0421 C0030000 		.4byte	0x3c0
 715 0425 2C       		.byte	0x2c
 716 0426 09       		.uleb128 0x9
 717 0427 B9000000 		.4byte	.LASF77
 718 042b 08       		.byte	0x8
 719 042c D201     		.2byte	0x1d2
 720 042e 37010000 		.4byte	0x137
 721 0432 30       		.byte	0x30
 722 0433 08       		.uleb128 0x8
 723 0434 746D00   		.ascii	"tm\000"
 724 0437 08       		.byte	0x8
 725 0438 D701     		.2byte	0x1d7
 726 043a FF080000 		.4byte	0x8ff
 727 043e 74       		.byte	0x74
 728 043f 09       		.uleb128 0x9
 729 0440 0C020000 		.4byte	.LASF78
 730 0444 08       		.byte	0x8
 731 0445 E301     		.2byte	0x1e3
 732 0447 EC090000 		.4byte	0x9ec
 733 044b 78       		.byte	0x78
 734 044c 00       		.byte	0
 735 044d 03       		.uleb128 0x3
 736 044e 04       		.byte	0x4
 737 044f 07       		.byte	0x7
 738 0450 11040000 		.4byte	.LASF79
 739 0454 10       		.uleb128 0x10
ARM GAS  /tmp/ccHeQsf7.s 			page 14


 740 0455 B4000000 		.4byte	0xb4
 741 0459 64040000 		.4byte	0x464
 742 045d 11       		.uleb128 0x11
 743 045e 4D040000 		.4byte	0x44d
 744 0462 01       		.byte	0x1
 745 0463 00       		.byte	0
 746 0464 10       		.uleb128 0x10
 747 0465 B4000000 		.4byte	0xb4
 748 0469 74040000 		.4byte	0x474
 749 046d 11       		.uleb128 0x11
 750 046e 4D040000 		.4byte	0x44d
 751 0472 03       		.byte	0x3
 752 0473 00       		.byte	0
 753 0474 12       		.uleb128 0x12
 754 0475 10       		.byte	0x10
 755 0476 09       		.byte	0x9
 756 0477 DC       		.byte	0xdc
 757 0478 AC040000 		.4byte	0x4ac
 758 047c 07       		.uleb128 0x7
 759 047d 5A050000 		.4byte	.LASF80
 760 0481 09       		.byte	0x9
 761 0482 DE       		.byte	0xde
 762 0483 CF000000 		.4byte	0xcf
 763 0487 00       		.byte	0
 764 0488 13       		.uleb128 0x13
 765 0489 435200   		.ascii	"CR\000"
 766 048c 09       		.byte	0x9
 767 048d DF       		.byte	0xdf
 768 048e CF000000 		.4byte	0xcf
 769 0492 04       		.byte	0x4
 770 0493 07       		.uleb128 0x7
 771 0494 C1040000 		.4byte	.LASF81
 772 0498 09       		.byte	0x9
 773 0499 E0       		.byte	0xe0
 774 049a CF000000 		.4byte	0xcf
 775 049e 08       		.byte	0x8
 776 049f 07       		.uleb128 0x7
 777 04a0 97020000 		.4byte	.LASF82
 778 04a4 09       		.byte	0x9
 779 04a5 E1       		.byte	0xe1
 780 04a6 CF000000 		.4byte	0xcf
 781 04aa 0C       		.byte	0xc
 782 04ab 00       		.byte	0
 783 04ac 04       		.uleb128 0x4
 784 04ad 83040000 		.4byte	.LASF83
 785 04b1 09       		.byte	0x9
 786 04b2 E2       		.byte	0xe2
 787 04b3 74040000 		.4byte	0x474
 788 04b7 14       		.uleb128 0x14
 789 04b8 88       		.byte	0x88
 790 04b9 09       		.byte	0x9
 791 04ba 6401     		.2byte	0x164
 792 04bc 46060000 		.4byte	0x646
 793 04c0 08       		.uleb128 0x8
 794 04c1 435200   		.ascii	"CR\000"
 795 04c4 09       		.byte	0x9
 796 04c5 6601     		.2byte	0x166
ARM GAS  /tmp/ccHeQsf7.s 			page 15


 797 04c7 CF000000 		.4byte	0xcf
 798 04cb 00       		.byte	0
 799 04cc 09       		.uleb128 0x9
 800 04cd A9010000 		.4byte	.LASF84
 801 04d1 09       		.byte	0x9
 802 04d2 6701     		.2byte	0x167
 803 04d4 CF000000 		.4byte	0xcf
 804 04d8 04       		.byte	0x4
 805 04d9 09       		.uleb128 0x9
 806 04da 97070000 		.4byte	.LASF85
 807 04de 09       		.byte	0x9
 808 04df 6801     		.2byte	0x168
 809 04e1 CF000000 		.4byte	0xcf
 810 04e5 08       		.byte	0x8
 811 04e6 08       		.uleb128 0x8
 812 04e7 43495200 		.ascii	"CIR\000"
 813 04eb 09       		.byte	0x9
 814 04ec 6901     		.2byte	0x169
 815 04ee CF000000 		.4byte	0xcf
 816 04f2 0C       		.byte	0xc
 817 04f3 09       		.uleb128 0x9
 818 04f4 51010000 		.4byte	.LASF86
 819 04f8 09       		.byte	0x9
 820 04f9 6A01     		.2byte	0x16a
 821 04fb CF000000 		.4byte	0xcf
 822 04ff 10       		.byte	0x10
 823 0500 09       		.uleb128 0x9
 824 0501 6D060000 		.4byte	.LASF87
 825 0505 09       		.byte	0x9
 826 0506 6B01     		.2byte	0x16b
 827 0508 CF000000 		.4byte	0xcf
 828 050c 14       		.byte	0x14
 829 050d 09       		.uleb128 0x9
 830 050e 83020000 		.4byte	.LASF88
 831 0512 09       		.byte	0x9
 832 0513 6C01     		.2byte	0x16c
 833 0515 CF000000 		.4byte	0xcf
 834 0519 18       		.byte	0x18
 835 051a 09       		.uleb128 0x9
 836 051b D0040000 		.4byte	.LASF89
 837 051f 09       		.byte	0x9
 838 0520 6D01     		.2byte	0x16d
 839 0522 B4000000 		.4byte	0xb4
 840 0526 1C       		.byte	0x1c
 841 0527 09       		.uleb128 0x9
 842 0528 AD040000 		.4byte	.LASF90
 843 052c 09       		.byte	0x9
 844 052d 6E01     		.2byte	0x16e
 845 052f CF000000 		.4byte	0xcf
 846 0533 20       		.byte	0x20
 847 0534 09       		.uleb128 0x9
 848 0535 85010000 		.4byte	.LASF91
 849 0539 09       		.byte	0x9
 850 053a 6F01     		.2byte	0x16f
 851 053c CF000000 		.4byte	0xcf
 852 0540 24       		.byte	0x24
 853 0541 09       		.uleb128 0x9
ARM GAS  /tmp/ccHeQsf7.s 			page 16


 854 0542 DA040000 		.4byte	.LASF92
 855 0546 09       		.byte	0x9
 856 0547 7001     		.2byte	0x170
 857 0549 54040000 		.4byte	0x454
 858 054d 28       		.byte	0x28
 859 054e 09       		.uleb128 0x9
 860 054f 8F070000 		.4byte	.LASF93
 861 0553 09       		.byte	0x9
 862 0554 7101     		.2byte	0x171
 863 0556 CF000000 		.4byte	0xcf
 864 055a 30       		.byte	0x30
 865 055b 09       		.uleb128 0x9
 866 055c F8060000 		.4byte	.LASF94
 867 0560 09       		.byte	0x9
 868 0561 7201     		.2byte	0x172
 869 0563 CF000000 		.4byte	0xcf
 870 0567 34       		.byte	0x34
 871 0568 09       		.uleb128 0x9
 872 0569 57040000 		.4byte	.LASF95
 873 056d 09       		.byte	0x9
 874 056e 7301     		.2byte	0x173
 875 0570 CF000000 		.4byte	0xcf
 876 0574 38       		.byte	0x38
 877 0575 09       		.uleb128 0x9
 878 0576 E4040000 		.4byte	.LASF96
 879 057a 09       		.byte	0x9
 880 057b 7401     		.2byte	0x174
 881 057d B4000000 		.4byte	0xb4
 882 0581 3C       		.byte	0x3c
 883 0582 09       		.uleb128 0x9
 884 0583 F0060000 		.4byte	.LASF97
 885 0587 09       		.byte	0x9
 886 0588 7501     		.2byte	0x175
 887 058a CF000000 		.4byte	0xcf
 888 058e 40       		.byte	0x40
 889 058f 09       		.uleb128 0x9
 890 0590 BD050000 		.4byte	.LASF98
 891 0594 09       		.byte	0x9
 892 0595 7601     		.2byte	0x176
 893 0597 CF000000 		.4byte	0xcf
 894 059b 44       		.byte	0x44
 895 059c 09       		.uleb128 0x9
 896 059d EE040000 		.4byte	.LASF99
 897 05a1 09       		.byte	0x9
 898 05a2 7701     		.2byte	0x177
 899 05a4 54040000 		.4byte	0x454
 900 05a8 48       		.byte	0x48
 901 05a9 09       		.uleb128 0x9
 902 05aa 11010000 		.4byte	.LASF100
 903 05ae 09       		.byte	0x9
 904 05af 7801     		.2byte	0x178
 905 05b1 CF000000 		.4byte	0xcf
 906 05b5 50       		.byte	0x50
 907 05b6 09       		.uleb128 0x9
 908 05b7 79040000 		.4byte	.LASF101
 909 05bb 09       		.byte	0x9
 910 05bc 7901     		.2byte	0x179
ARM GAS  /tmp/ccHeQsf7.s 			page 17


 911 05be CF000000 		.4byte	0xcf
 912 05c2 54       		.byte	0x54
 913 05c3 09       		.uleb128 0x9
 914 05c4 8A050000 		.4byte	.LASF102
 915 05c8 09       		.byte	0x9
 916 05c9 7A01     		.2byte	0x17a
 917 05cb CF000000 		.4byte	0xcf
 918 05cf 58       		.byte	0x58
 919 05d0 09       		.uleb128 0x9
 920 05d1 F8040000 		.4byte	.LASF103
 921 05d5 09       		.byte	0x9
 922 05d6 7B01     		.2byte	0x17b
 923 05d8 B4000000 		.4byte	0xb4
 924 05dc 5C       		.byte	0x5c
 925 05dd 09       		.uleb128 0x9
 926 05de 8E010000 		.4byte	.LASF104
 927 05e2 09       		.byte	0x9
 928 05e3 7C01     		.2byte	0x17c
 929 05e5 CF000000 		.4byte	0xcf
 930 05e9 60       		.byte	0x60
 931 05ea 09       		.uleb128 0x9
 932 05eb BD020000 		.4byte	.LASF105
 933 05ef 09       		.byte	0x9
 934 05f0 7D01     		.2byte	0x17d
 935 05f2 CF000000 		.4byte	0xcf
 936 05f6 64       		.byte	0x64
 937 05f7 09       		.uleb128 0x9
 938 05f8 F3050000 		.4byte	.LASF106
 939 05fc 09       		.byte	0x9
 940 05fd 7E01     		.2byte	0x17e
 941 05ff 54040000 		.4byte	0x454
 942 0603 68       		.byte	0x68
 943 0604 09       		.uleb128 0x9
 944 0605 64070000 		.4byte	.LASF107
 945 0609 09       		.byte	0x9
 946 060a 7F01     		.2byte	0x17f
 947 060c CF000000 		.4byte	0xcf
 948 0610 70       		.byte	0x70
 949 0611 08       		.uleb128 0x8
 950 0612 43535200 		.ascii	"CSR\000"
 951 0616 09       		.byte	0x9
 952 0617 8001     		.2byte	0x180
 953 0619 CF000000 		.4byte	0xcf
 954 061d 74       		.byte	0x74
 955 061e 09       		.uleb128 0x9
 956 061f 09050000 		.4byte	.LASF108
 957 0623 09       		.byte	0x9
 958 0624 8101     		.2byte	0x181
 959 0626 54040000 		.4byte	0x454
 960 062a 78       		.byte	0x78
 961 062b 09       		.uleb128 0x9
 962 062c 3E070000 		.4byte	.LASF109
 963 0630 09       		.byte	0x9
 964 0631 8201     		.2byte	0x182
 965 0633 CF000000 		.4byte	0xcf
 966 0637 80       		.byte	0x80
 967 0638 09       		.uleb128 0x9
ARM GAS  /tmp/ccHeQsf7.s 			page 18


 968 0639 72020000 		.4byte	.LASF110
 969 063d 09       		.byte	0x9
 970 063e 8301     		.2byte	0x183
 971 0640 CF000000 		.4byte	0xcf
 972 0644 84       		.byte	0x84
 973 0645 00       		.byte	0
 974 0646 15       		.uleb128 0x15
 975 0647 51020000 		.4byte	.LASF111
 976 064b 09       		.byte	0x9
 977 064c 8501     		.2byte	0x185
 978 064e B7040000 		.4byte	0x4b7
 979 0652 04       		.uleb128 0x4
 980 0653 CD010000 		.4byte	.LASF112
 981 0657 0A       		.byte	0xa
 982 0658 65       		.byte	0x65
 983 0659 17030000 		.4byte	0x317
 984 065d 04       		.uleb128 0x4
 985 065e EB020000 		.4byte	.LASF113
 986 0662 0A       		.byte	0xa
 987 0663 6D       		.byte	0x6d
 988 0664 BF000000 		.4byte	0xbf
 989 0668 06       		.uleb128 0x6
 990 0669 00070000 		.4byte	.LASF114
 991 066d 04       		.byte	0x4
 992 066e 0A       		.byte	0xa
 993 066f 89       		.byte	0x89
 994 0670 81060000 		.4byte	0x681
 995 0674 13       		.uleb128 0x13
 996 0675 72313300 		.ascii	"r13\000"
 997 0679 0A       		.byte	0xa
 998 067a 8A       		.byte	0x8a
 999 067b C2070000 		.4byte	0x7c2
 1000 067f 00       		.byte	0
 1001 0680 00       		.byte	0
 1002 0681 06       		.uleb128 0x6
 1003 0682 74000000 		.4byte	.LASF115
 1004 0686 64       		.byte	0x64
 1005 0687 0B       		.byte	0xb
 1006 0688 F4       		.byte	0xf4
 1007 0689 C2070000 		.4byte	0x7c2
 1008 068d 13       		.uleb128 0x13
 1009 068e 73313600 		.ascii	"s16\000"
 1010 0692 0B       		.byte	0xb
 1011 0693 F6       		.byte	0xf6
 1012 0694 52060000 		.4byte	0x652
 1013 0698 00       		.byte	0
 1014 0699 13       		.uleb128 0x13
 1015 069a 73313700 		.ascii	"s17\000"
 1016 069e 0B       		.byte	0xb
 1017 069f F7       		.byte	0xf7
 1018 06a0 52060000 		.4byte	0x652
 1019 06a4 04       		.byte	0x4
 1020 06a5 13       		.uleb128 0x13
 1021 06a6 73313800 		.ascii	"s18\000"
 1022 06aa 0B       		.byte	0xb
 1023 06ab F8       		.byte	0xf8
 1024 06ac 52060000 		.4byte	0x652
ARM GAS  /tmp/ccHeQsf7.s 			page 19


 1025 06b0 08       		.byte	0x8
 1026 06b1 13       		.uleb128 0x13
 1027 06b2 73313900 		.ascii	"s19\000"
 1028 06b6 0B       		.byte	0xb
 1029 06b7 F9       		.byte	0xf9
 1030 06b8 52060000 		.4byte	0x652
 1031 06bc 0C       		.byte	0xc
 1032 06bd 13       		.uleb128 0x13
 1033 06be 73323000 		.ascii	"s20\000"
 1034 06c2 0B       		.byte	0xb
 1035 06c3 FA       		.byte	0xfa
 1036 06c4 52060000 		.4byte	0x652
 1037 06c8 10       		.byte	0x10
 1038 06c9 13       		.uleb128 0x13
 1039 06ca 73323100 		.ascii	"s21\000"
 1040 06ce 0B       		.byte	0xb
 1041 06cf FB       		.byte	0xfb
 1042 06d0 52060000 		.4byte	0x652
 1043 06d4 14       		.byte	0x14
 1044 06d5 13       		.uleb128 0x13
 1045 06d6 73323200 		.ascii	"s22\000"
 1046 06da 0B       		.byte	0xb
 1047 06db FC       		.byte	0xfc
 1048 06dc 52060000 		.4byte	0x652
 1049 06e0 18       		.byte	0x18
 1050 06e1 13       		.uleb128 0x13
 1051 06e2 73323300 		.ascii	"s23\000"
 1052 06e6 0B       		.byte	0xb
 1053 06e7 FD       		.byte	0xfd
 1054 06e8 52060000 		.4byte	0x652
 1055 06ec 1C       		.byte	0x1c
 1056 06ed 13       		.uleb128 0x13
 1057 06ee 73323400 		.ascii	"s24\000"
 1058 06f2 0B       		.byte	0xb
 1059 06f3 FE       		.byte	0xfe
 1060 06f4 52060000 		.4byte	0x652
 1061 06f8 20       		.byte	0x20
 1062 06f9 13       		.uleb128 0x13
 1063 06fa 73323500 		.ascii	"s25\000"
 1064 06fe 0B       		.byte	0xb
 1065 06ff FF       		.byte	0xff
 1066 0700 52060000 		.4byte	0x652
 1067 0704 24       		.byte	0x24
 1068 0705 08       		.uleb128 0x8
 1069 0706 73323600 		.ascii	"s26\000"
 1070 070a 0B       		.byte	0xb
 1071 070b 0001     		.2byte	0x100
 1072 070d 52060000 		.4byte	0x652
 1073 0711 28       		.byte	0x28
 1074 0712 08       		.uleb128 0x8
 1075 0713 73323700 		.ascii	"s27\000"
 1076 0717 0B       		.byte	0xb
 1077 0718 0101     		.2byte	0x101
 1078 071a 52060000 		.4byte	0x652
 1079 071e 2C       		.byte	0x2c
 1080 071f 08       		.uleb128 0x8
 1081 0720 73323800 		.ascii	"s28\000"
ARM GAS  /tmp/ccHeQsf7.s 			page 20


 1082 0724 0B       		.byte	0xb
 1083 0725 0201     		.2byte	0x102
 1084 0727 52060000 		.4byte	0x652
 1085 072b 30       		.byte	0x30
 1086 072c 08       		.uleb128 0x8
 1087 072d 73323900 		.ascii	"s29\000"
 1088 0731 0B       		.byte	0xb
 1089 0732 0301     		.2byte	0x103
 1090 0734 52060000 		.4byte	0x652
 1091 0738 34       		.byte	0x34
 1092 0739 08       		.uleb128 0x8
 1093 073a 73333000 		.ascii	"s30\000"
 1094 073e 0B       		.byte	0xb
 1095 073f 0401     		.2byte	0x104
 1096 0741 52060000 		.4byte	0x652
 1097 0745 38       		.byte	0x38
 1098 0746 08       		.uleb128 0x8
 1099 0747 73333100 		.ascii	"s31\000"
 1100 074b 0B       		.byte	0xb
 1101 074c 0501     		.2byte	0x105
 1102 074e 52060000 		.4byte	0x652
 1103 0752 3C       		.byte	0x3c
 1104 0753 08       		.uleb128 0x8
 1105 0754 723400   		.ascii	"r4\000"
 1106 0757 0B       		.byte	0xb
 1107 0758 0701     		.2byte	0x107
 1108 075a 52060000 		.4byte	0x652
 1109 075e 40       		.byte	0x40
 1110 075f 08       		.uleb128 0x8
 1111 0760 723500   		.ascii	"r5\000"
 1112 0763 0B       		.byte	0xb
 1113 0764 0801     		.2byte	0x108
 1114 0766 52060000 		.4byte	0x652
 1115 076a 44       		.byte	0x44
 1116 076b 08       		.uleb128 0x8
 1117 076c 723600   		.ascii	"r6\000"
 1118 076f 0B       		.byte	0xb
 1119 0770 0901     		.2byte	0x109
 1120 0772 52060000 		.4byte	0x652
 1121 0776 48       		.byte	0x48
 1122 0777 08       		.uleb128 0x8
 1123 0778 723700   		.ascii	"r7\000"
 1124 077b 0B       		.byte	0xb
 1125 077c 0A01     		.2byte	0x10a
 1126 077e 52060000 		.4byte	0x652
 1127 0782 4C       		.byte	0x4c
 1128 0783 08       		.uleb128 0x8
 1129 0784 723800   		.ascii	"r8\000"
 1130 0787 0B       		.byte	0xb
 1131 0788 0B01     		.2byte	0x10b
 1132 078a 52060000 		.4byte	0x652
 1133 078e 50       		.byte	0x50
 1134 078f 08       		.uleb128 0x8
 1135 0790 723900   		.ascii	"r9\000"
 1136 0793 0B       		.byte	0xb
 1137 0794 0C01     		.2byte	0x10c
 1138 0796 52060000 		.4byte	0x652
ARM GAS  /tmp/ccHeQsf7.s 			page 21


 1139 079a 54       		.byte	0x54
 1140 079b 08       		.uleb128 0x8
 1141 079c 72313000 		.ascii	"r10\000"
 1142 07a0 0B       		.byte	0xb
 1143 07a1 0D01     		.2byte	0x10d
 1144 07a3 52060000 		.4byte	0x652
 1145 07a7 58       		.byte	0x58
 1146 07a8 08       		.uleb128 0x8
 1147 07a9 72313100 		.ascii	"r11\000"
 1148 07ad 0B       		.byte	0xb
 1149 07ae 0E01     		.2byte	0x10e
 1150 07b0 52060000 		.4byte	0x652
 1151 07b4 5C       		.byte	0x5c
 1152 07b5 08       		.uleb128 0x8
 1153 07b6 6C7200   		.ascii	"lr\000"
 1154 07b9 0B       		.byte	0xb
 1155 07ba 0F01     		.2byte	0x10f
 1156 07bc 52060000 		.4byte	0x652
 1157 07c0 60       		.byte	0x60
 1158 07c1 00       		.byte	0
 1159 07c2 0A       		.uleb128 0xa
 1160 07c3 04       		.byte	0x4
 1161 07c4 81060000 		.4byte	0x681
 1162 07c8 14       		.uleb128 0x14
 1163 07c9 60       		.byte	0x60
 1164 07ca 0C       		.byte	0xc
 1165 07cb 9E01     		.2byte	0x19e
 1166 07cd D4080000 		.4byte	0x8d4
 1167 07d1 08       		.uleb128 0x8
 1168 07d2 43523100 		.ascii	"CR1\000"
 1169 07d6 0C       		.byte	0xc
 1170 07d7 9F01     		.2byte	0x19f
 1171 07d9 CF000000 		.4byte	0xcf
 1172 07dd 00       		.byte	0
 1173 07de 08       		.uleb128 0x8
 1174 07df 43523200 		.ascii	"CR2\000"
 1175 07e3 0C       		.byte	0xc
 1176 07e4 A001     		.2byte	0x1a0
 1177 07e6 CF000000 		.4byte	0xcf
 1178 07ea 04       		.byte	0x4
 1179 07eb 09       		.uleb128 0x9
 1180 07ec 63020000 		.4byte	.LASF116
 1181 07f0 0C       		.byte	0xc
 1182 07f1 A101     		.2byte	0x1a1
 1183 07f3 CF000000 		.4byte	0xcf
 1184 07f7 08       		.byte	0x8
 1185 07f8 09       		.uleb128 0x9
 1186 07f9 0D000000 		.4byte	.LASF117
 1187 07fd 0C       		.byte	0xc
 1188 07fe A201     		.2byte	0x1a2
 1189 0800 CF000000 		.4byte	0xcf
 1190 0804 0C       		.byte	0xc
 1191 0805 08       		.uleb128 0x8
 1192 0806 535200   		.ascii	"SR\000"
 1193 0809 0C       		.byte	0xc
 1194 080a A301     		.2byte	0x1a3
 1195 080c CF000000 		.4byte	0xcf
ARM GAS  /tmp/ccHeQsf7.s 			page 22


 1196 0810 10       		.byte	0x10
 1197 0811 08       		.uleb128 0x8
 1198 0812 45475200 		.ascii	"EGR\000"
 1199 0816 0C       		.byte	0xc
 1200 0817 A401     		.2byte	0x1a4
 1201 0819 CF000000 		.4byte	0xcf
 1202 081d 14       		.byte	0x14
 1203 081e 09       		.uleb128 0x9
 1204 081f 33010000 		.4byte	.LASF118
 1205 0823 0C       		.byte	0xc
 1206 0824 A501     		.2byte	0x1a5
 1207 0826 CF000000 		.4byte	0xcf
 1208 082a 18       		.byte	0x18
 1209 082b 09       		.uleb128 0x9
 1210 082c 39010000 		.4byte	.LASF119
 1211 0830 0C       		.byte	0xc
 1212 0831 A601     		.2byte	0x1a6
 1213 0833 CF000000 		.4byte	0xcf
 1214 0837 1C       		.byte	0x1c
 1215 0838 09       		.uleb128 0x9
 1216 0839 94060000 		.4byte	.LASF120
 1217 083d 0C       		.byte	0xc
 1218 083e A701     		.2byte	0x1a7
 1219 0840 CF000000 		.4byte	0xcf
 1220 0844 20       		.byte	0x20
 1221 0845 08       		.uleb128 0x8
 1222 0846 434E5400 		.ascii	"CNT\000"
 1223 084a 0C       		.byte	0xc
 1224 084b A801     		.2byte	0x1a8
 1225 084d CF000000 		.4byte	0xcf
 1226 0851 24       		.byte	0x24
 1227 0852 08       		.uleb128 0x8
 1228 0853 50534300 		.ascii	"PSC\000"
 1229 0857 0C       		.byte	0xc
 1230 0858 A901     		.2byte	0x1a9
 1231 085a CF000000 		.4byte	0xcf
 1232 085e 28       		.byte	0x28
 1233 085f 08       		.uleb128 0x8
 1234 0860 41525200 		.ascii	"ARR\000"
 1235 0864 0C       		.byte	0xc
 1236 0865 AA01     		.2byte	0x1aa
 1237 0867 CF000000 		.4byte	0xcf
 1238 086b 2C       		.byte	0x2c
 1239 086c 08       		.uleb128 0x8
 1240 086d 52435200 		.ascii	"RCR\000"
 1241 0871 0C       		.byte	0xc
 1242 0872 AB01     		.2byte	0x1ab
 1243 0874 CF000000 		.4byte	0xcf
 1244 0878 30       		.byte	0x30
 1245 0879 08       		.uleb128 0x8
 1246 087a 43435200 		.ascii	"CCR\000"
 1247 087e 0C       		.byte	0xc
 1248 087f AC01     		.2byte	0x1ac
 1249 0881 D4080000 		.4byte	0x8d4
 1250 0885 34       		.byte	0x34
 1251 0886 09       		.uleb128 0x9
 1252 0887 FB000000 		.4byte	.LASF121
ARM GAS  /tmp/ccHeQsf7.s 			page 23


 1253 088b 0C       		.byte	0xc
 1254 088c AD01     		.2byte	0x1ad
 1255 088e CF000000 		.4byte	0xcf
 1256 0892 44       		.byte	0x44
 1257 0893 08       		.uleb128 0x8
 1258 0894 44435200 		.ascii	"DCR\000"
 1259 0898 0C       		.byte	0xc
 1260 0899 AE01     		.2byte	0x1ae
 1261 089b CF000000 		.4byte	0xcf
 1262 089f 48       		.byte	0x48
 1263 08a0 09       		.uleb128 0x9
 1264 08a1 3C060000 		.4byte	.LASF122
 1265 08a5 0C       		.byte	0xc
 1266 08a6 AF01     		.2byte	0x1af
 1267 08a8 CF000000 		.4byte	0xcf
 1268 08ac 4C       		.byte	0x4c
 1269 08ad 08       		.uleb128 0x8
 1270 08ae 4F5200   		.ascii	"OR\000"
 1271 08b1 0C       		.byte	0xc
 1272 08b2 B001     		.2byte	0x1b0
 1273 08b4 CF000000 		.4byte	0xcf
 1274 08b8 50       		.byte	0x50
 1275 08b9 09       		.uleb128 0x9
 1276 08ba 3F010000 		.4byte	.LASF123
 1277 08be 0C       		.byte	0xc
 1278 08bf B101     		.2byte	0x1b1
 1279 08c1 CF000000 		.4byte	0xcf
 1280 08c5 54       		.byte	0x54
 1281 08c6 09       		.uleb128 0x9
 1282 08c7 E3050000 		.4byte	.LASF124
 1283 08cb 0C       		.byte	0xc
 1284 08cc B201     		.2byte	0x1b2
 1285 08ce D9080000 		.4byte	0x8d9
 1286 08d2 58       		.byte	0x58
 1287 08d3 00       		.byte	0
 1288 08d4 05       		.uleb128 0x5
 1289 08d5 64040000 		.4byte	0x464
 1290 08d9 05       		.uleb128 0x5
 1291 08da 54040000 		.4byte	0x454
 1292 08de 15       		.uleb128 0x15
 1293 08df B1020000 		.4byte	.LASF125
 1294 08e3 0C       		.byte	0xc
 1295 08e4 B301     		.2byte	0x1b3
 1296 08e6 C8070000 		.4byte	0x7c8
 1297 08ea 12       		.uleb128 0x12
 1298 08eb 04       		.byte	0x4
 1299 08ec 0D       		.byte	0xd
 1300 08ed 38       		.byte	0x38
 1301 08ee FF080000 		.4byte	0x8ff
 1302 08f2 07       		.uleb128 0x7
 1303 08f3 E9060000 		.4byte	.LASF126
 1304 08f7 0D       		.byte	0xd
 1305 08f8 3C       		.byte	0x3c
 1306 08f9 D4000000 		.4byte	0xd4
 1307 08fd 00       		.byte	0
 1308 08fe 00       		.byte	0
 1309 08ff 04       		.uleb128 0x4
ARM GAS  /tmp/ccHeQsf7.s 			page 24


 1310 0900 92040000 		.4byte	.LASF127
 1311 0904 0D       		.byte	0xd
 1312 0905 3D       		.byte	0x3d
 1313 0906 EA080000 		.4byte	0x8ea
 1314 090a 16       		.uleb128 0x16
 1315 090b 04       		.byte	0x4
 1316 090c 08       		.byte	0x8
 1317 090d FA       		.byte	0xfa
 1318 090e 67090000 		.4byte	0x967
 1319 0912 17       		.uleb128 0x17
 1320 0913 5A000000 		.4byte	.LASF128
 1321 0917 08       		.byte	0x8
 1322 0918 0101     		.2byte	0x101
 1323 091a 0B010000 		.4byte	0x10b
 1324 091e 17       		.uleb128 0x17
 1325 091f B0000000 		.4byte	.LASF129
 1326 0923 08       		.byte	0x8
 1327 0924 0801     		.2byte	0x108
 1328 0926 0B010000 		.4byte	0x10b
 1329 092a 17       		.uleb128 0x17
 1330 092b 6B010000 		.4byte	.LASF130
 1331 092f 08       		.byte	0x8
 1332 0930 0F01     		.2byte	0x10f
 1333 0932 17030000 		.4byte	0x317
 1334 0936 17       		.uleb128 0x17
 1335 0937 54000000 		.4byte	.LASF131
 1336 093b 08       		.byte	0x8
 1337 093c 1601     		.2byte	0x116
 1338 093e 67090000 		.4byte	0x967
 1339 0942 17       		.uleb128 0x17
 1340 0943 36020000 		.4byte	.LASF132
 1341 0947 08       		.byte	0x8
 1342 0948 1E01     		.2byte	0x11e
 1343 094a 92090000 		.4byte	0x992
 1344 094e 17       		.uleb128 0x17
 1345 094f 06060000 		.4byte	.LASF133
 1346 0953 08       		.byte	0x8
 1347 0954 2701     		.2byte	0x127
 1348 0956 C9090000 		.4byte	0x9c9
 1349 095a 17       		.uleb128 0x17
 1350 095b 9B050000 		.4byte	.LASF134
 1351 095f 08       		.byte	0x8
 1352 0960 2F01     		.2byte	0x12f
 1353 0962 16010000 		.4byte	0x116
 1354 0966 00       		.byte	0
 1355 0967 0A       		.uleb128 0xa
 1356 0968 04       		.byte	0x4
 1357 0969 2F020000 		.4byte	0x22f
 1358 096d 06       		.uleb128 0x6
 1359 096e D6050000 		.4byte	.LASF135
 1360 0972 0C       		.byte	0xc
 1361 0973 0E       		.byte	0xe
 1362 0974 34       		.byte	0x34
 1363 0975 92090000 		.4byte	0x992
 1364 0979 07       		.uleb128 0x7
 1365 097a A4070000 		.4byte	.LASF136
 1366 097e 0E       		.byte	0xe
ARM GAS  /tmp/ccHeQsf7.s 			page 25


 1367 097f 35       		.byte	0x35
 1368 0980 64020000 		.4byte	0x264
 1369 0984 00       		.byte	0
 1370 0985 07       		.uleb128 0x7
 1371 0986 5D020000 		.4byte	.LASF137
 1372 098a 0E       		.byte	0xe
 1373 098b 37       		.byte	0x37
 1374 098c 21010000 		.4byte	0x121
 1375 0990 08       		.byte	0x8
 1376 0991 00       		.byte	0
 1377 0992 0A       		.uleb128 0xa
 1378 0993 04       		.byte	0x4
 1379 0994 6D090000 		.4byte	0x96d
 1380 0998 06       		.uleb128 0x6
 1381 0999 54070000 		.4byte	.LASF138
 1382 099d 10       		.byte	0x10
 1383 099e 0F       		.byte	0xf
 1384 099f 39       		.byte	0x39
 1385 09a0 C9090000 		.4byte	0x9c9
 1386 09a4 07       		.uleb128 0x7
 1387 09a5 5A010000 		.4byte	.LASF139
 1388 09a9 0F       		.byte	0xf
 1389 09aa 3A       		.byte	0x3a
 1390 09ab 64020000 		.4byte	0x264
 1391 09af 00       		.byte	0
 1392 09b0 07       		.uleb128 0x7
 1393 09b1 BA070000 		.4byte	.LASF140
 1394 09b5 0F       		.byte	0xf
 1395 09b6 3C       		.byte	0x3c
 1396 09b7 3A020000 		.4byte	0x23a
 1397 09bb 08       		.byte	0x8
 1398 09bc 07       		.uleb128 0x7
 1399 09bd 99060000 		.4byte	.LASF141
 1400 09c1 0F       		.byte	0xf
 1401 09c2 3E       		.byte	0x3e
 1402 09c3 070A0000 		.4byte	0xa07
 1403 09c7 0C       		.byte	0xc
 1404 09c8 00       		.byte	0
 1405 09c9 0A       		.uleb128 0xa
 1406 09ca 04       		.byte	0x4
 1407 09cb 98090000 		.4byte	0x998
 1408 09cf 0A       		.uleb128 0xa
 1409 09d0 04       		.byte	0x4
 1410 09d1 DC090000 		.4byte	0x9dc
 1411 09d5 03       		.uleb128 0x3
 1412 09d6 01       		.byte	0x1
 1413 09d7 08       		.byte	0x8
 1414 09d8 37060000 		.4byte	.LASF142
 1415 09dc 18       		.uleb128 0x18
 1416 09dd D5090000 		.4byte	0x9d5
 1417 09e1 0A       		.uleb128 0xa
 1418 09e2 04       		.byte	0x4
 1419 09e3 19030000 		.4byte	0x319
 1420 09e7 05       		.uleb128 0x5
 1421 09e8 CF090000 		.4byte	0x9cf
 1422 09ec 10       		.uleb128 0x10
 1423 09ed 5D060000 		.4byte	0x65d
ARM GAS  /tmp/ccHeQsf7.s 			page 26


 1424 09f1 FC090000 		.4byte	0x9fc
 1425 09f5 11       		.uleb128 0x11
 1426 09f6 4D040000 		.4byte	0x44d
 1427 09fa 2B       		.byte	0x2b
 1428 09fb 00       		.byte	0
 1429 09fc 04       		.uleb128 0x4
 1430 09fd B2070000 		.4byte	.LASF143
 1431 0a01 0F       		.byte	0xf
 1432 0a02 34       		.byte	0x34
 1433 0a03 98090000 		.4byte	0x998
 1434 0a07 0A       		.uleb128 0xa
 1435 0a08 04       		.byte	0x4
 1436 0a09 FC090000 		.4byte	0x9fc
 1437 0a0d 03       		.uleb128 0x3
 1438 0a0e 01       		.byte	0x1
 1439 0a0f 02       		.byte	0x2
 1440 0a10 3E050000 		.4byte	.LASF144
 1441 0a14 19       		.uleb128 0x19
 1442 0a15 D1060000 		.4byte	.LASF163
 1443 0a19 02       		.byte	0x2
 1444 0a1a 2002     		.2byte	0x220
 1445 0a1c 03       		.byte	0x3
 1446 0a1d 2E0A0000 		.4byte	0xa2e
 1447 0a21 1A       		.uleb128 0x1a
 1448 0a22 06020000 		.4byte	.LASF164
 1449 0a26 02       		.byte	0x2
 1450 0a27 2002     		.2byte	0x220
 1451 0a29 B4000000 		.4byte	0xb4
 1452 0a2d 00       		.byte	0
 1453 0a2e 1B       		.uleb128 0x1b
 1454 0a2f 8F000000 		.4byte	.LASF145
 1455 0a33 0B       		.byte	0xb
 1456 0a34 BC01     		.2byte	0x1bc
 1457 0a36 03       		.byte	0x3
 1458 0a37 1B       		.uleb128 0x1b
 1459 0a38 B1010000 		.4byte	.LASF146
 1460 0a3c 0B       		.byte	0xb
 1461 0a3d CA01     		.2byte	0x1ca
 1462 0a3f 03       		.byte	0x3
 1463 0a40 1B       		.uleb128 0x1b
 1464 0a41 24070000 		.4byte	.LASF147
 1465 0a45 0B       		.byte	0xb
 1466 0a46 D901     		.2byte	0x1d9
 1467 0a48 03       		.byte	0x3
 1468 0a49 1B       		.uleb128 0x1b
 1469 0a4a 76060000 		.4byte	.LASF148
 1470 0a4e 0B       		.byte	0xb
 1471 0a4f E401     		.2byte	0x1e4
 1472 0a51 03       		.byte	0x3
 1473 0a52 1B       		.uleb128 0x1b
 1474 0a53 77070000 		.4byte	.LASF149
 1475 0a57 10       		.byte	0x10
 1476 0a58 8201     		.2byte	0x182
 1477 0a5a 03       		.byte	0x3
 1478 0a5b 1B       		.uleb128 0x1b
 1479 0a5c 1B050000 		.4byte	.LASF150
 1480 0a60 10       		.byte	0x10
ARM GAS  /tmp/ccHeQsf7.s 			page 27


 1481 0a61 9601     		.2byte	0x196
 1482 0a63 03       		.byte	0x3
 1483 0a64 1B       		.uleb128 0x1b
 1484 0a65 DA000000 		.4byte	.LASF151
 1485 0a69 03       		.byte	0x3
 1486 0a6a DE01     		.2byte	0x1de
 1487 0a6c 03       		.byte	0x3
 1488 0a6d 1B       		.uleb128 0x1b
 1489 0a6e F6020000 		.4byte	.LASF152
 1490 0a72 03       		.byte	0x3
 1491 0a73 1902     		.2byte	0x219
 1492 0a75 03       		.byte	0x3
 1493 0a76 1B       		.uleb128 0x1b
 1494 0a77 E5010000 		.4byte	.LASF153
 1495 0a7b 03       		.byte	0x3
 1496 0a7c D301     		.2byte	0x1d3
 1497 0a7e 03       		.byte	0x3
 1498 0a7f 1C       		.uleb128 0x1c
 1499 0a80 62010000 		.4byte	.LASF154
 1500 0a84 01       		.byte	0x1
 1501 0a85 AD       		.byte	0xad
 1502 0a86 00000000 		.4byte	.LFB260
 1503 0a8a 2A000000 		.4byte	.LFE260-.LFB260
 1504 0a8e 01       		.uleb128 0x1
 1505 0a8f 9C       		.byte	0x9c
 1506 0a90 800B0000 		.4byte	0xb80
 1507 0a94 1D       		.uleb128 0x1d
 1508 0a95 760A0000 		.4byte	0xa76
 1509 0a99 14000000 		.4byte	.LBB52
 1510 0a9d 06000000 		.4byte	.LBE52-.LBB52
 1511 0aa1 01       		.byte	0x1
 1512 0aa2 B7       		.byte	0xb7
 1513 0aa3 F20A0000 		.4byte	0xaf2
 1514 0aa7 1E       		.uleb128 0x1e
 1515 0aa8 520A0000 		.4byte	0xa52
 1516 0aac 14000000 		.4byte	.LBB53
 1517 0ab0 06000000 		.4byte	.LBE53-.LBB53
 1518 0ab4 03       		.byte	0x3
 1519 0ab5 D501     		.2byte	0x1d5
 1520 0ab7 1E       		.uleb128 0x1e
 1521 0ab8 400A0000 		.4byte	0xa40
 1522 0abc 14000000 		.4byte	.LBB54
 1523 0ac0 06000000 		.4byte	.LBE54-.LBB54
 1524 0ac4 10       		.byte	0x10
 1525 0ac5 8401     		.2byte	0x184
 1526 0ac7 1E       		.uleb128 0x1e
 1527 0ac8 2E0A0000 		.4byte	0xa2e
 1528 0acc 14000000 		.4byte	.LBB55
 1529 0ad0 06000000 		.4byte	.LBE55-.LBB55
 1530 0ad4 0B       		.byte	0xb
 1531 0ad5 DB01     		.2byte	0x1db
 1532 0ad7 1E       		.uleb128 0x1e
 1533 0ad8 140A0000 		.4byte	0xa14
 1534 0adc 14000000 		.4byte	.LBB56
 1535 0ae0 06000000 		.4byte	.LBE56-.LBB56
 1536 0ae4 0B       		.byte	0xb
 1537 0ae5 BF01     		.2byte	0x1bf
ARM GAS  /tmp/ccHeQsf7.s 			page 28


 1538 0ae7 1F       		.uleb128 0x1f
 1539 0ae8 210A0000 		.4byte	0xa21
 1540 0aec 20       		.byte	0x20
 1541 0aed 00       		.byte	0
 1542 0aee 00       		.byte	0
 1543 0aef 00       		.byte	0
 1544 0af0 00       		.byte	0
 1545 0af1 00       		.byte	0
 1546 0af2 1D       		.uleb128 0x1d
 1547 0af3 6D0A0000 		.4byte	0xa6d
 1548 0af7 1A000000 		.4byte	.LBB58
 1549 0afb 04000000 		.4byte	.LBE58-.LBB58
 1550 0aff 01       		.byte	0x1
 1551 0b00 B8       		.byte	0xb8
 1552 0b01 0F0B0000 		.4byte	0xb0f
 1553 0b05 20       		.uleb128 0x20
 1554 0b06 1E000000 		.4byte	.LVL2
 1555 0b0a C10B0000 		.4byte	0xbc1
 1556 0b0e 00       		.byte	0
 1557 0b0f 1D       		.uleb128 0x1d
 1558 0b10 640A0000 		.4byte	0xa64
 1559 0b14 1E000000 		.4byte	.LBB60
 1560 0b18 04000000 		.4byte	.LBE60-.LBB60
 1561 0b1c 01       		.byte	0x1
 1562 0b1d B9       		.byte	0xb9
 1563 0b1e 6D0B0000 		.4byte	0xb6d
 1564 0b22 1E       		.uleb128 0x1e
 1565 0b23 5B0A0000 		.4byte	0xa5b
 1566 0b27 1E000000 		.4byte	.LBB61
 1567 0b2b 04000000 		.4byte	.LBE61-.LBB61
 1568 0b2f 03       		.byte	0x3
 1569 0b30 E001     		.2byte	0x1e0
 1570 0b32 1E       		.uleb128 0x1e
 1571 0b33 490A0000 		.4byte	0xa49
 1572 0b37 1E000000 		.4byte	.LBB62
 1573 0b3b 04000000 		.4byte	.LBE62-.LBB62
 1574 0b3f 10       		.byte	0x10
 1575 0b40 9A01     		.2byte	0x19a
 1576 0b42 1E       		.uleb128 0x1e
 1577 0b43 370A0000 		.4byte	0xa37
 1578 0b47 1E000000 		.4byte	.LBB63
 1579 0b4b 04000000 		.4byte	.LBE63-.LBB63
 1580 0b4f 0B       		.byte	0xb
 1581 0b50 E601     		.2byte	0x1e6
 1582 0b52 1E       		.uleb128 0x1e
 1583 0b53 140A0000 		.4byte	0xa14
 1584 0b57 1E000000 		.4byte	.LBB64
 1585 0b5b 04000000 		.4byte	.LBE64-.LBB64
 1586 0b5f 0B       		.byte	0xb
 1587 0b60 CD01     		.2byte	0x1cd
 1588 0b62 1F       		.uleb128 0x1f
 1589 0b63 210A0000 		.4byte	0xa21
 1590 0b67 00       		.byte	0
 1591 0b68 00       		.byte	0
 1592 0b69 00       		.byte	0
 1593 0b6a 00       		.byte	0
 1594 0b6b 00       		.byte	0
ARM GAS  /tmp/ccHeQsf7.s 			page 29


 1595 0b6c 00       		.byte	0
 1596 0b6d 21       		.uleb128 0x21
 1597 0b6e 0E000000 		.4byte	.LVL0
 1598 0b72 CD0B0000 		.4byte	0xbcd
 1599 0b76 21       		.uleb128 0x21
 1600 0b77 2A000000 		.4byte	.LVL3
 1601 0b7b CD0B0000 		.4byte	0xbcd
 1602 0b7f 00       		.byte	0
 1603 0b80 1C       		.uleb128 0x1c
 1604 0b81 EF000000 		.4byte	.LASF155
 1605 0b85 01       		.byte	0x1
 1606 0b86 C9       		.byte	0xc9
 1607 0b87 00000000 		.4byte	.LFB261
 1608 0b8b 48000000 		.4byte	.LFE261-.LFB261
 1609 0b8f 01       		.uleb128 0x1
 1610 0b90 9C       		.byte	0x9c
 1611 0b91 AA0B0000 		.4byte	0xbaa
 1612 0b95 22       		.uleb128 0x22
 1613 0b96 40000000 		.4byte	.LVL4
 1614 0b9a D90B0000 		.4byte	0xbd9
 1615 0b9e 23       		.uleb128 0x23
 1616 0b9f 01       		.uleb128 0x1
 1617 0ba0 50       		.byte	0x50
 1618 0ba1 01       		.uleb128 0x1
 1619 0ba2 4C       		.byte	0x4c
 1620 0ba3 23       		.uleb128 0x23
 1621 0ba4 01       		.uleb128 0x1
 1622 0ba5 51       		.byte	0x51
 1623 0ba6 01       		.uleb128 0x1
 1624 0ba7 38       		.byte	0x38
 1625 0ba8 00       		.byte	0
 1626 0ba9 00       		.byte	0
 1627 0baa 24       		.uleb128 0x24
 1628 0bab 61050000 		.4byte	.LASF156
 1629 0baf 12       		.byte	0x12
 1630 0bb0 A706     		.2byte	0x6a7
 1631 0bb2 CA000000 		.4byte	0xca
 1632 0bb6 25       		.uleb128 0x25
 1633 0bb7 636800   		.ascii	"ch\000"
 1634 0bba 08       		.byte	0x8
 1635 0bbb 0902     		.2byte	0x209
 1636 0bbd E6030000 		.4byte	0x3e6
 1637 0bc1 26       		.uleb128 0x26
 1638 0bc2 AA060000 		.4byte	.LASF157
 1639 0bc6 AA060000 		.4byte	.LASF157
 1640 0bca 10       		.byte	0x10
 1641 0bcb 1801     		.2byte	0x118
 1642 0bcd 26       		.uleb128 0x26
 1643 0bce 9E020000 		.4byte	.LASF158
 1644 0bd2 9E020000 		.4byte	.LASF158
 1645 0bd6 0B       		.byte	0xb
 1646 0bd7 6601     		.2byte	0x166
 1647 0bd9 27       		.uleb128 0x27
 1648 0bda 22010000 		.4byte	.LASF159
 1649 0bde 22010000 		.4byte	.LASF159
 1650 0be2 11       		.byte	0x11
 1651 0be3 4E       		.byte	0x4e
ARM GAS  /tmp/ccHeQsf7.s 			page 30


 1652 0be4 00       		.byte	0
 1653              		.section	.debug_abbrev,"",%progbits
 1654              	.Ldebug_abbrev0:
 1655 0000 01       		.uleb128 0x1
 1656 0001 11       		.uleb128 0x11
 1657 0002 01       		.byte	0x1
 1658 0003 25       		.uleb128 0x25
 1659 0004 0E       		.uleb128 0xe
 1660 0005 13       		.uleb128 0x13
 1661 0006 0B       		.uleb128 0xb
 1662 0007 03       		.uleb128 0x3
 1663 0008 0E       		.uleb128 0xe
 1664 0009 1B       		.uleb128 0x1b
 1665 000a 0E       		.uleb128 0xe
 1666 000b 55       		.uleb128 0x55
 1667 000c 17       		.uleb128 0x17
 1668 000d 11       		.uleb128 0x11
 1669 000e 01       		.uleb128 0x1
 1670 000f 10       		.uleb128 0x10
 1671 0010 17       		.uleb128 0x17
 1672 0011 00       		.byte	0
 1673 0012 00       		.byte	0
 1674 0013 02       		.uleb128 0x2
 1675 0014 24       		.uleb128 0x24
 1676 0015 00       		.byte	0
 1677 0016 0B       		.uleb128 0xb
 1678 0017 0B       		.uleb128 0xb
 1679 0018 3E       		.uleb128 0x3e
 1680 0019 0B       		.uleb128 0xb
 1681 001a 03       		.uleb128 0x3
 1682 001b 08       		.uleb128 0x8
 1683 001c 00       		.byte	0
 1684 001d 00       		.byte	0
 1685 001e 03       		.uleb128 0x3
 1686 001f 24       		.uleb128 0x24
 1687 0020 00       		.byte	0
 1688 0021 0B       		.uleb128 0xb
 1689 0022 0B       		.uleb128 0xb
 1690 0023 3E       		.uleb128 0x3e
 1691 0024 0B       		.uleb128 0xb
 1692 0025 03       		.uleb128 0x3
 1693 0026 0E       		.uleb128 0xe
 1694 0027 00       		.byte	0
 1695 0028 00       		.byte	0
 1696 0029 04       		.uleb128 0x4
 1697 002a 16       		.uleb128 0x16
 1698 002b 00       		.byte	0
 1699 002c 03       		.uleb128 0x3
 1700 002d 0E       		.uleb128 0xe
 1701 002e 3A       		.uleb128 0x3a
 1702 002f 0B       		.uleb128 0xb
 1703 0030 3B       		.uleb128 0x3b
 1704 0031 0B       		.uleb128 0xb
 1705 0032 49       		.uleb128 0x49
 1706 0033 13       		.uleb128 0x13
 1707 0034 00       		.byte	0
 1708 0035 00       		.byte	0
ARM GAS  /tmp/ccHeQsf7.s 			page 31


 1709 0036 05       		.uleb128 0x5
 1710 0037 35       		.uleb128 0x35
 1711 0038 00       		.byte	0
 1712 0039 49       		.uleb128 0x49
 1713 003a 13       		.uleb128 0x13
 1714 003b 00       		.byte	0
 1715 003c 00       		.byte	0
 1716 003d 06       		.uleb128 0x6
 1717 003e 13       		.uleb128 0x13
 1718 003f 01       		.byte	0x1
 1719 0040 03       		.uleb128 0x3
 1720 0041 0E       		.uleb128 0xe
 1721 0042 0B       		.uleb128 0xb
 1722 0043 0B       		.uleb128 0xb
 1723 0044 3A       		.uleb128 0x3a
 1724 0045 0B       		.uleb128 0xb
 1725 0046 3B       		.uleb128 0x3b
 1726 0047 0B       		.uleb128 0xb
 1727 0048 01       		.uleb128 0x1
 1728 0049 13       		.uleb128 0x13
 1729 004a 00       		.byte	0
 1730 004b 00       		.byte	0
 1731 004c 07       		.uleb128 0x7
 1732 004d 0D       		.uleb128 0xd
 1733 004e 00       		.byte	0
 1734 004f 03       		.uleb128 0x3
 1735 0050 0E       		.uleb128 0xe
 1736 0051 3A       		.uleb128 0x3a
 1737 0052 0B       		.uleb128 0xb
 1738 0053 3B       		.uleb128 0x3b
 1739 0054 0B       		.uleb128 0xb
 1740 0055 49       		.uleb128 0x49
 1741 0056 13       		.uleb128 0x13
 1742 0057 38       		.uleb128 0x38
 1743 0058 0B       		.uleb128 0xb
 1744 0059 00       		.byte	0
 1745 005a 00       		.byte	0
 1746 005b 08       		.uleb128 0x8
 1747 005c 0D       		.uleb128 0xd
 1748 005d 00       		.byte	0
 1749 005e 03       		.uleb128 0x3
 1750 005f 08       		.uleb128 0x8
 1751 0060 3A       		.uleb128 0x3a
 1752 0061 0B       		.uleb128 0xb
 1753 0062 3B       		.uleb128 0x3b
 1754 0063 05       		.uleb128 0x5
 1755 0064 49       		.uleb128 0x49
 1756 0065 13       		.uleb128 0x13
 1757 0066 38       		.uleb128 0x38
 1758 0067 0B       		.uleb128 0xb
 1759 0068 00       		.byte	0
 1760 0069 00       		.byte	0
 1761 006a 09       		.uleb128 0x9
 1762 006b 0D       		.uleb128 0xd
 1763 006c 00       		.byte	0
 1764 006d 03       		.uleb128 0x3
 1765 006e 0E       		.uleb128 0xe
ARM GAS  /tmp/ccHeQsf7.s 			page 32


 1766 006f 3A       		.uleb128 0x3a
 1767 0070 0B       		.uleb128 0xb
 1768 0071 3B       		.uleb128 0x3b
 1769 0072 05       		.uleb128 0x5
 1770 0073 49       		.uleb128 0x49
 1771 0074 13       		.uleb128 0x13
 1772 0075 38       		.uleb128 0x38
 1773 0076 0B       		.uleb128 0xb
 1774 0077 00       		.byte	0
 1775 0078 00       		.byte	0
 1776 0079 0A       		.uleb128 0xa
 1777 007a 0F       		.uleb128 0xf
 1778 007b 00       		.byte	0
 1779 007c 0B       		.uleb128 0xb
 1780 007d 0B       		.uleb128 0xb
 1781 007e 49       		.uleb128 0x49
 1782 007f 13       		.uleb128 0x13
 1783 0080 00       		.byte	0
 1784 0081 00       		.byte	0
 1785 0082 0B       		.uleb128 0xb
 1786 0083 13       		.uleb128 0x13
 1787 0084 01       		.byte	0x1
 1788 0085 03       		.uleb128 0x3
 1789 0086 0E       		.uleb128 0xe
 1790 0087 0B       		.uleb128 0xb
 1791 0088 0B       		.uleb128 0xb
 1792 0089 3A       		.uleb128 0x3a
 1793 008a 0B       		.uleb128 0xb
 1794 008b 3B       		.uleb128 0x3b
 1795 008c 05       		.uleb128 0x5
 1796 008d 01       		.uleb128 0x1
 1797 008e 13       		.uleb128 0x13
 1798 008f 00       		.byte	0
 1799 0090 00       		.byte	0
 1800 0091 0C       		.uleb128 0xc
 1801 0092 15       		.uleb128 0x15
 1802 0093 01       		.byte	0x1
 1803 0094 27       		.uleb128 0x27
 1804 0095 19       		.uleb128 0x19
 1805 0096 01       		.uleb128 0x1
 1806 0097 13       		.uleb128 0x13
 1807 0098 00       		.byte	0
 1808 0099 00       		.byte	0
 1809 009a 0D       		.uleb128 0xd
 1810 009b 05       		.uleb128 0x5
 1811 009c 00       		.byte	0
 1812 009d 49       		.uleb128 0x49
 1813 009e 13       		.uleb128 0x13
 1814 009f 00       		.byte	0
 1815 00a0 00       		.byte	0
 1816 00a1 0E       		.uleb128 0xe
 1817 00a2 0F       		.uleb128 0xf
 1818 00a3 00       		.byte	0
 1819 00a4 0B       		.uleb128 0xb
 1820 00a5 0B       		.uleb128 0xb
 1821 00a6 00       		.byte	0
 1822 00a7 00       		.byte	0
ARM GAS  /tmp/ccHeQsf7.s 			page 33


 1823 00a8 0F       		.uleb128 0xf
 1824 00a9 13       		.uleb128 0x13
 1825 00aa 01       		.byte	0x1
 1826 00ab 03       		.uleb128 0x3
 1827 00ac 0E       		.uleb128 0xe
 1828 00ad 0B       		.uleb128 0xb
 1829 00ae 05       		.uleb128 0x5
 1830 00af 3A       		.uleb128 0x3a
 1831 00b0 0B       		.uleb128 0xb
 1832 00b1 3B       		.uleb128 0x3b
 1833 00b2 05       		.uleb128 0x5
 1834 00b3 01       		.uleb128 0x1
 1835 00b4 13       		.uleb128 0x13
 1836 00b5 00       		.byte	0
 1837 00b6 00       		.byte	0
 1838 00b7 10       		.uleb128 0x10
 1839 00b8 01       		.uleb128 0x1
 1840 00b9 01       		.byte	0x1
 1841 00ba 49       		.uleb128 0x49
 1842 00bb 13       		.uleb128 0x13
 1843 00bc 01       		.uleb128 0x1
 1844 00bd 13       		.uleb128 0x13
 1845 00be 00       		.byte	0
 1846 00bf 00       		.byte	0
 1847 00c0 11       		.uleb128 0x11
 1848 00c1 21       		.uleb128 0x21
 1849 00c2 00       		.byte	0
 1850 00c3 49       		.uleb128 0x49
 1851 00c4 13       		.uleb128 0x13
 1852 00c5 2F       		.uleb128 0x2f
 1853 00c6 0B       		.uleb128 0xb
 1854 00c7 00       		.byte	0
 1855 00c8 00       		.byte	0
 1856 00c9 12       		.uleb128 0x12
 1857 00ca 13       		.uleb128 0x13
 1858 00cb 01       		.byte	0x1
 1859 00cc 0B       		.uleb128 0xb
 1860 00cd 0B       		.uleb128 0xb
 1861 00ce 3A       		.uleb128 0x3a
 1862 00cf 0B       		.uleb128 0xb
 1863 00d0 3B       		.uleb128 0x3b
 1864 00d1 0B       		.uleb128 0xb
 1865 00d2 01       		.uleb128 0x1
 1866 00d3 13       		.uleb128 0x13
 1867 00d4 00       		.byte	0
 1868 00d5 00       		.byte	0
 1869 00d6 13       		.uleb128 0x13
 1870 00d7 0D       		.uleb128 0xd
 1871 00d8 00       		.byte	0
 1872 00d9 03       		.uleb128 0x3
 1873 00da 08       		.uleb128 0x8
 1874 00db 3A       		.uleb128 0x3a
 1875 00dc 0B       		.uleb128 0xb
 1876 00dd 3B       		.uleb128 0x3b
 1877 00de 0B       		.uleb128 0xb
 1878 00df 49       		.uleb128 0x49
 1879 00e0 13       		.uleb128 0x13
ARM GAS  /tmp/ccHeQsf7.s 			page 34


 1880 00e1 38       		.uleb128 0x38
 1881 00e2 0B       		.uleb128 0xb
 1882 00e3 00       		.byte	0
 1883 00e4 00       		.byte	0
 1884 00e5 14       		.uleb128 0x14
 1885 00e6 13       		.uleb128 0x13
 1886 00e7 01       		.byte	0x1
 1887 00e8 0B       		.uleb128 0xb
 1888 00e9 0B       		.uleb128 0xb
 1889 00ea 3A       		.uleb128 0x3a
 1890 00eb 0B       		.uleb128 0xb
 1891 00ec 3B       		.uleb128 0x3b
 1892 00ed 05       		.uleb128 0x5
 1893 00ee 01       		.uleb128 0x1
 1894 00ef 13       		.uleb128 0x13
 1895 00f0 00       		.byte	0
 1896 00f1 00       		.byte	0
 1897 00f2 15       		.uleb128 0x15
 1898 00f3 16       		.uleb128 0x16
 1899 00f4 00       		.byte	0
 1900 00f5 03       		.uleb128 0x3
 1901 00f6 0E       		.uleb128 0xe
 1902 00f7 3A       		.uleb128 0x3a
 1903 00f8 0B       		.uleb128 0xb
 1904 00f9 3B       		.uleb128 0x3b
 1905 00fa 05       		.uleb128 0x5
 1906 00fb 49       		.uleb128 0x49
 1907 00fc 13       		.uleb128 0x13
 1908 00fd 00       		.byte	0
 1909 00fe 00       		.byte	0
 1910 00ff 16       		.uleb128 0x16
 1911 0100 17       		.uleb128 0x17
 1912 0101 01       		.byte	0x1
 1913 0102 0B       		.uleb128 0xb
 1914 0103 0B       		.uleb128 0xb
 1915 0104 3A       		.uleb128 0x3a
 1916 0105 0B       		.uleb128 0xb
 1917 0106 3B       		.uleb128 0x3b
 1918 0107 0B       		.uleb128 0xb
 1919 0108 01       		.uleb128 0x1
 1920 0109 13       		.uleb128 0x13
 1921 010a 00       		.byte	0
 1922 010b 00       		.byte	0
 1923 010c 17       		.uleb128 0x17
 1924 010d 0D       		.uleb128 0xd
 1925 010e 00       		.byte	0
 1926 010f 03       		.uleb128 0x3
 1927 0110 0E       		.uleb128 0xe
 1928 0111 3A       		.uleb128 0x3a
 1929 0112 0B       		.uleb128 0xb
 1930 0113 3B       		.uleb128 0x3b
 1931 0114 05       		.uleb128 0x5
 1932 0115 49       		.uleb128 0x49
 1933 0116 13       		.uleb128 0x13
 1934 0117 00       		.byte	0
 1935 0118 00       		.byte	0
 1936 0119 18       		.uleb128 0x18
ARM GAS  /tmp/ccHeQsf7.s 			page 35


 1937 011a 26       		.uleb128 0x26
 1938 011b 00       		.byte	0
 1939 011c 49       		.uleb128 0x49
 1940 011d 13       		.uleb128 0x13
 1941 011e 00       		.byte	0
 1942 011f 00       		.byte	0
 1943 0120 19       		.uleb128 0x19
 1944 0121 2E       		.uleb128 0x2e
 1945 0122 01       		.byte	0x1
 1946 0123 03       		.uleb128 0x3
 1947 0124 0E       		.uleb128 0xe
 1948 0125 3A       		.uleb128 0x3a
 1949 0126 0B       		.uleb128 0xb
 1950 0127 3B       		.uleb128 0x3b
 1951 0128 05       		.uleb128 0x5
 1952 0129 27       		.uleb128 0x27
 1953 012a 19       		.uleb128 0x19
 1954 012b 20       		.uleb128 0x20
 1955 012c 0B       		.uleb128 0xb
 1956 012d 01       		.uleb128 0x1
 1957 012e 13       		.uleb128 0x13
 1958 012f 00       		.byte	0
 1959 0130 00       		.byte	0
 1960 0131 1A       		.uleb128 0x1a
 1961 0132 05       		.uleb128 0x5
 1962 0133 00       		.byte	0
 1963 0134 03       		.uleb128 0x3
 1964 0135 0E       		.uleb128 0xe
 1965 0136 3A       		.uleb128 0x3a
 1966 0137 0B       		.uleb128 0xb
 1967 0138 3B       		.uleb128 0x3b
 1968 0139 05       		.uleb128 0x5
 1969 013a 49       		.uleb128 0x49
 1970 013b 13       		.uleb128 0x13
 1971 013c 00       		.byte	0
 1972 013d 00       		.byte	0
 1973 013e 1B       		.uleb128 0x1b
 1974 013f 2E       		.uleb128 0x2e
 1975 0140 00       		.byte	0
 1976 0141 03       		.uleb128 0x3
 1977 0142 0E       		.uleb128 0xe
 1978 0143 3A       		.uleb128 0x3a
 1979 0144 0B       		.uleb128 0xb
 1980 0145 3B       		.uleb128 0x3b
 1981 0146 05       		.uleb128 0x5
 1982 0147 27       		.uleb128 0x27
 1983 0148 19       		.uleb128 0x19
 1984 0149 20       		.uleb128 0x20
 1985 014a 0B       		.uleb128 0xb
 1986 014b 00       		.byte	0
 1987 014c 00       		.byte	0
 1988 014d 1C       		.uleb128 0x1c
 1989 014e 2E       		.uleb128 0x2e
 1990 014f 01       		.byte	0x1
 1991 0150 3F       		.uleb128 0x3f
 1992 0151 19       		.uleb128 0x19
 1993 0152 03       		.uleb128 0x3
ARM GAS  /tmp/ccHeQsf7.s 			page 36


 1994 0153 0E       		.uleb128 0xe
 1995 0154 3A       		.uleb128 0x3a
 1996 0155 0B       		.uleb128 0xb
 1997 0156 3B       		.uleb128 0x3b
 1998 0157 0B       		.uleb128 0xb
 1999 0158 27       		.uleb128 0x27
 2000 0159 19       		.uleb128 0x19
 2001 015a 11       		.uleb128 0x11
 2002 015b 01       		.uleb128 0x1
 2003 015c 12       		.uleb128 0x12
 2004 015d 06       		.uleb128 0x6
 2005 015e 40       		.uleb128 0x40
 2006 015f 18       		.uleb128 0x18
 2007 0160 9742     		.uleb128 0x2117
 2008 0162 19       		.uleb128 0x19
 2009 0163 01       		.uleb128 0x1
 2010 0164 13       		.uleb128 0x13
 2011 0165 00       		.byte	0
 2012 0166 00       		.byte	0
 2013 0167 1D       		.uleb128 0x1d
 2014 0168 1D       		.uleb128 0x1d
 2015 0169 01       		.byte	0x1
 2016 016a 31       		.uleb128 0x31
 2017 016b 13       		.uleb128 0x13
 2018 016c 11       		.uleb128 0x11
 2019 016d 01       		.uleb128 0x1
 2020 016e 12       		.uleb128 0x12
 2021 016f 06       		.uleb128 0x6
 2022 0170 58       		.uleb128 0x58
 2023 0171 0B       		.uleb128 0xb
 2024 0172 59       		.uleb128 0x59
 2025 0173 0B       		.uleb128 0xb
 2026 0174 01       		.uleb128 0x1
 2027 0175 13       		.uleb128 0x13
 2028 0176 00       		.byte	0
 2029 0177 00       		.byte	0
 2030 0178 1E       		.uleb128 0x1e
 2031 0179 1D       		.uleb128 0x1d
 2032 017a 01       		.byte	0x1
 2033 017b 31       		.uleb128 0x31
 2034 017c 13       		.uleb128 0x13
 2035 017d 11       		.uleb128 0x11
 2036 017e 01       		.uleb128 0x1
 2037 017f 12       		.uleb128 0x12
 2038 0180 06       		.uleb128 0x6
 2039 0181 58       		.uleb128 0x58
 2040 0182 0B       		.uleb128 0xb
 2041 0183 59       		.uleb128 0x59
 2042 0184 05       		.uleb128 0x5
 2043 0185 00       		.byte	0
 2044 0186 00       		.byte	0
 2045 0187 1F       		.uleb128 0x1f
 2046 0188 05       		.uleb128 0x5
 2047 0189 00       		.byte	0
 2048 018a 31       		.uleb128 0x31
 2049 018b 13       		.uleb128 0x13
 2050 018c 1C       		.uleb128 0x1c
ARM GAS  /tmp/ccHeQsf7.s 			page 37


 2051 018d 0B       		.uleb128 0xb
 2052 018e 00       		.byte	0
 2053 018f 00       		.byte	0
 2054 0190 20       		.uleb128 0x20
 2055 0191 898201   		.uleb128 0x4109
 2056 0194 00       		.byte	0
 2057 0195 11       		.uleb128 0x11
 2058 0196 01       		.uleb128 0x1
 2059 0197 31       		.uleb128 0x31
 2060 0198 13       		.uleb128 0x13
 2061 0199 00       		.byte	0
 2062 019a 00       		.byte	0
 2063 019b 21       		.uleb128 0x21
 2064 019c 898201   		.uleb128 0x4109
 2065 019f 00       		.byte	0
 2066 01a0 11       		.uleb128 0x11
 2067 01a1 01       		.uleb128 0x1
 2068 01a2 9542     		.uleb128 0x2115
 2069 01a4 19       		.uleb128 0x19
 2070 01a5 31       		.uleb128 0x31
 2071 01a6 13       		.uleb128 0x13
 2072 01a7 00       		.byte	0
 2073 01a8 00       		.byte	0
 2074 01a9 22       		.uleb128 0x22
 2075 01aa 898201   		.uleb128 0x4109
 2076 01ad 01       		.byte	0x1
 2077 01ae 11       		.uleb128 0x11
 2078 01af 01       		.uleb128 0x1
 2079 01b0 9542     		.uleb128 0x2115
 2080 01b2 19       		.uleb128 0x19
 2081 01b3 31       		.uleb128 0x31
 2082 01b4 13       		.uleb128 0x13
 2083 01b5 00       		.byte	0
 2084 01b6 00       		.byte	0
 2085 01b7 23       		.uleb128 0x23
 2086 01b8 8A8201   		.uleb128 0x410a
 2087 01bb 00       		.byte	0
 2088 01bc 02       		.uleb128 0x2
 2089 01bd 18       		.uleb128 0x18
 2090 01be 9142     		.uleb128 0x2111
 2091 01c0 18       		.uleb128 0x18
 2092 01c1 00       		.byte	0
 2093 01c2 00       		.byte	0
 2094 01c3 24       		.uleb128 0x24
 2095 01c4 34       		.uleb128 0x34
 2096 01c5 00       		.byte	0
 2097 01c6 03       		.uleb128 0x3
 2098 01c7 0E       		.uleb128 0xe
 2099 01c8 3A       		.uleb128 0x3a
 2100 01c9 0B       		.uleb128 0xb
 2101 01ca 3B       		.uleb128 0x3b
 2102 01cb 05       		.uleb128 0x5
 2103 01cc 49       		.uleb128 0x49
 2104 01cd 13       		.uleb128 0x13
 2105 01ce 3F       		.uleb128 0x3f
 2106 01cf 19       		.uleb128 0x19
 2107 01d0 3C       		.uleb128 0x3c
ARM GAS  /tmp/ccHeQsf7.s 			page 38


 2108 01d1 19       		.uleb128 0x19
 2109 01d2 00       		.byte	0
 2110 01d3 00       		.byte	0
 2111 01d4 25       		.uleb128 0x25
 2112 01d5 34       		.uleb128 0x34
 2113 01d6 00       		.byte	0
 2114 01d7 03       		.uleb128 0x3
 2115 01d8 08       		.uleb128 0x8
 2116 01d9 3A       		.uleb128 0x3a
 2117 01da 0B       		.uleb128 0xb
 2118 01db 3B       		.uleb128 0x3b
 2119 01dc 05       		.uleb128 0x5
 2120 01dd 49       		.uleb128 0x49
 2121 01de 13       		.uleb128 0x13
 2122 01df 3F       		.uleb128 0x3f
 2123 01e0 19       		.uleb128 0x19
 2124 01e1 3C       		.uleb128 0x3c
 2125 01e2 19       		.uleb128 0x19
 2126 01e3 00       		.byte	0
 2127 01e4 00       		.byte	0
 2128 01e5 26       		.uleb128 0x26
 2129 01e6 2E       		.uleb128 0x2e
 2130 01e7 00       		.byte	0
 2131 01e8 3F       		.uleb128 0x3f
 2132 01e9 19       		.uleb128 0x19
 2133 01ea 3C       		.uleb128 0x3c
 2134 01eb 19       		.uleb128 0x19
 2135 01ec 6E       		.uleb128 0x6e
 2136 01ed 0E       		.uleb128 0xe
 2137 01ee 03       		.uleb128 0x3
 2138 01ef 0E       		.uleb128 0xe
 2139 01f0 3A       		.uleb128 0x3a
 2140 01f1 0B       		.uleb128 0xb
 2141 01f2 3B       		.uleb128 0x3b
 2142 01f3 05       		.uleb128 0x5
 2143 01f4 00       		.byte	0
 2144 01f5 00       		.byte	0
 2145 01f6 27       		.uleb128 0x27
 2146 01f7 2E       		.uleb128 0x2e
 2147 01f8 00       		.byte	0
 2148 01f9 3F       		.uleb128 0x3f
 2149 01fa 19       		.uleb128 0x19
 2150 01fb 3C       		.uleb128 0x3c
 2151 01fc 19       		.uleb128 0x19
 2152 01fd 6E       		.uleb128 0x6e
 2153 01fe 0E       		.uleb128 0xe
 2154 01ff 03       		.uleb128 0x3
 2155 0200 0E       		.uleb128 0xe
 2156 0201 3A       		.uleb128 0x3a
 2157 0202 0B       		.uleb128 0xb
 2158 0203 3B       		.uleb128 0x3b
 2159 0204 0B       		.uleb128 0xb
 2160 0205 00       		.byte	0
 2161 0206 00       		.byte	0
 2162 0207 00       		.byte	0
 2163              		.section	.debug_aranges,"",%progbits
 2164 0000 24000000 		.4byte	0x24
ARM GAS  /tmp/ccHeQsf7.s 			page 39


 2165 0004 0200     		.2byte	0x2
 2166 0006 00000000 		.4byte	.Ldebug_info0
 2167 000a 04       		.byte	0x4
 2168 000b 00       		.byte	0
 2169 000c 0000     		.2byte	0
 2170 000e 0000     		.2byte	0
 2171 0010 00000000 		.4byte	.LFB260
 2172 0014 2A000000 		.4byte	.LFE260-.LFB260
 2173 0018 00000000 		.4byte	.LFB261
 2174 001c 48000000 		.4byte	.LFE261-.LFB261
 2175 0020 00000000 		.4byte	0
 2176 0024 00000000 		.4byte	0
 2177              		.section	.debug_ranges,"",%progbits
 2178              	.Ldebug_ranges0:
 2179 0000 00000000 		.4byte	.LFB260
 2180 0004 2A000000 		.4byte	.LFE260
 2181 0008 00000000 		.4byte	.LFB261
 2182 000c 48000000 		.4byte	.LFE261
 2183 0010 00000000 		.4byte	0
 2184 0014 00000000 		.4byte	0
 2185              		.section	.debug_line,"",%progbits
 2186              	.Ldebug_line0:
 2187 0000 88020000 		.section	.debug_str,"MS",%progbits,1
 2187      02001E02 
 2187      00000201 
 2187      FB0E0D00 
 2187      01010101 
 2188              	.LASF51:
 2189 0000 72656164 		.ascii	"ready_list_t\000"
 2189      795F6C69 
 2189      73745F74 
 2189      00
 2190              	.LASF117:
 2191 000d 44494552 		.ascii	"DIER\000"
 2191      00
 2192              	.LASF162:
 2193 0012 2F686F6D 		.ascii	"/home/sssilvar/Documents/embebidos/ChibiOS/iflab/pr"
 2193      652F7373 
 2193      73696C76 
 2193      61722F44 
 2193      6F63756D 
 2194 0045 6F6A6563 		.ascii	"ojects/ADC_LCD\000"
 2194      74732F41 
 2194      44435F4C 
 2194      434400
 2195              	.LASF131:
 2196 0054 77747472 		.ascii	"wttrp\000"
 2196      7000
 2197              	.LASF128:
 2198 005a 7264796D 		.ascii	"rdymsg\000"
 2198      736700
 2199              	.LASF17:
 2200 0061 75696E74 		.ascii	"uint64_t\000"
 2200      36345F74 
 2200      00
 2201              	.LASF7:
 2202 006a 5F5F7569 		.ascii	"__uint8_t\000"
ARM GAS  /tmp/ccHeQsf7.s 			page 40


 2202      6E74385F 
 2202      7400
 2203              	.LASF115:
 2204 0074 706F7274 		.ascii	"port_intctx\000"
 2204      5F696E74 
 2204      63747800 
 2205              	.LASF70:
 2206 0080 73797374 		.ascii	"system_debug_t\000"
 2206      656D5F64 
 2206      65627567 
 2206      5F7400
 2207              	.LASF145:
 2208 008f 706F7274 		.ascii	"port_lock\000"
 2208      5F6C6F63 
 2208      6B00
 2209              	.LASF13:
 2210 0099 6C6F6E67 		.ascii	"long long unsigned int\000"
 2210      206C6F6E 
 2210      6720756E 
 2210      7369676E 
 2210      65642069 
 2211              	.LASF129:
 2212 00b0 65786974 		.ascii	"exitcode\000"
 2212      636F6465 
 2212      00
 2213              	.LASF77:
 2214 00b9 6D61696E 		.ascii	"mainthread\000"
 2214      74687265 
 2214      616400
 2215              	.LASF67:
 2216 00c4 76697274 		.ascii	"virtual_timers_list_t\000"
 2216      75616C5F 
 2216      74696D65 
 2216      72735F6C 
 2216      6973745F 
 2217              	.LASF151:
 2218 00da 6F73616C 		.ascii	"osalSysUnlockFromISR\000"
 2218      53797355 
 2218      6E6C6F63 
 2218      6B46726F 
 2218      6D495352 
 2219              	.LASF155:
 2220 00ef 73745F6C 		.ascii	"st_lld_init\000"
 2220      6C645F69 
 2220      6E697400 
 2221              	.LASF121:
 2222 00fb 42445452 		.ascii	"BDTR\000"
 2222      00
 2223              	.LASF50:
 2224 0100 63685F74 		.ascii	"ch_threads_queue\000"
 2224      68726561 
 2224      64735F71 
 2224      75657565 
 2224      00
 2225              	.LASF100:
 2226 0111 41484231 		.ascii	"AHB1LPENR\000"
 2226      4C50454E 
ARM GAS  /tmp/ccHeQsf7.s 			page 41


 2226      5200
 2227              	.LASF30:
 2228 011b 705F7072 		.ascii	"p_prio\000"
 2228      696F00
 2229              	.LASF159:
 2230 0122 6E766963 		.ascii	"nvicEnableVector\000"
 2230      456E6162 
 2230      6C655665 
 2230      63746F72 
 2230      00
 2231              	.LASF118:
 2232 0133 43434D52 		.ascii	"CCMR1\000"
 2232      3100
 2233              	.LASF119:
 2234 0139 43434D52 		.ascii	"CCMR2\000"
 2234      3200
 2235              	.LASF123:
 2236 013f 43434D52 		.ascii	"CCMR3\000"
 2236      3300
 2237              	.LASF3:
 2238 0145 7369676E 		.ascii	"signed char\000"
 2238      65642063 
 2238      68617200 
 2239              	.LASF86:
 2240 0151 41484231 		.ascii	"AHB1RSTR\000"
 2240      52535452 
 2240      00
 2241              	.LASF139:
 2242 015a 6D5F7175 		.ascii	"m_queue\000"
 2242      65756500 
 2243              	.LASF154:
 2244 0162 56656374 		.ascii	"VectorB0\000"
 2244      6F724230 
 2244      00
 2245              	.LASF130:
 2246 016b 77746F62 		.ascii	"wtobjp\000"
 2246      6A7000
 2247              	.LASF74:
 2248 0172 63685F73 		.ascii	"ch_system\000"
 2248      79737465 
 2248      6D00
 2249              	.LASF9:
 2250 017c 6C6F6E67 		.ascii	"long int\000"
 2250      20696E74 
 2250      00
 2251              	.LASF91:
 2252 0185 41504232 		.ascii	"APB2RSTR\000"
 2252      52535452 
 2252      00
 2253              	.LASF104:
 2254 018e 41504231 		.ascii	"APB1LPENR\000"
 2254      4C50454E 
 2254      5200
 2255              	.LASF20:
 2256 0198 74737461 		.ascii	"tstate_t\000"
 2256      74655F74 
 2256      00
ARM GAS  /tmp/ccHeQsf7.s 			page 42


 2257              	.LASF32:
 2258 01a1 705F6E65 		.ascii	"p_newer\000"
 2258      77657200 
 2259              	.LASF84:
 2260 01a9 504C4C43 		.ascii	"PLLCFGR\000"
 2260      46475200 
 2261              	.LASF146:
 2262 01b1 706F7274 		.ascii	"port_unlock\000"
 2262      5F756E6C 
 2262      6F636B00 
 2263              	.LASF56:
 2264 01bd 725F6E65 		.ascii	"r_newer\000"
 2264      77657200 
 2265              	.LASF44:
 2266 01c5 705F6D70 		.ascii	"p_mpool\000"
 2266      6F6F6C00 
 2267              	.LASF112:
 2268 01cd 72656761 		.ascii	"regarm_t\000"
 2268      726D5F74 
 2268      00
 2269              	.LASF63:
 2270 01d6 76745F70 		.ascii	"vt_prev\000"
 2270      72657600 
 2271              	.LASF76:
 2272 01de 76746C69 		.ascii	"vtlist\000"
 2272      737400
 2273              	.LASF153:
 2274 01e5 6F73616C 		.ascii	"osalSysLockFromISR\000"
 2274      5379734C 
 2274      6F636B46 
 2274      726F6D49 
 2274      535200
 2275              	.LASF1:
 2276 01f8 6C6F6E67 		.ascii	"long long int\000"
 2276      206C6F6E 
 2276      6720696E 
 2276      7400
 2277              	.LASF164:
 2278 0206 76616C75 		.ascii	"value\000"
 2278      6500
 2279              	.LASF78:
 2280 020c 69646C65 		.ascii	"idle_thread_wa\000"
 2280      5F746872 
 2280      6561645F 
 2280      776100
 2281              	.LASF25:
 2282 021b 636E745F 		.ascii	"cnt_t\000"
 2282      7400
 2283              	.LASF0:
 2284 0221 756E7369 		.ascii	"unsigned int\000"
 2284      676E6564 
 2284      20696E74 
 2284      00
 2285              	.LASF62:
 2286 022e 76745F6E 		.ascii	"vt_next\000"
 2286      65787400 
 2287              	.LASF132:
ARM GAS  /tmp/ccHeQsf7.s 			page 43


 2288 0236 77747365 		.ascii	"wtsemp\000"
 2288      6D7000
 2289              	.LASF64:
 2290 023d 76745F64 		.ascii	"vt_delta\000"
 2290      656C7461 
 2290      00
 2291              	.LASF39:
 2292 0246 705F6D73 		.ascii	"p_msgqueue\000"
 2292      67717565 
 2292      756500
 2293              	.LASF111:
 2294 0251 5243435F 		.ascii	"RCC_TypeDef\000"
 2294      54797065 
 2294      44656600 
 2295              	.LASF137:
 2296 025d 735F636E 		.ascii	"s_cnt\000"
 2296      7400
 2297              	.LASF116:
 2298 0263 534D4352 		.ascii	"SMCR\000"
 2298      00
 2299              	.LASF47:
 2300 0268 63685F74 		.ascii	"ch_thread\000"
 2300      68726561 
 2300      6400
 2301              	.LASF110:
 2302 0272 504C4C49 		.ascii	"PLLI2SCFGR\000"
 2302      32534346 
 2302      475200
 2303              	.LASF23:
 2304 027d 6D73675F 		.ascii	"msg_t\000"
 2304      7400
 2305              	.LASF88:
 2306 0283 41484233 		.ascii	"AHB3RSTR\000"
 2306      52535452 
 2306      00
 2307              	.LASF43:
 2308 028c 705F7265 		.ascii	"p_realprio\000"
 2308      616C7072 
 2308      696F00
 2309              	.LASF82:
 2310 0297 41504232 		.ascii	"APB2FZ\000"
 2310      465A00
 2311              	.LASF158:
 2312 029e 5F706F72 		.ascii	"_port_irq_epilogue\000"
 2312      745F6972 
 2312      715F6570 
 2312      696C6F67 
 2312      756500
 2313              	.LASF125:
 2314 02b1 73746D33 		.ascii	"stm32_tim_t\000"
 2314      325F7469 
 2314      6D5F7400 
 2315              	.LASF105:
 2316 02bd 41504232 		.ascii	"APB2LPENR\000"
 2316      4C50454E 
 2316      5200
 2317              	.LASF52:
ARM GAS  /tmp/ccHeQsf7.s 			page 44


 2318 02c7 63685F72 		.ascii	"ch_ready_list\000"
 2318      65616479 
 2318      5F6C6973 
 2318      7400
 2319              	.LASF24:
 2320 02d5 6576656E 		.ascii	"eventmask_t\000"
 2320      746D6173 
 2320      6B5F7400 
 2321              	.LASF8:
 2322 02e1 5F5F696E 		.ascii	"__int32_t\000"
 2322      7433325F 
 2322      7400
 2323              	.LASF113:
 2324 02eb 73746B61 		.ascii	"stkalign_t\000"
 2324      6C69676E 
 2324      5F7400
 2325              	.LASF152:
 2326 02f6 6F73616C 		.ascii	"osalOsTimerHandlerI\000"
 2326      4F735469 
 2326      6D657248 
 2326      616E646C 
 2326      65724900 
 2327              	.LASF160:
 2328 030a 474E5520 		.ascii	"GNU C11 5.2.0 -mcpu=cortex-m4 -mfloat-abi=hard -mfp"
 2328      43313120 
 2328      352E322E 
 2328      30202D6D 
 2328      6370753D 
 2329 033d 753D6670 		.ascii	"u=fpv4-sp-d16 -mno-thumb-interwork -mthumb -ggdb -O"
 2329      76342D73 
 2329      702D6431 
 2329      36202D6D 
 2329      6E6F2D74 
 2330 0370 32202D66 		.ascii	"2 -fomit-frame-pointer -falign-functions=16 -ffunct"
 2330      6F6D6974 
 2330      2D667261 
 2330      6D652D70 
 2330      6F696E74 
 2331 03a3 696F6E2D 		.ascii	"ion-sections -fdata-sections -fno-common -fsingle-p"
 2331      73656374 
 2331      696F6E73 
 2331      202D6664 
 2331      6174612D 
 2332 03d6 72656369 		.ascii	"recision-constant\000"
 2332      73696F6E 
 2332      2D636F6E 
 2332      7374616E 
 2332      7400
 2333              	.LASF46:
 2334 03e8 74687265 		.ascii	"threads_list_t\000"
 2334      6164735F 
 2334      6C697374 
 2334      5F7400
 2335              	.LASF60:
 2336 03f7 76697274 		.ascii	"virtual_timer_t\000"
 2336      75616C5F 
 2336      74696D65 
ARM GAS  /tmp/ccHeQsf7.s 			page 45


 2336      725F7400 
 2337              	.LASF38:
 2338 0407 705F7761 		.ascii	"p_waiting\000"
 2338      6974696E 
 2338      6700
 2339              	.LASF79:
 2340 0411 73697A65 		.ascii	"sizetype\000"
 2340      74797065 
 2340      00
 2341              	.LASF45:
 2342 041a 74687265 		.ascii	"thread_reference_t\000"
 2342      61645F72 
 2342      65666572 
 2342      656E6365 
 2342      5F7400
 2343              	.LASF68:
 2344 042d 63685F76 		.ascii	"ch_virtual_timers_list\000"
 2344      69727475 
 2344      616C5F74 
 2344      696D6572 
 2344      735F6C69 
 2345              	.LASF2:
 2346 0444 6C6F6E67 		.ascii	"long double\000"
 2346      20646F75 
 2346      626C6500 
 2347              	.LASF28:
 2348 0450 705F6E65 		.ascii	"p_next\000"
 2348      787400
 2349              	.LASF95:
 2350 0457 41484233 		.ascii	"AHB3ENR\000"
 2350      454E5200 
 2351              	.LASF69:
 2352 045f 76745F6C 		.ascii	"vt_lasttime\000"
 2352      61737474 
 2352      696D6500 
 2353              	.LASF33:
 2354 046b 705F6F6C 		.ascii	"p_older\000"
 2354      64657200 
 2355              	.LASF55:
 2356 0473 725F6374 		.ascii	"r_ctx\000"
 2356      7800
 2357              	.LASF101:
 2358 0479 41484232 		.ascii	"AHB2LPENR\000"
 2358      4C50454E 
 2358      5200
 2359              	.LASF83:
 2360 0483 4442474D 		.ascii	"DBGMCU_TypeDef\000"
 2360      43555F54 
 2360      79706544 
 2360      656600
 2361              	.LASF127:
 2362 0492 746D5F63 		.ascii	"tm_calibration_t\000"
 2362      616C6962 
 2362      72617469 
 2362      6F6E5F74 
 2362      00
 2363              	.LASF58:
ARM GAS  /tmp/ccHeQsf7.s 			page 46


 2364 04a3 725F6375 		.ascii	"r_current\000"
 2364      7272656E 
 2364      7400
 2365              	.LASF90:
 2366 04ad 41504231 		.ascii	"APB1RSTR\000"
 2366      52535452 
 2366      00
 2367              	.LASF12:
 2368 04b6 5F5F7569 		.ascii	"__uint64_t\000"
 2368      6E743634 
 2368      5F7400
 2369              	.LASF81:
 2370 04c1 41504231 		.ascii	"APB1FZ\000"
 2370      465A00
 2371              	.LASF21:
 2372 04c8 74726566 		.ascii	"trefs_t\000"
 2372      735F7400 
 2373              	.LASF89:
 2374 04d0 52455345 		.ascii	"RESERVED0\000"
 2374      52564544 
 2374      3000
 2375              	.LASF92:
 2376 04da 52455345 		.ascii	"RESERVED1\000"
 2376      52564544 
 2376      3100
 2377              	.LASF96:
 2378 04e4 52455345 		.ascii	"RESERVED2\000"
 2378      52564544 
 2378      3200
 2379              	.LASF99:
 2380 04ee 52455345 		.ascii	"RESERVED3\000"
 2380      52564544 
 2380      3300
 2381              	.LASF103:
 2382 04f8 52455345 		.ascii	"RESERVED4\000"
 2382      52564544 
 2382      3400
 2383              	.LASF29:
 2384 0502 705F7072 		.ascii	"p_prev\000"
 2384      657600
 2385              	.LASF108:
 2386 0509 52455345 		.ascii	"RESERVED6\000"
 2386      52564544 
 2386      3600
 2387              	.LASF22:
 2388 0513 74707269 		.ascii	"tprio_t\000"
 2388      6F5F7400 
 2389              	.LASF150:
 2390 051b 63685379 		.ascii	"chSysUnlockFromISR\000"
 2390      73556E6C 
 2390      6F636B46 
 2390      726F6D49 
 2390      535200
 2391              	.LASF71:
 2392 052e 63685F73 		.ascii	"ch_system_debug\000"
 2392      79737465 
 2392      6D5F6465 
ARM GAS  /tmp/ccHeQsf7.s 			page 47


 2392      62756700 
 2393              	.LASF144:
 2394 053e 5F426F6F 		.ascii	"_Bool\000"
 2394      6C00
 2395              	.LASF15:
 2396 0544 696E7433 		.ascii	"int32_t\000"
 2396      325F7400 
 2397              	.LASF4:
 2398 054c 756E7369 		.ascii	"unsigned char\000"
 2398      676E6564 
 2398      20636861 
 2398      7200
 2399              	.LASF80:
 2400 055a 4944434F 		.ascii	"IDCODE\000"
 2400      444500
 2401              	.LASF156:
 2402 0561 49544D5F 		.ascii	"ITM_RxBuffer\000"
 2402      52784275 
 2402      66666572 
 2402      00
 2403              	.LASF42:
 2404 056e 705F6D74 		.ascii	"p_mtxlist\000"
 2404      786C6973 
 2404      7400
 2405              	.LASF5:
 2406 0578 73686F72 		.ascii	"short int\000"
 2406      7420696E 
 2406      7400
 2407              	.LASF35:
 2408 0582 705F7374 		.ascii	"p_state\000"
 2408      61746500 
 2409              	.LASF102:
 2410 058a 41484233 		.ascii	"AHB3LPENR\000"
 2410      4C50454E 
 2410      5200
 2411              	.LASF54:
 2412 0594 725F7072 		.ascii	"r_prio\000"
 2412      696F00
 2413              	.LASF134:
 2414 059b 65776D61 		.ascii	"ewmask\000"
 2414      736B00
 2415              	.LASF36:
 2416 05a2 705F666C 		.ascii	"p_flags\000"
 2416      61677300 
 2417              	.LASF6:
 2418 05aa 73686F72 		.ascii	"short unsigned int\000"
 2418      7420756E 
 2418      7369676E 
 2418      65642069 
 2418      6E7400
 2419              	.LASF98:
 2420 05bd 41504232 		.ascii	"APB2ENR\000"
 2420      454E5200 
 2421              	.LASF61:
 2422 05c5 63685F76 		.ascii	"ch_virtual_timer\000"
 2422      69727475 
 2422      616C5F74 
ARM GAS  /tmp/ccHeQsf7.s 			page 48


 2422      696D6572 
 2422      00
 2423              	.LASF135:
 2424 05d6 63685F73 		.ascii	"ch_semaphore\000"
 2424      656D6170 
 2424      686F7265 
 2424      00
 2425              	.LASF124:
 2426 05e3 43435852 		.ascii	"CCXR\000"
 2426      00
 2427              	.LASF41:
 2428 05e8 705F6570 		.ascii	"p_epending\000"
 2428      656E6469 
 2428      6E6700
 2429              	.LASF106:
 2430 05f3 52455345 		.ascii	"RESERVED5\000"
 2430      52564544 
 2430      3500
 2431              	.LASF16:
 2432 05fd 75696E74 		.ascii	"uint32_t\000"
 2432      33325F74 
 2432      00
 2433              	.LASF133:
 2434 0606 77746D74 		.ascii	"wtmtxp\000"
 2434      787000
 2435              	.LASF53:
 2436 060d 725F7175 		.ascii	"r_queue\000"
 2436      65756500 
 2437              	.LASF48:
 2438 0615 63685F74 		.ascii	"ch_threads_list\000"
 2438      68726561 
 2438      64735F6C 
 2438      69737400 
 2439              	.LASF11:
 2440 0625 6C6F6E67 		.ascii	"long unsigned int\000"
 2440      20756E73 
 2440      69676E65 
 2440      6420696E 
 2440      7400
 2441              	.LASF142:
 2442 0637 63686172 		.ascii	"char\000"
 2442      00
 2443              	.LASF122:
 2444 063c 444D4152 		.ascii	"DMAR\000"
 2444      00
 2445              	.LASF161:
 2446 0641 2E2E2F2E 		.ascii	"../../os/hal/ports/STM32/LLD/TIMv1/st_lld.c\000"
 2446      2E2F6F73 
 2446      2F68616C 
 2446      2F706F72 
 2446      74732F53 
 2447              	.LASF87:
 2448 066d 41484232 		.ascii	"AHB2RSTR\000"
 2448      52535452 
 2448      00
 2449              	.LASF148:
 2450 0676 706F7274 		.ascii	"port_unlock_from_isr\000"
ARM GAS  /tmp/ccHeQsf7.s 			page 49


 2450      5F756E6C 
 2450      6F636B5F 
 2450      66726F6D 
 2450      5F697372 
 2451              	.LASF27:
 2452 068b 74687265 		.ascii	"thread_t\000"
 2452      61645F74 
 2452      00
 2453              	.LASF120:
 2454 0694 43434552 		.ascii	"CCER\000"
 2454      00
 2455              	.LASF141:
 2456 0699 6D5F6E65 		.ascii	"m_next\000"
 2456      787400
 2457              	.LASF26:
 2458 06a0 73797374 		.ascii	"systime_t\000"
 2458      696D655F 
 2458      7400
 2459              	.LASF157:
 2460 06aa 63685379 		.ascii	"chSysTimerHandlerI\000"
 2460      7354696D 
 2460      65724861 
 2460      6E646C65 
 2460      724900
 2461              	.LASF59:
 2462 06bd 76746675 		.ascii	"vtfunc_t\000"
 2462      6E635F74 
 2462      00
 2463              	.LASF10:
 2464 06c6 5F5F7569 		.ascii	"__uint32_t\000"
 2464      6E743332 
 2464      5F7400
 2465              	.LASF163:
 2466 06d1 5F5F7365 		.ascii	"__set_BASEPRI\000"
 2466      745F4241 
 2466      53455052 
 2466      4900
 2467              	.LASF72:
 2468 06df 70616E69 		.ascii	"panic_msg\000"
 2468      635F6D73 
 2468      6700
 2469              	.LASF126:
 2470 06e9 6F666673 		.ascii	"offset\000"
 2470      657400
 2471              	.LASF97:
 2472 06f0 41504231 		.ascii	"APB1ENR\000"
 2472      454E5200 
 2473              	.LASF94:
 2474 06f8 41484232 		.ascii	"AHB2ENR\000"
 2474      454E5200 
 2475              	.LASF114:
 2476 0700 636F6E74 		.ascii	"context\000"
 2476      65787400 
 2477              	.LASF57:
 2478 0708 725F6F6C 		.ascii	"r_older\000"
 2478      64657200 
 2479              	.LASF73:
ARM GAS  /tmp/ccHeQsf7.s 			page 50


 2480 0710 63685F73 		.ascii	"ch_system_t\000"
 2480      79737465 
 2480      6D5F7400 
 2481              	.LASF18:
 2482 071c 7274636E 		.ascii	"rtcnt_t\000"
 2482      745F7400 
 2483              	.LASF147:
 2484 0724 706F7274 		.ascii	"port_lock_from_isr\000"
 2484      5F6C6F63 
 2484      6B5F6672 
 2484      6F6D5F69 
 2484      737200
 2485              	.LASF66:
 2486 0737 76745F70 		.ascii	"vt_par\000"
 2486      617200
 2487              	.LASF109:
 2488 073e 53534347 		.ascii	"SSCGR\000"
 2488      5200
 2489              	.LASF49:
 2490 0744 74687265 		.ascii	"threads_queue_t\000"
 2490      6164735F 
 2490      71756575 
 2490      655F7400 
 2491              	.LASF138:
 2492 0754 63685F6D 		.ascii	"ch_mutex\000"
 2492      75746578 
 2492      00
 2493              	.LASF37:
 2494 075d 705F7265 		.ascii	"p_refs\000"
 2494      667300
 2495              	.LASF107:
 2496 0764 42444352 		.ascii	"BDCR\000"
 2496      00
 2497              	.LASF75:
 2498 0769 726C6973 		.ascii	"rlist\000"
 2498      7400
 2499              	.LASF14:
 2500 076f 75696E74 		.ascii	"uint8_t\000"
 2500      385F7400 
 2501              	.LASF149:
 2502 0777 63685379 		.ascii	"chSysLockFromISR\000"
 2502      734C6F63 
 2502      6B46726F 
 2502      6D495352 
 2502      00
 2503              	.LASF34:
 2504 0788 705F6E61 		.ascii	"p_name\000"
 2504      6D6500
 2505              	.LASF93:
 2506 078f 41484231 		.ascii	"AHB1ENR\000"
 2506      454E5200 
 2507              	.LASF85:
 2508 0797 43464752 		.ascii	"CFGR\000"
 2508      00
 2509              	.LASF19:
 2510 079c 746D6F64 		.ascii	"tmode_t\000"
 2510      655F7400 
ARM GAS  /tmp/ccHeQsf7.s 			page 51


 2511              	.LASF136:
 2512 07a4 735F7175 		.ascii	"s_queue\000"
 2512      65756500 
 2513              	.LASF40:
 2514 07ac 705F6D73 		.ascii	"p_msg\000"
 2514      6700
 2515              	.LASF143:
 2516 07b2 6D757465 		.ascii	"mutex_t\000"
 2516      785F7400 
 2517              	.LASF140:
 2518 07ba 6D5F6F77 		.ascii	"m_owner\000"
 2518      6E657200 
 2519              	.LASF31:
 2520 07c2 705F6374 		.ascii	"p_ctx\000"
 2520      7800
 2521              	.LASF65:
 2522 07c8 76745F66 		.ascii	"vt_func\000"
 2522      756E6300 
 2523              		.ident	"GCC: (Fedora 5.2.0-2.fc22) 5.2.0"
ARM GAS  /tmp/ccHeQsf7.s 			page 52


DEFINED SYMBOLS
                            *ABS*:0000000000000000 st_lld.c
     /tmp/ccHeQsf7.s:22     .text.VectorB0:0000000000000000 $t
     /tmp/ccHeQsf7.s:28     .text.VectorB0:0000000000000000 VectorB0
     /tmp/ccHeQsf7.s:113    .text.st_lld_init:0000000000000000 $t
     /tmp/ccHeQsf7.s:119    .text.st_lld_init:0000000000000000 st_lld_init
     /tmp/ccHeQsf7.s:189    .text.st_lld_init:0000000000000040 $d
                     .debug_frame:0000000000000010 $d
     /tmp/ccHeQsf7.s:194    .text.st_lld_init:0000000000000048 $t

UNDEFINED SYMBOLS
_port_irq_epilogue
chSysTimerHandlerI
nvicEnableVector
