ARM GAS  /tmp/ccw3LJXM.s 			page 1


   1              		.syntax unified
   2              		.cpu cortex-m4
   3              		.eabi_attribute 27, 1
   4              		.eabi_attribute 28, 1
   5              		.fpu fpv4-sp-d16
   6              		.eabi_attribute 20, 1
   7              		.eabi_attribute 21, 1
   8              		.eabi_attribute 23, 3
   9              		.eabi_attribute 24, 1
  10              		.eabi_attribute 25, 1
  11              		.eabi_attribute 26, 1
  12              		.eabi_attribute 30, 2
  13              		.eabi_attribute 34, 1
  14              		.eabi_attribute 18, 4
  15              		.thumb
  16              		.syntax unified
  17              		.file	"board.c"
  18              		.text
  19              	.Ltext0:
  20              		.cfi_sections	.debug_frame
  21              		.section	.text.__early_init,"ax",%progbits
  22              		.align	2
  23              		.p2align 4,,15
  24              		.global	__early_init
  25              		.thumb
  26              		.thumb_func
  27              		.type	__early_init, %function
  28              	__early_init:
  29              	.LFB260:
  30              		.file 1 "../../os/hal/boards/ST_STM32F401C_DISCOVERY/board.c"
  31              		.loc 1 71 0
  32              		.cfi_startproc
  33              		@ args = 0, pretend = 0, frame = 0
  34              		@ frame_needed = 0, uses_anonymous_args = 0
  35              		@ link register save eliminated.
  36              		.loc 1 73 0
  37 0000 FFF7FEBF 		b	stm32_clock_init
  38              	.LVL0:
  39              		.cfi_endproc
  40              	.LFE260:
  41              		.size	__early_init, .-__early_init
  42 0004 AFF30080 		.section	.text.boardInit,"ax",%progbits
  42      AFF30080 
  42      AFF30080 
  43              		.align	2
  44              		.p2align 4,,15
  45              		.global	boardInit
  46              		.thumb
  47              		.thumb_func
  48              		.type	boardInit, %function
  49              	boardInit:
  50              	.LFB261:
  51              		.loc 1 124 0
  52              		.cfi_startproc
  53              		@ args = 0, pretend = 0, frame = 0
  54              		@ frame_needed = 0, uses_anonymous_args = 0
  55              		@ link register save eliminated.
ARM GAS  /tmp/ccw3LJXM.s 			page 2


  56 0000 7047     		bx	lr
  57              		.cfi_endproc
  58              	.LFE261:
  59              		.size	boardInit, .-boardInit
  60              		.global	pal_default_config
  61 0002 00BFAFF3 		.section	.rodata.pal_default_config,"a",%progbits
  61      0080AFF3 
  61      0080AFF3 
  61      0080
  62              		.align	2
  63              		.type	pal_default_config, %object
  64              		.size	pal_default_config, 168
  65              	pal_default_config:
  66 0000 00AAA02A 		.word	715172352
  67 0004 00000000 		.word	0
  68 0008 FFABFFFF 		.word	-21505
  69 000c 54000140 		.word	1073807444
  70 0010 FFFF0000 		.word	65535
  71 0014 00005655 		.word	1431699456
  72 0018 00AA0A00 		.word	698880
  73 001c 80200800 		.word	532608
  74 0020 40020000 		.word	576
  75 0024 FFFFFFFF 		.word	-1
  76 0028 15451155 		.word	1427195157
  77 002c FFFF0000 		.word	65535
  78 0030 00000004 		.word	67108864
  79 0034 40000000 		.word	64
  80 0038 01802002 		.word	35684353
  81 003c 00000000 		.word	0
  82 0040 FFFFFFFF 		.word	-1
  83 0044 54154554 		.word	1413813588
  84 0048 FFFF0000 		.word	65535
  85 004c 00000060 		.word	1610612736
  86 0050 00060600 		.word	394752
  87 0054 00010055 		.word	1426063616
  88 0058 00000000 		.word	0
  89 005c FFFFFFFF 		.word	-1
  90 0060 55505500 		.word	5591125
  91 0064 FF0F0000 		.word	4095
  92 0068 00000000 		.word	0
  93 006c 00000000 		.word	0
  94 0070 40000000 		.word	64
  95 0074 00000000 		.word	0
  96 0078 FFFFFFFF 		.word	-1
  97 007c 00000000 		.word	0
  98 0080 FFFF0000 		.word	65535
  99 0084 00000000 		.word	0
 100 0088 00000000 		.word	0
 101 008c 00000000 		.word	0
 102 0090 00000000 		.word	0
 103 0094 0F000000 		.word	15
 104 0098 00000000 		.word	0
 105 009c 03000000 		.word	3
 106 00a0 00000000 		.word	0
 107 00a4 00000000 		.word	0
 108              		.text
 109              	.Letext0:
ARM GAS  /tmp/ccw3LJXM.s 			page 3


 110              		.file 2 "/usr/lib/gcc/arm-none-eabi/5.2.0/include/stddef.h"
 111              		.file 3 "/usr/arm-none-eabi/include/machine/_default_types.h"
 112              		.file 4 "/usr/arm-none-eabi/include/stdint.h"
 113              		.file 5 "../../os/rt/ports/ARMCMx/compilers/GCC/chtypes.h"
 114              		.file 6 "../../os/rt/include/chsystypes.h"
 115              		.file 7 "../../os/rt/include/chschd.h"
 116              		.file 8 "../../os/rt/ports/ARMCMx/chcore.h"
 117              		.file 9 "../../os/rt/ports/ARMCMx/chcore_v7m.h"
 118              		.file 10 "../../os/rt/include/chtm.h"
 119              		.file 11 "../../os/rt/include/chsem.h"
 120              		.file 12 "../../os/rt/include/chmtx.h"
 121              		.file 13 "../../os/hal/ports/STM32/LLD/GPIOv2/pal_lld.h"
 122              		.file 14 "../../os/ext/CMSIS/include/core_cm4.h"
 123              		.file 15 "../../os/hal/ports/STM32/STM32F4xx/hal_lld.h"
 124              		.section	.debug_info,"",%progbits
 125              	.Ldebug_info0:
 126 0000 24080000 		.4byte	0x824
 127 0004 0400     		.2byte	0x4
 128 0006 00000000 		.4byte	.Ldebug_abbrev0
 129 000a 04       		.byte	0x4
 130 000b 01       		.uleb128 0x1
 131 000c 73020000 		.4byte	.LASF120
 132 0010 0C       		.byte	0xc
 133 0011 AA000000 		.4byte	.LASF121
 134 0015 FE040000 		.4byte	.LASF122
 135 0019 00000000 		.4byte	.Ldebug_ranges0+0
 136 001d 00000000 		.4byte	0
 137 0021 00000000 		.4byte	.Ldebug_line0
 138 0025 02       		.uleb128 0x2
 139 0026 04       		.byte	0x4
 140 0027 05       		.byte	0x5
 141 0028 696E7400 		.ascii	"int\000"
 142 002c 03       		.uleb128 0x3
 143 002d 20000000 		.4byte	.LASF4
 144 0031 02       		.byte	0x2
 145 0032 D8       		.byte	0xd8
 146 0033 37000000 		.4byte	0x37
 147 0037 04       		.uleb128 0x4
 148 0038 04       		.byte	0x4
 149 0039 07       		.byte	0x7
 150 003a C1010000 		.4byte	.LASF0
 151 003e 04       		.uleb128 0x4
 152 003f 08       		.byte	0x8
 153 0040 05       		.byte	0x5
 154 0041 03010000 		.4byte	.LASF1
 155 0045 04       		.uleb128 0x4
 156 0046 08       		.byte	0x8
 157 0047 04       		.byte	0x4
 158 0048 8E030000 		.4byte	.LASF2
 159 004c 04       		.uleb128 0x4
 160 004d 01       		.byte	0x1
 161 004e 06       		.byte	0x6
 162 004f 11010000 		.4byte	.LASF3
 163 0053 03       		.uleb128 0x3
 164 0054 37000000 		.4byte	.LASF5
 165 0058 03       		.byte	0x3
 166 0059 1D       		.byte	0x1d
ARM GAS  /tmp/ccw3LJXM.s 			page 4


 167 005a 5E000000 		.4byte	0x5e
 168 005e 04       		.uleb128 0x4
 169 005f 01       		.byte	0x1
 170 0060 08       		.byte	0x8
 171 0061 33040000 		.4byte	.LASF6
 172 0065 04       		.uleb128 0x4
 173 0066 02       		.byte	0x2
 174 0067 05       		.byte	0x5
 175 0068 56040000 		.4byte	.LASF7
 176 006c 04       		.uleb128 0x4
 177 006d 02       		.byte	0x2
 178 006e 07       		.byte	0x7
 179 006f 0D020000 		.4byte	.LASF8
 180 0073 03       		.uleb128 0x3
 181 0074 5E020000 		.4byte	.LASF9
 182 0078 03       		.byte	0x3
 183 0079 3F       		.byte	0x3f
 184 007a 7E000000 		.4byte	0x7e
 185 007e 04       		.uleb128 0x4
 186 007f 04       		.byte	0x4
 187 0080 05       		.byte	0x5
 188 0081 43010000 		.4byte	.LASF10
 189 0085 03       		.uleb128 0x3
 190 0086 6C050000 		.4byte	.LASF11
 191 008a 03       		.byte	0x3
 192 008b 41       		.byte	0x41
 193 008c 90000000 		.4byte	0x90
 194 0090 04       		.uleb128 0x4
 195 0091 04       		.byte	0x4
 196 0092 07       		.byte	0x7
 197 0093 E7040000 		.4byte	.LASF12
 198 0097 03       		.uleb128 0x3
 199 0098 E3030000 		.4byte	.LASF13
 200 009c 03       		.byte	0x3
 201 009d 5B       		.byte	0x5b
 202 009e A2000000 		.4byte	0xa2
 203 00a2 04       		.uleb128 0x4
 204 00a3 08       		.byte	0x8
 205 00a4 07       		.byte	0x7
 206 00a5 63000000 		.4byte	.LASF14
 207 00a9 03       		.uleb128 0x3
 208 00aa C5050000 		.4byte	.LASF15
 209 00ae 04       		.byte	0x4
 210 00af 15       		.byte	0x15
 211 00b0 53000000 		.4byte	0x53
 212 00b4 03       		.uleb128 0x3
 213 00b5 2B040000 		.4byte	.LASF16
 214 00b9 04       		.byte	0x4
 215 00ba 2C       		.byte	0x2c
 216 00bb 73000000 		.4byte	0x73
 217 00bf 03       		.uleb128 0x3
 218 00c0 BF040000 		.4byte	.LASF17
 219 00c4 04       		.byte	0x4
 220 00c5 2D       		.byte	0x2d
 221 00c6 85000000 		.4byte	0x85
 222 00ca 03       		.uleb128 0x3
 223 00cb 2E000000 		.4byte	.LASF18
ARM GAS  /tmp/ccw3LJXM.s 			page 5


 224 00cf 04       		.byte	0x4
 225 00d0 39       		.byte	0x39
 226 00d1 97000000 		.4byte	0x97
 227 00d5 05       		.uleb128 0x5
 228 00d6 B4000000 		.4byte	0xb4
 229 00da 03       		.uleb128 0x3
 230 00db 90050000 		.4byte	.LASF19
 231 00df 05       		.byte	0x5
 232 00e0 45       		.byte	0x45
 233 00e1 BF000000 		.4byte	0xbf
 234 00e5 03       		.uleb128 0x3
 235 00e6 3C020000 		.4byte	.LASF20
 236 00ea 05       		.byte	0x5
 237 00eb 48       		.byte	0x48
 238 00ec A9000000 		.4byte	0xa9
 239 00f0 03       		.uleb128 0x3
 240 00f1 53010000 		.4byte	.LASF21
 241 00f5 05       		.byte	0x5
 242 00f6 49       		.byte	0x49
 243 00f7 A9000000 		.4byte	0xa9
 244 00fb 03       		.uleb128 0x3
 245 00fc EE030000 		.4byte	.LASF22
 246 0100 05       		.byte	0x5
 247 0101 4A       		.byte	0x4a
 248 0102 A9000000 		.4byte	0xa9
 249 0106 03       		.uleb128 0x3
 250 0107 0D040000 		.4byte	.LASF23
 251 010b 05       		.byte	0x5
 252 010c 4C       		.byte	0x4c
 253 010d BF000000 		.4byte	0xbf
 254 0111 03       		.uleb128 0x3
 255 0112 2A020000 		.4byte	.LASF24
 256 0116 05       		.byte	0x5
 257 0117 4D       		.byte	0x4d
 258 0118 B4000000 		.4byte	0xb4
 259 011c 03       		.uleb128 0x3
 260 011d 52020000 		.4byte	.LASF25
 261 0121 05       		.byte	0x5
 262 0122 4F       		.byte	0x4f
 263 0123 BF000000 		.4byte	0xbf
 264 0127 03       		.uleb128 0x3
 265 0128 BB010000 		.4byte	.LASF26
 266 012c 05       		.byte	0x5
 267 012d 51       		.byte	0x51
 268 012e B4000000 		.4byte	0xb4
 269 0132 03       		.uleb128 0x3
 270 0133 4E050000 		.4byte	.LASF27
 271 0137 06       		.byte	0x6
 272 0138 33       		.byte	0x33
 273 0139 BF000000 		.4byte	0xbf
 274 013d 03       		.uleb128 0x3
 275 013e 3E050000 		.4byte	.LASF28
 276 0142 06       		.byte	0x6
 277 0143 3F       		.byte	0x3f
 278 0144 48010000 		.4byte	0x148
 279 0148 06       		.uleb128 0x6
 280 0149 20020000 		.4byte	.LASF48
ARM GAS  /tmp/ccw3LJXM.s 			page 6


 281 014d 44       		.byte	0x44
 282 014e 07       		.byte	0x7
 283 014f C2       		.byte	0xc2
 284 0150 35020000 		.4byte	0x235
 285 0154 07       		.uleb128 0x7
 286 0155 87040000 		.4byte	.LASF29
 287 0159 07       		.byte	0x7
 288 015a C3       		.byte	0xc3
 289 015b 40020000 		.4byte	0x240
 290 015f 00       		.byte	0
 291 0160 07       		.uleb128 0x7
 292 0161 06040000 		.4byte	.LASF30
 293 0165 07       		.byte	0x7
 294 0166 C5       		.byte	0xc5
 295 0167 40020000 		.4byte	0x240
 296 016b 04       		.byte	0x4
 297 016c 07       		.uleb128 0x7
 298 016d FC000000 		.4byte	.LASF31
 299 0171 07       		.byte	0x7
 300 0172 C7       		.byte	0xc7
 301 0173 06010000 		.4byte	0x106
 302 0177 08       		.byte	0x8
 303 0178 07       		.uleb128 0x7
 304 0179 1C060000 		.4byte	.LASF32
 305 017d 07       		.byte	0x7
 306 017e C8       		.byte	0xc8
 307 017f 70040000 		.4byte	0x470
 308 0183 0C       		.byte	0xc
 309 0184 07       		.uleb128 0x7
 310 0185 5C010000 		.4byte	.LASF33
 311 0189 07       		.byte	0x7
 312 018a CA       		.byte	0xca
 313 018b 40020000 		.4byte	0x240
 314 018f 10       		.byte	0x10
 315 0190 07       		.uleb128 0x7
 316 0191 A6030000 		.4byte	.LASF34
 317 0195 07       		.byte	0x7
 318 0196 CB       		.byte	0xcb
 319 0197 40020000 		.4byte	0x240
 320 019b 14       		.byte	0x14
 321 019c 07       		.uleb128 0x7
 322 019d D4050000 		.4byte	.LASF35
 323 01a1 07       		.byte	0x7
 324 01a2 D2       		.byte	0xd2
 325 01a3 B5060000 		.4byte	0x6b5
 326 01a7 18       		.byte	0x18
 327 01a8 07       		.uleb128 0x7
 328 01a9 60040000 		.4byte	.LASF36
 329 01ad 07       		.byte	0x7
 330 01ae DD       		.byte	0xdd
 331 01af F0000000 		.4byte	0xf0
 332 01b3 1C       		.byte	0x1c
 333 01b4 07       		.uleb128 0x7
 334 01b5 8E040000 		.4byte	.LASF37
 335 01b9 07       		.byte	0x7
 336 01ba E1       		.byte	0xe1
 337 01bb E5000000 		.4byte	0xe5
ARM GAS  /tmp/ccw3LJXM.s 			page 7


 338 01bf 1D       		.byte	0x1d
 339 01c0 07       		.uleb128 0x7
 340 01c1 B8050000 		.4byte	.LASF38
 341 01c5 07       		.byte	0x7
 342 01c6 E6       		.byte	0xe6
 343 01c7 FB000000 		.4byte	0xfb
 344 01cb 1E       		.byte	0x1e
 345 01cc 08       		.uleb128 0x8
 346 01cd 705F7500 		.ascii	"p_u\000"
 347 01d1 07       		.byte	0x7
 348 01d2 3101     		.2byte	0x131
 349 01d4 F0050000 		.4byte	0x5f0
 350 01d8 20       		.byte	0x20
 351 01d9 09       		.uleb128 0x9
 352 01da 51030000 		.4byte	.LASF39
 353 01de 07       		.byte	0x7
 354 01df 3601     		.2byte	0x136
 355 01e1 46020000 		.4byte	0x246
 356 01e5 24       		.byte	0x24
 357 01e6 09       		.uleb128 0x9
 358 01e7 E6010000 		.4byte	.LASF40
 359 01eb 07       		.byte	0x7
 360 01ec 3C01     		.2byte	0x13c
 361 01ee 6A020000 		.4byte	0x26a
 362 01f2 28       		.byte	0x28
 363 01f3 09       		.uleb128 0x9
 364 01f4 F1050000 		.4byte	.LASF41
 365 01f8 07       		.byte	0x7
 366 01f9 4001     		.2byte	0x140
 367 01fb 11010000 		.4byte	0x111
 368 01ff 30       		.byte	0x30
 369 0200 09       		.uleb128 0x9
 370 0201 B4040000 		.4byte	.LASF42
 371 0205 07       		.byte	0x7
 372 0206 4601     		.2byte	0x146
 373 0208 1C010000 		.4byte	0x11c
 374 020c 34       		.byte	0x34
 375 020d 09       		.uleb128 0x9
 376 020e 4C040000 		.4byte	.LASF43
 377 0212 07       		.byte	0x7
 378 0213 4D01     		.2byte	0x14d
 379 0215 AF060000 		.4byte	0x6af
 380 0219 38       		.byte	0x38
 381 021a 09       		.uleb128 0x9
 382 021b 58050000 		.4byte	.LASF44
 383 021f 07       		.byte	0x7
 384 0220 5101     		.2byte	0x151
 385 0222 06010000 		.4byte	0x106
 386 0226 3C       		.byte	0x3c
 387 0227 09       		.uleb128 0x9
 388 0228 1D010000 		.4byte	.LASF45
 389 022c 07       		.byte	0x7
 390 022d 5801     		.2byte	0x158
 391 022f 1D030000 		.4byte	0x31d
 392 0233 40       		.byte	0x40
 393 0234 00       		.byte	0
 394 0235 03       		.uleb128 0x3
ARM GAS  /tmp/ccw3LJXM.s 			page 8


 395 0236 64030000 		.4byte	.LASF46
 396 023a 06       		.byte	0x6
 397 023b 44       		.byte	0x44
 398 023c 40020000 		.4byte	0x240
 399 0240 0A       		.uleb128 0xa
 400 0241 04       		.byte	0x4
 401 0242 3D010000 		.4byte	0x13d
 402 0246 03       		.uleb128 0x3
 403 0247 E2050000 		.4byte	.LASF47
 404 024b 06       		.byte	0x6
 405 024c 49       		.byte	0x49
 406 024d 51020000 		.4byte	0x251
 407 0251 06       		.uleb128 0x6
 408 0252 D7040000 		.4byte	.LASF49
 409 0256 04       		.byte	0x4
 410 0257 07       		.byte	0x7
 411 0258 B0       		.byte	0xb0
 412 0259 6A020000 		.4byte	0x26a
 413 025d 07       		.uleb128 0x7
 414 025e 87040000 		.4byte	.LASF29
 415 0262 07       		.byte	0x7
 416 0263 B1       		.byte	0xb1
 417 0264 40020000 		.4byte	0x240
 418 0268 00       		.byte	0
 419 0269 00       		.byte	0
 420 026a 03       		.uleb128 0x3
 421 026b 9F050000 		.4byte	.LASF50
 422 026f 06       		.byte	0x6
 423 0270 50       		.byte	0x50
 424 0271 75020000 		.4byte	0x275
 425 0275 06       		.uleb128 0x6
 426 0276 EB000000 		.4byte	.LASF51
 427 027a 08       		.byte	0x8
 428 027b 07       		.byte	0x7
 429 027c B7       		.byte	0xb7
 430 027d 9A020000 		.4byte	0x29a
 431 0281 07       		.uleb128 0x7
 432 0282 87040000 		.4byte	.LASF29
 433 0286 07       		.byte	0x7
 434 0287 B8       		.byte	0xb8
 435 0288 40020000 		.4byte	0x240
 436 028c 00       		.byte	0
 437 028d 07       		.uleb128 0x7
 438 028e 06040000 		.4byte	.LASF30
 439 0292 07       		.byte	0x7
 440 0293 B9       		.byte	0xb9
 441 0294 40020000 		.4byte	0x240
 442 0298 04       		.byte	0x4
 443 0299 00       		.byte	0
 444 029a 03       		.uleb128 0x3
 445 029b 13000000 		.4byte	.LASF52
 446 029f 06       		.byte	0x6
 447 02a0 57       		.byte	0x57
 448 02a1 A5020000 		.4byte	0x2a5
 449 02a5 0B       		.uleb128 0xb
 450 02a6 44020000 		.4byte	.LASF53
 451 02aa 1C       		.byte	0x1c
ARM GAS  /tmp/ccw3LJXM.s 			page 9


 452 02ab 07       		.byte	0x7
 453 02ac 9001     		.2byte	0x190
 454 02ae 01030000 		.4byte	0x301
 455 02b2 09       		.uleb128 0x9
 456 02b3 CF040000 		.4byte	.LASF54
 457 02b7 07       		.byte	0x7
 458 02b8 9101     		.2byte	0x191
 459 02ba 6A020000 		.4byte	0x26a
 460 02be 00       		.byte	0
 461 02bf 09       		.uleb128 0x9
 462 02c0 72040000 		.4byte	.LASF55
 463 02c4 07       		.byte	0x7
 464 02c5 9201     		.2byte	0x192
 465 02c7 06010000 		.4byte	0x106
 466 02cb 08       		.byte	0x8
 467 02cc 09       		.uleb128 0x9
 468 02cd AE030000 		.4byte	.LASF56
 469 02d1 07       		.byte	0x7
 470 02d2 9401     		.2byte	0x194
 471 02d4 70040000 		.4byte	0x470
 472 02d8 0C       		.byte	0xc
 473 02d9 09       		.uleb128 0x9
 474 02da 6C010000 		.4byte	.LASF57
 475 02de 07       		.byte	0x7
 476 02df 9701     		.2byte	0x197
 477 02e1 40020000 		.4byte	0x240
 478 02e5 10       		.byte	0x10
 479 02e6 09       		.uleb128 0x9
 480 02e7 DB030000 		.4byte	.LASF58
 481 02eb 07       		.byte	0x7
 482 02ec 9801     		.2byte	0x198
 483 02ee 40020000 		.4byte	0x240
 484 02f2 14       		.byte	0x14
 485 02f3 09       		.uleb128 0x9
 486 02f4 D1030000 		.4byte	.LASF59
 487 02f8 07       		.byte	0x7
 488 02f9 9B01     		.2byte	0x19b
 489 02fb 40020000 		.4byte	0x240
 490 02ff 18       		.byte	0x18
 491 0300 00       		.byte	0
 492 0301 03       		.uleb128 0x3
 493 0302 63050000 		.4byte	.LASF60
 494 0306 06       		.byte	0x6
 495 0307 5C       		.byte	0x5c
 496 0308 0C030000 		.4byte	0x30c
 497 030c 0A       		.uleb128 0xa
 498 030d 04       		.byte	0x4
 499 030e 12030000 		.4byte	0x312
 500 0312 0C       		.uleb128 0xc
 501 0313 1D030000 		.4byte	0x31d
 502 0317 0D       		.uleb128 0xd
 503 0318 1D030000 		.4byte	0x31d
 504 031c 00       		.byte	0
 505 031d 0E       		.uleb128 0xe
 506 031e 04       		.byte	0x4
 507 031f 03       		.uleb128 0x3
 508 0320 F6030000 		.4byte	.LASF61
ARM GAS  /tmp/ccw3LJXM.s 			page 10


 509 0324 06       		.byte	0x6
 510 0325 61       		.byte	0x61
 511 0326 2A030000 		.4byte	0x32a
 512 032a 0B       		.uleb128 0xb
 513 032b 96040000 		.4byte	.LASF62
 514 032f 14       		.byte	0x14
 515 0330 07       		.byte	0x7
 516 0331 6B01     		.2byte	0x16b
 517 0333 79030000 		.4byte	0x379
 518 0337 09       		.uleb128 0x9
 519 0338 CE010000 		.4byte	.LASF63
 520 033c 07       		.byte	0x7
 521 033d 6C01     		.2byte	0x16c
 522 033f C7060000 		.4byte	0x6c7
 523 0343 00       		.byte	0
 524 0344 09       		.uleb128 0x9
 525 0345 7D010000 		.4byte	.LASF64
 526 0349 07       		.byte	0x7
 527 034a 6D01     		.2byte	0x16d
 528 034c C7060000 		.4byte	0x6c7
 529 0350 04       		.byte	0x4
 530 0351 09       		.uleb128 0x9
 531 0352 DD010000 		.4byte	.LASF65
 532 0356 07       		.byte	0x7
 533 0357 6E01     		.2byte	0x16e
 534 0359 32010000 		.4byte	0x132
 535 035d 08       		.byte	0x8
 536 035e 09       		.uleb128 0x9
 537 035f 22060000 		.4byte	.LASF66
 538 0363 07       		.byte	0x7
 539 0364 6F01     		.2byte	0x16f
 540 0366 01030000 		.4byte	0x301
 541 036a 0C       		.byte	0xc
 542 036b 09       		.uleb128 0x9
 543 036c 98050000 		.4byte	.LASF67
 544 0370 07       		.byte	0x7
 545 0371 7101     		.2byte	0x171
 546 0373 1D030000 		.4byte	0x31d
 547 0377 10       		.byte	0x10
 548 0378 00       		.byte	0
 549 0379 03       		.uleb128 0x3
 550 037a 94000000 		.4byte	.LASF68
 551 037e 06       		.byte	0x6
 552 037f 66       		.byte	0x66
 553 0380 84030000 		.4byte	0x384
 554 0384 0B       		.uleb128 0xb
 555 0385 77030000 		.4byte	.LASF69
 556 0389 10       		.byte	0x10
 557 038a 07       		.byte	0x7
 558 038b 7B01     		.2byte	0x17b
 559 038d C6030000 		.4byte	0x3c6
 560 0391 09       		.uleb128 0x9
 561 0392 CE010000 		.4byte	.LASF63
 562 0396 07       		.byte	0x7
 563 0397 7C01     		.2byte	0x17c
 564 0399 C7060000 		.4byte	0x6c7
 565 039d 00       		.byte	0
ARM GAS  /tmp/ccw3LJXM.s 			page 11


 566 039e 09       		.uleb128 0x9
 567 039f 7D010000 		.4byte	.LASF64
 568 03a3 07       		.byte	0x7
 569 03a4 7E01     		.2byte	0x17e
 570 03a6 C7060000 		.4byte	0x6c7
 571 03aa 04       		.byte	0x4
 572 03ab 09       		.uleb128 0x9
 573 03ac DD010000 		.4byte	.LASF65
 574 03b0 07       		.byte	0x7
 575 03b1 8001     		.2byte	0x180
 576 03b3 32010000 		.4byte	0x132
 577 03b7 08       		.byte	0x8
 578 03b8 09       		.uleb128 0x9
 579 03b9 9A030000 		.4byte	.LASF70
 580 03bd 07       		.byte	0x7
 581 03be 8801     		.2byte	0x188
 582 03c0 32010000 		.4byte	0x132
 583 03c4 0C       		.byte	0xc
 584 03c5 00       		.byte	0
 585 03c6 03       		.uleb128 0x3
 586 03c7 4D000000 		.4byte	.LASF71
 587 03cb 06       		.byte	0x6
 588 03cc 6B       		.byte	0x6b
 589 03cd D1030000 		.4byte	0x3d1
 590 03d1 0B       		.uleb128 0xb
 591 03d2 15040000 		.4byte	.LASF72
 592 03d6 04       		.byte	0x4
 593 03d7 07       		.byte	0x7
 594 03d8 A201     		.2byte	0x1a2
 595 03da EC030000 		.4byte	0x3ec
 596 03de 09       		.uleb128 0x9
 597 03df 77050000 		.4byte	.LASF73
 598 03e3 07       		.byte	0x7
 599 03e4 AA01     		.2byte	0x1aa
 600 03e6 CD060000 		.4byte	0x6cd
 601 03ea 00       		.byte	0
 602 03eb 00       		.byte	0
 603 03ec 03       		.uleb128 0x3
 604 03ed 30020000 		.4byte	.LASF74
 605 03f1 06       		.byte	0x6
 606 03f2 70       		.byte	0x70
 607 03f3 F7030000 		.4byte	0x3f7
 608 03f7 0F       		.uleb128 0xf
 609 03f8 39010000 		.4byte	.LASF75
 610 03fc D801     		.2byte	0x1d8
 611 03fe 07       		.byte	0x7
 612 03ff C201     		.2byte	0x1c2
 613 0401 53040000 		.4byte	0x453
 614 0405 09       		.uleb128 0x9
 615 0406 BF050000 		.4byte	.LASF76
 616 040a 07       		.byte	0x7
 617 040b C601     		.2byte	0x1c6
 618 040d 9A020000 		.4byte	0x29a
 619 0411 00       		.byte	0
 620 0412 09       		.uleb128 0x9
 621 0413 85010000 		.4byte	.LASF77
 622 0417 07       		.byte	0x7
ARM GAS  /tmp/ccw3LJXM.s 			page 12


 623 0418 CA01     		.2byte	0x1ca
 624 041a 79030000 		.4byte	0x379
 625 041e 1C       		.byte	0x1c
 626 041f 08       		.uleb128 0x8
 627 0420 64626700 		.ascii	"dbg\000"
 628 0424 07       		.byte	0x7
 629 0425 CE01     		.2byte	0x1ce
 630 0427 C6030000 		.4byte	0x3c6
 631 042b 2C       		.byte	0x2c
 632 042c 09       		.uleb128 0x9
 633 042d 89000000 		.4byte	.LASF78
 634 0431 07       		.byte	0x7
 635 0432 D201     		.2byte	0x1d2
 636 0434 3D010000 		.4byte	0x13d
 637 0438 30       		.byte	0x30
 638 0439 08       		.uleb128 0x8
 639 043a 746D00   		.ascii	"tm\000"
 640 043d 07       		.byte	0x7
 641 043e D701     		.2byte	0x1d7
 642 0440 E5050000 		.4byte	0x5e5
 643 0444 74       		.byte	0x74
 644 0445 09       		.uleb128 0x9
 645 0446 AC010000 		.4byte	.LASF79
 646 044a 07       		.byte	0x7
 647 044b E301     		.2byte	0x1e3
 648 044d D2060000 		.4byte	0x6d2
 649 0451 78       		.byte	0x78
 650 0452 00       		.byte	0
 651 0453 04       		.uleb128 0x4
 652 0454 04       		.byte	0x4
 653 0455 07       		.byte	0x7
 654 0456 5B030000 		.4byte	.LASF80
 655 045a 03       		.uleb128 0x3
 656 045b 74010000 		.4byte	.LASF81
 657 045f 08       		.byte	0x8
 658 0460 65       		.byte	0x65
 659 0461 1D030000 		.4byte	0x31d
 660 0465 03       		.uleb128 0x3
 661 0466 68020000 		.4byte	.LASF82
 662 046a 08       		.byte	0x8
 663 046b 6D       		.byte	0x6d
 664 046c CA000000 		.4byte	0xca
 665 0470 06       		.uleb128 0x6
 666 0471 88050000 		.4byte	.LASF83
 667 0475 04       		.byte	0x4
 668 0476 08       		.byte	0x8
 669 0477 89       		.byte	0x89
 670 0478 89040000 		.4byte	0x489
 671 047c 10       		.uleb128 0x10
 672 047d 72313300 		.ascii	"r13\000"
 673 0481 08       		.byte	0x8
 674 0482 8A       		.byte	0x8a
 675 0483 CA050000 		.4byte	0x5ca
 676 0487 00       		.byte	0
 677 0488 00       		.byte	0
 678 0489 06       		.uleb128 0x6
 679 048a 41000000 		.4byte	.LASF84
ARM GAS  /tmp/ccw3LJXM.s 			page 13


 680 048e 64       		.byte	0x64
 681 048f 09       		.byte	0x9
 682 0490 F4       		.byte	0xf4
 683 0491 CA050000 		.4byte	0x5ca
 684 0495 10       		.uleb128 0x10
 685 0496 73313600 		.ascii	"s16\000"
 686 049a 09       		.byte	0x9
 687 049b F6       		.byte	0xf6
 688 049c 5A040000 		.4byte	0x45a
 689 04a0 00       		.byte	0
 690 04a1 10       		.uleb128 0x10
 691 04a2 73313700 		.ascii	"s17\000"
 692 04a6 09       		.byte	0x9
 693 04a7 F7       		.byte	0xf7
 694 04a8 5A040000 		.4byte	0x45a
 695 04ac 04       		.byte	0x4
 696 04ad 10       		.uleb128 0x10
 697 04ae 73313800 		.ascii	"s18\000"
 698 04b2 09       		.byte	0x9
 699 04b3 F8       		.byte	0xf8
 700 04b4 5A040000 		.4byte	0x45a
 701 04b8 08       		.byte	0x8
 702 04b9 10       		.uleb128 0x10
 703 04ba 73313900 		.ascii	"s19\000"
 704 04be 09       		.byte	0x9
 705 04bf F9       		.byte	0xf9
 706 04c0 5A040000 		.4byte	0x45a
 707 04c4 0C       		.byte	0xc
 708 04c5 10       		.uleb128 0x10
 709 04c6 73323000 		.ascii	"s20\000"
 710 04ca 09       		.byte	0x9
 711 04cb FA       		.byte	0xfa
 712 04cc 5A040000 		.4byte	0x45a
 713 04d0 10       		.byte	0x10
 714 04d1 10       		.uleb128 0x10
 715 04d2 73323100 		.ascii	"s21\000"
 716 04d6 09       		.byte	0x9
 717 04d7 FB       		.byte	0xfb
 718 04d8 5A040000 		.4byte	0x45a
 719 04dc 14       		.byte	0x14
 720 04dd 10       		.uleb128 0x10
 721 04de 73323200 		.ascii	"s22\000"
 722 04e2 09       		.byte	0x9
 723 04e3 FC       		.byte	0xfc
 724 04e4 5A040000 		.4byte	0x45a
 725 04e8 18       		.byte	0x18
 726 04e9 10       		.uleb128 0x10
 727 04ea 73323300 		.ascii	"s23\000"
 728 04ee 09       		.byte	0x9
 729 04ef FD       		.byte	0xfd
 730 04f0 5A040000 		.4byte	0x45a
 731 04f4 1C       		.byte	0x1c
 732 04f5 10       		.uleb128 0x10
 733 04f6 73323400 		.ascii	"s24\000"
 734 04fa 09       		.byte	0x9
 735 04fb FE       		.byte	0xfe
 736 04fc 5A040000 		.4byte	0x45a
ARM GAS  /tmp/ccw3LJXM.s 			page 14


 737 0500 20       		.byte	0x20
 738 0501 10       		.uleb128 0x10
 739 0502 73323500 		.ascii	"s25\000"
 740 0506 09       		.byte	0x9
 741 0507 FF       		.byte	0xff
 742 0508 5A040000 		.4byte	0x45a
 743 050c 24       		.byte	0x24
 744 050d 08       		.uleb128 0x8
 745 050e 73323600 		.ascii	"s26\000"
 746 0512 09       		.byte	0x9
 747 0513 0001     		.2byte	0x100
 748 0515 5A040000 		.4byte	0x45a
 749 0519 28       		.byte	0x28
 750 051a 08       		.uleb128 0x8
 751 051b 73323700 		.ascii	"s27\000"
 752 051f 09       		.byte	0x9
 753 0520 0101     		.2byte	0x101
 754 0522 5A040000 		.4byte	0x45a
 755 0526 2C       		.byte	0x2c
 756 0527 08       		.uleb128 0x8
 757 0528 73323800 		.ascii	"s28\000"
 758 052c 09       		.byte	0x9
 759 052d 0201     		.2byte	0x102
 760 052f 5A040000 		.4byte	0x45a
 761 0533 30       		.byte	0x30
 762 0534 08       		.uleb128 0x8
 763 0535 73323900 		.ascii	"s29\000"
 764 0539 09       		.byte	0x9
 765 053a 0301     		.2byte	0x103
 766 053c 5A040000 		.4byte	0x45a
 767 0540 34       		.byte	0x34
 768 0541 08       		.uleb128 0x8
 769 0542 73333000 		.ascii	"s30\000"
 770 0546 09       		.byte	0x9
 771 0547 0401     		.2byte	0x104
 772 0549 5A040000 		.4byte	0x45a
 773 054d 38       		.byte	0x38
 774 054e 08       		.uleb128 0x8
 775 054f 73333100 		.ascii	"s31\000"
 776 0553 09       		.byte	0x9
 777 0554 0501     		.2byte	0x105
 778 0556 5A040000 		.4byte	0x45a
 779 055a 3C       		.byte	0x3c
 780 055b 08       		.uleb128 0x8
 781 055c 723400   		.ascii	"r4\000"
 782 055f 09       		.byte	0x9
 783 0560 0701     		.2byte	0x107
 784 0562 5A040000 		.4byte	0x45a
 785 0566 40       		.byte	0x40
 786 0567 08       		.uleb128 0x8
 787 0568 723500   		.ascii	"r5\000"
 788 056b 09       		.byte	0x9
 789 056c 0801     		.2byte	0x108
 790 056e 5A040000 		.4byte	0x45a
 791 0572 44       		.byte	0x44
 792 0573 08       		.uleb128 0x8
 793 0574 723600   		.ascii	"r6\000"
ARM GAS  /tmp/ccw3LJXM.s 			page 15


 794 0577 09       		.byte	0x9
 795 0578 0901     		.2byte	0x109
 796 057a 5A040000 		.4byte	0x45a
 797 057e 48       		.byte	0x48
 798 057f 08       		.uleb128 0x8
 799 0580 723700   		.ascii	"r7\000"
 800 0583 09       		.byte	0x9
 801 0584 0A01     		.2byte	0x10a
 802 0586 5A040000 		.4byte	0x45a
 803 058a 4C       		.byte	0x4c
 804 058b 08       		.uleb128 0x8
 805 058c 723800   		.ascii	"r8\000"
 806 058f 09       		.byte	0x9
 807 0590 0B01     		.2byte	0x10b
 808 0592 5A040000 		.4byte	0x45a
 809 0596 50       		.byte	0x50
 810 0597 08       		.uleb128 0x8
 811 0598 723900   		.ascii	"r9\000"
 812 059b 09       		.byte	0x9
 813 059c 0C01     		.2byte	0x10c
 814 059e 5A040000 		.4byte	0x45a
 815 05a2 54       		.byte	0x54
 816 05a3 08       		.uleb128 0x8
 817 05a4 72313000 		.ascii	"r10\000"
 818 05a8 09       		.byte	0x9
 819 05a9 0D01     		.2byte	0x10d
 820 05ab 5A040000 		.4byte	0x45a
 821 05af 58       		.byte	0x58
 822 05b0 08       		.uleb128 0x8
 823 05b1 72313100 		.ascii	"r11\000"
 824 05b5 09       		.byte	0x9
 825 05b6 0E01     		.2byte	0x10e
 826 05b8 5A040000 		.4byte	0x45a
 827 05bc 5C       		.byte	0x5c
 828 05bd 08       		.uleb128 0x8
 829 05be 6C7200   		.ascii	"lr\000"
 830 05c1 09       		.byte	0x9
 831 05c2 0F01     		.2byte	0x10f
 832 05c4 5A040000 		.4byte	0x45a
 833 05c8 60       		.byte	0x60
 834 05c9 00       		.byte	0
 835 05ca 0A       		.uleb128 0xa
 836 05cb 04       		.byte	0x4
 837 05cc 89040000 		.4byte	0x489
 838 05d0 11       		.uleb128 0x11
 839 05d1 04       		.byte	0x4
 840 05d2 0A       		.byte	0xa
 841 05d3 38       		.byte	0x38
 842 05d4 E5050000 		.4byte	0x5e5
 843 05d8 07       		.uleb128 0x7
 844 05d9 81050000 		.4byte	.LASF85
 845 05dd 0A       		.byte	0xa
 846 05de 3C       		.byte	0x3c
 847 05df DA000000 		.4byte	0xda
 848 05e3 00       		.byte	0
 849 05e4 00       		.byte	0
 850 05e5 03       		.uleb128 0x3
ARM GAS  /tmp/ccw3LJXM.s 			page 16


 851 05e6 B4030000 		.4byte	.LASF86
 852 05ea 0A       		.byte	0xa
 853 05eb 3D       		.byte	0x3d
 854 05ec D0050000 		.4byte	0x5d0
 855 05f0 12       		.uleb128 0x12
 856 05f1 04       		.byte	0x4
 857 05f2 07       		.byte	0x7
 858 05f3 FA       		.byte	0xfa
 859 05f4 4D060000 		.4byte	0x64d
 860 05f8 13       		.uleb128 0x13
 861 05f9 27000000 		.4byte	.LASF87
 862 05fd 07       		.byte	0x7
 863 05fe 0101     		.2byte	0x101
 864 0600 11010000 		.4byte	0x111
 865 0604 13       		.uleb128 0x13
 866 0605 80000000 		.4byte	.LASF88
 867 0609 07       		.byte	0x7
 868 060a 0801     		.2byte	0x108
 869 060c 11010000 		.4byte	0x111
 870 0610 13       		.uleb128 0x13
 871 0611 CD050000 		.4byte	.LASF89
 872 0615 07       		.byte	0x7
 873 0616 0F01     		.2byte	0x10f
 874 0618 1D030000 		.4byte	0x31d
 875 061c 13       		.uleb128 0x13
 876 061d 33010000 		.4byte	.LASF90
 877 0621 07       		.byte	0x7
 878 0622 1601     		.2byte	0x116
 879 0624 4D060000 		.4byte	0x64d
 880 0628 13       		.uleb128 0x13
 881 0629 D6010000 		.4byte	.LASF91
 882 062d 07       		.byte	0x7
 883 062e 1E01     		.2byte	0x11e
 884 0630 78060000 		.4byte	0x678
 885 0634 13       		.uleb128 0x13
 886 0635 C8040000 		.4byte	.LASF92
 887 0639 07       		.byte	0x7
 888 063a 2701     		.2byte	0x127
 889 063c AF060000 		.4byte	0x6af
 890 0640 13       		.uleb128 0x13
 891 0641 80040000 		.4byte	.LASF93
 892 0645 07       		.byte	0x7
 893 0646 2F01     		.2byte	0x12f
 894 0648 1C010000 		.4byte	0x11c
 895 064c 00       		.byte	0
 896 064d 0A       		.uleb128 0xa
 897 064e 04       		.byte	0x4
 898 064f 35020000 		.4byte	0x235
 899 0653 06       		.uleb128 0x6
 900 0654 A7040000 		.4byte	.LASF94
 901 0658 0C       		.byte	0xc
 902 0659 0B       		.byte	0xb
 903 065a 34       		.byte	0x34
 904 065b 78060000 		.4byte	0x678
 905 065f 07       		.uleb128 0x7
 906 0660 64010000 		.4byte	.LASF95
 907 0664 0B       		.byte	0xb
ARM GAS  /tmp/ccw3LJXM.s 			page 17


 908 0665 35       		.byte	0x35
 909 0666 6A020000 		.4byte	0x26a
 910 066a 00       		.byte	0
 911 066b 07       		.uleb128 0x7
 912 066c 46040000 		.4byte	.LASF96
 913 0670 0B       		.byte	0xb
 914 0671 37       		.byte	0x37
 915 0672 27010000 		.4byte	0x127
 916 0676 08       		.byte	0x8
 917 0677 00       		.byte	0
 918 0678 0A       		.uleb128 0xa
 919 0679 04       		.byte	0x4
 920 067a 53060000 		.4byte	0x653
 921 067e 06       		.uleb128 0x6
 922 067f AF050000 		.4byte	.LASF97
 923 0683 10       		.byte	0x10
 924 0684 0C       		.byte	0xc
 925 0685 39       		.byte	0x39
 926 0686 AF060000 		.4byte	0x6af
 927 068a 07       		.uleb128 0x7
 928 068b 25010000 		.4byte	.LASF98
 929 068f 0C       		.byte	0xc
 930 0690 3A       		.byte	0x3a
 931 0691 6A020000 		.4byte	0x26a
 932 0695 00       		.byte	0
 933 0696 07       		.uleb128 0x7
 934 0697 01060000 		.4byte	.LASF99
 935 069b 0C       		.byte	0xc
 936 069c 3C       		.byte	0x3c
 937 069d 40020000 		.4byte	0x240
 938 06a1 08       		.byte	0x8
 939 06a2 07       		.uleb128 0x7
 940 06a3 47050000 		.4byte	.LASF100
 941 06a7 0C       		.byte	0xc
 942 06a8 3E       		.byte	0x3e
 943 06a9 ED060000 		.4byte	0x6ed
 944 06ad 0C       		.byte	0xc
 945 06ae 00       		.byte	0
 946 06af 0A       		.uleb128 0xa
 947 06b0 04       		.byte	0x4
 948 06b1 7E060000 		.4byte	0x67e
 949 06b5 0A       		.uleb128 0xa
 950 06b6 04       		.byte	0x4
 951 06b7 C2060000 		.4byte	0x6c2
 952 06bb 04       		.uleb128 0x4
 953 06bc 01       		.byte	0x1
 954 06bd 08       		.byte	0x8
 955 06be F9040000 		.4byte	.LASF101
 956 06c2 14       		.uleb128 0x14
 957 06c3 BB060000 		.4byte	0x6bb
 958 06c7 0A       		.uleb128 0xa
 959 06c8 04       		.byte	0x4
 960 06c9 1F030000 		.4byte	0x31f
 961 06cd 05       		.uleb128 0x5
 962 06ce B5060000 		.4byte	0x6b5
 963 06d2 15       		.uleb128 0x15
 964 06d3 65040000 		.4byte	0x465
ARM GAS  /tmp/ccw3LJXM.s 			page 18


 965 06d7 E2060000 		.4byte	0x6e2
 966 06db 16       		.uleb128 0x16
 967 06dc 53040000 		.4byte	0x453
 968 06e0 2B       		.byte	0x2b
 969 06e1 00       		.byte	0
 970 06e2 03       		.uleb128 0x3
 971 06e3 9D010000 		.4byte	.LASF102
 972 06e7 0C       		.byte	0xc
 973 06e8 34       		.byte	0x34
 974 06e9 7E060000 		.4byte	0x67e
 975 06ed 0A       		.uleb128 0xa
 976 06ee 04       		.byte	0x4
 977 06ef E2060000 		.4byte	0x6e2
 978 06f3 04       		.uleb128 0x4
 979 06f4 01       		.byte	0x1
 980 06f5 02       		.byte	0x2
 981 06f6 25040000 		.4byte	.LASF103
 982 06fa 11       		.uleb128 0x11
 983 06fb 1C       		.byte	0x1c
 984 06fc 0D       		.byte	0xd
 985 06fd C1       		.byte	0xc1
 986 06fe 57070000 		.4byte	0x757
 987 0702 07       		.uleb128 0x7
 988 0703 2D010000 		.4byte	.LASF104
 989 0707 0D       		.byte	0xd
 990 0708 C3       		.byte	0xc3
 991 0709 BF000000 		.4byte	0xbf
 992 070d 00       		.byte	0
 993 070e 07       		.uleb128 0x7
 994 070f F9010000 		.4byte	.LASF105
 995 0713 0D       		.byte	0xd
 996 0714 C5       		.byte	0xc5
 997 0715 BF000000 		.4byte	0xbf
 998 0719 04       		.byte	0x4
 999 071a 07       		.uleb128 0x7
 1000 071b F1010000 		.4byte	.LASF106
 1001 071f 0D       		.byte	0xd
 1002 0720 C7       		.byte	0xc7
 1003 0721 BF000000 		.4byte	0xbf
 1004 0725 08       		.byte	0x8
 1005 0726 07       		.uleb128 0x7
 1006 0727 7A000000 		.4byte	.LASF107
 1007 072b 0D       		.byte	0xd
 1008 072c C9       		.byte	0xc9
 1009 072d BF000000 		.4byte	0xbf
 1010 0731 0C       		.byte	0xc
 1011 0732 10       		.uleb128 0x10
 1012 0733 6F647200 		.ascii	"odr\000"
 1013 0737 0D       		.byte	0xd
 1014 0738 CB       		.byte	0xcb
 1015 0739 BF000000 		.4byte	0xbf
 1016 073d 10       		.byte	0x10
 1017 073e 07       		.uleb128 0x7
 1018 073f 41040000 		.4byte	.LASF108
 1019 0743 0D       		.byte	0xd
 1020 0744 CD       		.byte	0xcd
 1021 0745 BF000000 		.4byte	0xbf
ARM GAS  /tmp/ccw3LJXM.s 			page 19


 1022 0749 14       		.byte	0x14
 1023 074a 07       		.uleb128 0x7
 1024 074b C5030000 		.4byte	.LASF109
 1025 074f 0D       		.byte	0xd
 1026 0750 CF       		.byte	0xcf
 1027 0751 BF000000 		.4byte	0xbf
 1028 0755 18       		.byte	0x18
 1029 0756 00       		.byte	0
 1030 0757 03       		.uleb128 0x3
 1031 0758 00000000 		.4byte	.LASF110
 1032 075c 0D       		.byte	0xd
 1033 075d D0       		.byte	0xd0
 1034 075e FA060000 		.4byte	0x6fa
 1035 0762 11       		.uleb128 0x11
 1036 0763 A8       		.byte	0xa8
 1037 0764 0D       		.byte	0xd
 1038 0765 D9       		.byte	0xd9
 1039 0766 B3070000 		.4byte	0x7b3
 1040 076a 07       		.uleb128 0x7
 1041 076b 79040000 		.4byte	.LASF111
 1042 076f 0D       		.byte	0xd
 1043 0770 DC       		.byte	0xdc
 1044 0771 57070000 		.4byte	0x757
 1045 0775 00       		.byte	0
 1046 0776 07       		.uleb128 0x7
 1047 0777 A5010000 		.4byte	.LASF112
 1048 077b 0D       		.byte	0xd
 1049 077c E0       		.byte	0xe0
 1050 077d 57070000 		.4byte	0x757
 1051 0781 1C       		.byte	0x1c
 1052 0782 07       		.uleb128 0x7
 1053 0783 DB050000 		.4byte	.LASF113
 1054 0787 0D       		.byte	0xd
 1055 0788 E4       		.byte	0xe4
 1056 0789 57070000 		.4byte	0x757
 1057 078d 38       		.byte	0x38
 1058 078e 07       		.uleb128 0x7
 1059 078f CA030000 		.4byte	.LASF114
 1060 0793 0D       		.byte	0xd
 1061 0794 E8       		.byte	0xe8
 1062 0795 57070000 		.4byte	0x757
 1063 0799 54       		.byte	0x54
 1064 079a 07       		.uleb128 0x7
 1065 079b 4C010000 		.4byte	.LASF115
 1066 079f 0D       		.byte	0xd
 1067 07a0 EC       		.byte	0xec
 1068 07a1 57070000 		.4byte	0x757
 1069 07a5 70       		.byte	0x70
 1070 07a6 07       		.uleb128 0x7
 1071 07a7 5C000000 		.4byte	.LASF116
 1072 07ab 0D       		.byte	0xd
 1073 07ac F8       		.byte	0xf8
 1074 07ad 57070000 		.4byte	0x757
 1075 07b1 8C       		.byte	0x8c
 1076 07b2 00       		.byte	0
 1077 07b3 03       		.uleb128 0x3
 1078 07b4 F7050000 		.4byte	.LASF117
ARM GAS  /tmp/ccw3LJXM.s 			page 20


 1079 07b8 0D       		.byte	0xd
 1080 07b9 FE       		.byte	0xfe
 1081 07ba 62070000 		.4byte	0x762
 1082 07be 17       		.uleb128 0x17
 1083 07bf 00020000 		.4byte	.LASF123
 1084 07c3 01       		.byte	0x1
 1085 07c4 47       		.byte	0x47
 1086 07c5 00000000 		.4byte	.LFB260
 1087 07c9 04000000 		.4byte	.LFE260-.LFB260
 1088 07cd 01       		.uleb128 0x1
 1089 07ce 9C       		.byte	0x9c
 1090 07cf DD070000 		.4byte	0x7dd
 1091 07d3 18       		.uleb128 0x18
 1092 07d4 04000000 		.4byte	.LVL0
 1093 07d8 1B080000 		.4byte	0x81b
 1094 07dc 00       		.byte	0
 1095 07dd 19       		.uleb128 0x19
 1096 07de 68040000 		.4byte	.LASF124
 1097 07e2 01       		.byte	0x1
 1098 07e3 7C       		.byte	0x7c
 1099 07e4 00000000 		.4byte	.LFB261
 1100 07e8 02000000 		.4byte	.LFE261-.LFB261
 1101 07ec 01       		.uleb128 0x1
 1102 07ed 9C       		.byte	0x9c
 1103 07ee 1A       		.uleb128 0x1a
 1104 07ef DE000000 		.4byte	.LASF118
 1105 07f3 0E       		.byte	0xe
 1106 07f4 A706     		.2byte	0x6a7
 1107 07f6 D5000000 		.4byte	0xd5
 1108 07fa 1B       		.uleb128 0x1b
 1109 07fb 636800   		.ascii	"ch\000"
 1110 07fe 07       		.byte	0x7
 1111 07ff 0902     		.2byte	0x209
 1112 0801 EC030000 		.4byte	0x3ec
 1113 0805 1C       		.uleb128 0x1c
 1114 0806 09060000 		.4byte	.LASF119
 1115 080a 01       		.byte	0x1
 1116 080b 19       		.byte	0x19
 1117 080c 16080000 		.4byte	0x816
 1118 0810 05       		.uleb128 0x5
 1119 0811 03       		.byte	0x3
 1120 0812 00000000 		.4byte	pal_default_config
 1121 0816 14       		.uleb128 0x14
 1122 0817 B3070000 		.4byte	0x7b3
 1123 081b 1D       		.uleb128 0x1d
 1124 081c 8C010000 		.4byte	.LASF125
 1125 0820 8C010000 		.4byte	.LASF125
 1126 0824 0F       		.byte	0xf
 1127 0825 1306     		.2byte	0x613
 1128 0827 00       		.byte	0
 1129              		.section	.debug_abbrev,"",%progbits
 1130              	.Ldebug_abbrev0:
 1131 0000 01       		.uleb128 0x1
 1132 0001 11       		.uleb128 0x11
 1133 0002 01       		.byte	0x1
 1134 0003 25       		.uleb128 0x25
 1135 0004 0E       		.uleb128 0xe
ARM GAS  /tmp/ccw3LJXM.s 			page 21


 1136 0005 13       		.uleb128 0x13
 1137 0006 0B       		.uleb128 0xb
 1138 0007 03       		.uleb128 0x3
 1139 0008 0E       		.uleb128 0xe
 1140 0009 1B       		.uleb128 0x1b
 1141 000a 0E       		.uleb128 0xe
 1142 000b 55       		.uleb128 0x55
 1143 000c 17       		.uleb128 0x17
 1144 000d 11       		.uleb128 0x11
 1145 000e 01       		.uleb128 0x1
 1146 000f 10       		.uleb128 0x10
 1147 0010 17       		.uleb128 0x17
 1148 0011 00       		.byte	0
 1149 0012 00       		.byte	0
 1150 0013 02       		.uleb128 0x2
 1151 0014 24       		.uleb128 0x24
 1152 0015 00       		.byte	0
 1153 0016 0B       		.uleb128 0xb
 1154 0017 0B       		.uleb128 0xb
 1155 0018 3E       		.uleb128 0x3e
 1156 0019 0B       		.uleb128 0xb
 1157 001a 03       		.uleb128 0x3
 1158 001b 08       		.uleb128 0x8
 1159 001c 00       		.byte	0
 1160 001d 00       		.byte	0
 1161 001e 03       		.uleb128 0x3
 1162 001f 16       		.uleb128 0x16
 1163 0020 00       		.byte	0
 1164 0021 03       		.uleb128 0x3
 1165 0022 0E       		.uleb128 0xe
 1166 0023 3A       		.uleb128 0x3a
 1167 0024 0B       		.uleb128 0xb
 1168 0025 3B       		.uleb128 0x3b
 1169 0026 0B       		.uleb128 0xb
 1170 0027 49       		.uleb128 0x49
 1171 0028 13       		.uleb128 0x13
 1172 0029 00       		.byte	0
 1173 002a 00       		.byte	0
 1174 002b 04       		.uleb128 0x4
 1175 002c 24       		.uleb128 0x24
 1176 002d 00       		.byte	0
 1177 002e 0B       		.uleb128 0xb
 1178 002f 0B       		.uleb128 0xb
 1179 0030 3E       		.uleb128 0x3e
 1180 0031 0B       		.uleb128 0xb
 1181 0032 03       		.uleb128 0x3
 1182 0033 0E       		.uleb128 0xe
 1183 0034 00       		.byte	0
 1184 0035 00       		.byte	0
 1185 0036 05       		.uleb128 0x5
 1186 0037 35       		.uleb128 0x35
 1187 0038 00       		.byte	0
 1188 0039 49       		.uleb128 0x49
 1189 003a 13       		.uleb128 0x13
 1190 003b 00       		.byte	0
 1191 003c 00       		.byte	0
 1192 003d 06       		.uleb128 0x6
ARM GAS  /tmp/ccw3LJXM.s 			page 22


 1193 003e 13       		.uleb128 0x13
 1194 003f 01       		.byte	0x1
 1195 0040 03       		.uleb128 0x3
 1196 0041 0E       		.uleb128 0xe
 1197 0042 0B       		.uleb128 0xb
 1198 0043 0B       		.uleb128 0xb
 1199 0044 3A       		.uleb128 0x3a
 1200 0045 0B       		.uleb128 0xb
 1201 0046 3B       		.uleb128 0x3b
 1202 0047 0B       		.uleb128 0xb
 1203 0048 01       		.uleb128 0x1
 1204 0049 13       		.uleb128 0x13
 1205 004a 00       		.byte	0
 1206 004b 00       		.byte	0
 1207 004c 07       		.uleb128 0x7
 1208 004d 0D       		.uleb128 0xd
 1209 004e 00       		.byte	0
 1210 004f 03       		.uleb128 0x3
 1211 0050 0E       		.uleb128 0xe
 1212 0051 3A       		.uleb128 0x3a
 1213 0052 0B       		.uleb128 0xb
 1214 0053 3B       		.uleb128 0x3b
 1215 0054 0B       		.uleb128 0xb
 1216 0055 49       		.uleb128 0x49
 1217 0056 13       		.uleb128 0x13
 1218 0057 38       		.uleb128 0x38
 1219 0058 0B       		.uleb128 0xb
 1220 0059 00       		.byte	0
 1221 005a 00       		.byte	0
 1222 005b 08       		.uleb128 0x8
 1223 005c 0D       		.uleb128 0xd
 1224 005d 00       		.byte	0
 1225 005e 03       		.uleb128 0x3
 1226 005f 08       		.uleb128 0x8
 1227 0060 3A       		.uleb128 0x3a
 1228 0061 0B       		.uleb128 0xb
 1229 0062 3B       		.uleb128 0x3b
 1230 0063 05       		.uleb128 0x5
 1231 0064 49       		.uleb128 0x49
 1232 0065 13       		.uleb128 0x13
 1233 0066 38       		.uleb128 0x38
 1234 0067 0B       		.uleb128 0xb
 1235 0068 00       		.byte	0
 1236 0069 00       		.byte	0
 1237 006a 09       		.uleb128 0x9
 1238 006b 0D       		.uleb128 0xd
 1239 006c 00       		.byte	0
 1240 006d 03       		.uleb128 0x3
 1241 006e 0E       		.uleb128 0xe
 1242 006f 3A       		.uleb128 0x3a
 1243 0070 0B       		.uleb128 0xb
 1244 0071 3B       		.uleb128 0x3b
 1245 0072 05       		.uleb128 0x5
 1246 0073 49       		.uleb128 0x49
 1247 0074 13       		.uleb128 0x13
 1248 0075 38       		.uleb128 0x38
 1249 0076 0B       		.uleb128 0xb
ARM GAS  /tmp/ccw3LJXM.s 			page 23


 1250 0077 00       		.byte	0
 1251 0078 00       		.byte	0
 1252 0079 0A       		.uleb128 0xa
 1253 007a 0F       		.uleb128 0xf
 1254 007b 00       		.byte	0
 1255 007c 0B       		.uleb128 0xb
 1256 007d 0B       		.uleb128 0xb
 1257 007e 49       		.uleb128 0x49
 1258 007f 13       		.uleb128 0x13
 1259 0080 00       		.byte	0
 1260 0081 00       		.byte	0
 1261 0082 0B       		.uleb128 0xb
 1262 0083 13       		.uleb128 0x13
 1263 0084 01       		.byte	0x1
 1264 0085 03       		.uleb128 0x3
 1265 0086 0E       		.uleb128 0xe
 1266 0087 0B       		.uleb128 0xb
 1267 0088 0B       		.uleb128 0xb
 1268 0089 3A       		.uleb128 0x3a
 1269 008a 0B       		.uleb128 0xb
 1270 008b 3B       		.uleb128 0x3b
 1271 008c 05       		.uleb128 0x5
 1272 008d 01       		.uleb128 0x1
 1273 008e 13       		.uleb128 0x13
 1274 008f 00       		.byte	0
 1275 0090 00       		.byte	0
 1276 0091 0C       		.uleb128 0xc
 1277 0092 15       		.uleb128 0x15
 1278 0093 01       		.byte	0x1
 1279 0094 27       		.uleb128 0x27
 1280 0095 19       		.uleb128 0x19
 1281 0096 01       		.uleb128 0x1
 1282 0097 13       		.uleb128 0x13
 1283 0098 00       		.byte	0
 1284 0099 00       		.byte	0
 1285 009a 0D       		.uleb128 0xd
 1286 009b 05       		.uleb128 0x5
 1287 009c 00       		.byte	0
 1288 009d 49       		.uleb128 0x49
 1289 009e 13       		.uleb128 0x13
 1290 009f 00       		.byte	0
 1291 00a0 00       		.byte	0
 1292 00a1 0E       		.uleb128 0xe
 1293 00a2 0F       		.uleb128 0xf
 1294 00a3 00       		.byte	0
 1295 00a4 0B       		.uleb128 0xb
 1296 00a5 0B       		.uleb128 0xb
 1297 00a6 00       		.byte	0
 1298 00a7 00       		.byte	0
 1299 00a8 0F       		.uleb128 0xf
 1300 00a9 13       		.uleb128 0x13
 1301 00aa 01       		.byte	0x1
 1302 00ab 03       		.uleb128 0x3
 1303 00ac 0E       		.uleb128 0xe
 1304 00ad 0B       		.uleb128 0xb
 1305 00ae 05       		.uleb128 0x5
 1306 00af 3A       		.uleb128 0x3a
ARM GAS  /tmp/ccw3LJXM.s 			page 24


 1307 00b0 0B       		.uleb128 0xb
 1308 00b1 3B       		.uleb128 0x3b
 1309 00b2 05       		.uleb128 0x5
 1310 00b3 01       		.uleb128 0x1
 1311 00b4 13       		.uleb128 0x13
 1312 00b5 00       		.byte	0
 1313 00b6 00       		.byte	0
 1314 00b7 10       		.uleb128 0x10
 1315 00b8 0D       		.uleb128 0xd
 1316 00b9 00       		.byte	0
 1317 00ba 03       		.uleb128 0x3
 1318 00bb 08       		.uleb128 0x8
 1319 00bc 3A       		.uleb128 0x3a
 1320 00bd 0B       		.uleb128 0xb
 1321 00be 3B       		.uleb128 0x3b
 1322 00bf 0B       		.uleb128 0xb
 1323 00c0 49       		.uleb128 0x49
 1324 00c1 13       		.uleb128 0x13
 1325 00c2 38       		.uleb128 0x38
 1326 00c3 0B       		.uleb128 0xb
 1327 00c4 00       		.byte	0
 1328 00c5 00       		.byte	0
 1329 00c6 11       		.uleb128 0x11
 1330 00c7 13       		.uleb128 0x13
 1331 00c8 01       		.byte	0x1
 1332 00c9 0B       		.uleb128 0xb
 1333 00ca 0B       		.uleb128 0xb
 1334 00cb 3A       		.uleb128 0x3a
 1335 00cc 0B       		.uleb128 0xb
 1336 00cd 3B       		.uleb128 0x3b
 1337 00ce 0B       		.uleb128 0xb
 1338 00cf 01       		.uleb128 0x1
 1339 00d0 13       		.uleb128 0x13
 1340 00d1 00       		.byte	0
 1341 00d2 00       		.byte	0
 1342 00d3 12       		.uleb128 0x12
 1343 00d4 17       		.uleb128 0x17
 1344 00d5 01       		.byte	0x1
 1345 00d6 0B       		.uleb128 0xb
 1346 00d7 0B       		.uleb128 0xb
 1347 00d8 3A       		.uleb128 0x3a
 1348 00d9 0B       		.uleb128 0xb
 1349 00da 3B       		.uleb128 0x3b
 1350 00db 0B       		.uleb128 0xb
 1351 00dc 01       		.uleb128 0x1
 1352 00dd 13       		.uleb128 0x13
 1353 00de 00       		.byte	0
 1354 00df 00       		.byte	0
 1355 00e0 13       		.uleb128 0x13
 1356 00e1 0D       		.uleb128 0xd
 1357 00e2 00       		.byte	0
 1358 00e3 03       		.uleb128 0x3
 1359 00e4 0E       		.uleb128 0xe
 1360 00e5 3A       		.uleb128 0x3a
 1361 00e6 0B       		.uleb128 0xb
 1362 00e7 3B       		.uleb128 0x3b
 1363 00e8 05       		.uleb128 0x5
ARM GAS  /tmp/ccw3LJXM.s 			page 25


 1364 00e9 49       		.uleb128 0x49
 1365 00ea 13       		.uleb128 0x13
 1366 00eb 00       		.byte	0
 1367 00ec 00       		.byte	0
 1368 00ed 14       		.uleb128 0x14
 1369 00ee 26       		.uleb128 0x26
 1370 00ef 00       		.byte	0
 1371 00f0 49       		.uleb128 0x49
 1372 00f1 13       		.uleb128 0x13
 1373 00f2 00       		.byte	0
 1374 00f3 00       		.byte	0
 1375 00f4 15       		.uleb128 0x15
 1376 00f5 01       		.uleb128 0x1
 1377 00f6 01       		.byte	0x1
 1378 00f7 49       		.uleb128 0x49
 1379 00f8 13       		.uleb128 0x13
 1380 00f9 01       		.uleb128 0x1
 1381 00fa 13       		.uleb128 0x13
 1382 00fb 00       		.byte	0
 1383 00fc 00       		.byte	0
 1384 00fd 16       		.uleb128 0x16
 1385 00fe 21       		.uleb128 0x21
 1386 00ff 00       		.byte	0
 1387 0100 49       		.uleb128 0x49
 1388 0101 13       		.uleb128 0x13
 1389 0102 2F       		.uleb128 0x2f
 1390 0103 0B       		.uleb128 0xb
 1391 0104 00       		.byte	0
 1392 0105 00       		.byte	0
 1393 0106 17       		.uleb128 0x17
 1394 0107 2E       		.uleb128 0x2e
 1395 0108 01       		.byte	0x1
 1396 0109 3F       		.uleb128 0x3f
 1397 010a 19       		.uleb128 0x19
 1398 010b 03       		.uleb128 0x3
 1399 010c 0E       		.uleb128 0xe
 1400 010d 3A       		.uleb128 0x3a
 1401 010e 0B       		.uleb128 0xb
 1402 010f 3B       		.uleb128 0x3b
 1403 0110 0B       		.uleb128 0xb
 1404 0111 27       		.uleb128 0x27
 1405 0112 19       		.uleb128 0x19
 1406 0113 11       		.uleb128 0x11
 1407 0114 01       		.uleb128 0x1
 1408 0115 12       		.uleb128 0x12
 1409 0116 06       		.uleb128 0x6
 1410 0117 40       		.uleb128 0x40
 1411 0118 18       		.uleb128 0x18
 1412 0119 9742     		.uleb128 0x2117
 1413 011b 19       		.uleb128 0x19
 1414 011c 01       		.uleb128 0x1
 1415 011d 13       		.uleb128 0x13
 1416 011e 00       		.byte	0
 1417 011f 00       		.byte	0
 1418 0120 18       		.uleb128 0x18
 1419 0121 898201   		.uleb128 0x4109
 1420 0124 00       		.byte	0
ARM GAS  /tmp/ccw3LJXM.s 			page 26


 1421 0125 11       		.uleb128 0x11
 1422 0126 01       		.uleb128 0x1
 1423 0127 9542     		.uleb128 0x2115
 1424 0129 19       		.uleb128 0x19
 1425 012a 31       		.uleb128 0x31
 1426 012b 13       		.uleb128 0x13
 1427 012c 00       		.byte	0
 1428 012d 00       		.byte	0
 1429 012e 19       		.uleb128 0x19
 1430 012f 2E       		.uleb128 0x2e
 1431 0130 00       		.byte	0
 1432 0131 3F       		.uleb128 0x3f
 1433 0132 19       		.uleb128 0x19
 1434 0133 03       		.uleb128 0x3
 1435 0134 0E       		.uleb128 0xe
 1436 0135 3A       		.uleb128 0x3a
 1437 0136 0B       		.uleb128 0xb
 1438 0137 3B       		.uleb128 0x3b
 1439 0138 0B       		.uleb128 0xb
 1440 0139 27       		.uleb128 0x27
 1441 013a 19       		.uleb128 0x19
 1442 013b 11       		.uleb128 0x11
 1443 013c 01       		.uleb128 0x1
 1444 013d 12       		.uleb128 0x12
 1445 013e 06       		.uleb128 0x6
 1446 013f 40       		.uleb128 0x40
 1447 0140 18       		.uleb128 0x18
 1448 0141 9742     		.uleb128 0x2117
 1449 0143 19       		.uleb128 0x19
 1450 0144 00       		.byte	0
 1451 0145 00       		.byte	0
 1452 0146 1A       		.uleb128 0x1a
 1453 0147 34       		.uleb128 0x34
 1454 0148 00       		.byte	0
 1455 0149 03       		.uleb128 0x3
 1456 014a 0E       		.uleb128 0xe
 1457 014b 3A       		.uleb128 0x3a
 1458 014c 0B       		.uleb128 0xb
 1459 014d 3B       		.uleb128 0x3b
 1460 014e 05       		.uleb128 0x5
 1461 014f 49       		.uleb128 0x49
 1462 0150 13       		.uleb128 0x13
 1463 0151 3F       		.uleb128 0x3f
 1464 0152 19       		.uleb128 0x19
 1465 0153 3C       		.uleb128 0x3c
 1466 0154 19       		.uleb128 0x19
 1467 0155 00       		.byte	0
 1468 0156 00       		.byte	0
 1469 0157 1B       		.uleb128 0x1b
 1470 0158 34       		.uleb128 0x34
 1471 0159 00       		.byte	0
 1472 015a 03       		.uleb128 0x3
 1473 015b 08       		.uleb128 0x8
 1474 015c 3A       		.uleb128 0x3a
 1475 015d 0B       		.uleb128 0xb
 1476 015e 3B       		.uleb128 0x3b
 1477 015f 05       		.uleb128 0x5
ARM GAS  /tmp/ccw3LJXM.s 			page 27


 1478 0160 49       		.uleb128 0x49
 1479 0161 13       		.uleb128 0x13
 1480 0162 3F       		.uleb128 0x3f
 1481 0163 19       		.uleb128 0x19
 1482 0164 3C       		.uleb128 0x3c
 1483 0165 19       		.uleb128 0x19
 1484 0166 00       		.byte	0
 1485 0167 00       		.byte	0
 1486 0168 1C       		.uleb128 0x1c
 1487 0169 34       		.uleb128 0x34
 1488 016a 00       		.byte	0
 1489 016b 03       		.uleb128 0x3
 1490 016c 0E       		.uleb128 0xe
 1491 016d 3A       		.uleb128 0x3a
 1492 016e 0B       		.uleb128 0xb
 1493 016f 3B       		.uleb128 0x3b
 1494 0170 0B       		.uleb128 0xb
 1495 0171 49       		.uleb128 0x49
 1496 0172 13       		.uleb128 0x13
 1497 0173 3F       		.uleb128 0x3f
 1498 0174 19       		.uleb128 0x19
 1499 0175 02       		.uleb128 0x2
 1500 0176 18       		.uleb128 0x18
 1501 0177 00       		.byte	0
 1502 0178 00       		.byte	0
 1503 0179 1D       		.uleb128 0x1d
 1504 017a 2E       		.uleb128 0x2e
 1505 017b 00       		.byte	0
 1506 017c 3F       		.uleb128 0x3f
 1507 017d 19       		.uleb128 0x19
 1508 017e 3C       		.uleb128 0x3c
 1509 017f 19       		.uleb128 0x19
 1510 0180 6E       		.uleb128 0x6e
 1511 0181 0E       		.uleb128 0xe
 1512 0182 03       		.uleb128 0x3
 1513 0183 0E       		.uleb128 0xe
 1514 0184 3A       		.uleb128 0x3a
 1515 0185 0B       		.uleb128 0xb
 1516 0186 3B       		.uleb128 0x3b
 1517 0187 05       		.uleb128 0x5
 1518 0188 00       		.byte	0
 1519 0189 00       		.byte	0
 1520 018a 00       		.byte	0
 1521              		.section	.debug_aranges,"",%progbits
 1522 0000 24000000 		.4byte	0x24
 1523 0004 0200     		.2byte	0x2
 1524 0006 00000000 		.4byte	.Ldebug_info0
 1525 000a 04       		.byte	0x4
 1526 000b 00       		.byte	0
 1527 000c 0000     		.2byte	0
 1528 000e 0000     		.2byte	0
 1529 0010 00000000 		.4byte	.LFB260
 1530 0014 04000000 		.4byte	.LFE260-.LFB260
 1531 0018 00000000 		.4byte	.LFB261
 1532 001c 02000000 		.4byte	.LFE261-.LFB261
 1533 0020 00000000 		.4byte	0
 1534 0024 00000000 		.4byte	0
ARM GAS  /tmp/ccw3LJXM.s 			page 28


 1535              		.section	.debug_ranges,"",%progbits
 1536              	.Ldebug_ranges0:
 1537 0000 00000000 		.4byte	.LFB260
 1538 0004 04000000 		.4byte	.LFE260
 1539 0008 00000000 		.4byte	.LFB261
 1540 000c 02000000 		.4byte	.LFE261
 1541 0010 00000000 		.4byte	0
 1542 0014 00000000 		.4byte	0
 1543              		.section	.debug_line,"",%progbits
 1544              	.Ldebug_line0:
 1545 0000 47020000 		.section	.debug_str,"MS",%progbits,1
 1545      02002002 
 1545      00000201 
 1545      FB0E0D00 
 1545      01010101 
 1546              	.LASF110:
 1547 0000 73746D33 		.ascii	"stm32_gpio_setup_t\000"
 1547      325F6770 
 1547      696F5F73 
 1547      65747570 
 1547      5F7400
 1548              	.LASF52:
 1549 0013 72656164 		.ascii	"ready_list_t\000"
 1549      795F6C69 
 1549      73745F74 
 1549      00
 1550              	.LASF4:
 1551 0020 73697A65 		.ascii	"size_t\000"
 1551      5F7400
 1552              	.LASF87:
 1553 0027 7264796D 		.ascii	"rdymsg\000"
 1553      736700
 1554              	.LASF18:
 1555 002e 75696E74 		.ascii	"uint64_t\000"
 1555      36345F74 
 1555      00
 1556              	.LASF5:
 1557 0037 5F5F7569 		.ascii	"__uint8_t\000"
 1557      6E74385F 
 1557      7400
 1558              	.LASF84:
 1559 0041 706F7274 		.ascii	"port_intctx\000"
 1559      5F696E74 
 1559      63747800 
 1560              	.LASF71:
 1561 004d 73797374 		.ascii	"system_debug_t\000"
 1561      656D5F64 
 1561      65627567 
 1561      5F7400
 1562              	.LASF116:
 1563 005c 50484461 		.ascii	"PHData\000"
 1563      746100
 1564              	.LASF14:
 1565 0063 6C6F6E67 		.ascii	"long long unsigned int\000"
 1565      206C6F6E 
 1565      6720756E 
 1565      7369676E 
ARM GAS  /tmp/ccw3LJXM.s 			page 29


 1565      65642069 
 1566              	.LASF107:
 1567 007a 70757064 		.ascii	"pupdr\000"
 1567      7200
 1568              	.LASF88:
 1569 0080 65786974 		.ascii	"exitcode\000"
 1569      636F6465 
 1569      00
 1570              	.LASF78:
 1571 0089 6D61696E 		.ascii	"mainthread\000"
 1571      74687265 
 1571      616400
 1572              	.LASF68:
 1573 0094 76697274 		.ascii	"virtual_timers_list_t\000"
 1573      75616C5F 
 1573      74696D65 
 1573      72735F6C 
 1573      6973745F 
 1574              	.LASF121:
 1575 00aa 2E2E2F2E 		.ascii	"../../os/hal/boards/ST_STM32F401C_DISCOVERY/board.c"
 1575      2E2F6F73 
 1575      2F68616C 
 1575      2F626F61 
 1575      7264732F 
 1576 00dd 00       		.ascii	"\000"
 1577              	.LASF118:
 1578 00de 49544D5F 		.ascii	"ITM_RxBuffer\000"
 1578      52784275 
 1578      66666572 
 1578      00
 1579              	.LASF51:
 1580 00eb 63685F74 		.ascii	"ch_threads_queue\000"
 1580      68726561 
 1580      64735F71 
 1580      75657565 
 1580      00
 1581              	.LASF31:
 1582 00fc 705F7072 		.ascii	"p_prio\000"
 1582      696F00
 1583              	.LASF1:
 1584 0103 6C6F6E67 		.ascii	"long long int\000"
 1584      206C6F6E 
 1584      6720696E 
 1584      7400
 1585              	.LASF3:
 1586 0111 7369676E 		.ascii	"signed char\000"
 1586      65642063 
 1586      68617200 
 1587              	.LASF45:
 1588 011d 705F6D70 		.ascii	"p_mpool\000"
 1588      6F6F6C00 
 1589              	.LASF98:
 1590 0125 6D5F7175 		.ascii	"m_queue\000"
 1590      65756500 
 1591              	.LASF104:
 1592 012d 6D6F6465 		.ascii	"moder\000"
 1592      7200
ARM GAS  /tmp/ccw3LJXM.s 			page 30


 1593              	.LASF90:
 1594 0133 77747472 		.ascii	"wttrp\000"
 1594      7000
 1595              	.LASF75:
 1596 0139 63685F73 		.ascii	"ch_system\000"
 1596      79737465 
 1596      6D00
 1597              	.LASF10:
 1598 0143 6C6F6E67 		.ascii	"long int\000"
 1598      20696E74 
 1598      00
 1599              	.LASF115:
 1600 014c 50454461 		.ascii	"PEData\000"
 1600      746100
 1601              	.LASF21:
 1602 0153 74737461 		.ascii	"tstate_t\000"
 1602      74655F74 
 1602      00
 1603              	.LASF33:
 1604 015c 705F6E65 		.ascii	"p_newer\000"
 1604      77657200 
 1605              	.LASF95:
 1606 0164 735F7175 		.ascii	"s_queue\000"
 1606      65756500 
 1607              	.LASF57:
 1608 016c 725F6E65 		.ascii	"r_newer\000"
 1608      77657200 
 1609              	.LASF81:
 1610 0174 72656761 		.ascii	"regarm_t\000"
 1610      726D5F74 
 1610      00
 1611              	.LASF64:
 1612 017d 76745F70 		.ascii	"vt_prev\000"
 1612      72657600 
 1613              	.LASF77:
 1614 0185 76746C69 		.ascii	"vtlist\000"
 1614      737400
 1615              	.LASF125:
 1616 018c 73746D33 		.ascii	"stm32_clock_init\000"
 1616      325F636C 
 1616      6F636B5F 
 1616      696E6974 
 1616      00
 1617              	.LASF102:
 1618 019d 6D757465 		.ascii	"mutex_t\000"
 1618      785F7400 
 1619              	.LASF112:
 1620 01a5 50424461 		.ascii	"PBData\000"
 1620      746100
 1621              	.LASF79:
 1622 01ac 69646C65 		.ascii	"idle_thread_wa\000"
 1622      5F746872 
 1622      6561645F 
 1622      776100
 1623              	.LASF26:
 1624 01bb 636E745F 		.ascii	"cnt_t\000"
 1624      7400
ARM GAS  /tmp/ccw3LJXM.s 			page 31


 1625              	.LASF0:
 1626 01c1 756E7369 		.ascii	"unsigned int\000"
 1626      676E6564 
 1626      20696E74 
 1626      00
 1627              	.LASF63:
 1628 01ce 76745F6E 		.ascii	"vt_next\000"
 1628      65787400 
 1629              	.LASF91:
 1630 01d6 77747365 		.ascii	"wtsemp\000"
 1630      6D7000
 1631              	.LASF65:
 1632 01dd 76745F64 		.ascii	"vt_delta\000"
 1632      656C7461 
 1632      00
 1633              	.LASF40:
 1634 01e6 705F6D73 		.ascii	"p_msgqueue\000"
 1634      67717565 
 1634      756500
 1635              	.LASF106:
 1636 01f1 6F737065 		.ascii	"ospeedr\000"
 1636      65647200 
 1637              	.LASF105:
 1638 01f9 6F747970 		.ascii	"otyper\000"
 1638      657200
 1639              	.LASF123:
 1640 0200 5F5F6561 		.ascii	"__early_init\000"
 1640      726C795F 
 1640      696E6974 
 1640      00
 1641              	.LASF8:
 1642 020d 73686F72 		.ascii	"short unsigned int\000"
 1642      7420756E 
 1642      7369676E 
 1642      65642069 
 1642      6E7400
 1643              	.LASF48:
 1644 0220 63685F74 		.ascii	"ch_thread\000"
 1644      68726561 
 1644      6400
 1645              	.LASF24:
 1646 022a 6D73675F 		.ascii	"msg_t\000"
 1646      7400
 1647              	.LASF74:
 1648 0230 63685F73 		.ascii	"ch_system_t\000"
 1648      79737465 
 1648      6D5F7400 
 1649              	.LASF20:
 1650 023c 746D6F64 		.ascii	"tmode_t\000"
 1650      655F7400 
 1651              	.LASF53:
 1652 0244 63685F72 		.ascii	"ch_ready_list\000"
 1652      65616479 
 1652      5F6C6973 
 1652      7400
 1653              	.LASF25:
 1654 0252 6576656E 		.ascii	"eventmask_t\000"
ARM GAS  /tmp/ccw3LJXM.s 			page 32


 1654      746D6173 
 1654      6B5F7400 
 1655              	.LASF9:
 1656 025e 5F5F696E 		.ascii	"__int32_t\000"
 1656      7433325F 
 1656      7400
 1657              	.LASF82:
 1658 0268 73746B61 		.ascii	"stkalign_t\000"
 1658      6C69676E 
 1658      5F7400
 1659              	.LASF120:
 1660 0273 474E5520 		.ascii	"GNU C11 5.2.0 -mcpu=cortex-m4 -mfloat-abi=hard -mfp"
 1660      43313120 
 1660      352E322E 
 1660      30202D6D 
 1660      6370753D 
 1661 02a6 753D6670 		.ascii	"u=fpv4-sp-d16 -mno-thumb-interwork -mthumb -ggdb -O"
 1661      76342D73 
 1661      702D6431 
 1661      36202D6D 
 1661      6E6F2D74 
 1662 02d9 32202D66 		.ascii	"2 -fomit-frame-pointer -falign-functions=16 -ffunct"
 1662      6F6D6974 
 1662      2D667261 
 1662      6D652D70 
 1662      6F696E74 
 1663 030c 696F6E2D 		.ascii	"ion-sections -fdata-sections -fno-common -fsingle-p"
 1663      73656374 
 1663      696F6E73 
 1663      202D6664 
 1663      6174612D 
 1664 033f 72656369 		.ascii	"recision-constant\000"
 1664      73696F6E 
 1664      2D636F6E 
 1664      7374616E 
 1664      7400
 1665              	.LASF39:
 1666 0351 705F7761 		.ascii	"p_waiting\000"
 1666      6974696E 
 1666      6700
 1667              	.LASF80:
 1668 035b 73697A65 		.ascii	"sizetype\000"
 1668      74797065 
 1668      00
 1669              	.LASF46:
 1670 0364 74687265 		.ascii	"thread_reference_t\000"
 1670      61645F72 
 1670      65666572 
 1670      656E6365 
 1670      5F7400
 1671              	.LASF69:
 1672 0377 63685F76 		.ascii	"ch_virtual_timers_list\000"
 1672      69727475 
 1672      616C5F74 
 1672      696D6572 
 1672      735F6C69 
 1673              	.LASF2:
ARM GAS  /tmp/ccw3LJXM.s 			page 33


 1674 038e 6C6F6E67 		.ascii	"long double\000"
 1674      20646F75 
 1674      626C6500 
 1675              	.LASF70:
 1676 039a 76745F6C 		.ascii	"vt_lasttime\000"
 1676      61737474 
 1676      696D6500 
 1677              	.LASF34:
 1678 03a6 705F6F6C 		.ascii	"p_older\000"
 1678      64657200 
 1679              	.LASF56:
 1680 03ae 725F6374 		.ascii	"r_ctx\000"
 1680      7800
 1681              	.LASF86:
 1682 03b4 746D5F63 		.ascii	"tm_calibration_t\000"
 1682      616C6962 
 1682      72617469 
 1682      6F6E5F74 
 1682      00
 1683              	.LASF109:
 1684 03c5 61667268 		.ascii	"afrh\000"
 1684      00
 1685              	.LASF114:
 1686 03ca 50444461 		.ascii	"PDData\000"
 1686      746100
 1687              	.LASF59:
 1688 03d1 725F6375 		.ascii	"r_current\000"
 1688      7272656E 
 1688      7400
 1689              	.LASF58:
 1690 03db 725F6F6C 		.ascii	"r_older\000"
 1690      64657200 
 1691              	.LASF13:
 1692 03e3 5F5F7569 		.ascii	"__uint64_t\000"
 1692      6E743634 
 1692      5F7400
 1693              	.LASF22:
 1694 03ee 74726566 		.ascii	"trefs_t\000"
 1694      735F7400 
 1695              	.LASF61:
 1696 03f6 76697274 		.ascii	"virtual_timer_t\000"
 1696      75616C5F 
 1696      74696D65 
 1696      725F7400 
 1697              	.LASF30:
 1698 0406 705F7072 		.ascii	"p_prev\000"
 1698      657600
 1699              	.LASF23:
 1700 040d 74707269 		.ascii	"tprio_t\000"
 1700      6F5F7400 
 1701              	.LASF72:
 1702 0415 63685F73 		.ascii	"ch_system_debug\000"
 1702      79737465 
 1702      6D5F6465 
 1702      62756700 
 1703              	.LASF103:
 1704 0425 5F426F6F 		.ascii	"_Bool\000"
ARM GAS  /tmp/ccw3LJXM.s 			page 34


 1704      6C00
 1705              	.LASF16:
 1706 042b 696E7433 		.ascii	"int32_t\000"
 1706      325F7400 
 1707              	.LASF6:
 1708 0433 756E7369 		.ascii	"unsigned char\000"
 1708      676E6564 
 1708      20636861 
 1708      7200
 1709              	.LASF108:
 1710 0441 6166726C 		.ascii	"afrl\000"
 1710      00
 1711              	.LASF96:
 1712 0446 735F636E 		.ascii	"s_cnt\000"
 1712      7400
 1713              	.LASF43:
 1714 044c 705F6D74 		.ascii	"p_mtxlist\000"
 1714      786C6973 
 1714      7400
 1715              	.LASF7:
 1716 0456 73686F72 		.ascii	"short int\000"
 1716      7420696E 
 1716      7400
 1717              	.LASF36:
 1718 0460 705F7374 		.ascii	"p_state\000"
 1718      61746500 
 1719              	.LASF124:
 1720 0468 626F6172 		.ascii	"boardInit\000"
 1720      64496E69 
 1720      7400
 1721              	.LASF55:
 1722 0472 725F7072 		.ascii	"r_prio\000"
 1722      696F00
 1723              	.LASF111:
 1724 0479 50414461 		.ascii	"PAData\000"
 1724      746100
 1725              	.LASF93:
 1726 0480 65776D61 		.ascii	"ewmask\000"
 1726      736B00
 1727              	.LASF29:
 1728 0487 705F6E65 		.ascii	"p_next\000"
 1728      787400
 1729              	.LASF37:
 1730 048e 705F666C 		.ascii	"p_flags\000"
 1730      61677300 
 1731              	.LASF62:
 1732 0496 63685F76 		.ascii	"ch_virtual_timer\000"
 1732      69727475 
 1732      616C5F74 
 1732      696D6572 
 1732      00
 1733              	.LASF94:
 1734 04a7 63685F73 		.ascii	"ch_semaphore\000"
 1734      656D6170 
 1734      686F7265 
 1734      00
 1735              	.LASF42:
ARM GAS  /tmp/ccw3LJXM.s 			page 35


 1736 04b4 705F6570 		.ascii	"p_epending\000"
 1736      656E6469 
 1736      6E6700
 1737              	.LASF17:
 1738 04bf 75696E74 		.ascii	"uint32_t\000"
 1738      33325F74 
 1738      00
 1739              	.LASF92:
 1740 04c8 77746D74 		.ascii	"wtmtxp\000"
 1740      787000
 1741              	.LASF54:
 1742 04cf 725F7175 		.ascii	"r_queue\000"
 1742      65756500 
 1743              	.LASF49:
 1744 04d7 63685F74 		.ascii	"ch_threads_list\000"
 1744      68726561 
 1744      64735F6C 
 1744      69737400 
 1745              	.LASF12:
 1746 04e7 6C6F6E67 		.ascii	"long unsigned int\000"
 1746      20756E73 
 1746      69676E65 
 1746      6420696E 
 1746      7400
 1747              	.LASF101:
 1748 04f9 63686172 		.ascii	"char\000"
 1748      00
 1749              	.LASF122:
 1750 04fe 2F686F6D 		.ascii	"/home/sssilvar/Documents/embebidos/ChibiOS/iflab/pr"
 1750      652F7373 
 1750      73696C76 
 1750      61722F44 
 1750      6F63756D 
 1751 0531 6F6A6563 		.ascii	"ojects/blink\000"
 1751      74732F62 
 1751      6C696E6B 
 1751      00
 1752              	.LASF28:
 1753 053e 74687265 		.ascii	"thread_t\000"
 1753      61645F74 
 1753      00
 1754              	.LASF100:
 1755 0547 6D5F6E65 		.ascii	"m_next\000"
 1755      787400
 1756              	.LASF27:
 1757 054e 73797374 		.ascii	"systime_t\000"
 1757      696D655F 
 1757      7400
 1758              	.LASF44:
 1759 0558 705F7265 		.ascii	"p_realprio\000"
 1759      616C7072 
 1759      696F00
 1760              	.LASF60:
 1761 0563 76746675 		.ascii	"vtfunc_t\000"
 1761      6E635F74 
 1761      00
 1762              	.LASF11:
ARM GAS  /tmp/ccw3LJXM.s 			page 36


 1763 056c 5F5F7569 		.ascii	"__uint32_t\000"
 1763      6E743332 
 1763      5F7400
 1764              	.LASF73:
 1765 0577 70616E69 		.ascii	"panic_msg\000"
 1765      635F6D73 
 1765      6700
 1766              	.LASF85:
 1767 0581 6F666673 		.ascii	"offset\000"
 1767      657400
 1768              	.LASF83:
 1769 0588 636F6E74 		.ascii	"context\000"
 1769      65787400 
 1770              	.LASF19:
 1771 0590 7274636E 		.ascii	"rtcnt_t\000"
 1771      745F7400 
 1772              	.LASF67:
 1773 0598 76745F70 		.ascii	"vt_par\000"
 1773      617200
 1774              	.LASF50:
 1775 059f 74687265 		.ascii	"threads_queue_t\000"
 1775      6164735F 
 1775      71756575 
 1775      655F7400 
 1776              	.LASF97:
 1777 05af 63685F6D 		.ascii	"ch_mutex\000"
 1777      75746578 
 1777      00
 1778              	.LASF38:
 1779 05b8 705F7265 		.ascii	"p_refs\000"
 1779      667300
 1780              	.LASF76:
 1781 05bf 726C6973 		.ascii	"rlist\000"
 1781      7400
 1782              	.LASF15:
 1783 05c5 75696E74 		.ascii	"uint8_t\000"
 1783      385F7400 
 1784              	.LASF89:
 1785 05cd 77746F62 		.ascii	"wtobjp\000"
 1785      6A7000
 1786              	.LASF35:
 1787 05d4 705F6E61 		.ascii	"p_name\000"
 1787      6D6500
 1788              	.LASF113:
 1789 05db 50434461 		.ascii	"PCData\000"
 1789      746100
 1790              	.LASF47:
 1791 05e2 74687265 		.ascii	"threads_list_t\000"
 1791      6164735F 
 1791      6C697374 
 1791      5F7400
 1792              	.LASF41:
 1793 05f1 705F6D73 		.ascii	"p_msg\000"
 1793      6700
 1794              	.LASF117:
 1795 05f7 50414C43 		.ascii	"PALConfig\000"
 1795      6F6E6669 
ARM GAS  /tmp/ccw3LJXM.s 			page 37


 1795      6700
 1796              	.LASF99:
 1797 0601 6D5F6F77 		.ascii	"m_owner\000"
 1797      6E657200 
 1798              	.LASF119:
 1799 0609 70616C5F 		.ascii	"pal_default_config\000"
 1799      64656661 
 1799      756C745F 
 1799      636F6E66 
 1799      696700
 1800              	.LASF32:
 1801 061c 705F6374 		.ascii	"p_ctx\000"
 1801      7800
 1802              	.LASF66:
 1803 0622 76745F66 		.ascii	"vt_func\000"
 1803      756E6300 
 1804              		.ident	"GCC: (Fedora 5.2.0-2.fc22) 5.2.0"
ARM GAS  /tmp/ccw3LJXM.s 			page 38


DEFINED SYMBOLS
                            *ABS*:0000000000000000 board.c
     /tmp/ccw3LJXM.s:22     .text.__early_init:0000000000000000 $t
     /tmp/ccw3LJXM.s:28     .text.__early_init:0000000000000000 __early_init
     /tmp/ccw3LJXM.s:43     .text.boardInit:0000000000000000 $t
     /tmp/ccw3LJXM.s:49     .text.boardInit:0000000000000000 boardInit
     /tmp/ccw3LJXM.s:65     .rodata.pal_default_config:0000000000000000 pal_default_config
     /tmp/ccw3LJXM.s:62     .rodata.pal_default_config:0000000000000000 $d
                     .debug_frame:0000000000000010 $d

UNDEFINED SYMBOLS
stm32_clock_init
