ARM GAS  /tmp/ccTtTV3C.s 			page 1


   1              		.syntax unified
   2              		.cpu cortex-m4
   3              		.eabi_attribute 27, 1
   4              		.eabi_attribute 28, 1
   5              		.fpu fpv4-sp-d16
   6              		.eabi_attribute 20, 1
   7              		.eabi_attribute 21, 1
   8              		.eabi_attribute 23, 3
   9              		.eabi_attribute 24, 1
  10              		.eabi_attribute 25, 1
  11              		.eabi_attribute 26, 1
  12              		.eabi_attribute 30, 2
  13              		.eabi_attribute 34, 1
  14              		.eabi_attribute 18, 4
  15              		.thumb
  16              		.syntax unified
  17              		.file	"nvic.c"
  18              		.text
  19              	.Ltext0:
  20              		.cfi_sections	.debug_frame
  21              		.section	.text.nvicEnableVector,"ax",%progbits
  22              		.align	2
  23              		.p2align 4,,15
  24              		.global	nvicEnableVector
  25              		.thumb
  26              		.thumb_func
  27              		.type	nvicEnableVector, %function
  28              	nvicEnableVector:
  29              	.LFB260:
  30              		.file 1 "../../os/hal/ports/common/ARMCMx/nvic.c"
  31              		.loc 1 57 0
  32              		.cfi_startproc
  33              		@ args = 0, pretend = 0, frame = 0
  34              		@ frame_needed = 0, uses_anonymous_args = 0
  35              		@ link register save eliminated.
  36              	.LVL0:
  37 0000 4309     		lsrs	r3, r0, #5
  38 0002 9B00     		lsls	r3, r3, #2
  39 0004 10B4     		push	{r4}
  40              		.cfi_def_cfa_offset 4
  41              		.cfi_offset 4, -4
  42 0006 03F16043 		add	r3, r3, #-536870912
  43              		.loc 1 59 0
  44 000a 00F16044 		add	r4, r0, #-536870912
  45 000e 04F56144 		add	r4, r4, #57600
  46 0012 03F56143 		add	r3, r3, #57600
  47 0016 0901     		lsls	r1, r1, #4
  48              	.LVL1:
  49              		.loc 1 60 0
  50 0018 00F01F00 		and	r0, r0, #31
  51              	.LVL2:
  52 001c 0122     		movs	r2, #1
  53 001e 02FA00F0 		lsl	r0, r2, r0
  54              		.loc 1 59 0
  55 0022 C9B2     		uxtb	r1, r1
  56 0024 84F80013 		strb	r1, [r4, #768]
  57              		.loc 1 60 0
ARM GAS  /tmp/ccTtTV3C.s 			page 2


  58 0028 C3F88001 		str	r0, [r3, #384]
  59              		.loc 1 61 0
  60 002c 1860     		str	r0, [r3]
  61              		.loc 1 62 0
  62 002e 5DF8044B 		ldr	r4, [sp], #4
  63              		.cfi_restore 4
  64              		.cfi_def_cfa_offset 0
  65              	.LVL3:
  66 0032 7047     		bx	lr
  67              		.cfi_endproc
  68              	.LFE260:
  69              		.size	nvicEnableVector, .-nvicEnableVector
  70 0034 AFF30080 		.section	.text.nvicDisableVector,"ax",%progbits
  70      AFF30080 
  70      AFF30080 
  71              		.align	2
  72              		.p2align 4,,15
  73              		.global	nvicDisableVector
  74              		.thumb
  75              		.thumb_func
  76              		.type	nvicDisableVector, %function
  77              	nvicDisableVector:
  78              	.LFB261:
  79              		.loc 1 69 0
  80              		.cfi_startproc
  81              		@ args = 0, pretend = 0, frame = 0
  82              		@ frame_needed = 0, uses_anonymous_args = 0
  83              		@ link register save eliminated.
  84              	.LVL4:
  85              		.loc 1 71 0
  86 0000 0849     		ldr	r1, .L5
  87 0002 4309     		lsrs	r3, r0, #5
  88              		.loc 1 69 0
  89 0004 10B4     		push	{r4}
  90              		.cfi_def_cfa_offset 4
  91              		.cfi_offset 4, -4
  92              		.loc 1 71 0
  93 0006 2033     		adds	r3, r3, #32
  94 0008 00F01F04 		and	r4, r0, #31
  95 000c 0122     		movs	r2, #1
  96              		.loc 1 72 0
  97 000e 0844     		add	r0, r0, r1
  98              	.LVL5:
  99              		.loc 1 71 0
 100 0010 A240     		lsls	r2, r2, r4
 101              		.loc 1 72 0
 102 0012 0024     		movs	r4, #0
 103              		.loc 1 71 0
 104 0014 41F82320 		str	r2, [r1, r3, lsl #2]
 105              		.loc 1 72 0
 106 0018 80F80043 		strb	r4, [r0, #768]
 107              		.loc 1 73 0
 108 001c 5DF8044B 		ldr	r4, [sp], #4
 109              		.cfi_restore 4
 110              		.cfi_def_cfa_offset 0
 111 0020 7047     		bx	lr
 112              	.L6:
ARM GAS  /tmp/ccTtTV3C.s 			page 3


 113 0022 00BF     		.align	2
 114              	.L5:
 115 0024 00E100E0 		.word	-536813312
 116              		.cfi_endproc
 117              	.LFE261:
 118              		.size	nvicDisableVector, .-nvicDisableVector
 119 0028 AFF30080 		.section	.text.nvicSetSystemHandlerPriority,"ax",%progbits
 119      AFF30080 
 120              		.align	2
 121              		.p2align 4,,15
 122              		.global	nvicSetSystemHandlerPriority
 123              		.thumb
 124              		.thumb_func
 125              		.type	nvicSetSystemHandlerPriority, %function
 126              	nvicSetSystemHandlerPriority:
 127              	.LFB262:
 128              		.loc 1 81 0
 129              		.cfi_startproc
 130              		@ args = 0, pretend = 0, frame = 0
 131              		@ frame_needed = 0, uses_anonymous_args = 0
 132              		@ link register save eliminated.
 133              	.LVL6:
 134              		.loc 1 85 0
 135 0000 00F16040 		add	r0, r0, #-536870912
 136              	.LVL7:
 137 0004 00F56D40 		add	r0, r0, #60672
 138              	.LVL8:
 139 0008 0901     		lsls	r1, r1, #4
 140              	.LVL9:
 141 000a C9B2     		uxtb	r1, r1
 142 000c 0176     		strb	r1, [r0, #24]
 143 000e 7047     		bx	lr
 144              		.cfi_endproc
 145              	.LFE262:
 146              		.size	nvicSetSystemHandlerPriority, .-nvicSetSystemHandlerPriority
 147              		.section	.text.nvicClearPending,"ax",%progbits
 148              		.align	2
 149              		.p2align 4,,15
 150              		.global	nvicClearPending
 151              		.thumb
 152              		.thumb_func
 153              		.type	nvicClearPending, %function
 154              	nvicClearPending:
 155              	.LFB263:
 156              		.loc 1 93 0
 157              		.cfi_startproc
 158              		@ args = 0, pretend = 0, frame = 0
 159              		@ frame_needed = 0, uses_anonymous_args = 0
 160              		@ link register save eliminated.
 161              	.LVL10:
 162              		.loc 1 95 0
 163 0000 4309     		lsrs	r3, r0, #5
 164 0002 6033     		adds	r3, r3, #96
 165 0004 00F01F00 		and	r0, r0, #31
 166              	.LVL11:
 167 0008 0122     		movs	r2, #1
 168 000a 0349     		ldr	r1, .L9
ARM GAS  /tmp/ccTtTV3C.s 			page 4


 169 000c 02FA00F0 		lsl	r0, r2, r0
 170 0010 41F82300 		str	r0, [r1, r3, lsl #2]
 171 0014 7047     		bx	lr
 172              	.L10:
 173 0016 00BF     		.align	2
 174              	.L9:
 175 0018 00E100E0 		.word	-536813312
 176              		.cfi_endproc
 177              	.LFE263:
 178              		.size	nvicClearPending, .-nvicClearPending
 179 001c AFF30080 		.text
 180              	.Letext0:
 181              		.file 2 "/usr/arm-none-eabi/include/machine/_default_types.h"
 182              		.file 3 "/usr/arm-none-eabi/include/stdint.h"
 183              		.file 4 "../../os/rt/ports/ARMCMx/compilers/GCC/chtypes.h"
 184              		.file 5 "../../os/rt/include/chsystypes.h"
 185              		.file 6 "../../os/rt/include/chschd.h"
 186              		.file 7 "../../os/ext/CMSIS/include/core_cm4.h"
 187              		.file 8 "../../os/rt/ports/ARMCMx/chcore.h"
 188              		.file 9 "../../os/rt/ports/ARMCMx/chcore_v7m.h"
 189              		.file 10 "../../os/rt/include/chtm.h"
 190              		.file 11 "../../os/rt/include/chsem.h"
 191              		.file 12 "../../os/rt/include/chmtx.h"
 192              		.section	.debug_info,"",%progbits
 193              	.Ldebug_info0:
 194 0000 980A0000 		.4byte	0xa98
 195 0004 0400     		.2byte	0x4
 196 0006 00000000 		.4byte	.Ldebug_abbrev0
 197 000a 04       		.byte	0x4
 198 000b 01       		.uleb128 0x1
 199 000c 43020000 		.4byte	.LASF138
 200 0010 0C       		.byte	0xc
 201 0011 13040000 		.4byte	.LASF139
 202 0015 BA050000 		.4byte	.LASF140
 203 0019 00000000 		.4byte	.Ldebug_ranges0+0
 204 001d 00000000 		.4byte	0
 205 0021 00000000 		.4byte	.Ldebug_line0
 206 0025 02       		.uleb128 0x2
 207 0026 04       		.byte	0x4
 208 0027 05       		.byte	0x5
 209 0028 696E7400 		.ascii	"int\000"
 210 002c 03       		.uleb128 0x3
 211 002d 04       		.byte	0x4
 212 002e 07       		.byte	0x7
 213 002f 8D010000 		.4byte	.LASF0
 214 0033 03       		.uleb128 0x3
 215 0034 08       		.byte	0x8
 216 0035 05       		.byte	0x5
 217 0036 D6000000 		.4byte	.LASF1
 218 003a 03       		.uleb128 0x3
 219 003b 08       		.byte	0x8
 220 003c 04       		.byte	0x4
 221 003d 76030000 		.4byte	.LASF2
 222 0041 03       		.uleb128 0x3
 223 0042 01       		.byte	0x1
 224 0043 06       		.byte	0x6
 225 0044 E4000000 		.4byte	.LASF3
ARM GAS  /tmp/ccTtTV3C.s 			page 5


 226 0048 04       		.uleb128 0x4
 227 0049 37000000 		.4byte	.LASF7
 228 004d 02       		.byte	0x2
 229 004e 1D       		.byte	0x1d
 230 004f 53000000 		.4byte	0x53
 231 0053 03       		.uleb128 0x3
 232 0054 01       		.byte	0x1
 233 0055 08       		.byte	0x8
 234 0056 59040000 		.4byte	.LASF4
 235 005a 03       		.uleb128 0x3
 236 005b 02       		.byte	0x2
 237 005c 05       		.byte	0x5
 238 005d 8C040000 		.4byte	.LASF5
 239 0061 03       		.uleb128 0x3
 240 0062 02       		.byte	0x2
 241 0063 07       		.byte	0x7
 242 0064 E8040000 		.4byte	.LASF6
 243 0068 04       		.uleb128 0x4
 244 0069 2E020000 		.4byte	.LASF8
 245 006d 02       		.byte	0x2
 246 006e 3F       		.byte	0x3f
 247 006f 73000000 		.4byte	0x73
 248 0073 03       		.uleb128 0x3
 249 0074 04       		.byte	0x4
 250 0075 05       		.byte	0x5
 251 0076 22010000 		.4byte	.LASF9
 252 007a 04       		.uleb128 0x4
 253 007b A5050000 		.4byte	.LASF10
 254 007f 02       		.byte	0x2
 255 0080 41       		.byte	0x41
 256 0081 85000000 		.4byte	0x85
 257 0085 03       		.uleb128 0x3
 258 0086 04       		.byte	0x4
 259 0087 07       		.byte	0x7
 260 0088 56050000 		.4byte	.LASF11
 261 008c 04       		.uleb128 0x4
 262 008d C9030000 		.4byte	.LASF12
 263 0091 02       		.byte	0x2
 264 0092 5B       		.byte	0x5b
 265 0093 97000000 		.4byte	0x97
 266 0097 03       		.uleb128 0x3
 267 0098 08       		.byte	0x8
 268 0099 07       		.byte	0x7
 269 009a 5C000000 		.4byte	.LASF13
 270 009e 04       		.uleb128 0x4
 271 009f 42060000 		.4byte	.LASF14
 272 00a3 03       		.byte	0x3
 273 00a4 15       		.byte	0x15
 274 00a5 48000000 		.4byte	0x48
 275 00a9 04       		.uleb128 0x4
 276 00aa 51040000 		.4byte	.LASF15
 277 00ae 03       		.byte	0x3
 278 00af 2C       		.byte	0x2c
 279 00b0 68000000 		.4byte	0x68
 280 00b4 04       		.uleb128 0x4
 281 00b5 2E050000 		.4byte	.LASF16
 282 00b9 03       		.byte	0x3
ARM GAS  /tmp/ccTtTV3C.s 			page 6


 283 00ba 2D       		.byte	0x2d
 284 00bb 7A000000 		.4byte	0x7a
 285 00bf 04       		.uleb128 0x4
 286 00c0 2E000000 		.4byte	.LASF17
 287 00c4 03       		.byte	0x3
 288 00c5 39       		.byte	0x39
 289 00c6 8C000000 		.4byte	0x8c
 290 00ca 05       		.uleb128 0x5
 291 00cb A9000000 		.4byte	0xa9
 292 00cf 05       		.uleb128 0x5
 293 00d0 B4000000 		.4byte	0xb4
 294 00d4 04       		.uleb128 0x4
 295 00d5 08060000 		.4byte	.LASF18
 296 00d9 04       		.byte	0x4
 297 00da 45       		.byte	0x45
 298 00db B4000000 		.4byte	0xb4
 299 00df 04       		.uleb128 0x4
 300 00e0 0C020000 		.4byte	.LASF19
 301 00e4 04       		.byte	0x4
 302 00e5 48       		.byte	0x48
 303 00e6 9E000000 		.4byte	0x9e
 304 00ea 04       		.uleb128 0x4
 305 00eb 2B010000 		.4byte	.LASF20
 306 00ef 04       		.byte	0x4
 307 00f0 49       		.byte	0x49
 308 00f1 9E000000 		.4byte	0x9e
 309 00f5 04       		.uleb128 0x4
 310 00f6 D4030000 		.4byte	.LASF21
 311 00fa 04       		.byte	0x4
 312 00fb 4A       		.byte	0x4a
 313 00fc 9E000000 		.4byte	0x9e
 314 0100 04       		.uleb128 0x4
 315 0101 0B040000 		.4byte	.LASF22
 316 0105 04       		.byte	0x4
 317 0106 4C       		.byte	0x4c
 318 0107 B4000000 		.4byte	0xb4
 319 010b 04       		.uleb128 0x4
 320 010c E9010000 		.4byte	.LASF23
 321 0110 04       		.byte	0x4
 322 0111 4D       		.byte	0x4d
 323 0112 A9000000 		.4byte	0xa9
 324 0116 04       		.uleb128 0x4
 325 0117 22020000 		.4byte	.LASF24
 326 011b 04       		.byte	0x4
 327 011c 4F       		.byte	0x4f
 328 011d B4000000 		.4byte	0xb4
 329 0121 04       		.uleb128 0x4
 330 0122 87010000 		.4byte	.LASF25
 331 0126 04       		.byte	0x4
 332 0127 51       		.byte	0x51
 333 0128 A9000000 		.4byte	0xa9
 334 012c 04       		.uleb128 0x4
 335 012d 87050000 		.4byte	.LASF26
 336 0131 05       		.byte	0x5
 337 0132 33       		.byte	0x33
 338 0133 B4000000 		.4byte	0xb4
 339 0137 04       		.uleb128 0x4
ARM GAS  /tmp/ccTtTV3C.s 			page 7


 340 0138 77050000 		.4byte	.LASF27
 341 013c 05       		.byte	0x5
 342 013d 3F       		.byte	0x3f
 343 013e 42010000 		.4byte	0x142
 344 0142 06       		.uleb128 0x6
 345 0143 DA010000 		.4byte	.LASF47
 346 0147 44       		.byte	0x44
 347 0148 06       		.byte	0x6
 348 0149 C2       		.byte	0xc2
 349 014a 2F020000 		.4byte	0x22f
 350 014e 07       		.uleb128 0x7
 351 014f D0040000 		.4byte	.LASF28
 352 0153 06       		.byte	0x6
 353 0154 C3       		.byte	0xc3
 354 0155 3A020000 		.4byte	0x23a
 355 0159 00       		.byte	0
 356 015a 07       		.uleb128 0x7
 357 015b 04040000 		.4byte	.LASF29
 358 015f 06       		.byte	0x6
 359 0160 C5       		.byte	0xc5
 360 0161 3A020000 		.4byte	0x23a
 361 0165 04       		.byte	0x4
 362 0166 07       		.uleb128 0x7
 363 0167 B9000000 		.4byte	.LASF30
 364 016b 06       		.byte	0x6
 365 016c C7       		.byte	0xc7
 366 016d 00010000 		.4byte	0x100
 367 0171 08       		.byte	0x8
 368 0172 07       		.uleb128 0x7
 369 0173 7F060000 		.4byte	.LASF31
 370 0177 06       		.byte	0x6
 371 0178 C8       		.byte	0xc8
 372 0179 30070000 		.4byte	0x730
 373 017d 0C       		.byte	0xc
 374 017e 07       		.uleb128 0x7
 375 017f 34010000 		.4byte	.LASF32
 376 0183 06       		.byte	0x6
 377 0184 CA       		.byte	0xca
 378 0185 3A020000 		.4byte	0x23a
 379 0189 10       		.byte	0x10
 380 018a 07       		.uleb128 0x7
 381 018b 98030000 		.4byte	.LASF33
 382 018f 06       		.byte	0x6
 383 0190 CB       		.byte	0xcb
 384 0191 3A020000 		.4byte	0x23a
 385 0195 14       		.byte	0x14
 386 0196 07       		.uleb128 0x7
 387 0197 5F060000 		.4byte	.LASF34
 388 019b 06       		.byte	0x6
 389 019c D2       		.byte	0xd2
 390 019d 75090000 		.4byte	0x975
 391 01a1 18       		.byte	0x18
 392 01a2 07       		.uleb128 0x7
 393 01a3 7A040000 		.4byte	.LASF35
 394 01a7 06       		.byte	0x6
 395 01a8 DD       		.byte	0xdd
 396 01a9 EA000000 		.4byte	0xea
ARM GAS  /tmp/ccTtTV3C.s 			page 8


 397 01ad 1C       		.byte	0x1c
 398 01ae 07       		.uleb128 0x7
 399 01af D7040000 		.4byte	.LASF36
 400 01b3 06       		.byte	0x6
 401 01b4 E1       		.byte	0xe1
 402 01b5 DF000000 		.4byte	0xdf
 403 01b9 1D       		.byte	0x1d
 404 01ba 07       		.uleb128 0x7
 405 01bb 30060000 		.4byte	.LASF37
 406 01bf 06       		.byte	0x6
 407 01c0 E6       		.byte	0xe6
 408 01c1 F5000000 		.4byte	0xf5
 409 01c5 1E       		.byte	0x1e
 410 01c6 08       		.uleb128 0x8
 411 01c7 705F7500 		.ascii	"p_u\000"
 412 01cb 06       		.byte	0x6
 413 01cc 3101     		.2byte	0x131
 414 01ce B0080000 		.4byte	0x8b0
 415 01d2 20       		.byte	0x20
 416 01d3 09       		.uleb128 0x9
 417 01d4 39030000 		.4byte	.LASF38
 418 01d8 06       		.byte	0x6
 419 01d9 3601     		.2byte	0x136
 420 01db 40020000 		.4byte	0x240
 421 01df 24       		.byte	0x24
 422 01e0 09       		.uleb128 0x9
 423 01e1 C4010000 		.4byte	.LASF39
 424 01e5 06       		.byte	0x6
 425 01e6 3C01     		.2byte	0x13c
 426 01e8 64020000 		.4byte	0x264
 427 01ec 28       		.byte	0x28
 428 01ed 09       		.uleb128 0x9
 429 01ee 66060000 		.4byte	.LASF40
 430 01f2 06       		.byte	0x6
 431 01f3 4001     		.2byte	0x140
 432 01f5 0B010000 		.4byte	0x10b
 433 01f9 30       		.byte	0x30
 434 01fa 09       		.uleb128 0x9
 435 01fb 19050000 		.4byte	.LASF41
 436 01ff 06       		.byte	0x6
 437 0200 4601     		.2byte	0x146
 438 0202 16010000 		.4byte	0x116
 439 0206 34       		.byte	0x34
 440 0207 09       		.uleb128 0x9
 441 0208 82040000 		.4byte	.LASF42
 442 020c 06       		.byte	0x6
 443 020d 4D01     		.2byte	0x14d
 444 020f 6F090000 		.4byte	0x96f
 445 0213 38       		.byte	0x38
 446 0214 09       		.uleb128 0x9
 447 0215 91050000 		.4byte	.LASF43
 448 0219 06       		.byte	0x6
 449 021a 5101     		.2byte	0x151
 450 021c 00010000 		.4byte	0x100
 451 0220 3C       		.byte	0x3c
 452 0221 09       		.uleb128 0x9
 453 0222 F0000000 		.4byte	.LASF44
ARM GAS  /tmp/ccTtTV3C.s 			page 9


 454 0226 06       		.byte	0x6
 455 0227 5801     		.2byte	0x158
 456 0229 17030000 		.4byte	0x317
 457 022d 40       		.byte	0x40
 458 022e 00       		.byte	0
 459 022f 04       		.uleb128 0x4
 460 0230 4C030000 		.4byte	.LASF45
 461 0234 05       		.byte	0x5
 462 0235 44       		.byte	0x44
 463 0236 3A020000 		.4byte	0x23a
 464 023a 0A       		.uleb128 0xa
 465 023b 04       		.byte	0x4
 466 023c 37010000 		.4byte	0x137
 467 0240 04       		.uleb128 0x4
 468 0241 00000000 		.4byte	.LASF46
 469 0245 05       		.byte	0x5
 470 0246 49       		.byte	0x49
 471 0247 4B020000 		.4byte	0x24b
 472 024b 06       		.uleb128 0x6
 473 024c 46050000 		.4byte	.LASF48
 474 0250 04       		.byte	0x4
 475 0251 06       		.byte	0x6
 476 0252 B0       		.byte	0xb0
 477 0253 64020000 		.4byte	0x264
 478 0257 07       		.uleb128 0x7
 479 0258 D0040000 		.4byte	.LASF28
 480 025c 06       		.byte	0x6
 481 025d B1       		.byte	0xb1
 482 025e 3A020000 		.4byte	0x23a
 483 0262 00       		.byte	0
 484 0263 00       		.byte	0
 485 0264 04       		.uleb128 0x4
 486 0265 17060000 		.4byte	.LASF49
 487 0269 05       		.byte	0x5
 488 026a 50       		.byte	0x50
 489 026b 6F020000 		.4byte	0x26f
 490 026f 06       		.uleb128 0x6
 491 0270 A3000000 		.4byte	.LASF50
 492 0274 08       		.byte	0x8
 493 0275 06       		.byte	0x6
 494 0276 B7       		.byte	0xb7
 495 0277 94020000 		.4byte	0x294
 496 027b 07       		.uleb128 0x7
 497 027c D0040000 		.4byte	.LASF28
 498 0280 06       		.byte	0x6
 499 0281 B8       		.byte	0xb8
 500 0282 3A020000 		.4byte	0x23a
 501 0286 00       		.byte	0
 502 0287 07       		.uleb128 0x7
 503 0288 04040000 		.4byte	.LASF29
 504 028c 06       		.byte	0x6
 505 028d B9       		.byte	0xb9
 506 028e 3A020000 		.4byte	0x23a
 507 0292 04       		.byte	0x4
 508 0293 00       		.byte	0
 509 0294 04       		.uleb128 0x4
 510 0295 14000000 		.4byte	.LASF51
ARM GAS  /tmp/ccTtTV3C.s 			page 10


 511 0299 05       		.byte	0x5
 512 029a 57       		.byte	0x57
 513 029b 9F020000 		.4byte	0x29f
 514 029f 0B       		.uleb128 0xb
 515 02a0 14020000 		.4byte	.LASF52
 516 02a4 1C       		.byte	0x1c
 517 02a5 06       		.byte	0x6
 518 02a6 9001     		.2byte	0x190
 519 02a8 FB020000 		.4byte	0x2fb
 520 02ac 09       		.uleb128 0x9
 521 02ad 3E050000 		.4byte	.LASF53
 522 02b1 06       		.byte	0x6
 523 02b2 9101     		.2byte	0x191
 524 02b4 64020000 		.4byte	0x264
 525 02b8 00       		.byte	0
 526 02b9 09       		.uleb128 0x9
 527 02ba C2040000 		.4byte	.LASF54
 528 02be 06       		.byte	0x6
 529 02bf 9201     		.2byte	0x192
 530 02c1 00010000 		.4byte	0x100
 531 02c5 08       		.byte	0x8
 532 02c6 09       		.uleb128 0x9
 533 02c7 A0030000 		.4byte	.LASF55
 534 02cb 06       		.byte	0x6
 535 02cc 9401     		.2byte	0x194
 536 02ce 30070000 		.4byte	0x730
 537 02d2 0C       		.byte	0xc
 538 02d3 09       		.uleb128 0x9
 539 02d4 4E010000 		.4byte	.LASF56
 540 02d8 06       		.byte	0x6
 541 02d9 9701     		.2byte	0x197
 542 02db 3A020000 		.4byte	0x23a
 543 02df 10       		.byte	0x10
 544 02e0 09       		.uleb128 0x9
 545 02e1 C1030000 		.4byte	.LASF57
 546 02e5 06       		.byte	0x6
 547 02e6 9801     		.2byte	0x198
 548 02e8 3A020000 		.4byte	0x23a
 549 02ec 14       		.byte	0x14
 550 02ed 09       		.uleb128 0x9
 551 02ee 68050000 		.4byte	.LASF58
 552 02f2 06       		.byte	0x6
 553 02f3 9B01     		.2byte	0x19b
 554 02f5 3A020000 		.4byte	0x23a
 555 02f9 18       		.byte	0x18
 556 02fa 00       		.byte	0
 557 02fb 04       		.uleb128 0x4
 558 02fc 9C050000 		.4byte	.LASF59
 559 0300 05       		.byte	0x5
 560 0301 5C       		.byte	0x5c
 561 0302 06030000 		.4byte	0x306
 562 0306 0A       		.uleb128 0xa
 563 0307 04       		.byte	0x4
 564 0308 0C030000 		.4byte	0x30c
 565 030c 0C       		.uleb128 0xc
 566 030d 17030000 		.4byte	0x317
 567 0311 0D       		.uleb128 0xd
ARM GAS  /tmp/ccTtTV3C.s 			page 11


 568 0312 17030000 		.4byte	0x317
 569 0316 00       		.byte	0
 570 0317 0E       		.uleb128 0xe
 571 0318 04       		.byte	0x4
 572 0319 04       		.uleb128 0x4
 573 031a 29030000 		.4byte	.LASF60
 574 031e 05       		.byte	0x5
 575 031f 61       		.byte	0x61
 576 0320 24030000 		.4byte	0x324
 577 0324 0B       		.uleb128 0xb
 578 0325 FB040000 		.4byte	.LASF61
 579 0329 14       		.byte	0x14
 580 032a 06       		.byte	0x6
 581 032b 6B01     		.2byte	0x16b
 582 032d 73030000 		.4byte	0x373
 583 0331 09       		.uleb128 0x9
 584 0332 9A010000 		.4byte	.LASF62
 585 0336 06       		.byte	0x6
 586 0337 6C01     		.2byte	0x16c
 587 0339 87090000 		.4byte	0x987
 588 033d 00       		.byte	0
 589 033e 09       		.uleb128 0x9
 590 033f 5F010000 		.4byte	.LASF63
 591 0343 06       		.byte	0x6
 592 0344 6D01     		.2byte	0x16d
 593 0346 87090000 		.4byte	0x987
 594 034a 04       		.byte	0x4
 595 034b 09       		.uleb128 0x9
 596 034c BB010000 		.4byte	.LASF64
 597 0350 06       		.byte	0x6
 598 0351 6E01     		.2byte	0x16e
 599 0353 2C010000 		.4byte	0x12c
 600 0357 08       		.byte	0x8
 601 0358 09       		.uleb128 0x9
 602 0359 85060000 		.4byte	.LASF65
 603 035d 06       		.byte	0x6
 604 035e 6F01     		.2byte	0x16f
 605 0360 FB020000 		.4byte	0x2fb
 606 0364 0C       		.byte	0xc
 607 0365 09       		.uleb128 0x9
 608 0366 10060000 		.4byte	.LASF66
 609 036a 06       		.byte	0x6
 610 036b 7101     		.2byte	0x171
 611 036d 17030000 		.4byte	0x317
 612 0371 10       		.byte	0x10
 613 0372 00       		.byte	0
 614 0373 04       		.uleb128 0x4
 615 0374 87000000 		.4byte	.LASF67
 616 0378 05       		.byte	0x5
 617 0379 66       		.byte	0x66
 618 037a 7E030000 		.4byte	0x37e
 619 037e 0B       		.uleb128 0xb
 620 037f 5F030000 		.4byte	.LASF68
 621 0383 10       		.byte	0x10
 622 0384 06       		.byte	0x6
 623 0385 7B01     		.2byte	0x17b
 624 0387 C0030000 		.4byte	0x3c0
ARM GAS  /tmp/ccTtTV3C.s 			page 12


 625 038b 09       		.uleb128 0x9
 626 038c 9A010000 		.4byte	.LASF62
 627 0390 06       		.byte	0x6
 628 0391 7C01     		.2byte	0x17c
 629 0393 87090000 		.4byte	0x987
 630 0397 00       		.byte	0
 631 0398 09       		.uleb128 0x9
 632 0399 5F010000 		.4byte	.LASF63
 633 039d 06       		.byte	0x6
 634 039e 7E01     		.2byte	0x17e
 635 03a0 87090000 		.4byte	0x987
 636 03a4 04       		.byte	0x4
 637 03a5 09       		.uleb128 0x9
 638 03a6 BB010000 		.4byte	.LASF64
 639 03aa 06       		.byte	0x6
 640 03ab 8001     		.2byte	0x180
 641 03ad 2C010000 		.4byte	0x12c
 642 03b1 08       		.byte	0x8
 643 03b2 09       		.uleb128 0x9
 644 03b3 8C030000 		.4byte	.LASF69
 645 03b7 06       		.byte	0x6
 646 03b8 8801     		.2byte	0x188
 647 03ba 2C010000 		.4byte	0x12c
 648 03be 0C       		.byte	0xc
 649 03bf 00       		.byte	0
 650 03c0 04       		.uleb128 0x4
 651 03c1 4D000000 		.4byte	.LASF70
 652 03c5 05       		.byte	0x5
 653 03c6 6B       		.byte	0x6b
 654 03c7 CB030000 		.4byte	0x3cb
 655 03cb 0B       		.uleb128 0xb
 656 03cc 3B040000 		.4byte	.LASF71
 657 03d0 04       		.byte	0x4
 658 03d1 06       		.byte	0x6
 659 03d2 A201     		.2byte	0x1a2
 660 03d4 E6030000 		.4byte	0x3e6
 661 03d8 09       		.uleb128 0x9
 662 03d9 B0050000 		.4byte	.LASF72
 663 03dd 06       		.byte	0x6
 664 03de AA01     		.2byte	0x1aa
 665 03e0 8D090000 		.4byte	0x98d
 666 03e4 00       		.byte	0
 667 03e5 00       		.byte	0
 668 03e6 04       		.uleb128 0x4
 669 03e7 00020000 		.4byte	.LASF73
 670 03eb 05       		.byte	0x5
 671 03ec 70       		.byte	0x70
 672 03ed F1030000 		.4byte	0x3f1
 673 03f1 0F       		.uleb128 0xf
 674 03f2 18010000 		.4byte	.LASF74
 675 03f6 D801     		.2byte	0x1d8
 676 03f8 06       		.byte	0x6
 677 03f9 C201     		.2byte	0x1c2
 678 03fb 4D040000 		.4byte	0x44d
 679 03ff 09       		.uleb128 0x9
 680 0400 3C060000 		.4byte	.LASF75
 681 0404 06       		.byte	0x6
ARM GAS  /tmp/ccTtTV3C.s 			page 13


 682 0405 C601     		.2byte	0x1c6
 683 0407 94020000 		.4byte	0x294
 684 040b 00       		.byte	0
 685 040c 09       		.uleb128 0x9
 686 040d 11010000 		.4byte	.LASF76
 687 0411 06       		.byte	0x6
 688 0412 CA01     		.2byte	0x1ca
 689 0414 73030000 		.4byte	0x373
 690 0418 1C       		.byte	0x1c
 691 0419 08       		.uleb128 0x8
 692 041a 64626700 		.ascii	"dbg\000"
 693 041e 06       		.byte	0x6
 694 041f CE01     		.2byte	0x1ce
 695 0421 C0030000 		.4byte	0x3c0
 696 0425 2C       		.byte	0x2c
 697 0426 09       		.uleb128 0x9
 698 0427 7C000000 		.4byte	.LASF77
 699 042b 06       		.byte	0x6
 700 042c D201     		.2byte	0x1d2
 701 042e 37010000 		.4byte	0x137
 702 0432 30       		.byte	0x30
 703 0433 08       		.uleb128 0x8
 704 0434 746D00   		.ascii	"tm\000"
 705 0437 06       		.byte	0x6
 706 0438 D701     		.2byte	0x1d7
 707 043a A5080000 		.4byte	0x8a5
 708 043e 74       		.byte	0x74
 709 043f 09       		.uleb128 0x9
 710 0440 78010000 		.4byte	.LASF78
 711 0444 06       		.byte	0x6
 712 0445 E301     		.2byte	0x1e3
 713 0447 92090000 		.4byte	0x992
 714 044b 78       		.byte	0x78
 715 044c 00       		.byte	0
 716 044d 10       		.uleb128 0x10
 717 044e 040E     		.2byte	0xe04
 718 0450 07       		.byte	0x7
 719 0451 5001     		.2byte	0x150
 720 0453 09050000 		.4byte	0x509
 721 0457 09       		.uleb128 0x9
 722 0458 96040000 		.4byte	.LASF79
 723 045c 07       		.byte	0x7
 724 045d 5201     		.2byte	0x152
 725 045f 20050000 		.4byte	0x520
 726 0463 00       		.byte	0
 727 0464 09       		.uleb128 0x9
 728 0465 DC030000 		.4byte	.LASF80
 729 0469 07       		.byte	0x7
 730 046a 5301     		.2byte	0x153
 731 046c 25050000 		.4byte	0x525
 732 0470 20       		.byte	0x20
 733 0471 09       		.uleb128 0x9
 734 0472 B7030000 		.4byte	.LASF81
 735 0476 07       		.byte	0x7
 736 0477 5401     		.2byte	0x154
 737 0479 35050000 		.4byte	0x535
 738 047d 80       		.byte	0x80
ARM GAS  /tmp/ccTtTV3C.s 			page 14


 739 047e 09       		.uleb128 0x9
 740 047f 4A060000 		.4byte	.LASF82
 741 0483 07       		.byte	0x7
 742 0484 5501     		.2byte	0x155
 743 0486 25050000 		.4byte	0x525
 744 048a A0       		.byte	0xa0
 745 048b 11       		.uleb128 0x11
 746 048c B4000000 		.4byte	.LASF83
 747 0490 07       		.byte	0x7
 748 0491 5601     		.2byte	0x156
 749 0493 3A050000 		.4byte	0x53a
 750 0497 0001     		.2byte	0x100
 751 0499 11       		.uleb128 0x11
 752 049a E6030000 		.4byte	.LASF84
 753 049e 07       		.byte	0x7
 754 049f 5701     		.2byte	0x157
 755 04a1 25050000 		.4byte	0x525
 756 04a5 2001     		.2byte	0x120
 757 04a7 11       		.uleb128 0x11
 758 04a8 0F000000 		.4byte	.LASF85
 759 04ac 07       		.byte	0x7
 760 04ad 5801     		.2byte	0x158
 761 04af 3F050000 		.4byte	0x53f
 762 04b3 8001     		.2byte	0x180
 763 04b5 11       		.uleb128 0x11
 764 04b6 F0030000 		.4byte	.LASF86
 765 04ba 07       		.byte	0x7
 766 04bb 5901     		.2byte	0x159
 767 04bd 25050000 		.4byte	0x525
 768 04c1 A001     		.2byte	0x1a0
 769 04c3 11       		.uleb128 0x11
 770 04c4 87030000 		.4byte	.LASF87
 771 04c8 07       		.byte	0x7
 772 04c9 5A01     		.2byte	0x15a
 773 04cb 44050000 		.4byte	0x544
 774 04cf 0002     		.2byte	0x200
 775 04d1 11       		.uleb128 0x11
 776 04d2 FA030000 		.4byte	.LASF88
 777 04d6 07       		.byte	0x7
 778 04d7 5B01     		.2byte	0x15b
 779 04d9 49050000 		.4byte	0x549
 780 04dd 2002     		.2byte	0x220
 781 04df 12       		.uleb128 0x12
 782 04e0 495000   		.ascii	"IP\000"
 783 04e3 07       		.byte	0x7
 784 04e4 5C01     		.2byte	0x15c
 785 04e6 69050000 		.4byte	0x569
 786 04ea 0003     		.2byte	0x300
 787 04ec 11       		.uleb128 0x11
 788 04ed 24050000 		.4byte	.LASF89
 789 04f1 07       		.byte	0x7
 790 04f2 5D01     		.2byte	0x15d
 791 04f4 6E050000 		.4byte	0x56e
 792 04f8 F003     		.2byte	0x3f0
 793 04fa 11       		.uleb128 0x11
 794 04fb 53060000 		.4byte	.LASF90
 795 04ff 07       		.byte	0x7
ARM GAS  /tmp/ccTtTV3C.s 			page 15


 796 0500 5E01     		.2byte	0x15e
 797 0502 CF000000 		.4byte	0xcf
 798 0506 000E     		.2byte	0xe00
 799 0508 00       		.byte	0
 800 0509 13       		.uleb128 0x13
 801 050a B4000000 		.4byte	0xb4
 802 050e 19050000 		.4byte	0x519
 803 0512 14       		.uleb128 0x14
 804 0513 19050000 		.4byte	0x519
 805 0517 07       		.byte	0x7
 806 0518 00       		.byte	0
 807 0519 03       		.uleb128 0x3
 808 051a 04       		.byte	0x4
 809 051b 07       		.byte	0x7
 810 051c 43030000 		.4byte	.LASF91
 811 0520 05       		.uleb128 0x5
 812 0521 09050000 		.4byte	0x509
 813 0525 13       		.uleb128 0x13
 814 0526 B4000000 		.4byte	0xb4
 815 052a 35050000 		.4byte	0x535
 816 052e 14       		.uleb128 0x14
 817 052f 19050000 		.4byte	0x519
 818 0533 17       		.byte	0x17
 819 0534 00       		.byte	0
 820 0535 05       		.uleb128 0x5
 821 0536 09050000 		.4byte	0x509
 822 053a 05       		.uleb128 0x5
 823 053b 09050000 		.4byte	0x509
 824 053f 05       		.uleb128 0x5
 825 0540 09050000 		.4byte	0x509
 826 0544 05       		.uleb128 0x5
 827 0545 09050000 		.4byte	0x509
 828 0549 13       		.uleb128 0x13
 829 054a B4000000 		.4byte	0xb4
 830 054e 59050000 		.4byte	0x559
 831 0552 14       		.uleb128 0x14
 832 0553 19050000 		.4byte	0x519
 833 0557 37       		.byte	0x37
 834 0558 00       		.byte	0
 835 0559 13       		.uleb128 0x13
 836 055a 9E000000 		.4byte	0x9e
 837 055e 69050000 		.4byte	0x569
 838 0562 14       		.uleb128 0x14
 839 0563 19050000 		.4byte	0x519
 840 0567 EF       		.byte	0xef
 841 0568 00       		.byte	0
 842 0569 05       		.uleb128 0x5
 843 056a 59050000 		.4byte	0x559
 844 056e 13       		.uleb128 0x13
 845 056f B4000000 		.4byte	0xb4
 846 0573 7F050000 		.4byte	0x57f
 847 0577 15       		.uleb128 0x15
 848 0578 19050000 		.4byte	0x519
 849 057c 8302     		.2byte	0x283
 850 057e 00       		.byte	0
 851 057f 16       		.uleb128 0x16
 852 0580 9B040000 		.4byte	.LASF92
ARM GAS  /tmp/ccTtTV3C.s 			page 16


 853 0584 07       		.byte	0x7
 854 0585 5F01     		.2byte	0x15f
 855 0587 4D040000 		.4byte	0x44d
 856 058b 17       		.uleb128 0x17
 857 058c 8C       		.byte	0x8c
 858 058d 07       		.byte	0x7
 859 058e 7001     		.2byte	0x170
 860 0590 A6060000 		.4byte	0x6a6
 861 0594 09       		.uleb128 0x9
 862 0595 9D000000 		.4byte	.LASF93
 863 0599 07       		.byte	0x7
 864 059a 7201     		.2byte	0x172
 865 059c A6060000 		.4byte	0x6a6
 866 05a0 00       		.byte	0
 867 05a1 09       		.uleb128 0x9
 868 05a2 E4010000 		.4byte	.LASF94
 869 05a6 07       		.byte	0x7
 870 05a7 7301     		.2byte	0x173
 871 05a9 CF000000 		.4byte	0xcf
 872 05ad 04       		.byte	0x4
 873 05ae 09       		.uleb128 0x9
 874 05af CF010000 		.4byte	.LASF95
 875 05b3 07       		.byte	0x7
 876 05b4 7401     		.2byte	0x174
 877 05b6 CF000000 		.4byte	0xcf
 878 05ba 08       		.byte	0x8
 879 05bb 09       		.uleb128 0x9
 880 05bc EF010000 		.4byte	.LASF96
 881 05c0 07       		.byte	0x7
 882 05c1 7501     		.2byte	0x175
 883 05c3 CF000000 		.4byte	0xcf
 884 05c7 0C       		.byte	0xc
 885 05c8 08       		.uleb128 0x8
 886 05c9 53435200 		.ascii	"SCR\000"
 887 05cd 07       		.byte	0x7
 888 05ce 7601     		.2byte	0x176
 889 05d0 CF000000 		.4byte	0xcf
 890 05d4 10       		.byte	0x10
 891 05d5 08       		.uleb128 0x8
 892 05d6 43435200 		.ascii	"CCR\000"
 893 05da 07       		.byte	0x7
 894 05db 7701     		.2byte	0x177
 895 05dd CF000000 		.4byte	0xcf
 896 05e1 14       		.byte	0x14
 897 05e2 08       		.uleb128 0x8
 898 05e3 53485000 		.ascii	"SHP\000"
 899 05e7 07       		.byte	0x7
 900 05e8 7801     		.2byte	0x178
 901 05ea BB060000 		.4byte	0x6bb
 902 05ee 18       		.byte	0x18
 903 05ef 09       		.uleb128 0x9
 904 05f0 67040000 		.4byte	.LASF97
 905 05f4 07       		.byte	0x7
 906 05f5 7901     		.2byte	0x179
 907 05f7 CF000000 		.4byte	0xcf
 908 05fb 24       		.byte	0x24
 909 05fc 09       		.uleb128 0x9
ARM GAS  /tmp/ccTtTV3C.s 			page 17


 910 05fd 82030000 		.4byte	.LASF98
 911 0601 07       		.byte	0x7
 912 0602 7A01     		.2byte	0x17a
 913 0604 CF000000 		.4byte	0xcf
 914 0608 28       		.byte	0x28
 915 0609 09       		.uleb128 0x9
 916 060a 72060000 		.4byte	.LASF99
 917 060e 07       		.byte	0x7
 918 060f 7B01     		.2byte	0x17b
 919 0611 CF000000 		.4byte	0xcf
 920 0615 2C       		.byte	0x2c
 921 0616 09       		.uleb128 0x9
 922 0617 F5010000 		.4byte	.LASF100
 923 061b 07       		.byte	0x7
 924 061c 7C01     		.2byte	0x17c
 925 061e CF000000 		.4byte	0xcf
 926 0622 30       		.byte	0x30
 927 0623 09       		.uleb128 0x9
 928 0624 FA010000 		.4byte	.LASF101
 929 0628 07       		.byte	0x7
 930 0629 7D01     		.2byte	0x17d
 931 062b CF000000 		.4byte	0xcf
 932 062f 34       		.byte	0x34
 933 0630 09       		.uleb128 0x9
 934 0631 44010000 		.4byte	.LASF102
 935 0635 07       		.byte	0x7
 936 0636 7E01     		.2byte	0x17e
 937 0638 CF000000 		.4byte	0xcf
 938 063c 38       		.byte	0x38
 939 063d 09       		.uleb128 0x9
 940 063e 49010000 		.4byte	.LASF103
 941 0642 07       		.byte	0x7
 942 0643 7F01     		.2byte	0x17f
 943 0645 CF000000 		.4byte	0xcf
 944 0649 3C       		.byte	0x3c
 945 064a 08       		.uleb128 0x8
 946 064b 50465200 		.ascii	"PFR\000"
 947 064f 07       		.byte	0x7
 948 0650 8001     		.2byte	0x180
 949 0652 D5060000 		.4byte	0x6d5
 950 0656 40       		.byte	0x40
 951 0657 08       		.uleb128 0x8
 952 0658 44465200 		.ascii	"DFR\000"
 953 065c 07       		.byte	0x7
 954 065d 8101     		.2byte	0x181
 955 065f A6060000 		.4byte	0x6a6
 956 0663 48       		.byte	0x48
 957 0664 08       		.uleb128 0x8
 958 0665 41445200 		.ascii	"ADR\000"
 959 0669 07       		.byte	0x7
 960 066a 8201     		.2byte	0x182
 961 066c A6060000 		.4byte	0x6a6
 962 0670 4C       		.byte	0x4c
 963 0671 09       		.uleb128 0x9
 964 0672 37060000 		.4byte	.LASF104
 965 0676 07       		.byte	0x7
 966 0677 8301     		.2byte	0x183
ARM GAS  /tmp/ccTtTV3C.s 			page 18


 967 0679 EF060000 		.4byte	0x6ef
 968 067d 50       		.byte	0x50
 969 067e 09       		.uleb128 0x9
 970 067f D1000000 		.4byte	.LASF105
 971 0683 07       		.byte	0x7
 972 0684 8401     		.2byte	0x184
 973 0686 09070000 		.4byte	0x709
 974 068a 60       		.byte	0x60
 975 068b 09       		.uleb128 0x9
 976 068c DC030000 		.4byte	.LASF80
 977 0690 07       		.byte	0x7
 978 0691 8501     		.2byte	0x185
 979 0693 F4060000 		.4byte	0x6f4
 980 0697 74       		.byte	0x74
 981 0698 09       		.uleb128 0x9
 982 0699 6C060000 		.4byte	.LASF106
 983 069d 07       		.byte	0x7
 984 069e 8601     		.2byte	0x186
 985 06a0 CF000000 		.4byte	0xcf
 986 06a4 88       		.byte	0x88
 987 06a5 00       		.byte	0
 988 06a6 18       		.uleb128 0x18
 989 06a7 CF000000 		.4byte	0xcf
 990 06ab 13       		.uleb128 0x13
 991 06ac 9E000000 		.4byte	0x9e
 992 06b0 BB060000 		.4byte	0x6bb
 993 06b4 14       		.uleb128 0x14
 994 06b5 19050000 		.4byte	0x519
 995 06b9 0B       		.byte	0xb
 996 06ba 00       		.byte	0
 997 06bb 05       		.uleb128 0x5
 998 06bc AB060000 		.4byte	0x6ab
 999 06c0 13       		.uleb128 0x13
 1000 06c1 B4000000 		.4byte	0xb4
 1001 06c5 D0060000 		.4byte	0x6d0
 1002 06c9 14       		.uleb128 0x14
 1003 06ca 19050000 		.4byte	0x519
 1004 06ce 01       		.byte	0x1
 1005 06cf 00       		.byte	0
 1006 06d0 05       		.uleb128 0x5
 1007 06d1 C0060000 		.4byte	0x6c0
 1008 06d5 18       		.uleb128 0x18
 1009 06d6 D0060000 		.4byte	0x6d0
 1010 06da 13       		.uleb128 0x13
 1011 06db B4000000 		.4byte	0xb4
 1012 06df EA060000 		.4byte	0x6ea
 1013 06e3 14       		.uleb128 0x14
 1014 06e4 19050000 		.4byte	0x519
 1015 06e8 03       		.byte	0x3
 1016 06e9 00       		.byte	0
 1017 06ea 05       		.uleb128 0x5
 1018 06eb DA060000 		.4byte	0x6da
 1019 06ef 18       		.uleb128 0x18
 1020 06f0 EA060000 		.4byte	0x6ea
 1021 06f4 13       		.uleb128 0x13
 1022 06f5 B4000000 		.4byte	0xb4
 1023 06f9 04070000 		.4byte	0x704
ARM GAS  /tmp/ccTtTV3C.s 			page 19


 1024 06fd 14       		.uleb128 0x14
 1025 06fe 19050000 		.4byte	0x519
 1026 0702 04       		.byte	0x4
 1027 0703 00       		.byte	0
 1028 0704 05       		.uleb128 0x5
 1029 0705 F4060000 		.4byte	0x6f4
 1030 0709 18       		.uleb128 0x18
 1031 070a 04070000 		.4byte	0x704
 1032 070e 16       		.uleb128 0x16
 1033 070f 67010000 		.4byte	.LASF107
 1034 0713 07       		.byte	0x7
 1035 0714 8701     		.2byte	0x187
 1036 0716 8B050000 		.4byte	0x58b
 1037 071a 04       		.uleb128 0x4
 1038 071b 56010000 		.4byte	.LASF108
 1039 071f 08       		.byte	0x8
 1040 0720 65       		.byte	0x65
 1041 0721 17030000 		.4byte	0x317
 1042 0725 04       		.uleb128 0x4
 1043 0726 38020000 		.4byte	.LASF109
 1044 072a 08       		.byte	0x8
 1045 072b 6D       		.byte	0x6d
 1046 072c BF000000 		.4byte	0xbf
 1047 0730 06       		.uleb128 0x6
 1048 0731 00060000 		.4byte	.LASF110
 1049 0735 04       		.byte	0x4
 1050 0736 08       		.byte	0x8
 1051 0737 89       		.byte	0x89
 1052 0738 49070000 		.4byte	0x749
 1053 073c 19       		.uleb128 0x19
 1054 073d 72313300 		.ascii	"r13\000"
 1055 0741 08       		.byte	0x8
 1056 0742 8A       		.byte	0x8a
 1057 0743 8A080000 		.4byte	0x88a
 1058 0747 00       		.byte	0
 1059 0748 00       		.byte	0
 1060 0749 06       		.uleb128 0x6
 1061 074a 41000000 		.4byte	.LASF111
 1062 074e 64       		.byte	0x64
 1063 074f 09       		.byte	0x9
 1064 0750 F4       		.byte	0xf4
 1065 0751 8A080000 		.4byte	0x88a
 1066 0755 19       		.uleb128 0x19
 1067 0756 73313600 		.ascii	"s16\000"
 1068 075a 09       		.byte	0x9
 1069 075b F6       		.byte	0xf6
 1070 075c 1A070000 		.4byte	0x71a
 1071 0760 00       		.byte	0
 1072 0761 19       		.uleb128 0x19
 1073 0762 73313700 		.ascii	"s17\000"
 1074 0766 09       		.byte	0x9
 1075 0767 F7       		.byte	0xf7
 1076 0768 1A070000 		.4byte	0x71a
 1077 076c 04       		.byte	0x4
 1078 076d 19       		.uleb128 0x19
 1079 076e 73313800 		.ascii	"s18\000"
 1080 0772 09       		.byte	0x9
ARM GAS  /tmp/ccTtTV3C.s 			page 20


 1081 0773 F8       		.byte	0xf8
 1082 0774 1A070000 		.4byte	0x71a
 1083 0778 08       		.byte	0x8
 1084 0779 19       		.uleb128 0x19
 1085 077a 73313900 		.ascii	"s19\000"
 1086 077e 09       		.byte	0x9
 1087 077f F9       		.byte	0xf9
 1088 0780 1A070000 		.4byte	0x71a
 1089 0784 0C       		.byte	0xc
 1090 0785 19       		.uleb128 0x19
 1091 0786 73323000 		.ascii	"s20\000"
 1092 078a 09       		.byte	0x9
 1093 078b FA       		.byte	0xfa
 1094 078c 1A070000 		.4byte	0x71a
 1095 0790 10       		.byte	0x10
 1096 0791 19       		.uleb128 0x19
 1097 0792 73323100 		.ascii	"s21\000"
 1098 0796 09       		.byte	0x9
 1099 0797 FB       		.byte	0xfb
 1100 0798 1A070000 		.4byte	0x71a
 1101 079c 14       		.byte	0x14
 1102 079d 19       		.uleb128 0x19
 1103 079e 73323200 		.ascii	"s22\000"
 1104 07a2 09       		.byte	0x9
 1105 07a3 FC       		.byte	0xfc
 1106 07a4 1A070000 		.4byte	0x71a
 1107 07a8 18       		.byte	0x18
 1108 07a9 19       		.uleb128 0x19
 1109 07aa 73323300 		.ascii	"s23\000"
 1110 07ae 09       		.byte	0x9
 1111 07af FD       		.byte	0xfd
 1112 07b0 1A070000 		.4byte	0x71a
 1113 07b4 1C       		.byte	0x1c
 1114 07b5 19       		.uleb128 0x19
 1115 07b6 73323400 		.ascii	"s24\000"
 1116 07ba 09       		.byte	0x9
 1117 07bb FE       		.byte	0xfe
 1118 07bc 1A070000 		.4byte	0x71a
 1119 07c0 20       		.byte	0x20
 1120 07c1 19       		.uleb128 0x19
 1121 07c2 73323500 		.ascii	"s25\000"
 1122 07c6 09       		.byte	0x9
 1123 07c7 FF       		.byte	0xff
 1124 07c8 1A070000 		.4byte	0x71a
 1125 07cc 24       		.byte	0x24
 1126 07cd 08       		.uleb128 0x8
 1127 07ce 73323600 		.ascii	"s26\000"
 1128 07d2 09       		.byte	0x9
 1129 07d3 0001     		.2byte	0x100
 1130 07d5 1A070000 		.4byte	0x71a
 1131 07d9 28       		.byte	0x28
 1132 07da 08       		.uleb128 0x8
 1133 07db 73323700 		.ascii	"s27\000"
 1134 07df 09       		.byte	0x9
 1135 07e0 0101     		.2byte	0x101
 1136 07e2 1A070000 		.4byte	0x71a
 1137 07e6 2C       		.byte	0x2c
ARM GAS  /tmp/ccTtTV3C.s 			page 21


 1138 07e7 08       		.uleb128 0x8
 1139 07e8 73323800 		.ascii	"s28\000"
 1140 07ec 09       		.byte	0x9
 1141 07ed 0201     		.2byte	0x102
 1142 07ef 1A070000 		.4byte	0x71a
 1143 07f3 30       		.byte	0x30
 1144 07f4 08       		.uleb128 0x8
 1145 07f5 73323900 		.ascii	"s29\000"
 1146 07f9 09       		.byte	0x9
 1147 07fa 0301     		.2byte	0x103
 1148 07fc 1A070000 		.4byte	0x71a
 1149 0800 34       		.byte	0x34
 1150 0801 08       		.uleb128 0x8
 1151 0802 73333000 		.ascii	"s30\000"
 1152 0806 09       		.byte	0x9
 1153 0807 0401     		.2byte	0x104
 1154 0809 1A070000 		.4byte	0x71a
 1155 080d 38       		.byte	0x38
 1156 080e 08       		.uleb128 0x8
 1157 080f 73333100 		.ascii	"s31\000"
 1158 0813 09       		.byte	0x9
 1159 0814 0501     		.2byte	0x105
 1160 0816 1A070000 		.4byte	0x71a
 1161 081a 3C       		.byte	0x3c
 1162 081b 08       		.uleb128 0x8
 1163 081c 723400   		.ascii	"r4\000"
 1164 081f 09       		.byte	0x9
 1165 0820 0701     		.2byte	0x107
 1166 0822 1A070000 		.4byte	0x71a
 1167 0826 40       		.byte	0x40
 1168 0827 08       		.uleb128 0x8
 1169 0828 723500   		.ascii	"r5\000"
 1170 082b 09       		.byte	0x9
 1171 082c 0801     		.2byte	0x108
 1172 082e 1A070000 		.4byte	0x71a
 1173 0832 44       		.byte	0x44
 1174 0833 08       		.uleb128 0x8
 1175 0834 723600   		.ascii	"r6\000"
 1176 0837 09       		.byte	0x9
 1177 0838 0901     		.2byte	0x109
 1178 083a 1A070000 		.4byte	0x71a
 1179 083e 48       		.byte	0x48
 1180 083f 08       		.uleb128 0x8
 1181 0840 723700   		.ascii	"r7\000"
 1182 0843 09       		.byte	0x9
 1183 0844 0A01     		.2byte	0x10a
 1184 0846 1A070000 		.4byte	0x71a
 1185 084a 4C       		.byte	0x4c
 1186 084b 08       		.uleb128 0x8
 1187 084c 723800   		.ascii	"r8\000"
 1188 084f 09       		.byte	0x9
 1189 0850 0B01     		.2byte	0x10b
 1190 0852 1A070000 		.4byte	0x71a
 1191 0856 50       		.byte	0x50
 1192 0857 08       		.uleb128 0x8
 1193 0858 723900   		.ascii	"r9\000"
 1194 085b 09       		.byte	0x9
ARM GAS  /tmp/ccTtTV3C.s 			page 22


 1195 085c 0C01     		.2byte	0x10c
 1196 085e 1A070000 		.4byte	0x71a
 1197 0862 54       		.byte	0x54
 1198 0863 08       		.uleb128 0x8
 1199 0864 72313000 		.ascii	"r10\000"
 1200 0868 09       		.byte	0x9
 1201 0869 0D01     		.2byte	0x10d
 1202 086b 1A070000 		.4byte	0x71a
 1203 086f 58       		.byte	0x58
 1204 0870 08       		.uleb128 0x8
 1205 0871 72313100 		.ascii	"r11\000"
 1206 0875 09       		.byte	0x9
 1207 0876 0E01     		.2byte	0x10e
 1208 0878 1A070000 		.4byte	0x71a
 1209 087c 5C       		.byte	0x5c
 1210 087d 08       		.uleb128 0x8
 1211 087e 6C7200   		.ascii	"lr\000"
 1212 0881 09       		.byte	0x9
 1213 0882 0F01     		.2byte	0x10f
 1214 0884 1A070000 		.4byte	0x71a
 1215 0888 60       		.byte	0x60
 1216 0889 00       		.byte	0
 1217 088a 0A       		.uleb128 0xa
 1218 088b 04       		.byte	0x4
 1219 088c 49070000 		.4byte	0x749
 1220 0890 1A       		.uleb128 0x1a
 1221 0891 04       		.byte	0x4
 1222 0892 0A       		.byte	0xa
 1223 0893 38       		.byte	0x38
 1224 0894 A5080000 		.4byte	0x8a5
 1225 0898 07       		.uleb128 0x7
 1226 0899 F9050000 		.4byte	.LASF112
 1227 089d 0A       		.byte	0xa
 1228 089e 3C       		.byte	0x3c
 1229 089f D4000000 		.4byte	0xd4
 1230 08a3 00       		.byte	0
 1231 08a4 00       		.byte	0
 1232 08a5 04       		.uleb128 0x4
 1233 08a6 A6030000 		.4byte	.LASF113
 1234 08aa 0A       		.byte	0xa
 1235 08ab 3D       		.byte	0x3d
 1236 08ac 90080000 		.4byte	0x890
 1237 08b0 1B       		.uleb128 0x1b
 1238 08b1 04       		.byte	0x4
 1239 08b2 06       		.byte	0x6
 1240 08b3 FA       		.byte	0xfa
 1241 08b4 0D090000 		.4byte	0x90d
 1242 08b8 1C       		.uleb128 0x1c
 1243 08b9 27000000 		.4byte	.LASF114
 1244 08bd 06       		.byte	0x6
 1245 08be 0101     		.2byte	0x101
 1246 08c0 0B010000 		.4byte	0x10b
 1247 08c4 1C       		.uleb128 0x1c
 1248 08c5 73000000 		.4byte	.LASF115
 1249 08c9 06       		.byte	0x6
 1250 08ca 0801     		.2byte	0x108
 1251 08cc 0B010000 		.4byte	0x10b
ARM GAS  /tmp/ccTtTV3C.s 			page 23


 1252 08d0 1C       		.uleb128 0x1c
 1253 08d1 58060000 		.4byte	.LASF116
 1254 08d5 06       		.byte	0x6
 1255 08d6 0F01     		.2byte	0x10f
 1256 08d8 17030000 		.4byte	0x317
 1257 08dc 1C       		.uleb128 0x1c
 1258 08dd 21000000 		.4byte	.LASF117
 1259 08e1 06       		.byte	0x6
 1260 08e2 1601     		.2byte	0x116
 1261 08e4 0D090000 		.4byte	0x90d
 1262 08e8 1C       		.uleb128 0x1c
 1263 08e9 B4010000 		.4byte	.LASF118
 1264 08ed 06       		.byte	0x6
 1265 08ee 1E01     		.2byte	0x11e
 1266 08f0 38090000 		.4byte	0x938
 1267 08f4 1C       		.uleb128 0x1c
 1268 08f5 37050000 		.4byte	.LASF119
 1269 08f9 06       		.byte	0x6
 1270 08fa 2701     		.2byte	0x127
 1271 08fc 6F090000 		.4byte	0x96f
 1272 0900 1C       		.uleb128 0x1c
 1273 0901 C9040000 		.4byte	.LASF120
 1274 0905 06       		.byte	0x6
 1275 0906 2F01     		.2byte	0x12f
 1276 0908 16010000 		.4byte	0x116
 1277 090c 00       		.byte	0
 1278 090d 0A       		.uleb128 0xa
 1279 090e 04       		.byte	0x4
 1280 090f 2F020000 		.4byte	0x22f
 1281 0913 06       		.uleb128 0x6
 1282 0914 0C050000 		.4byte	.LASF121
 1283 0918 0C       		.byte	0xc
 1284 0919 0B       		.byte	0xb
 1285 091a 34       		.byte	0x34
 1286 091b 38090000 		.4byte	0x938
 1287 091f 07       		.uleb128 0x7
 1288 0920 3C010000 		.4byte	.LASF122
 1289 0924 0B       		.byte	0xb
 1290 0925 35       		.byte	0x35
 1291 0926 64020000 		.4byte	0x264
 1292 092a 00       		.byte	0
 1293 092b 07       		.uleb128 0x7
 1294 092c D4010000 		.4byte	.LASF123
 1295 0930 0B       		.byte	0xb
 1296 0931 37       		.byte	0x37
 1297 0932 21010000 		.4byte	0x121
 1298 0936 08       		.byte	0x8
 1299 0937 00       		.byte	0
 1300 0938 0A       		.uleb128 0xa
 1301 0939 04       		.byte	0x4
 1302 093a 13090000 		.4byte	0x913
 1303 093e 06       		.uleb128 0x6
 1304 093f 27060000 		.4byte	.LASF124
 1305 0943 10       		.byte	0x10
 1306 0944 0C       		.byte	0xc
 1307 0945 39       		.byte	0x39
 1308 0946 6F090000 		.4byte	0x96f
ARM GAS  /tmp/ccTtTV3C.s 			page 24


 1309 094a 07       		.uleb128 0x7
 1310 094b F8000000 		.4byte	.LASF125
 1311 094f 0C       		.byte	0xc
 1312 0950 3A       		.byte	0x3a
 1313 0951 64020000 		.4byte	0x264
 1314 0955 00       		.byte	0
 1315 0956 07       		.uleb128 0x7
 1316 0957 77060000 		.4byte	.LASF126
 1317 095b 0C       		.byte	0xc
 1318 095c 3C       		.byte	0x3c
 1319 095d 3A020000 		.4byte	0x23a
 1320 0961 08       		.byte	0x8
 1321 0962 07       		.uleb128 0x7
 1322 0963 80050000 		.4byte	.LASF127
 1323 0967 0C       		.byte	0xc
 1324 0968 3E       		.byte	0x3e
 1325 0969 AD090000 		.4byte	0x9ad
 1326 096d 0C       		.byte	0xc
 1327 096e 00       		.byte	0
 1328 096f 0A       		.uleb128 0xa
 1329 0970 04       		.byte	0x4
 1330 0971 3E090000 		.4byte	0x93e
 1331 0975 0A       		.uleb128 0xa
 1332 0976 04       		.byte	0x4
 1333 0977 82090000 		.4byte	0x982
 1334 097b 03       		.uleb128 0x3
 1335 097c 01       		.byte	0x1
 1336 097d 08       		.byte	0x8
 1337 097e 72050000 		.4byte	.LASF128
 1338 0982 18       		.uleb128 0x18
 1339 0983 7B090000 		.4byte	0x97b
 1340 0987 0A       		.uleb128 0xa
 1341 0988 04       		.byte	0x4
 1342 0989 19030000 		.4byte	0x319
 1343 098d 05       		.uleb128 0x5
 1344 098e 75090000 		.4byte	0x975
 1345 0992 13       		.uleb128 0x13
 1346 0993 25070000 		.4byte	0x725
 1347 0997 A2090000 		.4byte	0x9a2
 1348 099b 14       		.uleb128 0x14
 1349 099c 19050000 		.4byte	0x519
 1350 09a0 2B       		.byte	0x2b
 1351 09a1 00       		.byte	0
 1352 09a2 04       		.uleb128 0x4
 1353 09a3 70010000 		.4byte	.LASF129
 1354 09a7 0C       		.byte	0xc
 1355 09a8 34       		.byte	0x34
 1356 09a9 3E090000 		.4byte	0x93e
 1357 09ad 0A       		.uleb128 0xa
 1358 09ae 04       		.byte	0x4
 1359 09af A2090000 		.4byte	0x9a2
 1360 09b3 03       		.uleb128 0x3
 1361 09b4 01       		.byte	0x1
 1362 09b5 02       		.byte	0x2
 1363 09b6 4B040000 		.4byte	.LASF130
 1364 09ba 1D       		.uleb128 0x1d
 1365 09bb C0000000 		.4byte	.LASF132
ARM GAS  /tmp/ccTtTV3C.s 			page 25


 1366 09bf 01       		.byte	0x1
 1367 09c0 39       		.byte	0x39
 1368 09c1 00000000 		.4byte	.LFB260
 1369 09c5 34000000 		.4byte	.LFE260-.LFB260
 1370 09c9 01       		.uleb128 0x1
 1371 09ca 9C       		.byte	0x9c
 1372 09cb EC090000 		.4byte	0x9ec
 1373 09cf 1E       		.uleb128 0x1e
 1374 09d0 6E00     		.ascii	"n\000"
 1375 09d2 01       		.byte	0x1
 1376 09d3 39       		.byte	0x39
 1377 09d4 B4000000 		.4byte	0xb4
 1378 09d8 00000000 		.4byte	.LLST0
 1379 09dc 1F       		.uleb128 0x1f
 1380 09dd BC030000 		.4byte	.LASF131
 1381 09e1 01       		.byte	0x1
 1382 09e2 39       		.byte	0x39
 1383 09e3 B4000000 		.4byte	0xb4
 1384 09e7 32000000 		.4byte	.LLST1
 1385 09eb 00       		.byte	0
 1386 09ec 1D       		.uleb128 0x1d
 1387 09ed A2010000 		.4byte	.LASF133
 1388 09f1 01       		.byte	0x1
 1389 09f2 45       		.byte	0x45
 1390 09f3 00000000 		.4byte	.LFB261
 1391 09f7 28000000 		.4byte	.LFE261-.LFB261
 1392 09fb 01       		.uleb128 0x1
 1393 09fc 9C       		.byte	0x9c
 1394 09fd 0F0A0000 		.4byte	0xa0f
 1395 0a01 1E       		.uleb128 0x1e
 1396 0a02 6E00     		.ascii	"n\000"
 1397 0a04 01       		.byte	0x1
 1398 0a05 45       		.byte	0x45
 1399 0a06 B4000000 		.4byte	0xb4
 1400 0a0a 53000000 		.4byte	.LLST2
 1401 0a0e 00       		.byte	0
 1402 0a0f 1D       		.uleb128 0x1d
 1403 0a10 A5040000 		.4byte	.LASF134
 1404 0a14 01       		.byte	0x1
 1405 0a15 51       		.byte	0x51
 1406 0a16 00000000 		.4byte	.LFB262
 1407 0a1a 10000000 		.4byte	.LFE262-.LFB262
 1408 0a1e 01       		.uleb128 0x1
 1409 0a1f 9C       		.byte	0x9c
 1410 0a20 4C0A0000 		.4byte	0xa4c
 1411 0a24 1F       		.uleb128 0x1f
 1412 0a25 21030000 		.4byte	.LASF135
 1413 0a29 01       		.byte	0x1
 1414 0a2a 51       		.byte	0x51
 1415 0a2b B4000000 		.4byte	0xb4
 1416 0a2f 77000000 		.4byte	.LLST3
 1417 0a33 1F       		.uleb128 0x1f
 1418 0a34 BC030000 		.4byte	.LASF131
 1419 0a38 01       		.byte	0x1
 1420 0a39 51       		.byte	0x51
 1421 0a3a B4000000 		.4byte	0xb4
 1422 0a3e AC000000 		.4byte	.LLST4
ARM GAS  /tmp/ccTtTV3C.s 			page 26


 1423 0a42 20       		.uleb128 0x20
 1424 0a43 DF040000 		.4byte	.LASF141
 1425 0a47 5C0A0000 		.4byte	0xa5c
 1426 0a4b 00       		.byte	0
 1427 0a4c 13       		.uleb128 0x13
 1428 0a4d 7B090000 		.4byte	0x97b
 1429 0a51 5C0A0000 		.4byte	0xa5c
 1430 0a55 14       		.uleb128 0x14
 1431 0a56 19050000 		.4byte	0x519
 1432 0a5a 1C       		.byte	0x1c
 1433 0a5b 00       		.byte	0
 1434 0a5c 18       		.uleb128 0x18
 1435 0a5d 4C0A0000 		.4byte	0xa4c
 1436 0a61 1D       		.uleb128 0x1d
 1437 0a62 00010000 		.4byte	.LASF136
 1438 0a66 01       		.byte	0x1
 1439 0a67 5D       		.byte	0x5d
 1440 0a68 00000000 		.4byte	.LFB263
 1441 0a6c 1C000000 		.4byte	.LFE263-.LFB263
 1442 0a70 01       		.uleb128 0x1
 1443 0a71 9C       		.byte	0x9c
 1444 0a72 840A0000 		.4byte	0xa84
 1445 0a76 1E       		.uleb128 0x1e
 1446 0a77 6E00     		.ascii	"n\000"
 1447 0a79 01       		.byte	0x1
 1448 0a7a 5D       		.byte	0x5d
 1449 0a7b B4000000 		.4byte	0xb4
 1450 0a7f CD000000 		.4byte	.LLST5
 1451 0a83 00       		.byte	0
 1452 0a84 21       		.uleb128 0x21
 1453 0a85 6D040000 		.4byte	.LASF137
 1454 0a89 07       		.byte	0x7
 1455 0a8a A706     		.2byte	0x6a7
 1456 0a8c CA000000 		.4byte	0xca
 1457 0a90 22       		.uleb128 0x22
 1458 0a91 636800   		.ascii	"ch\000"
 1459 0a94 06       		.byte	0x6
 1460 0a95 0902     		.2byte	0x209
 1461 0a97 E6030000 		.4byte	0x3e6
 1462 0a9b 00       		.byte	0
 1463              		.section	.debug_abbrev,"",%progbits
 1464              	.Ldebug_abbrev0:
 1465 0000 01       		.uleb128 0x1
 1466 0001 11       		.uleb128 0x11
 1467 0002 01       		.byte	0x1
 1468 0003 25       		.uleb128 0x25
 1469 0004 0E       		.uleb128 0xe
 1470 0005 13       		.uleb128 0x13
 1471 0006 0B       		.uleb128 0xb
 1472 0007 03       		.uleb128 0x3
 1473 0008 0E       		.uleb128 0xe
 1474 0009 1B       		.uleb128 0x1b
 1475 000a 0E       		.uleb128 0xe
 1476 000b 55       		.uleb128 0x55
 1477 000c 17       		.uleb128 0x17
 1478 000d 11       		.uleb128 0x11
 1479 000e 01       		.uleb128 0x1
ARM GAS  /tmp/ccTtTV3C.s 			page 27


 1480 000f 10       		.uleb128 0x10
 1481 0010 17       		.uleb128 0x17
 1482 0011 00       		.byte	0
 1483 0012 00       		.byte	0
 1484 0013 02       		.uleb128 0x2
 1485 0014 24       		.uleb128 0x24
 1486 0015 00       		.byte	0
 1487 0016 0B       		.uleb128 0xb
 1488 0017 0B       		.uleb128 0xb
 1489 0018 3E       		.uleb128 0x3e
 1490 0019 0B       		.uleb128 0xb
 1491 001a 03       		.uleb128 0x3
 1492 001b 08       		.uleb128 0x8
 1493 001c 00       		.byte	0
 1494 001d 00       		.byte	0
 1495 001e 03       		.uleb128 0x3
 1496 001f 24       		.uleb128 0x24
 1497 0020 00       		.byte	0
 1498 0021 0B       		.uleb128 0xb
 1499 0022 0B       		.uleb128 0xb
 1500 0023 3E       		.uleb128 0x3e
 1501 0024 0B       		.uleb128 0xb
 1502 0025 03       		.uleb128 0x3
 1503 0026 0E       		.uleb128 0xe
 1504 0027 00       		.byte	0
 1505 0028 00       		.byte	0
 1506 0029 04       		.uleb128 0x4
 1507 002a 16       		.uleb128 0x16
 1508 002b 00       		.byte	0
 1509 002c 03       		.uleb128 0x3
 1510 002d 0E       		.uleb128 0xe
 1511 002e 3A       		.uleb128 0x3a
 1512 002f 0B       		.uleb128 0xb
 1513 0030 3B       		.uleb128 0x3b
 1514 0031 0B       		.uleb128 0xb
 1515 0032 49       		.uleb128 0x49
 1516 0033 13       		.uleb128 0x13
 1517 0034 00       		.byte	0
 1518 0035 00       		.byte	0
 1519 0036 05       		.uleb128 0x5
 1520 0037 35       		.uleb128 0x35
 1521 0038 00       		.byte	0
 1522 0039 49       		.uleb128 0x49
 1523 003a 13       		.uleb128 0x13
 1524 003b 00       		.byte	0
 1525 003c 00       		.byte	0
 1526 003d 06       		.uleb128 0x6
 1527 003e 13       		.uleb128 0x13
 1528 003f 01       		.byte	0x1
 1529 0040 03       		.uleb128 0x3
 1530 0041 0E       		.uleb128 0xe
 1531 0042 0B       		.uleb128 0xb
 1532 0043 0B       		.uleb128 0xb
 1533 0044 3A       		.uleb128 0x3a
 1534 0045 0B       		.uleb128 0xb
 1535 0046 3B       		.uleb128 0x3b
 1536 0047 0B       		.uleb128 0xb
ARM GAS  /tmp/ccTtTV3C.s 			page 28


 1537 0048 01       		.uleb128 0x1
 1538 0049 13       		.uleb128 0x13
 1539 004a 00       		.byte	0
 1540 004b 00       		.byte	0
 1541 004c 07       		.uleb128 0x7
 1542 004d 0D       		.uleb128 0xd
 1543 004e 00       		.byte	0
 1544 004f 03       		.uleb128 0x3
 1545 0050 0E       		.uleb128 0xe
 1546 0051 3A       		.uleb128 0x3a
 1547 0052 0B       		.uleb128 0xb
 1548 0053 3B       		.uleb128 0x3b
 1549 0054 0B       		.uleb128 0xb
 1550 0055 49       		.uleb128 0x49
 1551 0056 13       		.uleb128 0x13
 1552 0057 38       		.uleb128 0x38
 1553 0058 0B       		.uleb128 0xb
 1554 0059 00       		.byte	0
 1555 005a 00       		.byte	0
 1556 005b 08       		.uleb128 0x8
 1557 005c 0D       		.uleb128 0xd
 1558 005d 00       		.byte	0
 1559 005e 03       		.uleb128 0x3
 1560 005f 08       		.uleb128 0x8
 1561 0060 3A       		.uleb128 0x3a
 1562 0061 0B       		.uleb128 0xb
 1563 0062 3B       		.uleb128 0x3b
 1564 0063 05       		.uleb128 0x5
 1565 0064 49       		.uleb128 0x49
 1566 0065 13       		.uleb128 0x13
 1567 0066 38       		.uleb128 0x38
 1568 0067 0B       		.uleb128 0xb
 1569 0068 00       		.byte	0
 1570 0069 00       		.byte	0
 1571 006a 09       		.uleb128 0x9
 1572 006b 0D       		.uleb128 0xd
 1573 006c 00       		.byte	0
 1574 006d 03       		.uleb128 0x3
 1575 006e 0E       		.uleb128 0xe
 1576 006f 3A       		.uleb128 0x3a
 1577 0070 0B       		.uleb128 0xb
 1578 0071 3B       		.uleb128 0x3b
 1579 0072 05       		.uleb128 0x5
 1580 0073 49       		.uleb128 0x49
 1581 0074 13       		.uleb128 0x13
 1582 0075 38       		.uleb128 0x38
 1583 0076 0B       		.uleb128 0xb
 1584 0077 00       		.byte	0
 1585 0078 00       		.byte	0
 1586 0079 0A       		.uleb128 0xa
 1587 007a 0F       		.uleb128 0xf
 1588 007b 00       		.byte	0
 1589 007c 0B       		.uleb128 0xb
 1590 007d 0B       		.uleb128 0xb
 1591 007e 49       		.uleb128 0x49
 1592 007f 13       		.uleb128 0x13
 1593 0080 00       		.byte	0
ARM GAS  /tmp/ccTtTV3C.s 			page 29


 1594 0081 00       		.byte	0
 1595 0082 0B       		.uleb128 0xb
 1596 0083 13       		.uleb128 0x13
 1597 0084 01       		.byte	0x1
 1598 0085 03       		.uleb128 0x3
 1599 0086 0E       		.uleb128 0xe
 1600 0087 0B       		.uleb128 0xb
 1601 0088 0B       		.uleb128 0xb
 1602 0089 3A       		.uleb128 0x3a
 1603 008a 0B       		.uleb128 0xb
 1604 008b 3B       		.uleb128 0x3b
 1605 008c 05       		.uleb128 0x5
 1606 008d 01       		.uleb128 0x1
 1607 008e 13       		.uleb128 0x13
 1608 008f 00       		.byte	0
 1609 0090 00       		.byte	0
 1610 0091 0C       		.uleb128 0xc
 1611 0092 15       		.uleb128 0x15
 1612 0093 01       		.byte	0x1
 1613 0094 27       		.uleb128 0x27
 1614 0095 19       		.uleb128 0x19
 1615 0096 01       		.uleb128 0x1
 1616 0097 13       		.uleb128 0x13
 1617 0098 00       		.byte	0
 1618 0099 00       		.byte	0
 1619 009a 0D       		.uleb128 0xd
 1620 009b 05       		.uleb128 0x5
 1621 009c 00       		.byte	0
 1622 009d 49       		.uleb128 0x49
 1623 009e 13       		.uleb128 0x13
 1624 009f 00       		.byte	0
 1625 00a0 00       		.byte	0
 1626 00a1 0E       		.uleb128 0xe
 1627 00a2 0F       		.uleb128 0xf
 1628 00a3 00       		.byte	0
 1629 00a4 0B       		.uleb128 0xb
 1630 00a5 0B       		.uleb128 0xb
 1631 00a6 00       		.byte	0
 1632 00a7 00       		.byte	0
 1633 00a8 0F       		.uleb128 0xf
 1634 00a9 13       		.uleb128 0x13
 1635 00aa 01       		.byte	0x1
 1636 00ab 03       		.uleb128 0x3
 1637 00ac 0E       		.uleb128 0xe
 1638 00ad 0B       		.uleb128 0xb
 1639 00ae 05       		.uleb128 0x5
 1640 00af 3A       		.uleb128 0x3a
 1641 00b0 0B       		.uleb128 0xb
 1642 00b1 3B       		.uleb128 0x3b
 1643 00b2 05       		.uleb128 0x5
 1644 00b3 01       		.uleb128 0x1
 1645 00b4 13       		.uleb128 0x13
 1646 00b5 00       		.byte	0
 1647 00b6 00       		.byte	0
 1648 00b7 10       		.uleb128 0x10
 1649 00b8 13       		.uleb128 0x13
 1650 00b9 01       		.byte	0x1
ARM GAS  /tmp/ccTtTV3C.s 			page 30


 1651 00ba 0B       		.uleb128 0xb
 1652 00bb 05       		.uleb128 0x5
 1653 00bc 3A       		.uleb128 0x3a
 1654 00bd 0B       		.uleb128 0xb
 1655 00be 3B       		.uleb128 0x3b
 1656 00bf 05       		.uleb128 0x5
 1657 00c0 01       		.uleb128 0x1
 1658 00c1 13       		.uleb128 0x13
 1659 00c2 00       		.byte	0
 1660 00c3 00       		.byte	0
 1661 00c4 11       		.uleb128 0x11
 1662 00c5 0D       		.uleb128 0xd
 1663 00c6 00       		.byte	0
 1664 00c7 03       		.uleb128 0x3
 1665 00c8 0E       		.uleb128 0xe
 1666 00c9 3A       		.uleb128 0x3a
 1667 00ca 0B       		.uleb128 0xb
 1668 00cb 3B       		.uleb128 0x3b
 1669 00cc 05       		.uleb128 0x5
 1670 00cd 49       		.uleb128 0x49
 1671 00ce 13       		.uleb128 0x13
 1672 00cf 38       		.uleb128 0x38
 1673 00d0 05       		.uleb128 0x5
 1674 00d1 00       		.byte	0
 1675 00d2 00       		.byte	0
 1676 00d3 12       		.uleb128 0x12
 1677 00d4 0D       		.uleb128 0xd
 1678 00d5 00       		.byte	0
 1679 00d6 03       		.uleb128 0x3
 1680 00d7 08       		.uleb128 0x8
 1681 00d8 3A       		.uleb128 0x3a
 1682 00d9 0B       		.uleb128 0xb
 1683 00da 3B       		.uleb128 0x3b
 1684 00db 05       		.uleb128 0x5
 1685 00dc 49       		.uleb128 0x49
 1686 00dd 13       		.uleb128 0x13
 1687 00de 38       		.uleb128 0x38
 1688 00df 05       		.uleb128 0x5
 1689 00e0 00       		.byte	0
 1690 00e1 00       		.byte	0
 1691 00e2 13       		.uleb128 0x13
 1692 00e3 01       		.uleb128 0x1
 1693 00e4 01       		.byte	0x1
 1694 00e5 49       		.uleb128 0x49
 1695 00e6 13       		.uleb128 0x13
 1696 00e7 01       		.uleb128 0x1
 1697 00e8 13       		.uleb128 0x13
 1698 00e9 00       		.byte	0
 1699 00ea 00       		.byte	0
 1700 00eb 14       		.uleb128 0x14
 1701 00ec 21       		.uleb128 0x21
 1702 00ed 00       		.byte	0
 1703 00ee 49       		.uleb128 0x49
 1704 00ef 13       		.uleb128 0x13
 1705 00f0 2F       		.uleb128 0x2f
 1706 00f1 0B       		.uleb128 0xb
 1707 00f2 00       		.byte	0
ARM GAS  /tmp/ccTtTV3C.s 			page 31


 1708 00f3 00       		.byte	0
 1709 00f4 15       		.uleb128 0x15
 1710 00f5 21       		.uleb128 0x21
 1711 00f6 00       		.byte	0
 1712 00f7 49       		.uleb128 0x49
 1713 00f8 13       		.uleb128 0x13
 1714 00f9 2F       		.uleb128 0x2f
 1715 00fa 05       		.uleb128 0x5
 1716 00fb 00       		.byte	0
 1717 00fc 00       		.byte	0
 1718 00fd 16       		.uleb128 0x16
 1719 00fe 16       		.uleb128 0x16
 1720 00ff 00       		.byte	0
 1721 0100 03       		.uleb128 0x3
 1722 0101 0E       		.uleb128 0xe
 1723 0102 3A       		.uleb128 0x3a
 1724 0103 0B       		.uleb128 0xb
 1725 0104 3B       		.uleb128 0x3b
 1726 0105 05       		.uleb128 0x5
 1727 0106 49       		.uleb128 0x49
 1728 0107 13       		.uleb128 0x13
 1729 0108 00       		.byte	0
 1730 0109 00       		.byte	0
 1731 010a 17       		.uleb128 0x17
 1732 010b 13       		.uleb128 0x13
 1733 010c 01       		.byte	0x1
 1734 010d 0B       		.uleb128 0xb
 1735 010e 0B       		.uleb128 0xb
 1736 010f 3A       		.uleb128 0x3a
 1737 0110 0B       		.uleb128 0xb
 1738 0111 3B       		.uleb128 0x3b
 1739 0112 05       		.uleb128 0x5
 1740 0113 01       		.uleb128 0x1
 1741 0114 13       		.uleb128 0x13
 1742 0115 00       		.byte	0
 1743 0116 00       		.byte	0
 1744 0117 18       		.uleb128 0x18
 1745 0118 26       		.uleb128 0x26
 1746 0119 00       		.byte	0
 1747 011a 49       		.uleb128 0x49
 1748 011b 13       		.uleb128 0x13
 1749 011c 00       		.byte	0
 1750 011d 00       		.byte	0
 1751 011e 19       		.uleb128 0x19
 1752 011f 0D       		.uleb128 0xd
 1753 0120 00       		.byte	0
 1754 0121 03       		.uleb128 0x3
 1755 0122 08       		.uleb128 0x8
 1756 0123 3A       		.uleb128 0x3a
 1757 0124 0B       		.uleb128 0xb
 1758 0125 3B       		.uleb128 0x3b
 1759 0126 0B       		.uleb128 0xb
 1760 0127 49       		.uleb128 0x49
 1761 0128 13       		.uleb128 0x13
 1762 0129 38       		.uleb128 0x38
 1763 012a 0B       		.uleb128 0xb
 1764 012b 00       		.byte	0
ARM GAS  /tmp/ccTtTV3C.s 			page 32


 1765 012c 00       		.byte	0
 1766 012d 1A       		.uleb128 0x1a
 1767 012e 13       		.uleb128 0x13
 1768 012f 01       		.byte	0x1
 1769 0130 0B       		.uleb128 0xb
 1770 0131 0B       		.uleb128 0xb
 1771 0132 3A       		.uleb128 0x3a
 1772 0133 0B       		.uleb128 0xb
 1773 0134 3B       		.uleb128 0x3b
 1774 0135 0B       		.uleb128 0xb
 1775 0136 01       		.uleb128 0x1
 1776 0137 13       		.uleb128 0x13
 1777 0138 00       		.byte	0
 1778 0139 00       		.byte	0
 1779 013a 1B       		.uleb128 0x1b
 1780 013b 17       		.uleb128 0x17
 1781 013c 01       		.byte	0x1
 1782 013d 0B       		.uleb128 0xb
 1783 013e 0B       		.uleb128 0xb
 1784 013f 3A       		.uleb128 0x3a
 1785 0140 0B       		.uleb128 0xb
 1786 0141 3B       		.uleb128 0x3b
 1787 0142 0B       		.uleb128 0xb
 1788 0143 01       		.uleb128 0x1
 1789 0144 13       		.uleb128 0x13
 1790 0145 00       		.byte	0
 1791 0146 00       		.byte	0
 1792 0147 1C       		.uleb128 0x1c
 1793 0148 0D       		.uleb128 0xd
 1794 0149 00       		.byte	0
 1795 014a 03       		.uleb128 0x3
 1796 014b 0E       		.uleb128 0xe
 1797 014c 3A       		.uleb128 0x3a
 1798 014d 0B       		.uleb128 0xb
 1799 014e 3B       		.uleb128 0x3b
 1800 014f 05       		.uleb128 0x5
 1801 0150 49       		.uleb128 0x49
 1802 0151 13       		.uleb128 0x13
 1803 0152 00       		.byte	0
 1804 0153 00       		.byte	0
 1805 0154 1D       		.uleb128 0x1d
 1806 0155 2E       		.uleb128 0x2e
 1807 0156 01       		.byte	0x1
 1808 0157 3F       		.uleb128 0x3f
 1809 0158 19       		.uleb128 0x19
 1810 0159 03       		.uleb128 0x3
 1811 015a 0E       		.uleb128 0xe
 1812 015b 3A       		.uleb128 0x3a
 1813 015c 0B       		.uleb128 0xb
 1814 015d 3B       		.uleb128 0x3b
 1815 015e 0B       		.uleb128 0xb
 1816 015f 27       		.uleb128 0x27
 1817 0160 19       		.uleb128 0x19
 1818 0161 11       		.uleb128 0x11
 1819 0162 01       		.uleb128 0x1
 1820 0163 12       		.uleb128 0x12
 1821 0164 06       		.uleb128 0x6
ARM GAS  /tmp/ccTtTV3C.s 			page 33


 1822 0165 40       		.uleb128 0x40
 1823 0166 18       		.uleb128 0x18
 1824 0167 9742     		.uleb128 0x2117
 1825 0169 19       		.uleb128 0x19
 1826 016a 01       		.uleb128 0x1
 1827 016b 13       		.uleb128 0x13
 1828 016c 00       		.byte	0
 1829 016d 00       		.byte	0
 1830 016e 1E       		.uleb128 0x1e
 1831 016f 05       		.uleb128 0x5
 1832 0170 00       		.byte	0
 1833 0171 03       		.uleb128 0x3
 1834 0172 08       		.uleb128 0x8
 1835 0173 3A       		.uleb128 0x3a
 1836 0174 0B       		.uleb128 0xb
 1837 0175 3B       		.uleb128 0x3b
 1838 0176 0B       		.uleb128 0xb
 1839 0177 49       		.uleb128 0x49
 1840 0178 13       		.uleb128 0x13
 1841 0179 02       		.uleb128 0x2
 1842 017a 17       		.uleb128 0x17
 1843 017b 00       		.byte	0
 1844 017c 00       		.byte	0
 1845 017d 1F       		.uleb128 0x1f
 1846 017e 05       		.uleb128 0x5
 1847 017f 00       		.byte	0
 1848 0180 03       		.uleb128 0x3
 1849 0181 0E       		.uleb128 0xe
 1850 0182 3A       		.uleb128 0x3a
 1851 0183 0B       		.uleb128 0xb
 1852 0184 3B       		.uleb128 0x3b
 1853 0185 0B       		.uleb128 0xb
 1854 0186 49       		.uleb128 0x49
 1855 0187 13       		.uleb128 0x13
 1856 0188 02       		.uleb128 0x2
 1857 0189 17       		.uleb128 0x17
 1858 018a 00       		.byte	0
 1859 018b 00       		.byte	0
 1860 018c 20       		.uleb128 0x20
 1861 018d 34       		.uleb128 0x34
 1862 018e 00       		.byte	0
 1863 018f 03       		.uleb128 0x3
 1864 0190 0E       		.uleb128 0xe
 1865 0191 49       		.uleb128 0x49
 1866 0192 13       		.uleb128 0x13
 1867 0193 34       		.uleb128 0x34
 1868 0194 19       		.uleb128 0x19
 1869 0195 00       		.byte	0
 1870 0196 00       		.byte	0
 1871 0197 21       		.uleb128 0x21
 1872 0198 34       		.uleb128 0x34
 1873 0199 00       		.byte	0
 1874 019a 03       		.uleb128 0x3
 1875 019b 0E       		.uleb128 0xe
 1876 019c 3A       		.uleb128 0x3a
 1877 019d 0B       		.uleb128 0xb
 1878 019e 3B       		.uleb128 0x3b
ARM GAS  /tmp/ccTtTV3C.s 			page 34


 1879 019f 05       		.uleb128 0x5
 1880 01a0 49       		.uleb128 0x49
 1881 01a1 13       		.uleb128 0x13
 1882 01a2 3F       		.uleb128 0x3f
 1883 01a3 19       		.uleb128 0x19
 1884 01a4 3C       		.uleb128 0x3c
 1885 01a5 19       		.uleb128 0x19
 1886 01a6 00       		.byte	0
 1887 01a7 00       		.byte	0
 1888 01a8 22       		.uleb128 0x22
 1889 01a9 34       		.uleb128 0x34
 1890 01aa 00       		.byte	0
 1891 01ab 03       		.uleb128 0x3
 1892 01ac 08       		.uleb128 0x8
 1893 01ad 3A       		.uleb128 0x3a
 1894 01ae 0B       		.uleb128 0xb
 1895 01af 3B       		.uleb128 0x3b
 1896 01b0 05       		.uleb128 0x5
 1897 01b1 49       		.uleb128 0x49
 1898 01b2 13       		.uleb128 0x13
 1899 01b3 3F       		.uleb128 0x3f
 1900 01b4 19       		.uleb128 0x19
 1901 01b5 3C       		.uleb128 0x3c
 1902 01b6 19       		.uleb128 0x19
 1903 01b7 00       		.byte	0
 1904 01b8 00       		.byte	0
 1905 01b9 00       		.byte	0
 1906              		.section	.debug_loc,"",%progbits
 1907              	.Ldebug_loc0:
 1908              	.LLST0:
 1909 0000 00000000 		.4byte	.LVL0
 1910 0004 1C000000 		.4byte	.LVL2
 1911 0008 0100     		.2byte	0x1
 1912 000a 50       		.byte	0x50
 1913 000b 1C000000 		.4byte	.LVL2
 1914 000f 32000000 		.4byte	.LVL3
 1915 0013 0700     		.2byte	0x7
 1916 0015 74       		.byte	0x74
 1917 0016 80BEFCFF 		.sleb128 536813312
 1917      01
 1918 001b 9F       		.byte	0x9f
 1919 001c 32000000 		.4byte	.LVL3
 1920 0020 34000000 		.4byte	.LFE260
 1921 0024 0400     		.2byte	0x4
 1922 0026 F3       		.byte	0xf3
 1923 0027 01       		.uleb128 0x1
 1924 0028 50       		.byte	0x50
 1925 0029 9F       		.byte	0x9f
 1926 002a 00000000 		.4byte	0
 1927 002e 00000000 		.4byte	0
 1928              	.LLST1:
 1929 0032 00000000 		.4byte	.LVL0
 1930 0036 18000000 		.4byte	.LVL1
 1931 003a 0100     		.2byte	0x1
 1932 003c 51       		.byte	0x51
 1933 003d 18000000 		.4byte	.LVL1
 1934 0041 34000000 		.4byte	.LFE260
ARM GAS  /tmp/ccTtTV3C.s 			page 35


 1935 0045 0400     		.2byte	0x4
 1936 0047 F3       		.byte	0xf3
 1937 0048 01       		.uleb128 0x1
 1938 0049 51       		.byte	0x51
 1939 004a 9F       		.byte	0x9f
 1940 004b 00000000 		.4byte	0
 1941 004f 00000000 		.4byte	0
 1942              	.LLST2:
 1943 0053 00000000 		.4byte	.LVL4
 1944 0057 10000000 		.4byte	.LVL5
 1945 005b 0100     		.2byte	0x1
 1946 005d 50       		.byte	0x50
 1947 005e 10000000 		.4byte	.LVL5
 1948 0062 28000000 		.4byte	.LFE261
 1949 0066 0700     		.2byte	0x7
 1950 0068 70       		.byte	0x70
 1951 0069 80BEFCFF 		.sleb128 536813312
 1951      01
 1952 006e 9F       		.byte	0x9f
 1953 006f 00000000 		.4byte	0
 1954 0073 00000000 		.4byte	0
 1955              	.LLST3:
 1956 0077 00000000 		.4byte	.LVL6
 1957 007b 04000000 		.4byte	.LVL7
 1958 007f 0100     		.2byte	0x1
 1959 0081 50       		.byte	0x50
 1960 0082 04000000 		.4byte	.LVL7
 1961 0086 08000000 		.4byte	.LVL8
 1962 008a 0700     		.2byte	0x7
 1963 008c 70       		.byte	0x70
 1964 008d 80808080 		.sleb128 536870912
 1964      02
 1965 0092 9F       		.byte	0x9f
 1966 0093 08000000 		.4byte	.LVL8
 1967 0097 10000000 		.4byte	.LFE262
 1968 009b 0700     		.2byte	0x7
 1969 009d 70       		.byte	0x70
 1970 009e 80A6FCFF 		.sleb128 536810240
 1970      01
 1971 00a3 9F       		.byte	0x9f
 1972 00a4 00000000 		.4byte	0
 1973 00a8 00000000 		.4byte	0
 1974              	.LLST4:
 1975 00ac 00000000 		.4byte	.LVL6
 1976 00b0 0A000000 		.4byte	.LVL9
 1977 00b4 0100     		.2byte	0x1
 1978 00b6 51       		.byte	0x51
 1979 00b7 0A000000 		.4byte	.LVL9
 1980 00bb 10000000 		.4byte	.LFE262
 1981 00bf 0400     		.2byte	0x4
 1982 00c1 F3       		.byte	0xf3
 1983 00c2 01       		.uleb128 0x1
 1984 00c3 51       		.byte	0x51
 1985 00c4 9F       		.byte	0x9f
 1986 00c5 00000000 		.4byte	0
 1987 00c9 00000000 		.4byte	0
 1988              	.LLST5:
ARM GAS  /tmp/ccTtTV3C.s 			page 36


 1989 00cd 00000000 		.4byte	.LVL10
 1990 00d1 08000000 		.4byte	.LVL11
 1991 00d5 0100     		.2byte	0x1
 1992 00d7 50       		.byte	0x50
 1993 00d8 08000000 		.4byte	.LVL11
 1994 00dc 1C000000 		.4byte	.LFE263
 1995 00e0 0400     		.2byte	0x4
 1996 00e2 F3       		.byte	0xf3
 1997 00e3 01       		.uleb128 0x1
 1998 00e4 50       		.byte	0x50
 1999 00e5 9F       		.byte	0x9f
 2000 00e6 00000000 		.4byte	0
 2001 00ea 00000000 		.4byte	0
 2002              		.section	.debug_aranges,"",%progbits
 2003 0000 34000000 		.4byte	0x34
 2004 0004 0200     		.2byte	0x2
 2005 0006 00000000 		.4byte	.Ldebug_info0
 2006 000a 04       		.byte	0x4
 2007 000b 00       		.byte	0
 2008 000c 0000     		.2byte	0
 2009 000e 0000     		.2byte	0
 2010 0010 00000000 		.4byte	.LFB260
 2011 0014 34000000 		.4byte	.LFE260-.LFB260
 2012 0018 00000000 		.4byte	.LFB261
 2013 001c 28000000 		.4byte	.LFE261-.LFB261
 2014 0020 00000000 		.4byte	.LFB262
 2015 0024 10000000 		.4byte	.LFE262-.LFB262
 2016 0028 00000000 		.4byte	.LFB263
 2017 002c 1C000000 		.4byte	.LFE263-.LFB263
 2018 0030 00000000 		.4byte	0
 2019 0034 00000000 		.4byte	0
 2020              		.section	.debug_ranges,"",%progbits
 2021              	.Ldebug_ranges0:
 2022 0000 00000000 		.4byte	.LFB260
 2023 0004 34000000 		.4byte	.LFE260
 2024 0008 00000000 		.4byte	.LFB261
 2025 000c 28000000 		.4byte	.LFE261
 2026 0010 00000000 		.4byte	.LFB262
 2027 0014 10000000 		.4byte	.LFE262
 2028 0018 00000000 		.4byte	.LFB263
 2029 001c 1C000000 		.4byte	.LFE263
 2030 0020 00000000 		.4byte	0
 2031 0024 00000000 		.4byte	0
 2032              		.section	.debug_line,"",%progbits
 2033              	.Ldebug_line0:
 2034 0000 D4010000 		.section	.debug_str,"MS",%progbits,1
 2034      02007E01 
 2034      00000201 
 2034      FB0E0D00 
 2034      01010101 
 2035              	.LASF46:
 2036 0000 74687265 		.ascii	"threads_list_t\000"
 2036      6164735F 
 2036      6C697374 
 2036      5F7400
 2037              	.LASF85:
 2038 000f 49435052 		.ascii	"ICPR\000"
ARM GAS  /tmp/ccTtTV3C.s 			page 37


 2038      00
 2039              	.LASF51:
 2040 0014 72656164 		.ascii	"ready_list_t\000"
 2040      795F6C69 
 2040      73745F74 
 2040      00
 2041              	.LASF117:
 2042 0021 77747472 		.ascii	"wttrp\000"
 2042      7000
 2043              	.LASF114:
 2044 0027 7264796D 		.ascii	"rdymsg\000"
 2044      736700
 2045              	.LASF17:
 2046 002e 75696E74 		.ascii	"uint64_t\000"
 2046      36345F74 
 2046      00
 2047              	.LASF7:
 2048 0037 5F5F7569 		.ascii	"__uint8_t\000"
 2048      6E74385F 
 2048      7400
 2049              	.LASF111:
 2050 0041 706F7274 		.ascii	"port_intctx\000"
 2050      5F696E74 
 2050      63747800 
 2051              	.LASF70:
 2052 004d 73797374 		.ascii	"system_debug_t\000"
 2052      656D5F64 
 2052      65627567 
 2052      5F7400
 2053              	.LASF13:
 2054 005c 6C6F6E67 		.ascii	"long long unsigned int\000"
 2054      206C6F6E 
 2054      6720756E 
 2054      7369676E 
 2054      65642069 
 2055              	.LASF115:
 2056 0073 65786974 		.ascii	"exitcode\000"
 2056      636F6465 
 2056      00
 2057              	.LASF77:
 2058 007c 6D61696E 		.ascii	"mainthread\000"
 2058      74687265 
 2058      616400
 2059              	.LASF67:
 2060 0087 76697274 		.ascii	"virtual_timers_list_t\000"
 2060      75616C5F 
 2060      74696D65 
 2060      72735F6C 
 2060      6973745F 
 2061              	.LASF93:
 2062 009d 43505549 		.ascii	"CPUID\000"
 2062      4400
 2063              	.LASF50:
 2064 00a3 63685F74 		.ascii	"ch_threads_queue\000"
 2064      68726561 
 2064      64735F71 
 2064      75657565 
ARM GAS  /tmp/ccTtTV3C.s 			page 38


 2064      00
 2065              	.LASF83:
 2066 00b4 49535052 		.ascii	"ISPR\000"
 2066      00
 2067              	.LASF30:
 2068 00b9 705F7072 		.ascii	"p_prio\000"
 2068      696F00
 2069              	.LASF132:
 2070 00c0 6E766963 		.ascii	"nvicEnableVector\000"
 2070      456E6162 
 2070      6C655665 
 2070      63746F72 
 2070      00
 2071              	.LASF105:
 2072 00d1 49534152 		.ascii	"ISAR\000"
 2072      00
 2073              	.LASF1:
 2074 00d6 6C6F6E67 		.ascii	"long long int\000"
 2074      206C6F6E 
 2074      6720696E 
 2074      7400
 2075              	.LASF3:
 2076 00e4 7369676E 		.ascii	"signed char\000"
 2076      65642063 
 2076      68617200 
 2077              	.LASF44:
 2078 00f0 705F6D70 		.ascii	"p_mpool\000"
 2078      6F6F6C00 
 2079              	.LASF125:
 2080 00f8 6D5F7175 		.ascii	"m_queue\000"
 2080      65756500 
 2081              	.LASF136:
 2082 0100 6E766963 		.ascii	"nvicClearPending\000"
 2082      436C6561 
 2082      7250656E 
 2082      64696E67 
 2082      00
 2083              	.LASF76:
 2084 0111 76746C69 		.ascii	"vtlist\000"
 2084      737400
 2085              	.LASF74:
 2086 0118 63685F73 		.ascii	"ch_system\000"
 2086      79737465 
 2086      6D00
 2087              	.LASF9:
 2088 0122 6C6F6E67 		.ascii	"long int\000"
 2088      20696E74 
 2088      00
 2089              	.LASF20:
 2090 012b 74737461 		.ascii	"tstate_t\000"
 2090      74655F74 
 2090      00
 2091              	.LASF32:
 2092 0134 705F6E65 		.ascii	"p_newer\000"
 2092      77657200 
 2093              	.LASF122:
 2094 013c 735F7175 		.ascii	"s_queue\000"
ARM GAS  /tmp/ccTtTV3C.s 			page 39


 2094      65756500 
 2095              	.LASF102:
 2096 0144 42464152 		.ascii	"BFAR\000"
 2096      00
 2097              	.LASF103:
 2098 0149 41465352 		.ascii	"AFSR\000"
 2098      00
 2099              	.LASF56:
 2100 014e 725F6E65 		.ascii	"r_newer\000"
 2100      77657200 
 2101              	.LASF108:
 2102 0156 72656761 		.ascii	"regarm_t\000"
 2102      726D5F74 
 2102      00
 2103              	.LASF63:
 2104 015f 76745F70 		.ascii	"vt_prev\000"
 2104      72657600 
 2105              	.LASF107:
 2106 0167 5343425F 		.ascii	"SCB_Type\000"
 2106      54797065 
 2106      00
 2107              	.LASF129:
 2108 0170 6D757465 		.ascii	"mutex_t\000"
 2108      785F7400 
 2109              	.LASF78:
 2110 0178 69646C65 		.ascii	"idle_thread_wa\000"
 2110      5F746872 
 2110      6561645F 
 2110      776100
 2111              	.LASF25:
 2112 0187 636E745F 		.ascii	"cnt_t\000"
 2112      7400
 2113              	.LASF0:
 2114 018d 756E7369 		.ascii	"unsigned int\000"
 2114      676E6564 
 2114      20696E74 
 2114      00
 2115              	.LASF62:
 2116 019a 76745F6E 		.ascii	"vt_next\000"
 2116      65787400 
 2117              	.LASF133:
 2118 01a2 6E766963 		.ascii	"nvicDisableVector\000"
 2118      44697361 
 2118      626C6556 
 2118      6563746F 
 2118      7200
 2119              	.LASF118:
 2120 01b4 77747365 		.ascii	"wtsemp\000"
 2120      6D7000
 2121              	.LASF64:
 2122 01bb 76745F64 		.ascii	"vt_delta\000"
 2122      656C7461 
 2122      00
 2123              	.LASF39:
 2124 01c4 705F6D73 		.ascii	"p_msgqueue\000"
 2124      67717565 
 2124      756500
ARM GAS  /tmp/ccTtTV3C.s 			page 40


 2125              	.LASF95:
 2126 01cf 56544F52 		.ascii	"VTOR\000"
 2126      00
 2127              	.LASF123:
 2128 01d4 735F636E 		.ascii	"s_cnt\000"
 2128      7400
 2129              	.LASF47:
 2130 01da 63685F74 		.ascii	"ch_thread\000"
 2130      68726561 
 2130      6400
 2131              	.LASF94:
 2132 01e4 49435352 		.ascii	"ICSR\000"
 2132      00
 2133              	.LASF23:
 2134 01e9 6D73675F 		.ascii	"msg_t\000"
 2134      7400
 2135              	.LASF96:
 2136 01ef 41495243 		.ascii	"AIRCR\000"
 2136      5200
 2137              	.LASF100:
 2138 01f5 44465352 		.ascii	"DFSR\000"
 2138      00
 2139              	.LASF101:
 2140 01fa 4D4D4641 		.ascii	"MMFAR\000"
 2140      5200
 2141              	.LASF73:
 2142 0200 63685F73 		.ascii	"ch_system_t\000"
 2142      79737465 
 2142      6D5F7400 
 2143              	.LASF19:
 2144 020c 746D6F64 		.ascii	"tmode_t\000"
 2144      655F7400 
 2145              	.LASF52:
 2146 0214 63685F72 		.ascii	"ch_ready_list\000"
 2146      65616479 
 2146      5F6C6973 
 2146      7400
 2147              	.LASF24:
 2148 0222 6576656E 		.ascii	"eventmask_t\000"
 2148      746D6173 
 2148      6B5F7400 
 2149              	.LASF8:
 2150 022e 5F5F696E 		.ascii	"__int32_t\000"
 2150      7433325F 
 2150      7400
 2151              	.LASF109:
 2152 0238 73746B61 		.ascii	"stkalign_t\000"
 2152      6C69676E 
 2152      5F7400
 2153              	.LASF138:
 2154 0243 474E5520 		.ascii	"GNU C11 5.2.0 -mcpu=cortex-m4 -mfloat-abi=hard -mfp"
 2154      43313120 
 2154      352E322E 
 2154      30202D6D 
 2154      6370753D 
 2155 0276 753D6670 		.ascii	"u=fpv4-sp-d16 -mno-thumb-interwork -mthumb -ggdb -O"
 2155      76342D73 
ARM GAS  /tmp/ccTtTV3C.s 			page 41


 2155      702D6431 
 2155      36202D6D 
 2155      6E6F2D74 
 2156 02a9 32202D66 		.ascii	"2 -fomit-frame-pointer -falign-functions=16 -ffunct"
 2156      6F6D6974 
 2156      2D667261 
 2156      6D652D70 
 2156      6F696E74 
 2157 02dc 696F6E2D 		.ascii	"ion-sections -fdata-sections -fno-common -fsingle-p"
 2157      73656374 
 2157      696F6E73 
 2157      202D6664 
 2157      6174612D 
 2158 030f 72656369 		.ascii	"recision-constant\000"
 2158      73696F6E 
 2158      2D636F6E 
 2158      7374616E 
 2158      7400
 2159              	.LASF135:
 2160 0321 68616E64 		.ascii	"handler\000"
 2160      6C657200 
 2161              	.LASF60:
 2162 0329 76697274 		.ascii	"virtual_timer_t\000"
 2162      75616C5F 
 2162      74696D65 
 2162      725F7400 
 2163              	.LASF38:
 2164 0339 705F7761 		.ascii	"p_waiting\000"
 2164      6974696E 
 2164      6700
 2165              	.LASF91:
 2166 0343 73697A65 		.ascii	"sizetype\000"
 2166      74797065 
 2166      00
 2167              	.LASF45:
 2168 034c 74687265 		.ascii	"thread_reference_t\000"
 2168      61645F72 
 2168      65666572 
 2168      656E6365 
 2168      5F7400
 2169              	.LASF68:
 2170 035f 63685F76 		.ascii	"ch_virtual_timers_list\000"
 2170      69727475 
 2170      616C5F74 
 2170      696D6572 
 2170      735F6C69 
 2171              	.LASF2:
 2172 0376 6C6F6E67 		.ascii	"long double\000"
 2172      20646F75 
 2172      626C6500 
 2173              	.LASF98:
 2174 0382 43465352 		.ascii	"CFSR\000"
 2174      00
 2175              	.LASF87:
 2176 0387 49414252 		.ascii	"IABR\000"
 2176      00
 2177              	.LASF69:
ARM GAS  /tmp/ccTtTV3C.s 			page 42


 2178 038c 76745F6C 		.ascii	"vt_lasttime\000"
 2178      61737474 
 2178      696D6500 
 2179              	.LASF33:
 2180 0398 705F6F6C 		.ascii	"p_older\000"
 2180      64657200 
 2181              	.LASF55:
 2182 03a0 725F6374 		.ascii	"r_ctx\000"
 2182      7800
 2183              	.LASF113:
 2184 03a6 746D5F63 		.ascii	"tm_calibration_t\000"
 2184      616C6962 
 2184      72617469 
 2184      6F6E5F74 
 2184      00
 2185              	.LASF81:
 2186 03b7 49434552 		.ascii	"ICER\000"
 2186      00
 2187              	.LASF131:
 2188 03bc 7072696F 		.ascii	"prio\000"
 2188      00
 2189              	.LASF57:
 2190 03c1 725F6F6C 		.ascii	"r_older\000"
 2190      64657200 
 2191              	.LASF12:
 2192 03c9 5F5F7569 		.ascii	"__uint64_t\000"
 2192      6E743634 
 2192      5F7400
 2193              	.LASF21:
 2194 03d4 74726566 		.ascii	"trefs_t\000"
 2194      735F7400 
 2195              	.LASF80:
 2196 03dc 52455345 		.ascii	"RESERVED0\000"
 2196      52564544 
 2196      3000
 2197              	.LASF84:
 2198 03e6 52455345 		.ascii	"RESERVED2\000"
 2198      52564544 
 2198      3200
 2199              	.LASF86:
 2200 03f0 52455345 		.ascii	"RESERVED3\000"
 2200      52564544 
 2200      3300
 2201              	.LASF88:
 2202 03fa 52455345 		.ascii	"RESERVED4\000"
 2202      52564544 
 2202      3400
 2203              	.LASF29:
 2204 0404 705F7072 		.ascii	"p_prev\000"
 2204      657600
 2205              	.LASF22:
 2206 040b 74707269 		.ascii	"tprio_t\000"
 2206      6F5F7400 
 2207              	.LASF139:
 2208 0413 2E2E2F2E 		.ascii	"../../os/hal/ports/common/ARMCMx/nvic.c\000"
 2208      2E2F6F73 
 2208      2F68616C 
ARM GAS  /tmp/ccTtTV3C.s 			page 43


 2208      2F706F72 
 2208      74732F63 
 2209              	.LASF71:
 2210 043b 63685F73 		.ascii	"ch_system_debug\000"
 2210      79737465 
 2210      6D5F6465 
 2210      62756700 
 2211              	.LASF130:
 2212 044b 5F426F6F 		.ascii	"_Bool\000"
 2212      6C00
 2213              	.LASF15:
 2214 0451 696E7433 		.ascii	"int32_t\000"
 2214      325F7400 
 2215              	.LASF4:
 2216 0459 756E7369 		.ascii	"unsigned char\000"
 2216      676E6564 
 2216      20636861 
 2216      7200
 2217              	.LASF97:
 2218 0467 53484353 		.ascii	"SHCSR\000"
 2218      5200
 2219              	.LASF137:
 2220 046d 49544D5F 		.ascii	"ITM_RxBuffer\000"
 2220      52784275 
 2220      66666572 
 2220      00
 2221              	.LASF35:
 2222 047a 705F7374 		.ascii	"p_state\000"
 2222      61746500 
 2223              	.LASF42:
 2224 0482 705F6D74 		.ascii	"p_mtxlist\000"
 2224      786C6973 
 2224      7400
 2225              	.LASF5:
 2226 048c 73686F72 		.ascii	"short int\000"
 2226      7420696E 
 2226      7400
 2227              	.LASF79:
 2228 0496 49534552 		.ascii	"ISER\000"
 2228      00
 2229              	.LASF92:
 2230 049b 4E564943 		.ascii	"NVIC_Type\000"
 2230      5F547970 
 2230      6500
 2231              	.LASF134:
 2232 04a5 6E766963 		.ascii	"nvicSetSystemHandlerPriority\000"
 2232      53657453 
 2232      79737465 
 2232      6D48616E 
 2232      646C6572 
 2233              	.LASF54:
 2234 04c2 725F7072 		.ascii	"r_prio\000"
 2234      696F00
 2235              	.LASF120:
 2236 04c9 65776D61 		.ascii	"ewmask\000"
 2236      736B00
 2237              	.LASF28:
ARM GAS  /tmp/ccTtTV3C.s 			page 44


 2238 04d0 705F6E65 		.ascii	"p_next\000"
 2238      787400
 2239              	.LASF36:
 2240 04d7 705F666C 		.ascii	"p_flags\000"
 2240      61677300 
 2241              	.LASF141:
 2242 04df 5F5F6675 		.ascii	"__func__\000"
 2242      6E635F5F 
 2242      00
 2243              	.LASF6:
 2244 04e8 73686F72 		.ascii	"short unsigned int\000"
 2244      7420756E 
 2244      7369676E 
 2244      65642069 
 2244      6E7400
 2245              	.LASF61:
 2246 04fb 63685F76 		.ascii	"ch_virtual_timer\000"
 2246      69727475 
 2246      616C5F74 
 2246      696D6572 
 2246      00
 2247              	.LASF121:
 2248 050c 63685F73 		.ascii	"ch_semaphore\000"
 2248      656D6170 
 2248      686F7265 
 2248      00
 2249              	.LASF41:
 2250 0519 705F6570 		.ascii	"p_epending\000"
 2250      656E6469 
 2250      6E6700
 2251              	.LASF89:
 2252 0524 52455345 		.ascii	"RESERVED5\000"
 2252      52564544 
 2252      3500
 2253              	.LASF16:
 2254 052e 75696E74 		.ascii	"uint32_t\000"
 2254      33325F74 
 2254      00
 2255              	.LASF119:
 2256 0537 77746D74 		.ascii	"wtmtxp\000"
 2256      787000
 2257              	.LASF53:
 2258 053e 725F7175 		.ascii	"r_queue\000"
 2258      65756500 
 2259              	.LASF48:
 2260 0546 63685F74 		.ascii	"ch_threads_list\000"
 2260      68726561 
 2260      64735F6C 
 2260      69737400 
 2261              	.LASF11:
 2262 0556 6C6F6E67 		.ascii	"long unsigned int\000"
 2262      20756E73 
 2262      69676E65 
 2262      6420696E 
 2262      7400
 2263              	.LASF58:
 2264 0568 725F6375 		.ascii	"r_current\000"
ARM GAS  /tmp/ccTtTV3C.s 			page 45


 2264      7272656E 
 2264      7400
 2265              	.LASF128:
 2266 0572 63686172 		.ascii	"char\000"
 2266      00
 2267              	.LASF27:
 2268 0577 74687265 		.ascii	"thread_t\000"
 2268      61645F74 
 2268      00
 2269              	.LASF127:
 2270 0580 6D5F6E65 		.ascii	"m_next\000"
 2270      787400
 2271              	.LASF26:
 2272 0587 73797374 		.ascii	"systime_t\000"
 2272      696D655F 
 2272      7400
 2273              	.LASF43:
 2274 0591 705F7265 		.ascii	"p_realprio\000"
 2274      616C7072 
 2274      696F00
 2275              	.LASF59:
 2276 059c 76746675 		.ascii	"vtfunc_t\000"
 2276      6E635F74 
 2276      00
 2277              	.LASF10:
 2278 05a5 5F5F7569 		.ascii	"__uint32_t\000"
 2278      6E743332 
 2278      5F7400
 2279              	.LASF72:
 2280 05b0 70616E69 		.ascii	"panic_msg\000"
 2280      635F6D73 
 2280      6700
 2281              	.LASF140:
 2282 05ba 2F686F6D 		.ascii	"/home/sssilvar/Documents/embebidos/ChibiOS/iflab/pr"
 2282      652F7373 
 2282      73696C76 
 2282      61722F44 
 2282      6F63756D 
 2283 05ed 6F6A6563 		.ascii	"ojects/UART\000"
 2283      74732F55 
 2283      41525400 
 2284              	.LASF112:
 2285 05f9 6F666673 		.ascii	"offset\000"
 2285      657400
 2286              	.LASF110:
 2287 0600 636F6E74 		.ascii	"context\000"
 2287      65787400 
 2288              	.LASF18:
 2289 0608 7274636E 		.ascii	"rtcnt_t\000"
 2289      745F7400 
 2290              	.LASF66:
 2291 0610 76745F70 		.ascii	"vt_par\000"
 2291      617200
 2292              	.LASF49:
 2293 0617 74687265 		.ascii	"threads_queue_t\000"
 2293      6164735F 
 2293      71756575 
ARM GAS  /tmp/ccTtTV3C.s 			page 46


 2293      655F7400 
 2294              	.LASF124:
 2295 0627 63685F6D 		.ascii	"ch_mutex\000"
 2295      75746578 
 2295      00
 2296              	.LASF37:
 2297 0630 705F7265 		.ascii	"p_refs\000"
 2297      667300
 2298              	.LASF104:
 2299 0637 4D4D4652 		.ascii	"MMFR\000"
 2299      00
 2300              	.LASF75:
 2301 063c 726C6973 		.ascii	"rlist\000"
 2301      7400
 2302              	.LASF14:
 2303 0642 75696E74 		.ascii	"uint8_t\000"
 2303      385F7400 
 2304              	.LASF82:
 2305 064a 52534552 		.ascii	"RSERVED1\000"
 2305      56454431 
 2305      00
 2306              	.LASF90:
 2307 0653 53544952 		.ascii	"STIR\000"
 2307      00
 2308              	.LASF116:
 2309 0658 77746F62 		.ascii	"wtobjp\000"
 2309      6A7000
 2310              	.LASF34:
 2311 065f 705F6E61 		.ascii	"p_name\000"
 2311      6D6500
 2312              	.LASF40:
 2313 0666 705F6D73 		.ascii	"p_msg\000"
 2313      6700
 2314              	.LASF106:
 2315 066c 43504143 		.ascii	"CPACR\000"
 2315      5200
 2316              	.LASF99:
 2317 0672 48465352 		.ascii	"HFSR\000"
 2317      00
 2318              	.LASF126:
 2319 0677 6D5F6F77 		.ascii	"m_owner\000"
 2319      6E657200 
 2320              	.LASF31:
 2321 067f 705F6374 		.ascii	"p_ctx\000"
 2321      7800
 2322              	.LASF65:
 2323 0685 76745F66 		.ascii	"vt_func\000"
 2323      756E6300 
 2324              		.ident	"GCC: (Fedora 5.2.0-3.fc22) 5.2.0"
ARM GAS  /tmp/ccTtTV3C.s 			page 47


DEFINED SYMBOLS
                            *ABS*:0000000000000000 nvic.c
     /tmp/ccTtTV3C.s:22     .text.nvicEnableVector:0000000000000000 $t
     /tmp/ccTtTV3C.s:28     .text.nvicEnableVector:0000000000000000 nvicEnableVector
     /tmp/ccTtTV3C.s:71     .text.nvicDisableVector:0000000000000000 $t
     /tmp/ccTtTV3C.s:77     .text.nvicDisableVector:0000000000000000 nvicDisableVector
     /tmp/ccTtTV3C.s:115    .text.nvicDisableVector:0000000000000024 $d
     /tmp/ccTtTV3C.s:120    .text.nvicSetSystemHandlerPriority:0000000000000000 $t
     /tmp/ccTtTV3C.s:126    .text.nvicSetSystemHandlerPriority:0000000000000000 nvicSetSystemHandlerPriority
     /tmp/ccTtTV3C.s:148    .text.nvicClearPending:0000000000000000 $t
     /tmp/ccTtTV3C.s:154    .text.nvicClearPending:0000000000000000 nvicClearPending
     /tmp/ccTtTV3C.s:175    .text.nvicClearPending:0000000000000018 $d
                     .debug_frame:0000000000000010 $d
     /tmp/ccTtTV3C.s:119    .text.nvicDisableVector:0000000000000028 $t
     /tmp/ccTtTV3C.s:179    .text.nvicClearPending:000000000000001c $t

NO UNDEFINED SYMBOLS
